0 1 10 20 21 22 2 3 4 14 5 15 25 35 46 45 24 16 44 6 33 32 53 27 56 41 50 60 71 72 80 81 82 83 84 62 74 93 94 52 64 92 8 28 54 85 67 98 55 43 66 76 86 57 68 48 58 69 59 49 88 89
0 1
0 10
1 2
10 20
20 21
21 22
2 3
3 4
4 14
14 5
14 15
5 6
15 25
15 16
25 35
25 24
35 46
46 45
46 56
45 44
24 33
16 27
44 53
33 32
32 41
27 8
27 28
56 67
41 50
41 52
50 60
60 71
71 72
71 80
71 62
72 84
80 81
81 82
82 83
83 93
83 92
84 74
74 64
93 94
94 85
52 43
64 54
54 55
67 98
67 57
67 68
98 88
55 66
66 76
76 86
57 48
48 58
58 69
69 59
59 49
88 89