1 2 3 4 5 20 6 7 8 9 10 11 12 13 14 15 16 17 18 21 72 69 22 85 57 90 23 28 24 25 26 29 96 56 58 93 45 65 30 76 31 60 48 32 54 46 78 34 35 36 37 38 39 40 41 42 49 73 50 61 84 86 51 80 62 81 87
1 2
1 72
2 3
3 4
4 5
4 20
4 57
4 90
5 6
20 21
6 7
6 78
7 8
8 9
9 10
9 85
10 11
10 28
11 12
12 13
13 14
14 15
15 16
16 17
17 18
21 22
72 69
72 73
22 23
85 84
85 86
57 56
57 58
23 24
23 96
28 29
24 25
25 26
29 30
29 76
56 93
56 45
45 65
45 46
30 31
31 60
31 48
31 32
60 61
48 49
32 54
78 34
34 35
34 80
35 36
36 37
37 38
38 39
39 40
40 41
41 42
49 50
50 51
61 62
86 87
80 81