98 1 97 2 5 96 93 92 7 8 9 10 12 13 11 14 17 16 18 90 89 88 20 22 23 26 27 29 31 33 34 36 39 38 41 42 40 43 45 48 51 50 53 54 56 57 60 62 64 66 68 67 69 71 74 75 72 76 78 80 82 83
98 1
98 2
98 96
1 97
2 5
5 7
96 93
93 92
92 90
92 89
7 8
8 9
9 10
10 12
12 13
13 11
11 14
14 17
17 16
16 18
18 20
90 88
20 22
22 23
23 26
26 27
27 29
29 31
31 33
33 34
34 36
36 39
39 38
38 41
41 42
42 40
40 43
43 45
45 48
48 51
48 50
51 53
53 54
54 56
54 57
57 60
60 62
62 64
64 66
66 68
68 67
68 69
69 71
71 74
74 75
74 72
74 76
75 78
78 80
80 82
82 83