0 26 25 27 34 3 35 43 44 6 40 68 70 73 14 69 67 5 45 92 30 99 16 15 87 89 50 21 71 24 1 22 38 77 88 8 74 75 94 23 4 91 28 20 83 17 55 10 78 19 84 62 48 7 59 79 32 66 13 18 2 11 54 12
0 26
0 25
0 27
26 44
25 73
25 30
27 34
27 70
34 3
34 43
3 35
35 40
35 68
43 92
44 6
44 50
6 45
40 5
68 14
68 89
70 15
70 87
73 16
14 69
14 67
69 77
67 99
45 38
92 22
30 1
30 94
99 24
16 74
16 75
15 71
87 20
87 83
89 21
89 55
89 62
89 48
50 8
21 88
71 66
1 28
22 91
38 4
77 17
88 32
74 79
75 59
94 23
83 19
17 78
55 10
19 84
84 54
62 12
48 7
59 11
79 18
32 2
66 13