0 26 27 25 73 96 77 17 76 78 23 83 68 16 75 74 95 89 48 63 69 98 66 14 21 39 19 52 87 80 18 13 67 12 56 10 81 4 88 7 36 44 35 6 84 71 59 15 20 79 50 32 8 41 5 97 93 28 22 2
0 26
0 27
0 25
26 96
26 77
27 73
25 66
73 83
73 68
73 16
73 98
96 23
77 17
77 63
77 69
17 76
17 78
76 48
76 80
78 89
78 87
23 95
83 19
83 52
83 35
68 44
16 75
16 74
75 39
75 56
75 36
74 59
89 21
48 7
48 32
63 12
63 50
69 14
69 71
66 13
14 67
21 88
39 4
19 84
87 20
87 79
80 18
80 41
18 81
56 10
81 28
88 93
44 6
35 97
71 15
50 8
32 2
41 5
93 22