0 27 25 52 9 54 35 3 53 81 62 12 63 34 57 30 10 56 1 28 29 64 67 18 84 79 59 11 58 13 77 17 19 14 32 99 94 38 4 23 45 93 74 50 6 24 44 86 89 20 22 2 46 72 21 8 16 7 15 42 51
0 27
0 25
27 62
25 52
52 9
52 81
52 30
9 54
9 53
54 35
35 3
35 57
35 50
3 34
53 84
81 18
62 12
12 63
63 67
34 64
57 10
57 32
57 99
57 94
30 1
30 74
10 56
56 93
1 28
1 29
29 59
64 13
64 77
64 72
67 14
67 46
18 79
84 19
84 45
79 89
59 11
11 58
58 86
58 42
77 17
77 38
32 2
99 24
94 23
38 4
45 6
93 22
74 16
50 8
6 44
86 20
89 21
46 7
72 15
8 51