0 27 25 26 55 10 56 58 74 16 11 53 99 91 57 63 24 98 22 59 73 45 65 12 9 86 13 6 92 93 97 35 85 64 66 54 61 20 95 77 88 23 3 17 89 79 90 76 78 37 29 4 39 18 67 81 40 50 5 84 19 8 1 70 32 46 2 7
0 27
0 25
0 26
27 74
26 55
55 10
55 58
55 63
10 56
10 57
56 91
58 11
58 53
58 99
58 45
74 16
74 88
16 73
11 59
53 9
53 86
99 24
91 22
57 35
57 85
63 12
24 98
24 97
98 77
22 92
22 93
59 65
45 6
45 95
65 13
12 61
9 54
86 20
13 64
13 66
92 90
97 50
35 3
85 79
85 29
64 89
66 40
54 37
54 81
61 67
95 23
77 17
17 76
17 78
89 32
79 18
90 84
76 70
78 46
37 4
29 1
4 39
40 5
50 8
84 19
32 2
46 7