90 38 7 66 8 12 2 3 4 94 21 92 1 62 5 11 39 10 23 31 52 22 32 9 54 63 80 15 85 29 91 26 13 24 25 71 74 6 93 86 19 18 17 16 20 35 88 55 64 34 36 79 57 83 84 51 61 60 78 75 77
90 38
38 7
7 66
7 8
8 12
12 2
12 11
2 3
2 4
2 94
3 21
4 1
94 92
94 23
92 15
92 51
1 62
1 5
1 80
1 29
62 55
5 9
11 39
11 10
11 52
10 31
23 32
31 57
52 22
32 63
9 54
9 88
15 85
85 75
29 91
91 26
91 13
26 24
24 25
24 71
71 74
74 6
6 93
93 86
86 19
19 18
19 20
19 61
18 17
17 16
16 78
20 35
35 34
35 36
88 64
64 79
36 83
83 84
61 60
75 77