0 15 7 51 1 72 24 79 23 29 58 53 4 83 44 66 47 97 25 42 64 13 82 68 57 34 32 19 48 59 46 67 69 41 14 30 80 31 93 63 78 56 3 11 16 10 2 45 62 33 81 92 70 38 21 28 75 52 55 60
0 15
0 7
15 51
15 1
15 72
15 24
51 29
51 58
51 82
1 64
1 13
72 79
72 78
24 30
79 23
23 70
29 83
29 42
58 53
58 4
58 44
4 19
83 45
83 21
44 66
44 92
66 47
47 97
47 25
25 2
13 68
13 32
68 57
57 34
57 14
32 69
32 41
19 48
19 46
48 59
59 67
46 80
46 63
69 75
41 81
14 93
14 52
80 31
80 16
93 11
63 3
78 56
3 10
11 33
16 55
2 38
45 62
92 28
55 60