0 1 2 4 5 95 6 98 97 10 11 12 90 91 92 15 16 17 85 86 87 20 21 22 80 81 82 25 26 27 75 76 77 30 31 32 70 71 72 35 36 37 65 66 67 40 41 42 60 61 62 45 46 47 55 56 57 50 51 52
0 1
0 5
0 95
1 2
1 4
1 98
5 6
5 10
95 90
98 97
10 11
10 15
11 12
90 91
90 85
91 92
15 16
15 20
16 17
85 86
85 80
86 87
20 21
20 25
21 22
80 81
80 75
81 82
25 26
25 30
26 27
75 76
75 70
76 77
30 31
30 35
31 32
70 71
70 65
71 72
35 36
35 40
36 37
65 66
65 60
66 67
40 41
40 45
41 42
60 61
60 55
61 62
45 46
45 50
46 47
55 56
56 57
50 51
51 52