0 3 6 9 12 15 18 21 24 27 30 33 36 39 42 45 48 51 54 57 60 63 66 69 72 75 78 81 84 87 90 93 96 97 94 91 88 85 82 79 76 73 70 67 64 61 58 55 52 49 46 43 40 37 34 31 28 25 22 19 16 13 10 7 4 1 98 95 92 89 86 83 80 77 74 71 68 65 62 59 56 53 50 47 44 41 38 35 32 29 26 23 20 17 14 11 8 5
0 3
0 97
3 6
6 9
9 12
12 15
15 18
18 21
21 24
24 27
27 30
30 33
33 36
36 39
39 42
42 45
45 48
48 51
51 54
54 57
57 60
60 63
63 66
66 69
69 72
72 75
75 78
78 81
81 84
84 87
87 90
90 93
93 96
97 94
94 91
91 88
88 85
85 82
82 79
79 76
76 73
73 70
70 67
67 64
64 61
61 58
58 55
55 52
52 49
49 46
46 43
43 40
40 37
37 34
34 31
31 28
28 25
25 22
22 19
19 16
16 13
13 10
10 7
7 4
4 1
1 98
98 95
95 92
92 89
89 86
86 83
83 80
80 77
77 74
74 71
71 68
68 65
65 62
62 59
59 56
56 53
53 50
50 47
47 44
44 41
41 38
38 35
35 32
32 29
29 26
26 23
23 20
20 17
17 14
14 11
11 8
8 5