0 27 26 25 78 17 77 76 65 13 64 66 83 61 98 85 20 86 48 19 84 7 24 43 59 82 47 75 87 63 72 15 16 32 97 46 12 60 42 6 79 50 18 81 2 33 44 29 74 53 99 96 1 8 62 38 52 9 90 21 56 68 10 4 92 34 22
0 27
0 26
0 25
27 65
27 98
27 85
26 83
26 61
25 78
25 42
78 17
78 59
17 77
17 76
77 72
76 96
65 13
13 64
13 66
64 60
66 43
83 19
61 48
61 63
61 12
98 24
85 20
20 86
20 87
86 75
48 7
48 50
19 84
19 82
84 79
7 47
7 46
24 97
24 99
43 6
47 32
47 53
47 52
75 16
75 90
72 15
16 74
32 2
97 38
12 62
60 29
6 44
79 18
79 68
50 8
18 81
81 34
2 33
44 56
29 1
99 92
38 4
52 9
90 21
56 10
92 22