0 32 30 31 27 17 16 26 29 43 18 34 1 42 23 15 25 13 21 4 5 14 60 7 61 8 58 40 11 36 37 35 38 59 39 48 63 46 64 49 50 69 75 84 73 72 67 66 78 51 79 88 55 57 70 80 74 83 77 90 95 92
0 32
0 34
0 1
32 30
30 31
31 27
27 17
27 26
17 16
16 15
16 25
26 29
26 18
29 43
43 42
18 23
23 21
15 14
25 13
13 11
21 4
4 5
5 60
5 7
5 8
14 40
14 39
60 61
7 58
61 59
58 55
58 57
40 36
36 37
37 35
35 38
35 46
59 63
39 48
48 49
63 64
64 69
49 50
50 51
69 75
75 84
75 88
84 73
73 72
72 67
72 78
67 66
67 74
78 79
79 70
79 80
79 95
88 90
80 77
74 83
95 92