0 27 26 25 39 4 37 96 23 95 94 97 24 99 98 84 41 32 77 17 78 19 80 61 49 8 51 76 2 33 18 82 88 46 7 48 21 63 52 5 12 9 72 60 29 45 69 35 3 1 11 14 15 57 44 85 28 65 75 16 20 10 13 91 22
0 27
0 26
0 25
27 96
26 97
25 39
25 77
39 4
4 37
37 32
37 46
96 23
23 95
23 94
95 84
95 41
94 49
97 24
24 99
24 98
99 80
99 61
98 88
84 19
84 35
41 5
32 2
77 17
77 52
77 45
77 69
17 78
17 76
78 85
19 82
80 18
80 63
80 91
61 29
49 8
8 51
76 57
76 44
2 33
33 75
82 60
88 21
46 7
7 48
63 12
63 72
52 9
72 15
60 11
29 1
45 65
69 14
35 3
1 28
57 10
85 20
65 13
75 16
91 22