3 7 8 4 12 17 13 22 11 15 16 24 20 23 27 28 31 30 35 36 41 34 39 40 45 47 49 26 42 46 48 50 33 53 57 61 54 60 66 62 69 73 75 78 82 79 87 92 76 74 71 72 86 63 68 85 91 94 97 88
3 7
7 8
7 4
7 12
7 11
12 17
12 13
17 22
22 24
11 15
11 16
16 20
24 27
20 23
23 26
27 28
28 31
31 30
30 35
30 34
35 36
35 40
36 41
34 39
34 33
39 42
40 45
45 47
47 49
42 46
46 48
48 50
50 53
53 57
57 61
57 54
57 62
61 60
61 66
66 69
62 63
69 73
73 75
75 78
78 82
82 79
82 87
82 86
79 76
87 92
87 88
92 97
76 74
74 71
71 72
86 85
86 91
63 68
91 94