0 92 89 82 69 68 88 81 66 67 80 83 65 64 42 40 70 71 36 46 45 35 39 32 21 93 22 90 16 19 85 84 73 51 74 52 26 25 75 54 91 10 86 87 78 60 79 76 56 63 31 28 12 13 8 15 72 77 59 6 4 2
0 92
0 93
92 89
92 88
89 82
89 83
82 69
82 68
69 42
68 40
88 81
88 80
81 66
81 67
66 36
67 39
80 65
80 64
83 70
83 71
65 35
64 32
42 21
70 45
71 46
45 22
39 19
32 16
21 10
93 90
93 91
90 85
90 84
16 8
85 74
85 75
84 73
84 72
73 51
51 25
74 52
52 26
26 13
25 12
75 54
91 86
91 87
86 76
86 77
87 78
87 79
78 60
79 63
76 56
56 28
63 31
31 15
13 6
8 4
77 59
4 2