0 1 31 8 3 9 4 7 32 30 88 6 64 63 89 33 84 10 85 34 90 62 50 92 93 61 72 71 60 51 83 42 70 69 68 82 52 41 40 67 20 26 11 21 77 76 22 53 94 23 18 75 99 98 81 45 35 36 80 37 49 29 95 59 58 54 55 46 17 16 15 14
0 1
0 8
0 3
1 31
31 32
31 30
8 9
8 7
3 4
9 10
4 88
7 6
32 33
32 84
30 29
88 89
6 64
64 63
63 62
89 90
33 34
84 85
84 83
10 92
10 11
34 35
90 50
90 45
62 61
50 51
50 49
92 93
93 94
61 72
61 60
72 71
72 99
71 70
71 26
60 20
60 59
51 42
51 52
83 82
70 69
69 68
68 67
82 41
82 81
52 53
41 40
67 77
20 21
21 22
77 76
76 75
22 23
53 54
94 95
23 18
18 17
99 98
81 80
45 46
35 36
36 37
59 58
54 55
17 16
16 15
15 14