0 25 27 26 52 9 54 53 83 96 40 5 41 42 19 85 68 97 20 24 14 99 86 63 60 67 23 77 36 82 55 31 70 78 17 98 10 11 59 30 1 2 50 8 33 64 12 47 80 18 7 51 61 49 15 3 90 21 89 46 75 16 43 13 92 37 6
0 25
0 27
0 26
25 52
25 96
25 40
27 83
26 97
52 9
9 54
9 53
54 36
54 82
54 55
54 31
54 70
54 78
53 77
83 19
83 80
96 23
40 5
40 68
5 41
5 42
41 85
42 60
42 67
42 37
85 20
85 63
68 14
97 24
20 86
24 99
24 98
99 30
86 50
86 47
63 12
60 11
77 92
36 3
55 10
31 2
70 15
78 17
98 64
11 59
59 75
30 1
2 33
50 8
8 51
8 49
64 13
12 61
47 7
80 18
7 46
51 90
90 21
21 89
46 43
75 16
43 6