0 10 11 12 13 14 5 20 1 30 4 6 40 21 41 50 42 7 43 60 51 45 8 22 31 46 70 47 52 61 48 80 9 49 53 23 81 90 91 92 93 94 95 96 97 98 99 19 18 17 16 15 39 59 82 54 62 32 89 86 29 69 27 24 83 58 79 55 63 38 68 64 67 37 66 77 36 71 35 73 76
0 10
0 1
10 11
10 20
11 12
12 13
13 14
14 5
5 4
5 6
20 30
20 21
30 40
30 31
6 7
40 41
40 50
21 22
41 42
50 60
50 51
42 43
7 8
60 70
60 61
51 45
51 52
45 46
8 9
22 23
31 32
46 47
70 80
70 71
47 48
52 53
61 62
48 49
80 81
80 90
80 73
9 19
49 39
49 59
53 54
23 24
81 82
90 91
91 92
92 93
93 94
94 95
95 96
96 97
97 98
98 99
99 89
99 86
19 18
19 29
18 17
17 16
16 15
15 27
39 38
59 69
59 58
82 83
54 55
62 63
89 79
69 68
63 64
38 37
68 67
67 66
37 36
66 77
77 76
36 35