0 1 4 5 2 7 3 13 6 14 9 8 12 23 15 10 21 17 18 49 48 47 31 46 30 32 45 33 25 39 26 44 29 38 40 74 73 72 56 71 43 35 55 57 70 58 50 64 51 69 54 63 65 68 60 99 98 97 81 96 80 82 95 83 75 89 76 94 79 88 90 93 85
0 1
0 4
0 5
1 2
1 7
4 3
4 13
5 6
5 14
2 9
7 8
13 12
6 23
14 15
9 10
8 21
12 17
17 18
18 49
49 48
48 47
48 31
47 46
31 30
31 32
46 45
46 33
30 25
30 39
32 26
45 44
25 29
39 38
39 40
44 43
44 35
40 74
74 73
73 72
73 56
72 71
56 55
56 57
71 70
71 58
55 50
55 64
57 51
70 69
50 54
64 63
64 65
69 68
69 60
65 99
99 98
98 97
98 81
97 96
81 80
81 82
96 95
96 83
80 75
80 89
82 76
95 94
75 79
89 88
89 90
94 93
94 85