0 27 83 19 82 84 25 35 3 34 37 4 39 36 53 89 46 52 9 7 47 31 44 73 6 16 2 76 54 21 40 33 32 86 30 94 23 1 90 17 28 77 5 93 65 13 50 8 22 20 72 55 97 91 58 10 95 79 18 11 67 15 81 24 14 63 12
0 27
0 25
27 83
83 19
83 35
19 82
19 84
82 52
84 89
84 46
25 91
25 58
35 3
35 53
35 73
3 34
3 36
34 37
34 44
37 4
4 39
39 40
36 31
53 94
89 21
46 7
46 65
46 79
52 9
52 97
9 54
7 47
47 76
47 30
31 2
44 6
73 16
73 86
2 33
2 32
76 17
54 55
21 90
40 5
40 93
32 72
86 20
30 1
94 23
23 95
1 28
17 77
77 50
93 22
65 13
50 8
72 15
55 10
97 24
91 67
58 11
95 63
79 18
18 81
67 14
63 12