0 27 25 89 21 88 83 99 24 98 32 2 31 77 17 90 35 3 36 34 93 19 82 73 16 74 81 18 56 55 22 10 45 33 60 47 80 7 6 11 43 48 50 79 39 70 15 4 58 59 63 41 71 64 8 28 52 87 5 12 67 14 13 96 23
0 27
0 25
27 32
25 89
89 21
89 35
21 88
21 90
88 83
83 99
83 19
99 24
99 47
99 80
24 98
98 70
32 2
32 60
2 31
2 33
31 77
77 17
90 93
35 3
35 81
3 36
3 34
36 39
34 41
93 56
93 55
93 22
19 82
82 73
73 16
16 74
74 87
81 18
81 63
18 79
56 45
55 10
45 6
45 52
45 96
60 11
47 7
80 50
7 48
6 43
11 58
11 59
48 28
48 67
50 8
79 64
39 4
70 15
15 71
63 12
41 5
64 13
67 14
96 23