0 41 70 47 16 76 1 11 43 86 57 26 98 55 66 31 75 27 17 32 61 97 45 52 10 44 83 56 39 15 68 51 69 53 5 96 4 88 37 74 84 92 22 81 85 90 93 9 46 58 72 78 49 62 7 50 29 95 33
0 41
0 70
0 47
0 16
41 45
70 86
70 51
47 76
47 1
47 11
47 43
47 29
16 66
76 55
76 78
11 98
43 97
43 39
43 15
43 68
86 57
86 32
86 61
57 26
26 83
26 56
98 31
98 75
55 17
55 9
55 72
66 44
66 58
75 27
32 96
32 4
61 74
97 22
45 52
52 10
10 53
10 5
56 69
68 37
5 33
96 88
88 90
37 92
74 84
84 81
92 46
81 85
90 93
46 49
49 62
62 7
62 50
29 95