0 49 91 93 79 7 41 82 28 16 54 73 62 47 2 66 44 38 64 21 6 70 51 63 29 20 55 31 11 60 48 72 71 80 68 98 84 34 18 99 61 19 32 5 52 15 1 67 53 39 97 89 14 94 90 45 65 8 59 9 23
0 49
0 93
49 91
91 70
91 51
93 79
93 6
79 7
79 14
7 41
41 82
41 21
82 28
82 44
82 38
82 64
28 16
28 54
16 80
54 73
73 62
73 47
62 55
47 2
2 66
66 20
44 29
38 34
64 67
21 71
21 89
6 63
51 72
55 31
31 11
11 60
11 48
11 59
60 84
72 97
71 98
80 68
68 5
84 32
34 18
34 99
18 19
18 1
18 8
99 61
19 52
32 15
15 39
1 65
67 53
39 90
97 45
14 94
65 23
59 9