0 25 27 26 99 24 97 98 53 35 3 34 36 38 4 52 61 75 9 54 39 37 95 40 73 5 42 12 16 68 51 8 23 83 44 6 19 50 29 58 11 14 69 1 65 47 89 79 46 7 13 60 93 31 22 86 20 78 18 21 57 72 17 77 15
0 25
0 27
0 26
25 35
27 40
27 73
26 99
26 53
26 46
99 24
24 97
24 98
97 51
98 38
53 75
53 9
35 3
3 34
3 36
34 61
36 95
38 4
38 52
4 39
4 37
52 79
61 12
61 68
75 16
9 54
54 44
39 89
37 83
95 23
95 58
40 5
40 47
73 29
5 42
42 72
68 14
68 86
51 8
8 50
83 19
83 65
44 6
50 31
29 1
29 93
58 11
11 60
14 69
65 13
47 7
47 57
89 21
79 18
46 78
93 22
86 20
78 17
72 15
17 77