1 99 98 97 96 95 94 2 3 4 5 6 7 8 9 10 11 12 93 92 91 13 14 90 15 16 89 88 87 86 85 17 18 19 20 84 21 22 23 24 25 83 82 81 80 79 78 26 27 28 29 30 31 32 33 77 76 75 74 73 72 71 70 69 68 34 35 36 37 38 39 40 41 42 43 44 45 46 47 48 49 67 66 65 64 63 62 61 60 59 58 57 56 55 54 53 52
1 99
1 2
99 98
98 97
97 96
96 95
95 94
94 93
2 3
3 4
4 5
5 6
6 7
7 8
8 9
9 10
10 11
11 12
12 13
93 92
92 91
91 90
13 14
14 15
90 89
15 16
16 17
89 88
88 87
87 86
86 85
85 84
17 18
18 19
19 20
20 21
84 83
21 22
22 23
23 24
24 25
25 26
83 82
82 81
81 80
80 79
79 78
78 77
26 27
27 28
28 29
29 30
30 31
31 32
32 33
33 34
77 76
76 75
75 74
74 73
73 72
72 71
71 70
70 69
69 68
68 67
34 35
35 36
36 37
37 38
38 39
39 40
40 41
41 42
42 43
43 44
44 45
45 46
46 47
47 48
48 49
67 66
66 65
65 64
64 63
63 62
62 61
61 60
60 59
59 58
58 57
57 56
56 55
55 54
54 53
53 52