0 25 27 26 29 1 30 35 89 3 36 21 88 34 56 10 55 77 38 67 73 14 16 4 92 17 50 76 69 90 74 61 31 83 12 39 22 37 19 63 2 8 42 44 6 71 52 9 5 47 97 65 95 87 15 81 7 59 23 11 18
0 25
0 27
0 26
25 89
27 56
26 29
26 73
29 1
29 35
29 83
1 30
30 31
35 3
35 44
89 21
3 36
3 34
36 38
36 67
21 88
21 90
88 61
34 42
56 10
56 77
10 55
77 92
77 17
77 50
38 4
38 65
38 95
38 87
67 14
73 16
14 69
16 74
4 37
92 22
17 76
50 8
76 52
69 71
69 97
90 39
90 81
61 12
31 63
31 2
83 19
39 47
37 59
42 5
44 6
71 15
52 9
47 7
95 23
81 18
59 11