0 32 74 98 64 22 75 50 47 34 53 81 19 7 30 31 68 71 89 59 60 87 61 88 33 14 23 97 42 10 12 51 58 3 80 39 49 35 94 82 86 27 65 29 37 21 66 83 36 28 72 67 13 77 48 41 15 8 95 17
0 32
0 74
0 33
32 88
74 98
74 75
98 64
64 22
64 81
22 71
22 61
75 50
75 87
50 47
50 34
50 53
50 68
50 15
47 36
53 31
81 19
19 7
19 30
30 12
30 83
71 89
89 59
59 60
87 23
61 14
61 10
33 42
33 67
23 97
97 49
97 37
42 39
42 72
10 58
12 51
51 29
51 66
58 3
58 80
3 28
80 94
80 82
49 35
94 86
94 27
27 65
37 21
21 41
66 77
28 8
67 13
13 48
13 95
41 17