0 1 10 2 20 3 30 4 40 5 6 7 8 9 19 29 39 49 50 41 14 60 59 70 31 51 80 90 91 92 21 15 11 93 69 61 79 16 89 71 94 99 98 81 17 97 82 18 28 83 38 58 68 78 88 87 86 24 52 23 25 22 62 26 72 27 73 37 74 75 76 77 67 53 34 63 35 64 36 65 66 44 54
0 1
0 10
1 2
10 20
2 3
20 30
3 4
30 40
4 5
4 14
40 50
40 41
5 6
6 7
7 8
8 9
9 19
19 29
29 39
39 49
49 59
50 60
41 31
41 51
41 52
14 15
60 70
59 69
59 58
70 80
31 21
51 61
80 90
90 91
91 92
92 93
21 11
15 16
15 24
93 94
69 79
61 71
79 89
16 17
89 99
71 81
99 98
98 97
81 82
17 18
82 83
18 28
28 38
58 68
68 78
78 88
88 87
87 86
24 23
24 25
24 34
52 62
52 53
23 22
25 26
62 72
26 27
72 73
27 37
73 74
74 75
75 76
76 77
77 67
53 63
53 44
34 35
63 64
35 36
64 65
65 66
44 54