0 53 3 92 58 98 44 68 2 11 87 51 10 97 36 61 37 30 21 34 89 81 83 29 66 74 69 27 76 8 7 94 88 62 64 6 4 45 82 26 42 55 67 14 5 80 28 72 40 91 70 60 20 52 9 32 59 12 16 56 90 43 15 23 33 39 17 46
0 53
0 98
0 44
53 3
53 66
3 92
3 37
92 58
58 29
58 62
98 61
44 68
68 2
68 11
2 36
11 87
11 88
87 51
87 97
51 10
10 89
10 8
97 34
36 83
61 76
37 30
30 21
21 27
21 94
34 7
89 81
83 5
29 69
66 74
74 14
69 12
27 72
76 9
8 4
8 67
94 59
62 64
62 26
64 6
6 32
4 45
45 82
26 42
42 55
55 56
67 28
14 80
80 40
80 60
28 70
40 91
70 52
60 20
52 17
9 16
12 43
12 23
16 90
90 15
15 39
23 33
17 46