0 25 27 73 52 79 18 80 16 74 66 98 90 9 97 21 89 24 54 13 93 30 1 65 99 75 71 22 31 82 92 42 28 58 87 5 2 41 40 11 15 33 44 78 20 19 84 17 50 62 95 85 56 39 12 8 23 48 7 10 6 4 69 14 34
0 25
0 27
25 73
25 52
25 79
27 97
73 16
73 30
52 90
52 9
52 93
79 18
18 80
80 98
80 71
16 74
16 75
74 66
66 13
66 82
98 87
90 21
9 54
97 24
21 89
89 31
24 99
54 78
13 65
93 22
30 1
30 58
1 28
65 33
65 44
99 42
75 95
71 15
22 92
31 2
82 19
92 62
42 5
42 48
28 56
58 11
87 20
87 69
5 41
5 40
41 34
40 50
44 6
78 17
20 85
19 84
50 8
62 12
95 23
85 39
56 10
39 4
48 7
69 14