0 50 11 27 10 68 85 95 69 74 84 96 51 7 15 21 44 61 2 52 62 82 64 12 35 66 53 56 70 37 43 97 72 71 76 87 28 77 14 42 57 90 94 65 92 54 55 83 22 29 18 19 99 47 45 89 40 63 36 98 59 32 31 46 34 1 73 4 41 8 17 58 79 75 86 91 60 5 33 80 81 88 93 9 39 25 3 78 67 48 30 24 26 13 6 49 16 38 20 23
0 50
0 95
0 67
50 11
50 27
50 10
50 68
50 85
50 41
50 6
11 51
11 80
10 96
10 52
68 69
68 74
68 84
68 2
85 7
85 15
85 21
85 44
85 61
85 4
95 82
95 64
69 62
69 66
69 5
69 33
69 13
74 56
84 14
84 42
96 37
51 12
51 35
51 28
51 77
51 54
51 3
51 78
51 26
15 92
61 53
2 70
52 18
62 43
62 97
62 47
82 72
82 40
82 23
64 87
64 98
64 20
35 71
35 76
66 57
66 24
53 90
53 94
53 65
53 31
70 22
70 29
37 99
97 73
72 55
72 83
72 1
72 25
72 30
71 89
71 38
76 17
87 16
14 79
57 19
57 36
57 60
90 91
65 45
65 32
65 93
83 34
22 63
29 59
99 8
63 46
63 39
59 48
34 58
4 75
4 86
75 88
5 81
81 9
88 49