0 50 42 48 33 13 44 27 8 21 2 10 37 20 40 5 32 11 3 1 29 39 45 12 35 36 25 15 22 14 7 23 17 30 18 6 49 19 34 99 88 57 85 80 96 59 67 52 60 73 79 91 95 92 94 97 89 76 83 86 66 81 70 68 78 93 74 56 82 53 90 51 72 71 58 75 98 63 87 54 55 9 38 31 26 46 41 4 16 28 47 24 43 77 64 84 62 61 65 69
0 50
50 42
50 48
50 33
50 13
50 44
50 27
50 8
50 21
50 2
50 10
50 37
50 20
50 40
50 5
50 32
50 11
50 3
50 1
50 29
50 39
50 45
50 12
50 35
50 36
50 25
50 15
50 22
50 14
50 7
50 23
50 17
50 30
50 18
50 6
50 49
50 19
50 34
50 99
50 9
50 38
50 31
50 26
50 46
50 41
50 4
50 16
50 28
50 47
50 24
50 43
99 88
99 57
99 85
99 80
99 96
99 59
99 67
99 52
99 60
99 73
99 79
99 91
99 95
99 92
99 94
99 97
99 89
99 76
99 83
99 86
99 66
99 81
99 70
99 68
99 78
99 93
99 74
99 56
99 82
99 53
99 90
99 51
99 72
99 71
99 58
99 75
99 98
99 63
99 87
99 54
99 55
99 77
99 64
99 84
99 62
99 61
99 65
99 69