0 26 25 27 56 87 10 20 70 47 7 15 85 72 46 48 84 69 55 57 91 53 9 52 54 14 86 74 16 73 22 92 93 75 59 71 97 81 32 18 79 2 11 95 88 21 58 80 42 62 35 44 5 43 60 33 29 67 68 96 19 45 65 6 83 23 12 90 89 24 61 40 13 41 3 64 77 31 78 76 99 98 63 82 1 37 51 39 94 30 17 66 36 28 49 50 4 8 34 38
0 26
0 25
0 27
26 87
25 56
25 47
27 70
56 10
56 53
87 20
87 91
10 55
10 57
20 85
20 86
70 15
70 69
47 7
47 84
47 97
47 81
47 32
7 46
7 48
15 72
15 71
85 44
72 35
72 45
72 65
46 62
48 40
84 19
69 14
69 61
55 76
57 96
91 22
91 59
53 9
9 52
9 54
54 78
14 67
14 68
86 74
86 88
74 16
74 42
16 73
16 75
73 29
22 92
22 93
93 95
59 11
71 39
71 94
97 24
81 18
32 2
18 79
18 80
79 51
79 50
2 33
11 58
11 60
95 43
88 21
21 90
21 89
42 5
42 64
42 77
42 31
62 12
35 3
44 49
5 41
60 37
33 38
29 1
29 28
96 23
19 83
19 82
45 6
65 13
12 63
89 66
89 36
24 99
24 98
3 34
78 17
1 30
51 8
39 4