0 52 2 7 20 15 31 91 25 56 93 65 71 82 89 53 69 49 94 16 55 77 28 41 47 43 19 23 36 14 88 18 81 64 54 10 44 42 1 72 35 38 30 63 24 67 32 3 39 76 58 99 96 62 48 83 29 13 80 90 22 45 9 59 17 27 8 51 40 37 86 26 79 84 60 75 98 57 78 46 6 21 68 4 61 50 95 66 74 11 85 92 73 5 34 97 12 70 87 33
0 52
0 95
52 2
52 15
52 71
52 37
2 7
2 20
2 30
2 40
7 93
7 65
7 14
7 96
20 31
20 56
20 69
20 57
15 87
31 91
31 25
91 36
91 38
91 99
25 53
25 35
25 50
56 51
56 92
93 23
93 58
93 85
93 70
65 89
65 76
71 82
71 47
71 43
71 19
71 98
82 72
82 8
89 27
53 55
69 49
69 39
49 94
49 41
49 17
94 16
94 77
94 28
94 75
16 80
28 18
28 60
47 64
43 44
43 42
43 1
43 61
19 88
19 84
36 81
36 68
36 4
14 59
88 10
81 54
10 32
10 3
42 13
42 11
1 63
1 12
38 9
63 24
63 97
24 67
24 79
67 21
32 29
3 45
3 26
76 83
58 34
99 48
96 62
80 90
80 5
90 22
45 74
45 33
59 86
51 6
40 66
75 78
57 46
92 73