0 41 70 47 16 76 1 11 43 86 57 26 98 55 66 31 75 27 17 32 71 61 97 45 52 10 65 44 2 83 56 39 15 68 51 24 69 53 5 96 4 88 30 37 35 74 84 92 59 22 19 81 85 63 25 12 90 91 93 3 80 54 9 42 46 73 60 58 72 77 78 82 67 49 62 7 6 50 40 48 94 64 14 23 13 29 95 38 87 89 33 79 36 21 28 20 18 8 34 99
0 41
0 70
0 47
0 16
41 45
70 86
70 51
47 76
47 1
47 11
47 43
47 29
16 66
76 55
76 77
76 78
1 13
1 99
11 98
11 23
43 97
43 39
43 15
43 68
86 57
86 32
86 71
86 61
86 14
57 26
26 2
26 83
26 56
98 31
98 75
55 17
55 9
55 72
66 44
66 58
31 34
75 27
75 64
27 54
17 60
32 96
32 4
61 65
61 74
97 22
45 52
52 10
52 79
10 53
10 5
44 8
83 73
56 69
39 24
15 35
15 18
68 37
51 59
69 20
53 30
5 33
96 88
4 94
88 90
37 92
74 84
84 81
84 80
92 12
92 46
22 19
81 85
81 25
85 63
90 91
90 93
90 3
90 48
93 42
9 89
46 49
58 87
58 28
72 67
78 82
49 62
62 7
62 50
62 21
7 6
50 40
29 95
95 38
33 36