0 25 27 26 29 1 30 28 35 89 3 36 21 88 34 56 10 55 57 77 38 67 73 14 16 4 92 17 50 76 69 68 90 82 74 75 72 61 31 83 12 39 78 22 37 62 19 63 2 8 42 33 44 6 51 91 71 52 9 45 5 84 47 97 65 95 87 66 40 41 53 15 43 32 93 64 98 81 20 13 24 7 54 86 49 99 59 85 48 46 70 23 96 11 58 60 94 18 80 79
0 25
0 27
0 26
25 89
27 56
26 29
26 73
29 1
29 35
29 83
1 30
1 28
30 31
35 3
35 44
89 21
3 36
3 34
36 38
36 67
21 88
21 90
88 61
34 42
34 33
56 10
56 77
56 72
10 55
10 57
55 66
77 92
77 17
77 50
38 4
38 65
38 95
38 87
67 14
73 16
14 69
14 68
16 74
16 75
4 37
92 22
17 76
17 78
50 8
76 82
76 52
69 71
69 97
90 39
90 81
74 48
61 12
31 63
31 2
31 98
83 19
83 85
12 62
39 47
39 64
22 91
22 93
37 59
19 84
63 99
2 32
8 51
8 49
42 5
44 6
6 45
6 43
71 15
52 9
52 86
9 53
9 54
5 40
5 41
47 7
97 24
97 80
65 13
95 23
87 20
15 70
81 18
7 46
59 11
23 96
23 94
11 58
11 60
18 79