0 1 4 5 2 7 3 13 6 14 9 8 11 12 23 15 10 21 17 22 24 16 19 20 18 49 48 47 31 46 30 32 45 33 25 39 26 44 34 29 38 40 74 73 72 56 27 71 43 35 55 57 28 70 58 37 50 64 41 51 42 69 36 59 54 63 65 52 68 60 53 62 66 99 67 61 98 97 81 96 80 82 95 83 75 89 76 94 84 79 88 90 77 93 85 78 87 91 92 86
0 1
0 4
0 5
1 2
1 7
4 3
4 13
5 6
5 14
2 9
7 8
3 11
13 12
6 23
14 15
9 10
8 21
12 17
23 22
23 24
15 16
10 19
21 20
17 18
18 49
49 48
48 47
48 31
47 46
31 30
31 32
46 45
46 33
30 25
30 39
32 26
45 44
33 34
25 29
39 38
39 40
26 27
44 43
44 35
29 28
38 37
40 74
40 41
74 73
73 72
73 56
72 71
56 55
56 57
71 70
71 58
43 42
35 36
55 50
55 64
57 51
70 69
58 59
50 54
64 63
64 65
51 52
69 68
69 60
54 53
63 62
65 66
65 99
68 67
60 61
99 98
98 97
98 81
97 96
81 80
81 82
96 95
96 83
80 75
80 89
82 76
95 94
83 84
75 79
89 88
89 90
76 77
94 93
94 85
79 78
88 87
90 91
93 92
85 86