0 29 85 77 55 88 59 58 66 64 69 86 81 80 96 78 56 65 57 61 75 92 63 89 74 91 68 90 73 87 72 71 83 82 79 70 62 67 95 60 94 93 76 84 5 28 9 6 8 39 52 2 30 18 12 1 3 43 19 22 42 53 40 14 4 49 99 41 38 31 25 50 26 7 13 17 23 54 46 47 34 48 44 16 20 97 36 24 11 33 21 37 35 45 98 27 32 10 15 51
0 29
0 85
0 77
0 55
0 88
0 59
0 58
0 66
0 64
0 69
0 86
0 81
0 80
0 96
0 78
0 56
0 65
0 57
0 61
0 75
0 92
0 63
0 89
0 74
0 91
0 68
0 90
0 73
0 87
0 72
0 71
0 83
0 82
0 79
0 70
0 62
0 67
0 95
0 60
0 94
0 93
0 76
0 84
29 9
77 28
55 1
59 5
58 4
66 14
64 12
69 18
86 40
81 34
80 33
96 53
92 47
63 11
74 25
91 46
73 24
83 36
79 30
76 27
5 6
5 8
5 42
28 2
6 39
6 52
39 22
2 19
30 31
18 43
18 38
12 3
12 41
12 23
12 54
1 99
1 97
3 98
43 17
42 49
53 13
40 7
40 20
14 10
49 16
41 45
38 26
25 50
25 35
50 44
7 48
13 37
13 15
54 21
47 51
48 32