0 73 90 23 38 39 21 14 83 78 75 72 84 57 44 10 19 58 8 3 98 76 63 96 69 56 62 15 93 40 13 27 64 33 59 55 92 17 81 52 66 50 22 74 88 95 30 20 82 70 47 53 79 31 2 29 71 48 41 26 4 45 94 86 46 97 25 80 24 6 32 11 5 99 91 28 67 16 60 43 54 89 9 37 65 68 49 35 77 51 61 12 1 36 7 85 34 18 42 87
0 73
0 23
0 38
0 14
73 90
90 2
23 39
23 21
23 44
23 11
38 57
38 8
38 3
39 83
39 58
39 60
39 85
21 19
14 84
14 7
83 78
83 72
83 15
83 67
83 16
83 42
78 75
75 50
84 10
84 31
57 77
10 96
10 30
8 45
3 98
3 63
98 76
63 1
63 36
96 69
69 56
69 79
69 32
56 62
56 53
15 93
93 40
93 35
40 13
40 66
13 27
13 64
27 81
27 12
64 33
64 28
33 59
33 92
59 55
55 17
55 52
55 88
55 95
55 26
55 4
92 61
17 74
17 47
17 6
81 82
81 70
81 24
66 41
50 22
22 48
74 18
88 91
95 20
30 71
2 29
29 87
48 97
48 25
48 80
26 94
26 49
94 86
94 46
94 51
32 99
11 5
67 68
60 43
60 89
43 54
89 9
9 37
37 65
35 34