0 45 38 3 67 24 73 70 99 41 12 86 83 57 47 91 95 8 17 87 55 60 74 78 27 6 98 1 53 89 39 96 31 9 65 93 22 76 82 72 11 79 2 71 16 25 77 37 7 23 88 58 61 13 10 46 32 44 34 97 28 18 62 66 84 21 48 14 30 69 26 20 35 4 15 49 75 36 5 54 94 52 51 56 64 19 42 43 29 85 92 59 63 33 50 90 81 68 40 80
0 45
45 38
45 17
38 3
38 12
38 53
38 28
38 42
3 67
3 70
3 99
3 41
3 8
3 19
67 24
67 73
67 95
67 60
73 94
70 97
99 47
99 91
41 1
41 33
12 86
86 83
86 65
83 57
57 9
57 25
57 34
57 54
91 87
91 55
91 98
95 5
8 6
8 44
17 31
60 74
60 27
60 89
60 63
74 78
74 96
27 11
27 36
6 32
53 58
89 39
39 88
96 71
96 16
9 72
65 93
65 82
93 22
93 76
76 2
72 46
11 79
11 37
11 7
11 23
79 49
79 75
71 77
25 80
77 10
7 66
23 64
88 26
58 61
58 56
58 59
58 68
61 13
61 81
13 15
13 85
13 92
10 69
32 62
28 18
18 4
62 21
62 29
66 84
84 48
48 14
14 30
69 35
26 20
36 52
54 51
52 43
56 90
92 50
81 40