0 18 59 19 1 20 2 5 23 4 21 3 22 24 6 25 7 26 8 55 30 27 29 31 12 9 28 32 11 33 10 13 14 15 52 51 17 35 36 37 38 40 39 41 42 43 44 45 46 47 48 16 34 56 49 50 53 54 57 58
0 18
0 59
18 19
19 1
19 20
20 2
20 21
2 5
5 23
5 4
23 24
4 22
21 3
24 6
24 25
25 7
25 26
26 8
26 27
8 55
55 30
55 56
30 29
30 31
30 12
27 9
27 28
29 11
31 32
31 13
28 10
28 52
32 33
32 14
11 17
33 15
52 51
52 53
17 35
17 16
35 36
35 37
35 38
37 40
38 39
40 41
41 42
42 43
43 44
43 49
44 45
45 46
45 48
46 47
16 34
49 50
53 54
54 57
57 58