0 32 14 6 40 38 34 12 39 36 45 44 42 52 41 48 54 35 55 51 37 46 47 49 43 53 57 50 56 33 16 20 22 5 63 15 88 9 8 70 68 78 59 28 83 4 21 1 18 86 2 77 25 30 17 29 11 10 31 13 27 92 58 94 96 89 19 3 24 26 80 82 79 71 61 65 23 7 73 87 62 90 75 93 64 81 95 72 91 97 67 76 74 84 98 99 60 69 66 85
0 32
0 6
0 40
0 38
0 34
0 12
0 39
0 36
0 45
0 44
0 42
0 52
0 41
0 48
0 54
0 35
0 55
0 51
0 37
0 46
0 47
0 49
0 43
0 53
0 57
0 50
0 56
32 14
32 33
32 16
14 63
14 15
14 88
6 5
6 59
34 1
12 22
12 86
45 17
48 21
54 30
35 3
51 25
47 19
33 20
33 78
16 65
20 9
20 68
22 70
5 8
5 81
15 89
15 64
9 61
9 84
8 28
8 83
8 4
4 18
21 93
21 69
1 2
1 77
1 71
1 75
1 67
1 76
1 74
1 60
18 31
2 10
2 92
2 58
2 94
2 96
2 80
2 82
2 79
2 91
2 97
2 99
2 85
17 29
17 11
17 90
17 66
11 13
11 27
11 26
31 24
13 87
13 62
27 73
27 98
19 7
24 95
24 72
26 23