0 23 33 63 2 1 12 42 5 24 34 64 11 41 3 13 43 4 14 44 9 19 49 29 59 8 18 48 10 26 36 66 39 69 15 45 21 53 40 6 16 46 22 52 20 50 30 60 28 58 27 37 67 7 25 35 65 56 32 62 31 61 51 54 38 68 55 17 47 57
0 23
0 33
0 63
0 2
23 21
2 1
2 9
2 19
2 49
2 29
2 59
2 40
2 6
2 16
2 46
1 12
1 42
1 5
1 3
1 13
1 43
1 4
1 14
1 44
1 30
1 60
12 38
12 68
5 24
5 34
5 64
5 11
5 41
11 26
11 36
11 66
11 7
3 20
3 50
3 17
3 47
4 8
4 18
4 48
9 15
9 45
9 22
9 52
19 28
19 58
19 27
19 37
19 67
29 10
29 32
29 62
8 57
18 55
10 39
10 69
15 54
21 53
22 56
27 31
27 61
7 25
7 35
7 65
7 51