0 9 12 5 1 16 7 39 4 15 18 63 32 29 10 54 6 2 96 73 67 17 3 20 30 23 90 89 24 82 84 65 88 85 92 52 34 71 51 22 13 8 33 26 14 35 21 72 27 68 44 55 19 43 64 86 57 38 40 36 56 70 42 87 58 83 93 94 59 60 31 53 11 50 74 98 28 49 48 46 97 75 37 91 45 76 78 25 99 77 61 41 47 81 80 66 62 79 69 95
0 9
0 67
0 26
0 14
9 12
9 36
12 5
12 33
5 1
5 73
5 11
1 16
1 7
1 39
1 4
16 18
16 53
7 32
7 96
39 15
39 63
39 38
39 40
4 2
18 6
63 54
63 84
63 65
32 29
32 10
32 52
29 30
29 31
10 92
10 8
54 55
54 60
2 3
2 13
2 47
67 17
67 57
17 44
17 42
3 20
3 22
20 82
30 23
23 90
23 89
23 24
23 51
89 88
24 86
82 59
84 41
88 85
92 34
92 71
92 64
92 70
52 94
34 27
34 68
71 72
22 79
13 21
13 45
8 35
8 91
21 19
27 37
44 43
44 61
55 56
57 58
38 62
70 93
42 87
58 83
83 66
93 69
60 98
53 50
11 74
74 28
74 75
98 97
28 49
49 48
48 46
46 77
97 99
75 76
75 78
37 25
47 81
81 80
69 95