0 27 25 26 78 42 97 91 17 61 72 90 21 89 5 60 11 58 59 24 45 94 99 15 22 48 81 7 93 70 6 88 77 76 43 46 56 18 92 12 37 10 44 47 62 40 41 80 4 79 75 32 23 36 96 38 63 71 64 66 52 83 19 9 13 3 16 31 2 34 35 82 95 33 54 84 73 98 74 65 53 39 55 69 68 14 49 51 57 86 29 20 67 50 85 28 8 87 1 30
0 27
0 25
0 26
27 91
25 78
25 42
25 97
25 90
26 61
26 72
78 17
42 5
42 60
97 24
97 45
97 94
91 22
91 48
91 81
17 77
17 76
61 12
61 37
61 83
72 15
90 21
21 89
21 88
89 80
5 40
5 41
60 11
60 36
11 58
11 59
58 52
59 64
59 66
24 99
24 98
45 6
94 23
94 68
15 70
15 71
22 93
22 92
48 7
48 62
81 56
81 18
7 46
7 47
6 43
6 44
76 32
76 69
76 28
43 86
43 29
46 75
56 10
18 79
12 63
37 4
10 55
10 57
44 31
47 73
4 38
4 39
75 16
23 96
23 95
36 3
36 84
66 13
52 9
83 19
19 82
9 54
9 53
13 65
3 34
3 35
16 74
31 2
2 33
35 85
74 49
74 51
53 50
69 14
68 30
14 67
86 20
29 1
20 87
50 8