0 12 65 41 64 89 55 58 92 67 3 81 35 72 22 19 17 66 2 25 97 87 53 18 33 14 95 26 31 98 69 85 71 42 73 9 60 82 61 75 68 91 39 44 90 49 76 27 83 23 56 40 38 15 37 94 96 48 1 8 57 28 93 46 79 4 51 24 54 21 6 78 32 29 62 74 10 36 7 13 16 80 5 59 84 77 63 50 88 11 99 30 47 34 52 20 45 43 86 70
0 12
0 41
0 64
0 35
0 61
0 75
12 65
12 55
12 81
12 60
12 82
65 58
65 92
65 67
65 3
41 69
41 7
41 13
64 89
89 22
89 9
89 11
89 99
55 19
55 52
58 17
58 66
58 8
92 72
67 76
67 27
3 53
3 18
3 26
3 31
3 98
3 38
81 14
81 95
81 73
81 32
35 36
72 90
72 49
72 48
72 1
72 88
19 42
19 34
66 2
66 6
66 78
2 25
2 71
25 97
25 86
97 87
97 44
87 21
53 33
53 10
18 40
33 56
33 96
26 39
26 43
31 54
98 23
98 74
69 85
69 94
85 59
71 37
71 50
42 28
73 45
60 46
82 68
82 91
75 51
75 24
68 83
68 4
68 5
44 62
49 80
76 63
27 15
83 57
23 93
56 70
96 16
48 79
48 77
28 47
46 29
21 20
80 84
84 30