0 34 36 33 16 28 8 17 30 22 5 20 27 13 14 1 24 31 19 18 3 26 25 11 4 10 32 21 23 7 2 29 6 9 93 94 90 35 71 44 50 12 65 66 15 85 39 87 88 37 38 47 42 81 61 68 89 40 63 64 52 96 95 60 74 78 67 76 62 91 53 83 72 82 77 49 70 55 69 73 43 75 51 46 98 54 56 86 59 58 48 97 41 84 57 80 92 79 45
0 34
0 33
0 16
0 28
0 8
0 17
0 30
0 22
0 5
0 20
0 27
0 13
0 14
0 1
0 24
0 31
0 19
0 18
0 3
0 26
0 25
0 11
0 4
0 10
0 32
0 21
0 23
0 7
0 2
0 29
0 6
0 9
34 36
33 35
16 12
16 65
16 66
16 15
28 90
28 89
8 50
8 49
17 68
17 67
30 93
30 94
22 78
22 77
5 44
5 43
20 74
20 73
27 87
27 88
13 60
13 59
14 61
24 81
24 82
31 96
31 95
19 71
19 72
18 69
3 39
26 85
26 86
25 83
25 84
11 55
11 56
4 42
4 41
10 53
10 54
32 98
32 97
23 79
7 47
7 48
2 38
6 46
90 92
50 52
15 63
15 64
39 37
38 40
47 45
89 91
64 62
60 58
74 76
78 80
72 70
49 51
73 75
59 57