0 59 46 38 97 86 70 18 34 68 63 37 71 40 26 8 61 99 58 67 98 44 80 36 3 93 19 9 91 20 15 7 27 79 17 43 24 51 53 12 77 42 48 72 14 95 39 88 1 5 74 23 30 94 64 69 65 55 11 60 41 33 47 96 87 83 4 56 89 10 32 62 57 78 54 25 6 81 52 82 21 22 16 29 75 73 66 84 49 85 92 13 76 2 50 31 28 35 45 90
0 59
0 14
59 46
59 71
59 72
59 6
46 38
46 48
38 97
38 86
97 70
86 63
86 37
86 54
86 25
70 18
70 8
18 34
18 93
18 92
34 68
68 40
68 26
37 27
37 79
71 42
40 78
26 36
26 3
8 61
8 58
61 99
61 98
61 44
61 80
61 4
61 75
99 77
99 85
58 67
58 12
67 83
67 31
98 15
98 7
80 19
80 90
36 20
36 87
36 49
3 91
3 53
19 9
9 50
91 51
20 96
20 2
27 5
27 57
79 17
17 43
17 76
43 24
72 95
72 88
72 1
72 62
72 29
14 23
95 39
95 11
5 74
74 55
74 45
23 30
23 94
23 64
30 65
30 47
64 69
69 35
65 60
60 41
60 33
96 28
4 56
4 89
56 10
56 32
10 16
32 21
32 22
57 84
25 66
6 81
6 52
6 82
22 73
85 13