0 27 26 25 47 68 7 46 86 20 85 14 69 67 87 48 45 60 11 59 58 84 40 65 43 76 94 37 5 6 13 19 39 79 18 44 41 77 23 95 17 80 66 64 42 98 55 10 35 81 4 82 83 74 24 78 61 57 12 97 99 32 31 72 2 62 38 3 56 63 73 53 9 75 16 34 36 15 30 89 29 49 96 8 70 50 21 54 33 90 51 1 71 92 52 22 88 91 28 93
0 27
0 26
0 25
27 68
26 47
25 45
25 60
47 7
68 14
68 94
68 37
7 46
7 48
46 86
86 20
86 76
20 85
20 87
14 69
14 67
69 84
69 40
69 65
69 43
87 79
48 39
48 55
60 11
11 59
11 58
58 98
84 19
40 5
65 13
43 6
43 74
94 77
94 23
5 41
5 42
6 44
13 66
13 64
19 82
19 83
39 4
39 61
39 57
79 18
18 80
18 81
44 35
41 73
41 53
77 17
23 95
23 96
17 78
80 72
66 49
42 29
98 24
98 31
98 63
55 10
55 89
10 56
35 3
4 38
83 32
74 30
24 97
24 99
61 12
12 62
32 2
31 75
72 15
2 33
3 34
3 36
53 9
9 54
9 52
75 16
75 92
15 70
15 71
89 21
29 1
49 8
8 50
8 51
21 90
21 88
1 28
92 22
22 91
22 93