0 81 89 19 61 77 70 32 93 60 42 25 5 66 7 78 15 79 8 28 29 43 96 27 2 4 10 51 36 94 85 1 47 54 95 23 84 11 53 39 12 92 31 17 44 56 22 30 21 62 49 63 87 46 37 72 67 13 41 14 75 52 16 68 98 74 69 34 24 76 26 35 38 6 58 45 9 91 82 33 40 86 64 71 57 97 20 88 73 3 80 48 55 83 59 18 50 90 65
0 81
0 70
0 32
0 36
0 94
0 85
0 1
0 47
81 89
81 51
81 86
89 19
19 61
19 77
61 10
61 58
77 42
77 25
77 52
70 79
32 93
32 60
93 96
93 4
60 2
42 6
42 59
25 5
5 66
5 28
5 38
5 40
66 7
66 15
7 78
15 8
79 92
28 29
28 43
28 33
29 63
43 27
43 14
43 75
43 83
96 12
27 26
27 35
10 76
85 41
1 49
47 54
47 82
54 95
54 62
95 23
95 73
23 84
23 11
84 88
11 53
11 39
53 13
53 20
12 44
12 24
92 31
92 17
92 21
31 30
31 97
17 34
44 56
56 22
21 37
21 55
62 46
62 67
49 87
49 74
49 69
63 72
87 98
67 91
13 68
41 65
14 16
74 57
69 48
38 45
38 9
82 80
40 71
40 50
40 90
86 64
57 18
97 3