0 6 86 69 80 88 10 39 85 95 18 66 73 98 25 40 62 14 78 96 45 51 58 24 52 63 19 30 50 44 49 72 87 12 21 75 43 71 83 22 55 56 67 5 79 13 57 74 48 82 37 53 3 89 4 76 94 97 35 33 36 31 32 92 17 99 77 64 65 47 91 68 90 2 15 38 27 42 8 1 61 60 23 41 81 7 29 28 54 20 59 34 46 93 84 26 11 9 16 70
0 6
0 86
0 69
6 38
69 80
69 88
69 35
80 10
80 39
10 85
10 95
10 81
39 23
39 41
85 18
85 66
95 73
95 98
95 91
18 25
18 40
18 62
66 14
66 78
66 96
66 15
73 70
98 45
98 51
40 58
40 2
62 29
14 24
14 52
14 63
78 19
78 30
96 50
96 20
45 44
45 49
58 72
58 87
58 60
24 12
24 21
24 75
24 11
52 43
52 71
52 83
63 22
30 55
50 56
50 67
49 5
72 79
12 13
21 93
75 57
75 74
43 48
43 82
71 90
22 37
22 46
79 53
13 3
13 89
57 4
57 76
57 94
57 97
74 33
48 36
48 68
89 31
4 17
33 32
33 92
32 99
17 77
99 42
77 64
64 65
65 47
47 54
38 27
27 16
42 8
42 26
8 1
1 61
23 7
29 28
54 59
59 34
46 9
93 84