0 20 95 36 67 17 7 42 21 22 3 64 69 14 1 6 55 63 12 9 23 88 15 18 45 24 5 30 13 51 74 34 40 46 8 32 81 44 25 71 76 82 98 99 29 90 92 33 10 4 2 59 28 39 96 94 49 62 11 35 48 41 37 54 86 57 97 26 91 75 47 87 61 53 56 16 85 79 19 70 84 31 38 60 27 80 52 73 93 43 65 66 83 77 89 78 68 72 58 50
0 20
0 17
0 7
0 42
0 21
0 66
20 95
20 36
20 67
36 65
17 22
17 3
17 70
17 84
7 64
7 69
7 19
7 43
22 5
3 14
3 1
3 24
3 93
69 45
69 52
69 73
14 55
14 63
14 12
14 15
14 18
1 6
6 88
6 4
6 2
55 9
55 79
55 80
63 23
63 13
63 68
9 10
9 27
23 94
88 29
88 90
15 11
18 87
24 34
5 30
5 33
5 78
30 81
30 85
13 51
13 76
13 60
51 74
74 99
34 40
34 46
34 47
40 96
46 8
46 32
46 71
8 49
8 62
81 44
81 25
25 82
71 98
29 92
90 86
33 54
10 37
4 59
2 39
2 16
59 28
59 91
59 75
28 41
49 48
11 35
11 26
54 57
86 97
57 56
57 89
26 77
47 61
47 53
53 50
56 38
56 58
16 31
52 83
73 72