0 32 73 28 7 36 84 38 5 24 41 72 68 86 61 12 27 76 35 60 49 91 51 30 52 16 45 6 92 59 67 1 39 47 75 79 46 8 90 56 40 19 20 2 63 96 54 11 71 95 69 50 10 97 25 66 4 9 18 3 53 89 29 62 93 57 88 58 65 33 21 70 23 17 99 37 15 77 42 43 31 48 64 22 80 78 82 94 34 74 44 98 14 87 81 26 83 55 13 85
0 32
0 24
0 41
0 72
0 68
0 86
32 73
32 38
32 5
32 91
32 51
32 30
32 52
32 16
32 45
73 28
73 36
73 84
73 35
73 60
73 49
73 8
28 7
7 76
7 11
7 71
7 95
36 12
36 27
36 46
84 39
84 47
84 75
84 79
84 54
38 61
38 2
38 63
38 96
5 19
5 20
5 9
24 1
41 4
72 59
72 67
72 88
68 40
86 66
86 57
86 31
61 42
61 43
12 97
12 25
12 93
76 29
76 62
35 56
60 10
60 77
49 92
49 15
91 50
51 14
30 37
30 98
52 6
52 44
16 89
92 90
59 53
59 81
67 55
39 3
75 74
75 85
79 99
79 34
46 17
90 23
90 94
56 69
19 21
19 70
20 78
20 82
96 18
50 87
53 65
53 33
89 58
89 80
29 64
29 22
93 83
37 48
94 13
34 26