0 20 24 2 56 62 75 10 66 82 79 76 86 73 71 67 90 61 81 87 58 65 85 64 84 70 88 59 63 60 91 72 77 83 89 80 74 57 69 78 68 31 11 3 42 45 92 39 54 5 9 30 16 17 99 34 7 46 44 49 35 19 6 27 13 36 12 43 14 50 25 21 55 8 28 33 41 47 48 18 29 23 15 52 4 1 51 37 53 38 26 98 94 93 32 96 40 97 22 95
0 20
0 62
0 75
0 10
0 66
0 82
0 79
0 76
0 86
0 73
0 71
0 67
0 90
0 61
0 81
0 87
0 58
0 65
0 85
0 64
0 84
0 70
0 88
0 59
0 63
0 60
0 91
0 72
0 77
0 83
0 89
0 80
0 74
0 57
0 69
0 78
0 68
20 24
20 11
20 3
24 2
2 56
2 92
75 34
10 17
10 99
66 16
82 45
76 35
86 49
73 30
71 25
61 9
81 44
87 50
58 5
65 14
85 48
84 47
88 51
83 46
74 31
31 42
42 39
42 54
42 43
92 1
54 12
5 7
5 41
5 94
9 36
9 98
16 27
16 13
17 33
7 4
7 96
46 19
46 6
46 28
44 52
35 8
35 26
19 22
6 55
13 21
12 15
43 23
41 29
48 18
48 37
23 38
52 32
1 93
1 40
1 97
1 95
37 53