0 1 55 91 90 39 38 99 89 6 42 40 36 35 41 31 87 51 84 85 88 7 86 81 24 23 49 48 96 27 26 18 56 61 76 79 54 98 2 19 16 5 34 37 4 93 63 83 57 94 95 32 53 62 68 12 50 92 43 82 60 33 59 77 58 44 17 9 69 75 78 46 66 67 70 45 13 15 80 11 14 97 71 73 74 47 8 52 30 28 29 72 22 25 3 65 20 21 10 64
0 1
0 55
1 2
55 91
55 29
91 90
91 39
90 38
90 99
90 89
90 6
90 54
90 98
39 40
39 36
39 14
99 42
99 87
99 76
99 79
89 31
6 7
42 96
40 41
40 61
36 35
36 37
36 28
35 34
31 30
87 51
87 84
87 85
87 88
87 5
51 50
51 52
84 11
85 86
7 8
86 81
81 24
24 23
24 80
23 49
49 48
49 65
48 47
96 27
96 18
27 26
27 56
18 17
79 19
79 16
98 93
2 3
5 4
4 57
93 63
93 83
93 62
93 68
93 12
63 43
63 15
57 94
94 95
94 32
94 53
94 44
95 92
95 66
95 25
95 64
32 33
53 58
62 46
12 13
50 60
92 82
92 45
43 77
82 78
60 59
58 97
44 75
17 9
17 69
69 70
75 74
66 67
70 22
11 10
97 71
97 73
73 72
72 20
20 21