0 26 27 25 73 96 77 17 76 78 23 83 68 16 75 74 95 94 89 48 63 69 98 66 14 21 39 19 52 87 80 18 13 65 67 12 64 55 56 72 10 81 4 88 90 24 7 60 36 44 35 6 57 84 43 45 46 9 71 34 59 15 54 3 62 58 20 79 82 99 50 32 8 11 37 38 61 41 5 51 49 86 97 53 93 28 22 40 42 2 70 47 33 91 1 31 29 85 30 92
0 26
0 27
0 25
26 96
26 77
27 73
25 66
73 83
73 68
73 16
73 98
96 23
77 17
77 63
77 69
17 76
17 78
76 48
76 80
78 89
78 87
23 95
23 94
83 19
83 52
83 35
68 72
68 44
16 75
16 74
75 39
75 56
75 36
74 55
74 60
74 59
95 34
89 21
48 7
48 32
63 12
63 64
63 50
69 14
69 71
98 24
66 13
14 67
21 88
21 90
39 4
39 99
19 84
19 82
52 9
87 58
87 20
87 79
80 18
80 41
18 81
13 65
67 61
12 62
56 10
10 57
81 28
4 37
4 38
88 93
7 46
7 47
36 30
44 6
35 3
35 97
35 53
6 43
6 45
84 54
71 15
59 11
15 70
20 86
20 85
79 29
50 8
32 2
8 51
8 49
41 5
5 40
5 42
97 31
93 22
28 1
22 91
22 92
2 33