0 60 17 13 21 27 4 71 26 67 55 53 28 86 37 94 92 34 95 79 3 9 47 89 68 40 76 52 46 12 15 78 88 66 59 96 74 42 48 39 84 64 62 1 29 63 73 90 65 58 32 8 45 30 11 61 80 85 83 93 14 35 20 82 41 43 19 18 91 44 72 70 56 22 25 87 5 81 33 50 49 31 51 38 77 57 24 10 97 23 54 98 6 69 2 7 16 36 75
0 60
60 17
60 72
60 98
60 6
17 13
17 44
13 21
13 4
13 28
21 27
21 53
27 55
4 71
4 26
4 67
71 52
26 76
67 66
55 79
55 88
55 54
55 16
53 91
53 23
28 86
86 37
37 94
94 92
94 18
92 34
34 95
34 58
95 7
79 3
3 9
3 39
3 81
9 47
9 89
9 65
47 40
47 90
89 68
89 78
89 48
40 15
40 5
52 46
52 12
46 73
12 96
12 74
12 38
15 63
15 93
15 14
88 97
66 59
66 19
74 42
74 83
74 43
42 29
48 84
48 64
39 1
84 62
29 87
63 11
63 41
73 8
90 32
90 25
90 51
58 45
58 2
8 30
45 85
11 61
11 22
61 80
80 82
85 35
93 20
35 31
20 70
20 56
82 49
82 69
41 57
18 50
91 75
5 33
31 36
38 77
77 10
57 24