0 12 56 85 15 81 88 25 51 66 54 44 64 2 28 47 77 14 96 46 1 33 26 83 50 73 38 6 92 67 29 53 34 48 4 76 97 41 82 69 36 90 52 19 89 22 74 32 27 65 37 7 10 62 59 23 84 87 95 11 16 5 31 40 93 57 39 45 99 9 79 72 60 86 94 3 68 75 78 61 30 20 70 21 17 42 55 8 80 43 35 49 91 58 63 13 71 18 24 98
0 12
0 85
0 83
0 75
12 56
12 15
12 81
12 88
56 54
56 44
56 26
56 55
15 28
15 47
81 66
81 63
88 25
88 2
88 33
25 51
25 1
66 64
66 40
54 46
54 31
64 77
2 68
28 5
47 96
47 89
47 22
77 14
14 6
96 19
96 24
46 52
46 3
46 42
1 38
33 73
33 90
33 59
26 16
83 50
50 76
50 11
73 36
73 58
38 92
38 29
6 65
92 67
92 4
67 69
29 53
53 34
53 48
53 41
53 82
53 27
76 97
41 62
69 18
36 95
19 10
89 74
89 32
74 7
32 37
32 87
32 94
32 91
27 86
65 61
7 99
7 17
10 23
10 84
10 60
10 21
23 45
11 93
11 72
16 49
5 78
93 57
57 39
99 9
99 79
99 70
99 35
94 20
75 8
75 71
61 30
8 80
8 43
80 13
24 98