0 79 94 75 35 39 17 53 36 34 91 46 54 23 45 12 93 48 68 11 98 24 30 62 14 33 67 38 42 22 9 87 86 74 27 6 20 10 88 47 61 78 19 97 41 89 70 85 83 49 5 40 65 81 96 50 28 31 15 60 90 1 99 32 71 25 2 37 64 44 58 21 18 4 52 3 92 76 80 69 51 84 16 73 57 56 66 77 63 13 59 29 26 82 8 72 55 7 43 95
0 79
79 94
79 53
79 45
79 12
79 93
79 99
79 32
94 75
94 39
94 17
94 89
94 90
94 1
94 73
75 35
75 23
35 46
35 54
35 10
35 44
35 58
39 34
39 98
39 24
39 60
39 16
17 29
53 36
36 41
34 91
34 20
34 49
34 15
91 59
46 68
46 11
46 6
54 67
12 97
93 48
93 64
48 33
48 83
11 62
11 14
98 51
98 84
24 30
62 74
62 27
14 22
33 86
67 38
67 42
67 31
38 69
42 9
42 87
22 47
87 19
86 88
74 78
27 95
6 13
10 43
47 61
61 63
19 70
97 85
89 40
89 65
70 77
49 5
5 37
40 28
65 81
81 96
96 50
50 2
28 80
31 25
31 4
15 71
32 66
71 76
2 21
37 7
58 18
4 52
52 3
52 92
51 57
51 56
13 8
59 26
26 82
8 72
72 55