0 57 36 47 37 26 5 89 64 51 68 10 94 33 20 8 61 32 15 1 67 90 86 28 7 42 76 75 48 23 63 69 19 82 92 88 18 16 35 98 13 39 85 53 99 38 81 74 3 91 24 27 12 54 44 4 79 14 40 93 80 77 2 87 59 72 29 22 6 96 41 21 65 62 50 52 17 73 60 97 66 71 43 30 56 84 11 34 55 25 70 83 49 45 31 46 9 95 58 78
0 57
0 81
0 74
0 3
0 50
0 52
0 17
57 36
36 47
36 61
36 32
36 15
47 37
47 69
47 19
47 62
37 26
37 35
26 5
26 30
5 89
5 16
5 38
89 64
89 99
64 51
64 68
64 10
64 94
64 18
64 65
51 20
51 8
68 33
68 76
68 21
68 78
94 63
94 49
20 88
8 1
61 53
32 86
15 90
15 43
1 67
1 54
67 58
90 7
90 42
86 28
86 23
86 59
28 48
7 41
76 75
76 92
76 12
48 85
23 95
63 82
63 71
88 87
16 2
35 98
35 9
98 13
13 39
13 55
39 27
85 96
53 24
99 91
99 34
81 80
81 77
91 83
24 14
24 11
54 44
44 4
4 79
79 93
14 40
93 46
80 29
80 22
80 6
77 31
59 72
29 66
41 84
50 56
17 73
73 60
60 97
97 70
34 25
49 45