0 4 12 25 46 41 10 15 31 20 34 39 43 30 8 29 18 23 38 33 3 37 1 28 24 35 49 11 17 48 36 27 40 7 45 44 5 6 16 22 13 14 9 26 19 32 2 47 21 42 50 63 81 93 83 77 62 86 70 94 52 68 85 51 57 90 95 75 88 58 67 54 56 91 61 64 69 92 53 99 55 66 84 89 71 60 79 72 74 96 65 59 98 87 82 76 80 73 97 78
0 4
0 10
0 15
0 31
0 20
0 34
0 39
0 43
0 30
0 8
0 29
0 18
0 23
0 38
0 33
0 3
0 37
0 1
0 28
0 24
0 35
0 49
0 11
0 17
0 48
0 36
0 27
0 40
0 7
0 45
0 44
0 5
0 6
0 16
0 22
0 13
0 14
0 9
0 26
0 19
0 32
0 2
0 47
0 21
0 42
0 50
4 12
4 41
12 25
12 46
50 63
50 77
50 62
50 86
50 70
50 94
50 52
50 68
50 85
50 51
50 57
50 90
50 95
50 75
50 88
50 58
50 67
50 54
50 56
50 91
50 61
50 64
50 69
50 92
50 53
50 99
50 55
50 66
50 84
50 89
50 71
50 60
50 79
50 72
50 74
50 96
50 65
50 59
50 98
50 87
50 82
50 76
50 80
50 73
50 97
50 78
63 81
63 83
81 93