0 6 55 54 60 58 50 56 51 53 57 59 61 69 74 52 73 67 71 70 66 44 68 62 63 64 65 76 8 3 1 78 75 9 17 72 48 47 23 12 5 2 77 30 35 4 11 15 10 7 19 79 26 18 36 46 49 37 13 32 28 31 38 14 34 16 24 29 45 40 33 21 25 22 20 41 27 43 42 39
0 6
0 3
0 1
0 17
6 55
6 8
6 9
55 54
55 50
54 60
54 58
54 61
60 67
58 56
58 59
50 51
56 53
56 57
56 73
51 75
53 74
53 52
57 70
59 68
59 62
61 69
69 71
69 22
52 44
67 78
71 66
71 72
70 76
44 43
62 63
62 64
62 65
65 12
76 23
8 11
3 4
1 26
78 79
78 32
75 15
17 46
17 45
72 48
48 47
23 21
23 25
12 5
5 2
5 13
2 77
77 30
30 35
30 19
30 34
30 29
35 36
4 7
15 10
19 14
79 18
26 27
18 41
36 37
46 49
37 38
13 28
32 31
38 24
14 16
34 33
29 40
29 39
21 20
41 42