0 27 26 25 45 62 31 42 2 12 6 43 61 33 32 5 40 49 87 85 20 44 73 97 48 16 29 93 63 46 78 22 24 99 92 1 75 72 8 51 50 54 91 58 86 41 35 11 38 59 28 37 90 39 21 82 4 9 30 71 52 19 88 84 83 53 66 60 3 98 7 77 47 34 36 13 64 65 94 81 15 89 80 74 76 18 79 17 57 96 70 67 23 95 55 56 10 68 14 69
0 27
0 26
0 25
27 31
27 42
26 45
26 62
25 87
25 85
25 78
45 6
62 12
62 48
31 2
31 40
31 49
31 46
42 5
42 73
42 97
2 33
2 32
12 61
12 63
6 43
6 44
61 93
33 35
32 39
5 41
40 90
49 72
49 8
49 37
85 20
20 86
44 29
44 47
73 16
97 24
97 58
97 77
48 7
48 76
16 75
16 74
29 1
93 22
93 67
22 92
22 91
24 99
24 98
92 54
1 28
75 59
8 51
8 50
51 30
51 71
50 38
54 9
54 80
58 11
35 3
11 60
38 4
59 82
59 66
90 21
90 89
21 88
82 19
9 52
9 53
30 70
71 15
52 96
19 84
19 83
88 57
88 56
83 81
66 13
60 55
3 34
3 36
77 94
77 17
13 64
13 65
81 18
80 95
18 79
96 23
70 68
56 10
68 14
14 69