0 12 27 87 23 88 25 11 9 5 1 30 29 33 34 19 24 21 26 4 15 22 28 3 2 6 20 32 13 10 8 18 16 31 17 7 14 51 52 84 57 58 68 92 93 44 79 80 70 63 91 56 55 83 86 48 96 82 71 35 36 43 72 59 39 64 41 76 81 94 85 62 49 65 97 40 77 42 75 38 66 73 90 89 78 61 60 47 69 98 45 37 46 95 50 74 54 67 53
0 12
0 25
0 11
0 9
0 5
0 1
0 30
0 29
0 33
0 34
0 19
0 24
0 21
0 26
0 4
0 15
0 22
0 28
0 3
0 2
0 6
0 20
0 32
0 13
0 10
0 8
0 18
0 16
0 31
0 17
0 7
0 14
12 27
12 57
12 58
27 87
27 23
27 88
87 85
23 79
23 80
88 86
25 84
25 83
11 56
11 55
9 51
9 52
5 44
5 43
1 35
1 36
30 93
30 94
29 92
29 91
19 71
24 82
24 81
21 76
21 75
4 41
4 42
15 63
15 64
22 77
22 78
28 90
28 89
3 39
3 40
2 37
6 45
20 73
20 74
32 97
32 98
13 59
10 53
8 50
18 70
18 69
16 65
16 66
31 96
31 95
17 68
17 67
7 48
7 47
51 49
58 60
70 72
63 61
56 54
48 46
64 62
40 38