0 46 34 23 7 83 16 4 68 72 50 33 70 93 99 92 2 66 67 60 9 74 14 18 40 24 39 38 88 10 58 85 6 75 49 11 53 94 84 35 47 62 36 64 76 52 21 12 25 45 91 80 56 78 79 51 98 44 15 69 48 81 26 8 42 5 96 3 82 32 95 27 89 29 86 17 19 77 54 65 31 1 20 87 30 71 22 43 41 73 61 13 28 90 97 63 59 55 37 57
0 46
0 34
0 90
46 65
34 23
34 83
34 16
34 4
23 7
23 67
23 60
7 27
16 66
4 68
4 2
4 40
68 72
68 50
72 92
50 33
50 93
50 99
50 54
33 70
70 44
70 95
70 28
99 14
99 18
99 32
99 77
92 9
92 74
2 11
2 53
66 88
67 98
67 13
60 21
9 52
9 17
9 19
74 38
74 76
74 37
74 57
14 24
14 39
14 49
40 64
40 51
24 79
39 10
39 58
39 61
38 75
10 41
10 73
58 85
58 6
85 78
6 84
6 62
6 36
6 55
75 43
53 94
53 47
84 35
47 45
36 25
64 56
76 80
76 82
52 12
12 59
45 91
45 86
56 3
78 29
79 96
79 63
98 15
98 26
98 8
44 69
69 48
69 81
69 20
8 42
8 5
3 1
32 89
29 31
19 22
1 30
1 71
20 87
30 97