0 88 8 23 41 32 29 51 72 5 65 55 31 83 75 6 19 43 35 97 33 70 59 87 46 44 20 13 74 22 61 58 30 47 14 64 50 96 36 81 4 52 76 60 48 69 21 63 24 38 93 71 99 10 80 18 67 25 15 53 84 17 3 94 12 1 98 95 79 28 86 73 54 56 85 37 66 26 82 77 16 49 11 7 62 92 42 68 90 91 45 57 39 78 27 9 34 2 40 89
0 88
0 5
0 65
0 55
0 85
88 8
88 23
88 30
8 41
8 32
8 29
8 51
8 72
8 81
23 83
23 75
41 31
41 19
41 44
32 6
32 58
29 36
29 21
51 43
51 56
72 61
72 54
5 35
5 97
65 70
55 33
31 69
83 46
6 87
6 22
6 96
19 48
43 59
43 80
35 20
35 50
97 13
97 74
97 73
33 86
70 64
70 60
59 10
87 26
46 47
46 14
44 99
44 11
20 4
20 52
20 76
13 25
74 63
22 24
61 84
58 71
30 38
30 93
30 67
30 49
47 94
47 9
14 53
14 28
64 18
64 3
50 1
50 66
96 16
36 95
36 79
60 92
48 15
21 17
21 68
21 27
24 12
71 37
99 77
80 82
18 45
15 62
15 78
17 98
1 42
28 39
86 91
86 89
82 7
49 40
62 90
90 57
91 2
45 34