0 84 89 29 88 13 25 1 67 87 22 79 81 54 2 11 95 34 10 42 49 59 41 14 35 93 19 31 40 74 32 61 45 21 16 53 62 58 17 28 69 80 55 3 86 18 43 5 90 44 36 46 70 85 73 66 57 12 20 23 60 92 71 37 63 15 4 78 51 76 77 26 38 27 50 48 39 72 9 64 91 52 7 8 94 83 56 33 97 96 24 99 75 6 30 47 65 98 82 68
0 84
0 11
0 71
84 89
84 29
84 58
89 62
29 88
29 5
29 92
29 75
88 13
88 87
13 25
13 1
13 67
13 60
25 43
25 91
67 22
87 54
87 2
87 16
87 53
87 20
87 23
87 64
22 79
79 81
81 42
81 18
54 99
11 95
95 34
34 10
34 86
34 27
34 9
10 21
10 3
42 49
42 59
42 45
42 55
49 19
49 31
49 70
59 41
59 12
59 56
41 14
41 38
14 35
35 93
35 72
19 40
40 74
40 32
74 61
32 57
61 69
21 68
53 39
53 98
53 82
58 17
58 28
17 80
17 24
69 46
3 90
3 44
18 66
18 83
43 36
5 73
70 85
70 77
70 26
85 65
57 94
20 63
60 37
71 48
37 15
63 78
15 4
4 76
78 51
27 50
48 8
72 96
91 52
91 7
52 97
94 33
75 6
6 30
6 47