0 98 66 18 61 29 26 74 84 75 4 62 2 21 94 30 33 86 46 88 56 97 37 16 7 24 52 19 92 59 44 6 78 70 65 50 12 35 72 8 47 10 69 49 28 82 5 81 63 42 51 71 22 34 68 93 48 39 73 23 9 99 3 85 41 77 36 67 96 1 40 27 54 57 31 80 43 45 90 58 38 13 55 95 14 17 11 60 79 76 53 83 32 64 25 15 87 91 20 89
0 98
0 18
0 62
0 2
0 21
98 66
98 29
66 22
66 40
18 61
18 46
18 88
18 56
18 45
61 4
29 26
29 86
26 74
26 33
26 65
74 84
74 75
74 30
75 52
62 24
62 71
2 94
2 1
21 96
21 43
86 70
86 67
46 97
56 78
56 10
56 69
97 37
97 7
37 16
37 51
16 36
16 80
7 8
7 47
24 44
24 6
24 42
52 19
52 63
52 68
19 92
19 59
19 72
19 9
59 35
59 91
6 31
65 50
65 77
50 12
12 57
72 82
72 32
8 28
8 81
8 11
47 49
47 34
47 41
10 48
10 17
28 5
63 14
63 83
42 23
68 93
68 85
48 39
39 73
73 54
23 99
23 3
9 27
9 87
99 55
99 95
3 53
85 13
54 90
31 38
43 76
90 58
58 25
58 15
55 79
95 64
11 60
53 20
32 89