0 11 56 5 33 34 20 13 3 22 29 8 7 10 16 2 4 21 9 32 18 30 27 6 26 28 12 31 17 1 25 24 19 14 15 23 76 77 59 44 43 55 67 37 92 78 60 73 35 54 80 53 90 65 40 74 36 39 79 61 41 50 49 91 51 75 63 71 95 70 38 66 47 48 93 68 69 52 42 46 87 97 98 85 57 72 83 88 94 86 64 96 89 45 81 58 84 82 62
0 11
0 33
0 34
0 20
0 13
0 3
0 22
0 29
0 8
0 7
0 10
0 16
0 2
0 4
0 21
0 9
0 32
0 18
0 30
0 27
0 6
0 26
0 28
0 12
0 31
0 17
0 1
0 25
0 24
0 19
0 14
0 15
0 23
11 56
11 5
11 55
56 54
5 44
5 43
33 35
34 36
20 73
20 74
13 59
13 60
3 40
22 77
22 78
29 92
29 91
8 50
8 49
7 47
7 48
16 65
16 66
2 37
2 38
4 41
4 42
21 76
9 52
32 97
32 98
18 70
18 69
30 94
27 87
27 88
6 45
28 90
28 89
31 95
31 96
17 67
17 68
25 83
25 84
19 71
19 72
14 61
15 63
15 64
23 79
59 57
55 53
37 39
78 80
60 58
73 75
49 51
95 93
48 46
87 85
83 81
88 86
64 62
84 82