0 12 5 44 42 43 31 57 58 32 8 11 6 21 28 16 2 20 13 33 27 3 34 25 7 22 10 19 23 30 29 15 4 26 14 24 1 9 17 18 35 95 41 39 88 60 76 49 50 96 86 51 81 37 98 97 59 52 63 79 77 48 73 89 90 45 46 55 56 54 91 61 68 62 53 36 40 87 38 66 65 75 85 47 92 93 82 83 74 84 67 64 71 78 69 70 72 80 94
0 12
0 8
0 11
0 6
0 21
0 28
0 16
0 2
0 20
0 13
0 33
0 27
0 3
0 34
0 25
0 7
0 22
0 10
0 19
0 23
0 30
0 29
0 15
0 4
0 26
0 14
0 24
0 1
0 9
0 17
0 18
12 5
12 31
12 57
12 58
12 32
5 44
5 43
44 42
43 41
31 95
31 96
57 59
32 98
32 97
8 49
8 50
11 55
11 56
6 45
6 46
21 76
21 75
28 89
28 90
16 66
16 65
2 37
2 38
20 73
20 74
13 60
33 35
27 88
27 87
3 39
3 40
34 36
25 83
7 48
22 77
22 78
10 53
19 71
19 72
23 79
15 63
14 62
24 81
24 82
9 51
9 52
17 68
18 70
95 93
88 86
96 94
63 61
89 91
90 92
45 47
56 54
62 64
87 85
65 67
82 84
71 69
78 80