0 20 10 14 25 5 13 27 36 34 41 42 28 45 30 44 29 38 32 40 39 43 37 33 46 31 35 22 24 49 23 82 51 97 67 9 70 21 8 17 91 19 79 18 6 3 90 66 84 53 69 76 7 89 73 2 92 93 61 1 11 12 15 4 81 85 78 95 96 75 16 26 62 64 50 87 74 60 59 52 57 58 77 47 68 71 88 56 72 65 98 83 55 48 54 86 63 94 80 99
0 20
0 13
0 27
0 36
0 34
0 41
0 42
0 28
0 45
0 30
0 44
0 29
0 38
0 32
0 40
0 39
0 43
0 37
0 33
0 46
0 31
0 35
20 10
10 14
10 5
10 23
10 82
10 51
10 97
10 67
14 25
14 70
14 21
25 76
5 24
5 49
5 79
13 22
13 84
13 53
13 69
27 1
40 19
37 16
22 91
22 59
24 93
24 61
23 9
23 92
23 75
23 60
9 66
9 96
70 2
21 8
21 17
21 90
21 74
8 95
8 65
17 6
17 3
17 87
19 18
19 7
19 89
19 73
18 15
18 88
18 56
18 72
6 94
6 80
3 81
3 85
3 78
3 86
3 63
7 12
7 64
7 50
2 11
2 77
2 47
2 68
2 71
1 62
1 57
1 58
1 55
1 48
1 54
11 52
11 98
11 83
12 4
4 26
4 99