0 37 49 87 27 91 12 74 83 84 44 72 33 69 48 25 11 3 23 95 82 63 13 99 29 31 50 35 64 17 80 98 5 96 26 32 94 90 2 1 39 76 45 68 92 57 60 34 53 16 61 77 58 73 15 52 30 93 79 21 20 51 8 19 28 9 67 54 97 86 81 43 7 85 62 55 10 75 36 40 47 4 88 71 46 38 66 42 18 24 56 59 41 22 70 14 78 65 89 6
0 37
37 49
37 27
37 84
37 44
49 87
49 74
49 83
49 40
87 36
27 91
27 12
91 33
91 69
91 48
12 80
83 53
84 60
84 34
44 72
44 57
44 38
72 3
72 92
33 43
33 46
33 56
48 25
48 11
48 8
25 51
11 95
11 71
3 23
3 17
23 81
23 75
95 82
95 63
95 13
95 99
95 64
82 86
63 31
63 68
13 29
13 30
99 20
29 24
31 50
31 35
31 88
31 18
31 78
50 21
35 98
35 5
64 32
64 94
17 2
17 97
80 45
98 96
96 26
94 90
2 1
1 39
39 76
45 55
45 10
92 6
53 16
53 61
53 77
61 15
61 52
77 58
77 79
58 73
52 93
93 66
93 42
79 19
21 4
20 85
20 62
51 28
19 14
28 9
28 54
9 67
81 7
36 47
40 70
42 89
56 59
59 41
41 22
14 65