0 3 34 8 2 11 7 22 23 9 20 21 28 27 14 13 33 30 18 31 5 16 15 19 17 6 10 25 12 32 29 26 4 1 24 84 70 94 62 55 49 50 40 39 66 51 79 77 48 38 37 36 63 88 89 80 78 56 61 98 71 35 87 75 47 73 46 68 81 42 72 95 59 60 76 52 74 57 45 69 92 53 43 93 90 58 82 85 44 96 86 64 41 91 65 67 83 54 97
0 3
0 34
0 8
0 2
0 11
0 7
0 22
0 23
0 9
0 20
0 21
0 28
0 27
0 14
0 13
0 33
0 30
0 18
0 31
0 5
0 16
0 15
0 19
0 17
0 6
0 10
0 25
0 12
0 32
0 29
0 26
0 4
0 1
0 24
3 40
3 39
8 49
8 50
2 38
2 37
11 55
11 56
7 48
7 47
22 77
22 78
23 79
23 80
9 51
9 52
21 75
21 76
28 89
28 90
27 88
27 87
14 62
13 59
13 60
33 35
30 94
30 93
18 70
31 95
31 96
5 43
5 44
16 66
16 65
15 63
19 71
19 72
10 53
25 84
32 98
32 97
29 92
29 91
26 85
4 42
4 41
1 36
24 81
24 82
62 64
66 68
48 46
63 61
88 86
56 54
71 69
75 73
47 45
81 83
59 57
60 58
76 74
65 67