0 31 81 32 64 74 73 35 24 75 2 29 9 42 60 79 20 22 7 46 69 85 80 47 67 87 19 26 13 91 38 52 36 16 3 59 11 68 88 76 4 71 14 17 33 83 34 89 28 40 15 45 12 54 55 78 51 66 8 86 30 10 77 57 63 61 43 92 6 49 18 62 65 21 41 44 25 5 90 39 82 53 72 50 1 48 23 84 70 27 58 37 56
0 31
0 73
0 51
31 81
31 74
31 22
81 32
81 64
32 24
32 78
32 18
32 62
32 65
74 35
74 49
73 20
35 79
35 48
24 75
24 91
24 55
24 6
75 2
75 9
75 42
75 60
2 29
2 1
29 69
29 89
9 54
42 26
42 13
42 34
60 19
60 92
79 45
79 12
79 43
20 7
20 46
20 16
20 3
20 50
22 87
22 53
22 72
7 80
7 83
46 85
46 67
46 17
46 33
69 15
69 82
85 47
85 36
47 52
67 38
67 77
87 88
87 10
19 14
19 30
38 58
52 68
36 11
16 59
3 4
3 71
3 27
59 39
11 40
11 90
68 76
68 5
88 61
71 28
14 25
14 70
33 56
83 86
28 8
15 66
45 63
12 57
78 44
63 41
43 37
6 21
50 23
50 84