0 26 1 59 91 62 34 86 38 21 58 43 93 18 5 32 20 41 69 85 50 27 47 51 25 96 66 35 19 84 72 92 42 13 16 82 6 97 94 65 83 11 48 89 70 57 80 4 73 61 76 17 39 56 46 44 64 87 10 37 74 23 99 33 8 40 95 36 88 79 77 67 90 78 53 28 29 30 71 55 75 60 22 63 3 49 54 31 2 24 68 81 9 15 14 12 98 52 7 45
0 26
26 1
26 25
1 59
1 34
1 70
1 57
1 80
1 4
59 91
59 51
59 89
91 62
62 47
62 29
34 86
34 38
86 58
86 43
86 53
86 28
38 21
38 20
38 48
21 27
21 33
21 78
58 5
58 50
43 93
43 18
93 32
18 69
18 67
18 90
5 42
32 49
20 41
41 11
41 99
69 85
69 65
69 83
85 94
50 92
50 74
50 23
27 45
47 97
47 56
47 81
51 39
25 96
25 72
25 77
96 66
96 84
66 35
35 19
35 6
35 7
84 16
72 82
72 79
92 37
42 13
42 10
13 88
16 52
82 68
97 3
94 17
65 36
83 76
83 98
70 44
80 61
4 73
73 46
76 87
76 75
56 95
46 40
46 55
44 64
10 22
10 63
74 8
74 71
74 24
99 30
99 2
67 60
53 12
29 14
63 54
54 31
31 15
2 9