0 56 29 13 90 30 40 38 33 19 67 95 57 92 31 68 49 65 98 43 86 42 41 10 44 61 84 60 32 27 69 51 85 16 11 28 14 6 34 79 25 58 46 23 35 73 87 71 20 99 91 76 70 53 17 7 55 22 50 18 96 37 36 48 93 52 9 97 12 45 72 81 2 4 59 83 63 75 62 77 74 39 80 54 82 15 26 78 24 94 64 5 1 8 47 89 88 21 66 3
0 56
56 29
56 19
56 18
29 13
29 57
13 90
13 2
90 30
90 40
90 38
90 33
40 25
40 8
38 1
33 95
33 87
19 67
19 81
57 92
92 31
31 68
31 5
68 49
68 35
68 73
49 65
65 98
98 43
98 86
86 42
86 41
86 10
42 61
42 50
41 27
10 44
10 79
10 72
44 32
61 84
61 60
84 22
84 45
84 21
32 69
32 23
32 12
69 51
51 85
51 74
85 16
85 77
16 11
16 28
16 34
28 14
28 6
6 46
34 58
79 64
23 97
35 55
87 71
87 53
87 62
71 20
71 91
20 99
99 17
91 76
76 70
76 96
76 37
17 7
22 9
96 36
96 94
36 48
36 52
48 93
52 75
52 54
12 83
12 80
81 59
2 4
4 63
83 24
75 88
77 39
74 78
39 15
54 82
54 26
78 89
94 47
47 3
21 66