0 34 36 19 4 8 33 23 28 7 11 1 12 5 21 29 22 43 89 35 49 27 42 72 6 30 9 71 32 18 31 14 2 26 20 24 25 17 16 10 15 13 3 67 84 47 48 90 79 80 41 77 97 98 44 58 57 56 50 92 66 61 91 75 76 55 82 73 51 70 88 87 78 39 68 81 37 69 46 45 60 83 52 93 94 86 53 62 95 96 59 63 54 38 40 64 74 85 65
0 34
0 19
0 4
0 8
0 33
0 23
0 28
0 7
0 11
0 1
0 12
0 5
0 21
0 29
0 22
0 24
0 25
0 17
0 16
0 10
0 15
0 13
0 3
34 36
19 72
19 6
19 30
19 9
19 71
19 32
19 18
19 31
19 14
19 2
19 26
19 20
4 42
4 41
8 49
8 27
8 50
33 35
23 79
23 80
28 89
28 90
7 47
7 48
11 56
11 55
12 58
12 57
5 43
5 44
21 75
21 76
22 78
89 91
27 88
27 87
72 70
6 46
6 45
30 93
30 94
9 51
9 52
71 69
32 97
32 98
31 95
31 96
14 61
14 62
2 37
2 38
26 85
20 73
20 74
24 81
25 84
25 83
17 67
17 68
16 66
10 53
10 54
15 63
15 64
13 59
3 39
3 40
67 65
84 82
90 92
79 77
58 60
88 86