0 14 79 58 65 19 50 80 93 5 10 26 89 23 18 99 21 98 54 49 37 2 90 86 29 20 75 33 12 81 55 8 85 62 60 34 7 28 82 38 11 17 52 91 44 43 96 77 94 30 71 25 84 67 74 41 95 46 59 15 1 73 40 4 68 42 53 31 56 72 63 66 83 78 88 45 24 70 6 97 16 9 61 32 92 51 64 27 76 69 22 39 48 87 35 3 57 47 13 36
0 14
0 65
0 19
0 50
0 80
0 93
0 5
0 10
0 26
0 89
0 23
0 18
0 99
0 21
0 98
0 54
0 49
0 63
0 66
0 83
0 78
0 88
0 45
14 79
14 58
14 90
14 86
14 29
14 20
14 75
14 33
14 12
14 81
14 55
14 8
14 85
14 62
79 82
79 38
79 11
79 17
79 52
79 91
79 44
79 43
79 96
58 37
58 2
58 34
58 7
58 28
58 30
58 71
58 42
58 53
58 31
58 56
58 72
65 94
65 41
65 95
65 68
19 1
19 73
19 40
19 4
50 60
80 67
80 74
80 6
93 59
93 15
93 9
93 61
5 77
5 27
5 76
10 25
10 84
10 70
10 64
26 46
89 16
23 51
18 24
18 22
18 39
18 47
54 87
90 57
86 97
29 32
29 92
12 3
34 69
7 48
43 35
30 36
6 13