0 75 86 97 51 26 65 94 16 4 85 33 60 39 30 11 95 89 71 63 12 42 54 37 73 58 78 64 61 24 41 80 55 98 74 6 7 1 45 68 99 91 62 57 19 52 87 77 48 27 88 20 92 9 76 90 50 53 70 40 93 10 47 8 23 67 22 72 56 28 17 38 5 49 35 29 34 13 66 3 44 46 59 79 43 32 81 21 69 83 84 25 96 18 2 36 82 31 15 14
0 75
0 89
75 86
75 73
75 38
86 97
86 94
86 59
86 82
86 31
97 51
97 26
97 65
97 39
97 17
51 19
26 16
26 60
26 57
26 28
65 33
65 56
94 11
94 95
16 4
16 85
16 37
16 62
4 61
4 46
85 91
33 54
60 64
39 30
39 42
30 12
30 44
11 78
11 3
95 71
95 63
89 13
89 66
71 34
71 84
12 58
12 99
12 83
42 36
54 50
58 74
58 68
58 72
58 69
64 2
61 24
61 55
61 98
24 41
24 35
24 29
41 80
41 7
80 90
55 6
55 27
98 22
74 21
6 1
6 45
1 81
68 76
99 52
91 48
62 87
62 77
62 9
19 20
19 92
52 93
77 88
27 8
92 49
9 5
9 18
90 32
50 53
53 70
53 40
53 47
40 10
10 96
47 23
47 67
8 15
28 43
5 14
35 79
32 25