0 1 96 79 56 57 36 65 68 59 75 46 62 80 72 74 73 78 67 47 61 50 71 70 53 66 48 44 58 52 54 69 49 76 63 60 51 64 55 81 77 45 26 3 95 91 85 92 89 83 88 82 90 84 98 97 93 86 94 87 99 24 4 35 5 10 28 20 22 6 14 43 19 32 15 40 18 7 39 12 13 11 30 31 23 42 16 8 37 33 41 2 25 34 17 21 38 27 9 29
0 1
0 79
0 56
0 57
0 36
0 65
0 68
0 59
0 75
0 46
0 62
0 80
0 72
0 74
0 73
0 78
0 67
0 47
0 61
0 50
0 71
0 70
0 53
0 66
0 48
0 44
0 58
0 52
0 54
0 69
0 49
0 76
0 63
0 60
0 51
0 64
0 55
0 81
0 77
0 45
1 96
1 95
1 91
1 85
1 92
1 89
1 83
1 88
1 82
1 90
1 84
1 98
1 97
1 93
1 86
1 94
1 87
1 99
96 20
79 40
57 15
36 26
36 3
65 23
68 28
59 17
72 32
74 34
67 25
71 31
70 30
53 10
54 11
69 29
45 2
26 35
26 5
3 24
3 4
95 19
91 13
90 12
87 9
4 43
4 41
35 6
35 14
5 22
10 39
28 33
43 7
19 18
19 37
12 8
12 27
11 38
23 42
23 16
17 21