0 1 2 3 4 13 12 5 9 8 6 11 10 7 16 17 14 41 38 39 40 23 25 29 15 35 37 36 18 27 26 28 21 22 20 19 24 31 32 30 33 34 43 46 49 50 48 47 42 51 52 54 53 55 56 44 45 69 67 68 62 65 78 74 76 73 75 58 59 57 63 66 64 79 81 82 90 88 87 89 61 80 77 60 84 85 86 83 71 70 72 93 94 97 95 96 98 91 92 99
0 1
1 2
1 3
1 4
2 6
3 9
3 8
4 13
4 12
4 5
13 14
13 41
13 38
13 39
13 40
12 11
12 35
12 37
12 36
5 16
5 17
5 15
9 29
9 27
9 26
9 28
8 23
8 25
8 24
6 7
6 18
6 19
11 10
11 33
11 34
10 31
10 32
10 30
7 21
7 22
7 20
16 46
16 49
16 50
16 48
16 47
17 51
17 52
17 54
17 53
14 43
14 42
23 69
23 67
23 68
25 74
25 76
25 73
25 75
29 90
29 88
29 87
29 89
15 44
15 45
18 55
18 56
27 81
27 82
26 78
26 79
26 80
26 77
28 84
28 85
28 86
28 83
21 64
22 65
22 66
20 62
20 63
20 61
19 58
19 59
19 57
19 60
24 71
24 70
24 72
31 93
31 94
32 97
32 95
32 96
32 98
30 91
30 92
33 99