0 22 89 2 93 48 98 50 53 46 43 41 29 31 7 34 86 78 62 70 58 82 4 13 20 37 91 24 40 63 11 73 65 87 77 99 56 10 74 38 44 92 1 83 94 59 96 3 75 52 19 60 8 84 33 15 67 81 90 57 54 18 72 28 32 42 69 95 36 5 16 26 12 79 55 51 64 35 68 9 39 17 30 49 45 61 21 47 71 85 80 27 23 25 76 97 66 6 14 88
0 22
0 89
22 50
22 53
22 84
89 2
89 48
89 98
89 42
2 93
2 78
2 88
93 43
93 86
48 46
48 14
50 29
53 34
53 6
43 41
41 7
41 85
29 31
29 10
29 74
29 32
31 8
7 70
86 62
86 73
86 65
86 1
86 60
78 19
78 66
70 58
70 82
70 4
70 37
70 97
58 11
58 52
82 57
4 13
4 20
37 91
37 24
91 40
91 56
24 72
24 28
40 63
73 87
65 99
65 39
65 76
87 77
77 44
56 38
56 3
56 75
74 25
38 92
44 96
1 83
83 94
94 59
94 90
3 18
3 61
8 67
8 54
8 26
84 33
84 9
33 15
33 16
15 45
67 81
67 5
81 36
90 95
57 68
42 69
42 35
95 79
36 12
16 51
16 64
16 49
16 71
26 55
55 47
68 30
68 23
39 17
45 21
47 27
85 80