0 80 56 15 99 82 12 96 90 86 42 61 59 2 20 75 11 71 21 92 37 58 19 36 81 34 51 73 31 28 4 22 3 84 27 23 16 93 83 13 91 98 29 35 79 54 57 26 7 66 45 8 63 41 53 50 97 52 49 70 64 5 69 60 78 72 95 18 6 30 10 74 77 44 85 39 65 68 55 67 88 33 17 94 48 9 38 47 24 14 25 32 40 46 43 87 76 1 62 89
0 80
80 56
56 15
15 99
15 92
15 37
15 58
15 41
15 53
99 82
99 21
82 12
82 86
82 11
82 71
12 96
12 8
12 63
12 76
12 1
96 90
96 69
90 45
86 42
86 24
42 61
42 59
61 75
61 98
59 2
59 20
59 74
2 31
2 10
20 51
20 73
75 91
75 30
11 34
11 3
11 5
71 13
21 19
21 22
21 83
21 38
21 47
92 66
37 4
37 64
19 36
19 93
19 67
36 81
36 54
81 7
34 28
34 6
73 18
73 55
28 27
28 68
3 84
84 87
27 23
27 26
23 16
23 70
16 49
93 95
98 29
98 35
29 79
35 9
35 43
54 57
26 50
26 97
26 52
66 65
45 72
41 39
53 48
50 94
52 46
70 78
70 85
64 40
5 60
5 44
69 17
72 32
95 33
10 77
77 88
24 14
14 25
46 89
1 62