0 26 25 27 73 52 79 18 80 16 74 66 98 90 9 97 21 89 24 54 53 13 81 93 30 1 65 99 88 75 71 47 22 64 31 82 91 92 42 28 29 58 87 5 2 41 40 11 15 33 57 44 78 45 72 59 20 19 84 83 17 50 62 68 95 77 96 85 86 56 39 12 8 49 63 23 70 60 51 48 7 94 10 6 55 4 38 61 76 32 69 35 14 37 43 46 34 3 67 36
0 26
0 25
0 27
25 73
25 52
25 79
27 97
73 16
73 30
52 90
52 9
52 93
79 18
18 80
18 81
80 98
80 71
80 47
16 74
16 75
74 66
66 13
66 82
98 87
90 21
9 54
9 53
97 24
97 72
21 89
21 88
89 31
89 45
24 99
54 78
13 65
13 64
93 22
30 1
30 58
1 28
1 29
65 33
65 57
65 44
99 42
75 95
75 35
71 15
22 91
22 92
31 2
82 19
82 68
92 62
42 5
42 48
28 56
58 11
87 20
87 69
5 41
5 40
2 32
41 51
41 34
40 50
11 59
11 60
15 70
33 36
44 6
78 17
20 85
20 86
19 84
19 83
84 96
17 77
17 76
50 8
62 12
95 23
85 39
56 10
39 4
12 63
12 61
8 49
23 94
48 7
7 46
10 55
6 43
4 38
4 37
69 14
14 67
34 3