0 17 95 36 50 63 20 10 15 57 22 93 43 65 26 90 62 79 73 3 2 23 66 97 14 55 68 31 94 1 71 6 4 72 91 76 46 87 56 88 19 59 48 51 64 54 41 9 42 30 11 61 7 77 82 27 86 47 96 85 89 35 74 13 39 40 83 25 69 29 92 37 58 84 38 52 70 75 8 53 44 80 34 18 21 99 33 49 98 5 67 12 45 16 60 81 32 24 78 28
0 17
0 61
0 7
17 95
95 36
95 20
36 50
36 63
36 30
36 11
50 58
63 57
20 10
20 15
20 22
20 23
20 80
15 62
15 19
57 88
22 93
22 65
22 26
22 90
22 3
22 2
22 55
22 9
22 42
93 43
93 41
93 37
43 73
65 14
26 6
26 67
90 79
62 97
62 56
62 5
62 78
73 66
73 98
3 60
14 68
14 31
14 71
55 92
68 1
31 94
31 44
31 49
1 87
1 53
6 4
6 16
4 72
72 91
91 76
91 54
76 46
76 13
46 29
46 24
88 8
19 59
19 48
19 64
48 51
54 82
54 27
54 86
41 85
42 96
11 74
61 69
7 77
7 47
7 35
77 45
86 25
47 83
47 75
47 33
96 89
96 40
13 39
39 70
92 84
92 99
37 52
58 38
84 28
52 18
52 21
44 12
80 34
80 32
16 81