0 76 4 38 46 31 92 21 79 8 35 30 62 89 84 53 68 12 11 10 32 20 49 60 47 34 2 44 15 14 39 91 24 72 67 43 83 57 81 70 65 86 75 25 59 82 58 55 77 40 51 19 66 3 22 7 41 28 80 27 85 74 87 78 1 23 71 69 26 16 50 45 88 73 13 90 5 56 6 33 18 48 61 42 52 37 63 54 64 17 36 9 93 29
0 76
0 62
0 66
76 4
76 38
76 35
76 30
76 90
4 79
4 8
4 47
4 51
4 19
38 46
38 31
38 21
38 60
38 13
46 49
31 92
31 84
31 68
31 40
21 15
21 14
21 77
21 27
8 89
35 28
35 80
62 25
62 73
84 53
53 44
68 12
68 11
68 20
12 32
11 10
11 55
49 2
49 75
60 88
47 34
47 45
34 58
34 50
2 16
44 86
44 41
15 26
14 39
39 91
91 24
91 43
91 70
91 65
91 69
24 72
24 57
24 81
24 7
72 67
43 83
81 71
81 93
70 82
65 37
86 52
25 59
25 22
82 3
82 9
77 42
22 74
7 36
41 1
27 85
27 78
74 87
74 23
78 56
23 33
71 61
16 5
45 6
45 48
6 18
33 29
61 54
37 63
63 17
54 64