0 74 44 61 65 2 86 78 93 82 43 79 84 68 64 54 69 90 35 27 11 52 96 41 49 55 50 48 6 23 97 76 81 36 14 75 99 33 98 72 9 17 60 40 83 62 59 10 67 24 31 34 26 57 37 92 25 38 4 94 46 85 15 29 80 42 19 91 22 7 56 87 12 1 95 28 13 66 70 77 58 89 20 53 39 63 73 45 18 21 5 30 88 71 3 8 47 16 32 51
0 74
0 44
0 78
0 94
74 61
74 86
44 43
44 79
44 4
61 65
61 87
65 2
65 93
65 82
2 7
2 56
86 38
78 64
82 68
43 48
79 84
84 99
84 22
68 75
68 28
64 54
64 25
54 69
54 90
54 55
54 50
69 49
69 23
69 97
69 95
90 35
90 27
90 11
90 52
90 14
90 40
90 1
90 20
27 96
27 41
11 21
52 92
96 17
96 60
96 91
55 36
55 24
50 67
48 6
48 9
48 89
48 18
23 76
23 42
23 19
97 81
36 72
36 45
14 10
75 33
75 62
75 59
75 37
75 3
33 98
17 83
17 57
17 80
59 29
59 71
10 34
10 26
24 31
24 15
31 85
26 32
37 73
37 88
38 63
4 46
46 12
85 66
85 58
80 13
42 77
42 16
87 39
28 53
13 70
66 5
66 30
58 47
39 51
3 8