0 4 91 10 35 65 76 18 68 22 13 12 97 24 54 36 5 56 96 83 38 39 72 29 32 88 27 67 6 30 81 64 94 43 89 44 33 49 78 87 70 31 86 45 19 20 23 82 75 57 40 25 48 80 58 98 85 34 79 60 1 95 21 9 74 2 41 61 28 50 14 99 8 93 62 73 53 77 15 7 55 92 42 3 63 17 59 47 51 90 37 71 11 16 66 84 26 46 69 52
0 4
0 91
0 10
0 35
0 92
91 11
10 13
10 71
35 65
35 76
65 37
76 18
76 68
76 22
68 5
68 55
22 97
13 12
13 88
13 45
13 19
13 52
12 32
97 24
97 9
97 74
24 54
24 36
54 96
36 56
36 29
56 38
96 83
96 72
96 86
96 46
96 69
83 81
38 39
39 61
72 7
29 27
29 30
29 31
32 6
32 70
88 67
27 87
27 90
67 82
81 64
81 94
81 78
64 8
64 15
94 43
43 89
43 49
43 51
89 44
89 23
89 21
89 77
44 33
33 99
49 20
49 53
70 48
70 80
20 25
82 75
82 57
75 40
75 34
57 85
25 98
48 47
80 58
85 79
34 60
79 95
79 17
79 59
79 26
60 1
74 2
74 41
41 84
61 28
61 14
28 50
14 73
8 93
8 62
73 63
53 42
53 3
53 66
37 16