0 27 46 5 45 28 7 70 30 32 68 10 22 42 52 94 34 65 54 57 33 44 21 55 29 97 4 15 74 67 75 82 49 41 79 61 40 62 69 24 37 84 64 43 89 13 95 3 35 63 20 12 99 31 19 8 9 14 48 58 91 36 53 50 1 56 78 86 73 93 85 18 72 87 16 38 66 71 39 83 25 51 88 60 81 98 92 47 77 96 23 6 80 2 76 90 11 17 59 26
0 27
27 46
27 5
27 51
27 17
46 67
46 14
5 45
5 28
5 87
45 78
45 77
28 7
28 70
28 9
28 39
28 83
28 25
7 42
70 30
30 32
32 68
32 10
32 22
32 74
68 15
22 69
42 52
42 57
42 33
52 94
52 34
94 47
94 11
34 65
34 54
65 62
54 97
54 4
54 92
57 44
57 29
44 21
44 41
21 55
29 49
97 40
97 90
4 61
67 75
67 82
67 20
49 79
41 84
41 72
79 8
79 56
40 63
40 1
69 24
69 37
37 64
37 43
84 13
84 71
64 89
64 59
43 95
43 3
43 35
43 19
43 18
13 58
95 12
3 50
35 98
20 80
12 99
12 31
31 66
8 48
48 36
58 91
91 53
91 81
36 85
1 73
56 86
73 93
87 16
16 38
38 6
39 88
39 60
88 76
98 26
47 23
77 96
80 2