0 34 33 7 23 18 29 3 14 11 17 28 5 24 25 19 12 30 26 4 20 13 8 9 31 10 6 2 1 27 16 15 32 22 21 80 95 57 55 36 59 35 85 82 79 47 48 63 45 93 89 92 70 69 71 91 78 98 66 44 40 39 87 75 88 53 62 61 86 90 38 94 56 54 96 68 72 81 67 65 37 51 73 84 83 43 49 97 52 60 58 42 77 46 74 41 76 50 64
0 34
0 33
0 7
0 23
0 18
0 29
0 3
0 14
0 11
0 17
0 28
0 5
0 24
0 25
0 19
0 12
0 30
0 26
0 4
0 20
0 13
0 8
0 9
0 31
0 10
0 6
0 2
0 1
0 27
0 16
0 15
0 32
0 22
0 21
34 36
7 47
7 48
23 80
23 79
18 70
18 69
29 92
3 40
3 39
14 62
14 61
11 55
11 56
17 67
28 89
5 44
5 43
24 82
24 81
25 84
25 83
19 72
12 57
12 58
30 93
30 94
26 85
4 41
20 73
20 74
13 60
9 51
9 52
31 95
10 53
6 45
6 46
2 38
1 35
27 88
16 66
15 63
15 64
32 98
32 97
21 75
80 78
57 59
85 87
79 77
89 91
92 90
69 71
66 68
44 42
39 37
88 86
94 96
56 54
67 65
51 49
52 50
74 76