0 12 70 96 75 19 51 90 16 76 8 82 41 32 87 18 6 2 93 46 53 78 57 4 81 44 22 88 23 20 99 1 15 72 83 52 28 5 56 3 29 80 37 45 64 48 47 42 17 10 54 97 50 69 67 86 68 66 71 38 85 60 91 61 9 14 77 49 65 74 13 34 26 21 27 39 89 95 98 92 11 24 94 63 59 30 36 43 58 35 7 84 33 25 73 31 55 40 79 62
0 12
0 51
12 70
12 19
70 96
70 75
70 16
96 90
75 18
75 6
19 85
19 21
90 82
90 87
16 76
16 44
76 8
8 41
8 32
8 53
8 83
82 73
18 71
18 38
18 59
6 2
6 93
6 25
2 46
93 66
53 78
53 4
53 81
78 57
78 26
57 72
81 22
81 1
81 15
81 3
81 63
44 99
22 88
22 23
88 84
88 33
23 20
23 9
23 34
23 94
20 54
20 95
99 56
99 7
15 48
72 40
83 52
83 5
83 35
52 28
28 24
56 37
3 29
29 80
29 64
80 10
80 89
37 45
64 13
48 47
47 42
47 17
42 68
42 11
10 50
10 61
54 97
54 74
97 69
69 67
67 86
38 60
38 91
91 65
91 39
61 49
61 58
9 14
9 77
9 55
77 27
27 43
89 92
95 98
95 62
59 30
30 36
36 31
55 79