0 3 2 7 8 4 6 12 17 13 5 14 18 21 22 1 11 15 9 10 16 24 20 23 19 27 28 31 30 35 36 41 34 39 40 45 47 49 44 37 29 26 42 46 43 48 50 25 33 38 32 53 51 57 61 54 56 65 60 58 52 59 55 66 62 69 70 73 75 78 82 81 77 83 79 87 92 76 74 71 72 67 80 86 63 68 64 85 91 90 94 95 84 98 97 88 99 96 93 89
0 3
3 2
3 7
7 8
7 4
7 6
7 12
7 11
8 5
4 1
12 17
12 13
17 21
17 22
13 14
13 18
22 24
11 15
11 16
15 9
15 10
16 20
24 27
20 23
23 19
23 26
27 28
28 31
31 30
30 35
30 34
30 29
35 36
35 40
36 41
41 37
34 39
34 33
34 38
39 42
40 45
45 47
45 44
47 49
49 51
26 25
42 46
46 43
46 48
48 50
50 53
33 32
53 57
53 52
57 61
57 54
57 56
57 58
57 62
61 65
61 60
61 66
54 55
60 59
66 69
66 70
62 63
69 73
73 75
75 78
78 82
78 77
82 81
82 83
82 79
82 87
82 86
79 76
79 80
87 92
87 88
92 97
76 74
74 71
71 72
72 67
86 85
86 91
86 90
63 68
68 64
85 84
91 94
91 95
94 98
97 99
97 96
88 93
88 89