0 1 10 11 2 22 20 12 3 21 23 33 32 13 30 31 4 5 6 7 8 9 19 29 39 49 59 18 17 16 15 14 24 27 28 34 43 25 38 42 52 51 50 40 61 48 41 60 26 36 69 58 71 37 70 47 35 44 80 79 68 53 62 90 81 57 46 72 91 89 78 45 92 67 63 54 88 99 56 98 77 93 73 82 97 66 64 55 87 76 94 83 95 84 96 74 75 86 65 85
0 1
0 10
1 11
1 2
10 20
11 22
2 12
2 3
22 21
22 23
22 33
22 32
20 30
12 13
3 4
21 31
23 24
33 34
33 43
32 42
13 14
31 41
4 5
5 6
5 15
6 7
6 16
7 8
7 17
8 9
8 18
9 19
19 29
29 39
29 28
39 49
39 38
49 59
49 48
59 69
59 58
18 27
24 25
27 26
27 36
27 37
43 44
25 35
42 52
52 51
52 53
52 62
51 50
51 61
50 40
50 60
61 71
48 47
60 70
69 79
69 68
71 72
70 80
47 57
47 46
35 45
80 90
80 81
79 89
79 78
53 63
53 54
90 91
57 67
57 56
72 73
72 82
91 92
89 88
89 99
45 55
92 93
63 64
88 98
88 77
56 66
98 97
77 87
77 76
93 94
93 83
73 74
97 96
66 65
87 86
94 95
94 84
74 75
86 85