0 74 97 7 36 64 75 17 21 90 68 83 82 4 6 47 86 50 92 61 88 20 1 27 52 9 41 37 34 14 73 53 51 19 39 42 89 11 38 70 49 26 62 87 93 96 63 79 48 3 23 8 32 66 81 99 10 35 55 31 40 29 60 56 13 59 28 24 30 16 54 46 33 65 69 67 22 77 12 43 25 80 95 15 18 84 91 2 58 76 44 94 72 98 85 71 78 57 45 5
0 74
0 68
0 56
74 97
74 6
74 47
74 5
97 7
97 52
97 9
7 36
7 90
36 64
36 21
36 4
64 75
64 17
75 82
17 27
17 15
21 1
90 60
68 83
68 92
83 20
83 33
82 50
4 22
6 19
47 86
86 51
50 95
50 45
92 61
92 42
92 89
61 88
27 37
52 73
52 53
52 87
9 41
37 34
37 67
34 14
34 62
14 26
73 48
53 39
39 11
39 99
42 29
11 38
11 70
11 49
38 79
49 63
49 40
26 31
26 57
62 81
62 28
87 93
87 72
93 96
96 80
63 23
63 78
79 66
48 3
3 55
23 8
8 32
81 10
81 35
10 71
31 59
40 46
40 58
60 13
60 2
59 54
28 24
28 16
28 94
24 30
16 69
54 65
46 77
33 25
69 43
69 91
77 12
12 44
25 18
25 84
84 98
58 76
98 85