0 60 61 62 64 6 45 4 95 31 41 84 10 65 55 3 42 15 47 11 8 36 68 69 74 24 20 28 81 48 32 38 94 50 76 63 2 5 26 80 35 23 53 33 27 7 75 88 34 59 14 19 67 92 40 82 16 70 56 71 12 99 30 72 57 96 22 85 25 90 37 77 21 46 1 43 66 49 97 89 87 13 91 52 18 54 79 17 83 73 58 98 44 93 39 78 51 86 29 9
0 60
0 61
0 62
0 64
0 6
0 45
0 4
0 95
0 31
0 41
0 84
0 10
0 65
0 55
0 3
0 42
0 15
0 47
0 11
0 8
0 36
0 68
0 69
0 74
0 24
0 20
0 28
0 81
0 48
0 32
0 38
0 94
0 50
0 76
0 63
0 2
0 5
0 26
0 80
0 35
0 23
0 53
0 33
0 27
0 7
0 75
0 88
0 34
0 59
0 14
0 19
0 67
0 92
0 40
0 82
0 16
0 70
0 56
0 71
0 12
0 99
0 30
0 72
0 57
0 96
0 22
0 85
0 25
0 90
0 37
0 77
0 21
0 46
0 1
0 43
0 66
0 49
0 97
0 89
0 87
0 13
0 91
0 52
0 18
0 54
0 79
0 17
0 83
0 73
0 58
0 98
0 44
0 93
0 39
0 78
0 51
0 86
0 29
0 9