0 26 27 25 43 6 45 49 32 93 22 2 8 50 51 33 31 42 44 29 90 80 1 5 85 92 91 20 28 21 76 57 73 75 35 3 34 88 89 18 67 59 81 14 16 10 87 40 41 47 99 77 60 36 63 39 74 69 48 79 17 30 66 94 64 11 7 55 68 78 86 58 12 24 56 95 23 97 61 46 13 98 4 54 72 84 65 37 15 9 38 96 53 52 19 62 70 82 83 71
0 26
0 27
0 25
26 29
26 90
26 80
27 49
27 32
27 93
25 43
43 6
6 45
6 44
49 8
49 35
32 2
32 42
32 75
93 22
93 59
93 39
22 92
22 91
2 33
2 31
8 50
8 51
51 85
33 57
33 73
33 63
33 64
31 67
42 5
42 60
42 36
44 99
44 77
44 94
29 1
29 66
29 37
90 21
90 76
80 18
80 47
1 28
1 30
5 40
5 41
85 20
20 87
20 86
21 88
21 89
76 17
57 10
73 16
35 3
3 34
34 65
89 78
18 81
18 79
67 14
67 48
67 95
59 84
14 69
14 68
16 74
10 55
10 56
87 54
87 72
47 7
99 24
60 11
63 12
39 4
74 53
69 98
64 13
64 70
11 58
7 46
12 61
12 62
24 97
95 23
23 96
4 38
54 9
72 15
84 19
15 71
9 52
19 82
19 83