0 77 18 47 12 17 95 49 82 60 69 21 26 93 97 33 53 64 23 4 83 87 99 72 28 91 2 84 22 71 44 89 86 39 98 56 29 57 9 36 63 67 10 6 25 13 11 74 80 88 66 61 41 79 90 70 75 54 32 37 62 38 73 34 40 1 96 35 55 14 30 94 65 8 78 48 81 68 76 46 15 85 24 5 43 42 92 20 51 45 59 7 52 50 27 16 58 3 19 31
0 77
0 12
0 17
77 18
18 47
18 7
12 95
12 69
12 70
12 58
17 26
17 73
17 30
95 49
95 60
95 21
95 59
49 82
49 38
82 44
60 9
69 14
26 93
26 87
93 97
93 2
93 84
97 33
97 64
97 83
33 53
33 4
33 71
33 67
53 23
53 90
64 57
23 91
23 79
23 45
23 16
4 41
83 92
87 99
87 28
87 56
87 29
87 55
99 72
99 62
72 22
91 39
91 98
91 61
84 63
22 86
22 24
71 89
71 36
71 85
89 25
86 88
86 66
56 80
9 32
9 37
9 15
63 35
67 10
67 6
67 54
6 75
6 42
6 27
25 13
13 11
11 74
11 96
88 8
41 1
79 51
75 46
37 40
38 34
38 65
96 94
35 48
65 78
65 52
65 50
48 81
48 68
48 76
15 43
24 5
92 20
51 31
52 3
50 19