0 32 30 31 27 17 16 26 28 29 44 43 18 19 34 1 42 41 23 15 25 24 13 45 22 10 21 2 4 3 5 20 14 60 7 61 6 8 9 58 40 11 33 36 37 35 38 12 59 39 47 48 63 46 64 49 50 69 75 84 73 72 67 66 78 51 79 93 86 88 55 62 57 56 70 80 74 65 52 83 71 77 76 81 82 90 95 92 91 89 54 85 53 87 94 68
0 32
0 34
0 1
32 30
30 31
31 27
27 17
27 26
27 19
17 16
16 15
16 25
26 28
26 29
26 18
29 44
29 43
43 42
18 23
18 22
34 33
1 2
42 41
42 45
23 21
15 14
25 24
25 13
13 10
13 11
21 4
4 3
4 5
4 20
5 60
5 7
5 6
5 8
14 40
14 39
60 61
7 58
61 59
8 9
58 55
58 62
58 57
40 36
11 12
36 37
37 35
35 38
35 46
38 52
59 63
39 47
39 48
48 49
63 64
46 53
64 69
49 50
50 51
69 75
75 84
75 88
84 73
84 86
84 85
73 72
72 67
72 78
67 66
67 74
67 65
66 68
78 79
51 93
79 70
79 80
79 95
88 90
55 54
57 56
70 71
80 77
80 94
74 83
74 87
83 82
77 76
77 81
90 89
95 92
92 91