0 27 25 26 55 10 56 58 74 16 75 11 53 99 91 57 63 24 98 22 60 59 73 45 62 65 12 9 86 13 6 92 93 97 35 85 64 66 52 54 61 43 44 20 95 36 77 88 23 3 34 17 89 79 94 90 76 78 96 21 37 29 4 38 39 18 67 81 40 50 69 5 84 19 42 41 8 80 1 68 70 72 32 87 51 28 83 82 14 71 47 46 15 49 30 2 31 33 7 48
0 27
0 25
0 26
27 74
25 62
26 55
55 10
55 58
55 63
10 56
10 57
56 91
58 11
58 53
58 99
58 45
74 16
74 88
16 75
16 73
11 60
11 59
53 9
53 86
99 24
91 22
57 35
57 85
63 12
24 98
24 97
98 77
22 92
22 93
59 65
59 36
73 69
45 6
45 95
65 13
12 61
9 52
9 54
86 20
13 64
13 66
6 43
6 44
92 90
93 94
97 50
35 3
85 79
85 29
64 89
66 40
54 37
54 81
61 67
20 87
95 23
77 17
88 21
23 96
3 34
17 76
17 78
89 72
89 32
79 18
90 84
76 70
78 47
78 46
37 4
29 1
29 68
4 38
4 39
39 71
18 80
67 14
81 30
40 5
50 8
5 42
5 41
84 19
19 83
19 82
8 51
8 49
1 28
70 15
32 2
46 7
2 31
2 33
7 48