0 34 36 10 9 13 15 28 29 20 18 5 1 6 33 11 2 8 27 32 30 3 16 14 26 7 23 24 21 22 12 4 17 25 19 31 48 66 45 74 60 53 75 87 35 63 52 85 79 65 50 46 43 44 70 59 51 54 68 47 86 49 55 73 92 89 64 91 41 61 80 93 88 69 90 56 58 81 82 94 97 38 37 40 77 96 95 83 76 62 98 72 67 78 39 71 42 57 84
0 34
0 10
0 9
0 13
0 15
0 28
0 29
0 20
0 18
0 5
0 1
0 6
0 33
0 11
0 2
0 8
0 27
0 32
0 30
0 3
0 16
0 14
0 26
0 7
0 23
0 24
0 21
0 22
0 12
0 4
0 17
0 25
0 19
0 31
34 36
10 53
10 54
9 52
9 51
13 60
13 59
15 63
15 64
28 89
28 90
29 92
20 74
20 73
18 70
18 69
5 43
5 44
1 35
6 45
6 46
11 55
2 38
2 37
8 50
8 49
27 87
27 88
32 97
32 98
30 93
30 94
3 39
16 66
16 65
14 62
26 86
7 48
7 47
23 79
23 80
24 81
24 82
21 75
21 76
22 78
12 57
17 67
25 83
19 72
31 96
31 95
66 68
60 58
87 85
63 61
79 77
43 41
44 42
54 56
89 91
69 71
82 84
38 40