0 53 22 41 14 65 17 84 93 54 72 45 18 71 90 32 83 11 10 82 88 75 2 68 87 76 92 58 69 95 3 94 73 20 31 56 96 60 49 9 78 19 50 23 43 74 33 47 29 5 81 98 30 8 42 91 28 48 40 67 97 61 16 12 44 62 46 89 6 64 1 24 36 80 27 66 37 4 26 7 86 99 38 35 13 63 25 15 77 59 79 57 52 85 51 55 21 34 39 70
0 53
53 22
53 41
53 14
53 47
53 52
22 17
22 84
41 65
41 38
14 18
14 71
65 57
17 54
17 72
17 74
17 33
84 93
84 45
84 99
84 79
93 16
93 12
54 82
54 88
54 77
54 59
18 43
71 90
71 11
71 10
71 7
71 86
90 32
90 83
32 87
32 42
83 4
83 26
83 15
11 2
11 68
11 70
10 61
82 75
82 94
88 8
88 64
75 69
75 95
75 3
75 30
75 6
75 37
2 76
2 92
2 56
2 96
68 23
76 58
76 66
92 20
92 31
92 89
58 9
58 78
58 25
69 39
3 34
94 73
94 49
94 98
31 97
56 46
96 60
96 80
96 27
60 62
60 63
49 19
9 81
78 50
50 51
23 36
47 29
47 67
29 5
5 40
30 91
30 24
42 28
42 48
48 13
40 21
67 85
16 44
6 1
27 55
7 35