0 34 36 21 3 33 5 31 4 17 20 8 12 10 25 14 1 24 22 32 15 7 23 16 27 28 11 18 30 9 13 29 2 26 19 6 71 88 63 75 46 59 60 42 95 40 39 91 52 54 68 67 43 44 35 89 85 87 50 73 96 76 74 93 70 90 58 57 49 41 72 48 69 86 53 56 65 98 84 82 51 66 77 78 83 55 38 97 62 61 79 64 81 80 47 45 94 37 92
0 34
0 21
0 3
0 33
0 5
0 31
0 4
0 17
0 20
0 8
0 12
0 10
0 25
0 14
0 1
0 24
0 22
0 32
0 15
0 7
0 23
0 16
0 27
0 28
0 11
0 18
0 30
0 9
0 13
0 29
0 2
0 26
0 19
0 6
34 36
21 75
21 76
3 40
3 39
33 35
5 43
5 44
31 95
31 96
4 42
4 41
17 68
17 67
20 73
8 50
8 49
12 58
12 57
10 54
10 53
25 84
25 83
14 62
14 61
24 81
22 77
22 78
32 98
32 97
15 63
15 64
7 47
16 65
27 88
27 87
28 90
18 70
30 93
9 52
13 59
13 60
29 91
29 92
2 37
26 85
26 86
19 71
6 46
71 69
46 48
40 38
91 89
54 56
68 66
96 94
76 74
70 72
49 51
53 55
84 82
77 79
78 80
47 45