0 82 32 50 21 26 39 79 93 60 81 73 71 9 1 88 13 34 99 11 46 28 55 66 63 65 56 87 75 61 96 40 62 91 35 23 41 86 74 59 67 44 20 95 2 33 68 16 49 6 94 24 29 47 92 58 22 90 89 5 12 98 69 72 18 15 38 45 97 52 64 14 10 4 53 3 17 7 54 25 37 31 70 80 43 77 48 42 19 30 83 57 85 27 51 78 84 76 36 8
0 82
0 32
0 21
0 26
0 39
0 14
32 50
32 73
32 7
50 60
50 81
50 55
50 92
21 93
21 64
26 52
39 79
39 17
39 30
79 28
93 9
93 1
93 47
93 97
60 11
60 46
81 99
81 59
81 3
73 71
73 43
71 80
9 88
9 53
1 13
1 34
1 87
1 75
34 56
34 70
99 29
11 63
11 65
46 91
46 19
28 24
28 45
55 66
63 40
63 62
65 41
65 86
65 74
65 31
56 61
56 96
87 2
87 4
75 23
61 38
61 37
40 35
35 20
35 95
41 44
74 10
59 67
59 33
67 94
44 68
44 25
95 42
2 6
2 78
68 16
16 49
6 22
24 5
24 12
29 58
47 89
58 90
58 15
58 51
90 72
90 18
5 69
12 98
98 27
98 76
97 8
10 85
3 54
54 48
37 57
43 77
77 83
48 36
27 84