0 15 39 7 51 1 72 24 26 79 23 29 58 53 4 83 44 66 47 97 25 42 64 13 82 68 57 54 6 34 32 73 19 48 59 46 86 67 69 41 14 30 88 80 31 93 17 5 63 78 56 3 11 16 10 74 2 45 18 62 99 33 98 81 84 92 70 89 9 65 38 43 49 21 20 90 76 28 12 95 8 75 77 37 87 27 61 52 22 50 35 40 91 94 55 71 60 85 96 36
0 15
0 39
0 7
15 51
15 1
15 72
15 24
15 26
7 76
51 29
51 58
51 82
1 64
1 13
72 79
72 78
24 30
24 18
24 90
79 23
23 70
29 83
29 42
58 53
58 4
58 44
53 20
4 19
83 45
83 21
83 35
44 66
44 84
44 92
66 47
47 97
47 25
97 50
25 2
25 22
42 73
64 49
13 68
13 32
82 71
68 57
57 54
57 6
57 34
57 14
34 86
32 69
32 41
19 48
19 46
48 59
59 67
46 80
46 63
67 43
67 77
69 17
69 5
69 75
41 81
14 93
14 52
30 88
80 31
80 16
31 98
93 11
93 61
63 3
78 56
56 74
56 8
3 10
11 33
16 55
10 27
10 96
2 38
45 62
62 99
33 9
33 65
33 94
81 91
92 89
92 28
70 95
38 87
21 36
28 12
75 37
52 40
55 60
60 85