0 82 56 8 11 34 29 18 27 2 58 85 30 61 96 9 98 17 53 23 3 79 13 60 65 72 28 37 14 71 42 46 73 78 89 25 87 49 83 94 90 95 22 63 45 10 33 32 62 74 75 55 64 16 92 19 54 47 20 86 31 21 99 41 26 52 66 51 70 43 38 39 50 97 15 57 59 24 7 6 68 36 67 1 44 76 48 35 93 77 84 80 5 69 12 81 91 40 4 88
0 82
0 27
0 2
0 58
0 79
0 13
0 60
0 65
0 72
82 56
82 18
82 9
82 98
82 17
82 53
82 23
82 3
82 7
56 8
56 61
56 96
56 78
56 89
56 25
56 87
56 24
8 11
8 34
8 29
8 42
8 46
8 73
8 31
11 30
11 94
34 45
34 59
18 85
18 75
18 15
18 57
27 28
27 16
27 20
27 86
2 14
2 71
2 47
2 97
58 83
58 54
58 88
85 52
30 26
30 39
30 50
61 38
96 37
9 22
9 63
98 43
17 49
17 32
17 62
17 74
53 90
53 95
53 81
23 64
23 36
23 67
3 10
3 33
3 76
79 55
79 19
13 4
60 41
65 92
72 51
72 70
72 12
37 68
14 44
71 21
71 99
73 35
78 66
87 77
90 6
95 1
10 48
32 69
64 93
16 84
54 40
44 5
76 80
12 91