0 20 22 30 9 33 69 53 5 24 18 42 4 73 17 27 62 34 39 21 36 23 37 71 72 3 31 74 16 45 32 66 7 10 25 44 70 57 8 51 75 52 2 56 46 60 13 58 1 49 47 38 14 40 41 59 48 55 29 63 64 50 15 67 6 54 19 26 28 61 12 11 65 68 35 43
0 20
0 22
0 30
0 9
0 33
0 69
0 53
0 5
0 24
0 18
0 42
0 4
0 73
0 17
0 21
0 36
0 23
0 37
0 71
0 72
0 3
0 31
0 74
0 16
0 45
0 32
0 66
0 7
0 10
0 25
0 44
0 70
0 57
0 8
0 51
0 75
0 52
0 2
0 56
0 46
0 60
0 50
0 15
0 67
0 6
0 54
0 19
0 26
0 28
0 61
0 12
0 11
0 65
0 68
0 35
0 43
22 64
30 39
9 14
53 27
5 34
18 38
18 63
42 62
23 29
16 47
32 49
7 55
70 1
70 48
52 40
52 41
52 59
46 58
60 13