0 82 96 27 39 29 66 74 6 63 16 25 99 12 21 37 43 15 89 4 61 8 11 51 48 20 98 36 40 70 1 17 31 54 28 35 52 2 85 56 24 50 91 46 90 41 33 3 22 42 92 68 67 9 62 58 69 34 13 19 14 73 7 78 71 64 53 94 80 49 45 18 57 38 75 88 23 84 77 93 60 83 32 59 72 95 81 47 97 30 26 10 87 55 65 79 86 5 44 76
0 82
82 96
82 56
96 27
96 39
27 89
27 85
39 29
29 66
29 6
29 15
29 2
29 78
66 74
66 43
66 20
74 52
6 63
63 16
16 25
16 37
16 67
16 9
25 99
25 48
25 18
99 12
99 21
99 7
99 45
12 61
21 4
37 51
37 49
43 13
89 54
89 32
89 59
61 8
61 11
8 35
8 83
11 80
48 98
48 31
20 36
98 40
36 68
40 70
40 17
70 1
70 41
70 33
17 28
31 73
54 46
54 90
54 34
35 24
85 50
85 91
85 94
24 23
91 60
90 22
41 42
33 3
3 92
92 86
68 79
9 62
9 69
9 53
62 58
62 14
58 65
69 64
34 19
78 71
64 75
64 88
53 38
94 57
94 55
45 76
38 77
38 93
75 87
88 84
77 95
93 72
32 47
32 97
72 44
95 81
81 10
47 30
97 26
79 5