0 57 31 40 20 18 97 89 75 85 74 87 94 82 81 88 76 95 84 90 92 79 91 93 98 96 77 78 86 83 99 80 43 64 26 11 50 17 25 3 4 36 61 46 45 13 2 27 24 34 44 19 1 14 10 54 9 8 22 16 33 70 32 6 21 23 71 69 66 12 58 56 37 48 62 67 72 49 52 41 60 51 15 65 42 29 7 47 39 68 35 38 28 59 30 55 53 63 5 73
0 57
0 97
0 89
0 75
0 85
0 74
0 87
0 94
0 82
0 81
0 88
0 76
0 95
0 84
0 90
0 92
0 79
0 91
0 93
0 98
0 96
0 77
0 78
0 86
0 83
0 99
0 80
57 31
57 26
31 40
31 18
40 20
40 43
40 64
40 17
40 25
97 27
75 2
85 14
74 1
87 16
94 23
84 13
90 19
92 21
79 7
93 22
98 29
78 6
80 8
43 11
43 50
25 3
3 4
4 36
4 61
4 46
4 45
61 44
46 9
45 54
13 34
13 70
13 32
2 24
2 58
24 10
34 67
44 33
19 12
1 62
10 42
54 65
9 15
8 66
8 48
8 35
22 37
16 41
16 60
16 51
70 71
70 69
32 59
21 52
23 56
71 49
71 68
12 72
58 47
58 39
58 28
37 30
67 53
72 5
29 38
30 55
53 63
5 73