0 81 50 82 41 1 61 80 59 68 16 90 51 46 60 69 2 89 87 94 28 21 91 39 62 92 13 88 36 15 23 38 72 35 98 64 97 40 74 19 44 42 77 53 75 45 33 26 17 58 70 22 4 63 86 66 54 10 9 7 3 56 67 85 55 29 43 11 93 49 99 47 31 37 83 79 71 5 6 20 48 14 32 78 57 30 25 8 12 52 27 73 95 34 76 96 65 24 84 18
0 81
0 99
81 50
81 61
81 80
81 20
50 82
82 41
41 1
61 59
61 68
61 89
61 49
80 92
80 6
59 93
59 27
68 16
68 69
68 2
68 11
16 90
16 5
90 51
90 46
90 28
51 60
51 94
46 87
60 52
2 40
2 79
2 71
87 39
87 62
87 97
87 12
94 45
28 21
28 8
21 91
21 64
21 65
39 15
92 13
13 88
88 36
88 98
15 23
23 38
23 72
38 75
38 43
72 35
72 53
72 58
35 17
35 25
98 26
97 74
97 42
40 66
74 19
74 44
44 29
42 77
42 55
42 96
53 67
53 85
75 83
45 33
17 22
17 4
17 37
58 70
22 63
22 86
4 76
63 54
86 3
86 56
54 10
10 9
10 31
9 7
9 24
67 30
29 18
43 47
11 14
11 57
47 34
83 95
5 73
5 84
20 48
14 32
32 78