0 26 85 86 13 34 33 20 5 29 7 25 32 27 12 30 23 18 17 16 21 3 15 11 24 1 2 4 9 22 28 31 19 10 8 6 14 76 44 73 87 95 70 94 43 88 54 36 39 48 92 35 56 42 55 58 83 59 60 37 38 82 63 66 69 98 47 74 61 40 75 90 77 78 81 80 57 97 84 91 89 53 96 41 64 67 79 93 62 45 71 52 51 68 50 65 46 72 49
0 26
0 13
0 34
0 33
0 20
0 5
0 29
0 7
0 25
0 32
0 27
0 12
0 30
0 23
0 18
0 17
0 16
0 21
0 3
0 15
0 11
0 24
0 1
0 2
0 4
0 9
0 22
0 28
0 31
0 19
0 10
0 8
0 6
0 14
26 85
26 86
85 87
86 88
13 59
13 60
33 35
20 73
20 74
5 44
5 43
29 92
29 91
7 48
7 47
25 83
25 84
32 98
32 97
12 58
12 57
30 94
30 93
23 80
23 79
18 70
18 69
17 67
17 68
16 66
21 76
3 39
15 63
15 64
11 55
24 82
24 81
1 36
2 38
4 42
4 41
9 52
9 51
22 77
22 78
28 90
31 95
31 96
19 71
10 54
8 49
73 75
70 72
54 56
39 37
48 46
55 53
38 40
63 61
47 45
91 89
64 62
67 65
52 50