0 53 70 90 29 46 38 86 81 40 62 50 68 45 85 3 51 49 75 57 79 11 9 36 59 95 23 18 34 24 93 12 91 26 32 1 37 31 94 47 16 27 60 63 80 77 72 39 43 5 8 21 76 52 13 19 73 22 65 35 54 56 66 44 4 97 2 96 10 64 14 15 41 20 99 83 69 7 87 42 88 84 74 82 58 92 30 55 71 67 78 61 28 98 25 33 6 89 48 17
0 53
53 70
53 90
53 62
53 50
70 97
70 2
90 29
90 44
90 4
29 46
29 40
46 38
46 67
38 86
38 81
38 66
38 48
86 71
81 85
40 68
40 45
40 51
40 89
50 6
68 3
68 56
45 9
3 79
3 11
51 49
51 74
49 75
49 57
49 95
49 73
75 1
79 59
79 26
79 32
79 84
11 36
36 91
36 63
59 23
59 60
23 18
23 34
18 93
18 12
34 24
34 31
34 27
34 19
24 13
93 52
12 55
91 37
91 54
1 41
31 94
94 47
94 16
16 88
16 33
27 15
63 80
80 77
77 72
77 43
72 39
72 69
43 5
43 28
5 8
5 76
8 21
8 14
76 30
73 22
22 65
22 61
65 35
56 64
97 96
97 10
97 78
64 83
14 99
15 42
41 20
41 92
83 87
69 7
7 25
42 82
42 58
84 17
28 98