0 1 2 15 49 35 75 25 41 63 70 27 26 21 36 48 16 14 43 5 47 3 4 28 69 68 56 62 50 74 34 23 24 51 77 71 38 11 76 64 12 73 29 40 72 22 7 8 58 37 33 42 20 19 10 44 60 52 59 55 61 6 9 45 18 32 31 13 67 46 65 57 17 66 39 54 53 30
0 1
0 15
0 49
0 35
0 75
0 25
0 41
0 63
0 70
0 27
1 2
2 3
15 16
15 14
15 43
15 5
15 47
49 48
49 64
35 36
35 34
35 23
75 50
75 74
75 11
75 76
25 38
41 40
41 42
41 20
63 21
63 62
70 69
70 71
70 7
27 26
27 28
27 33
26 60
21 6
21 9
36 56
48 67
16 17
14 13
43 44
3 4
28 29
28 37
69 68
68 77
68 61
56 55
56 57
50 51
74 73
23 24
23 22
23 31
51 58
51 65
38 39
11 12
11 10
64 59
73 72
29 30
7 8
8 52
33 32
20 19
19 18
44 45
52 53
55 54
45 46
67 66