0 27 26 25 54 74 57 9 36 50 35 53 10 56 55 3 61 16 12 34 88 90 43 8 52 75 73 69 67 91 39 46 14 62 6 21 82 19 84 45 68 7 49 51 97 63 30 1 48 47 83 22 92 24 44 4 87 29 99 98 28 89 70 96 95 93 23 38 37 42 79 40 5 18 94 15 20 85 72 41 31 32 60 71 66 59 11 58 86 80 81 2 64 33 13 77 17 76 65 78
0 27
0 26
0 25
27 54
27 74
27 57
26 35
25 50
54 9
54 36
74 61
74 16
57 10
9 53
9 52
36 46
50 43
50 8
50 30
35 3
35 39
53 91
10 56
10 55
56 88
56 90
55 69
55 67
3 34
61 12
16 75
16 73
12 62
12 63
34 82
88 21
88 99
43 6
43 97
8 49
8 51
52 29
75 93
73 95
69 14
91 22
91 96
39 4
39 87
39 40
46 7
14 68
62 70
6 45
6 44
82 19
82 59
19 84
19 83
84 42
84 79
7 48
7 47
51 66
97 24
63 89
30 1
1 28
22 92
24 98
4 38
4 37
87 20
29 71
70 15
96 31
96 32
96 60
95 23
23 94
79 18
40 5
5 41
18 80
18 81
15 72
20 85
20 86
72 64
31 2
71 77
66 13
59 11
11 58
58 78
2 33
13 65
77 17
17 76