0 93 21 10 33 80 69 6 87 91 15 75 49 14 48 36 68 26 4 46 77 29 19 42 84 72 99 92 66 64 55 54 57 12 20 85 96 22 40 53 32 25 38 3 78 31 60 27 11 62 41 17 76 59 16 58 67 70 88 45 79 43 23 74 34 30 28 61 39 47 8 37 86 24 89 56 2 97 71 73 81 65 50 18 5 95 44 9 1 90 35 63 7 13 52 51 83 82 98 94
0 93
93 21
93 33
93 80
93 54
21 10
10 78
33 6
33 68
33 9
80 69
80 48
80 36
69 55
69 3
6 87
87 91
91 15
91 75
15 14
75 49
75 84
14 38
14 44
48 66
48 64
68 26
68 24
68 95
26 4
26 42
4 46
4 92
4 85
46 77
46 25
46 5
77 29
77 83
29 19
42 72
84 94
72 99
92 57
92 12
92 20
92 59
64 22
54 76
54 86
57 18
12 53
12 17
85 96
22 40
22 37
40 32
53 41
3 31
31 60
60 27
60 8
27 11
27 62
27 97
11 88
41 58
41 67
41 70
17 2
17 51
76 16
59 45
59 98
16 23
67 43
70 50
45 79
45 34
43 74
43 28
43 52
23 30
23 47
74 39
34 65
30 81
28 61
39 56
37 89
2 71
97 73
5 1
95 35
44 90
9 13
90 7
35 63
83 82