0 1 6 7 12 13 19 26 33 32 31 24 30 25 38 36 37 42 43 44 95 96 91 92 97 18 2 8 9 14 20 4 39 46 47 48 3 11 10 5 15 87 27 21 16 17 22 23 29 34 35 41 28 52 50 56 53 63 51 84 54 58 83 49 80 88 79 57 40 45 55 75 60 61 62 98 94 93 90 86 64 67 71 68 65 66 89 74 78 82 85 81 77 76 73 72 69 59 70
0 1
0 6
0 7
6 12
7 2
12 13
12 19
12 18
13 26
26 33
26 32
26 31
33 27
32 38
31 24
24 30
24 25
30 36
38 39
36 37
36 42
36 43
37 44
44 95
95 96
96 91
91 92
91 87
92 97
2 8
8 9
9 14
9 4
14 20
20 15
4 3
4 11
39 46
46 47
46 40
46 45
47 48
11 10
11 16
10 5
15 21
87 84
87 55
16 17
17 22
22 23
22 29
29 34
29 35
29 50
29 51
34 41
35 28
41 52
50 56
56 53
56 63
63 60
51 54
84 83
54 58
54 49
58 57
58 75
83 80
80 88
80 79
60 61
60 59
61 62
61 64
62 98
98 94
98 74
94 93
93 90
90 86
90 89
86 82
64 67
64 68
67 71
68 65
68 69
65 66
74 78
82 85
82 81
81 77
77 76
76 73
73 72
69 70