0 11 30 7 54 55 63 67 57 43 58 42 73 52 44 47 68 69 72 48 65 53 62 51 66 70 50 45 64 56 49 59 60 61 46 71 1 22 21 24 17 2 19 93 25 38 36 26 29 27 15 28 40 6 83 88 86 79 85 75 3 13 33 8 4 9 89 87 80 76 91 35 34 32 20 41 14 5 39 18 31 12 37 82 96 90 92 74 99 78 98 77 97 23 16 10 81 84 95 94
0 11
0 7
0 54
0 55
0 63
0 67
0 57
0 43
0 58
0 42
0 73
0 52
0 44
0 47
0 68
0 69
0 72
0 48
0 65
0 53
0 62
0 51
0 66
0 70
0 50
0 45
0 64
0 56
0 49
0 59
0 60
0 61
0 46
0 71
11 30
30 93
7 1
54 15
55 19
63 27
67 33
43 2
52 13
44 3
68 34
69 35
72 39
65 29
62 26
70 36
59 23
46 5
1 22
1 17
1 83
1 88
1 86
1 79
1 85
1 75
1 87
1 80
1 76
1 91
1 96
1 90
1 92
1 74
1 99
1 78
1 98
1 77
1 97
1 81
1 84
1 95
1 94
22 21
21 24
17 38
17 82
2 25
25 6
25 89
26 28
26 40
27 4
27 9
15 8
40 41
40 14
6 20
6 37
13 10
4 32
9 12
34 16
32 31
5 18