0 85 55 63 77 36 14 99 53 78 90 67 26 19 34 10 33 37 88 32 11 5 84 74 4 87 18 27 42 35 56 94 24 40 69 73 13 47 60 3 72 20 46 43 1 95 6 52 54 62 25 98 9 96 57 81 82 76 48 2 8 17 66 79 22 45 41 75 16 21 61 15 31 58 92 89 65 49 7 71 70 51 64 38 28 29 83 23 12 68 86 30 59 97 39 44 93 50 80 91
0 85
85 55
55 63
55 77
55 36
55 14
55 99
55 22
55 70
55 51
55 64
14 53
99 90
99 15
99 12
99 44
53 78
53 67
53 72
53 79
53 71
53 39
67 26
67 94
67 8
67 17
67 66
67 97
26 19
19 34
19 4
19 3
19 21
19 61
19 7
34 10
10 33
10 84
10 74
10 96
10 49
10 23
33 37
33 56
33 9
33 2
33 65
37 88
37 32
37 35
37 89
37 59
32 11
32 5
32 27
32 42
32 73
32 13
32 47
32 60
11 87
11 16
11 29
11 83
87 18
87 69
87 80
56 98
56 75
56 92
56 30
94 24
24 40
69 43
69 25
69 86
69 50
73 76
73 48
13 46
3 20
3 1
3 95
3 41
3 28
3 68
72 93
20 52
1 6
52 54
54 62
9 81
9 82
9 58
96 57
96 38
96 91
82 45
82 31