0 92 46 13 88 23 82 79 80 39 33 86 31 63 9 38 59 41 49 97 17 7 99 78 27 28 19 58 2 22 5 68 75 43 15 47 76 3 4 52 45 37 50 40 98 89 42 30 65 25 54 20 51 73 71 10 6 69 93 60 1 56 57 24 36 16 53 64 72 94 14 70 26 66 62 34 85 81 95 18 61 48 32 77 67 91 55 44 74 83 35 87 11 90 29 21 84 96 8 12
0 92
0 13
0 88
0 7
0 99
0 78
0 27
92 46
92 33
92 17
92 30
46 97
46 42
13 80
13 24
88 23
88 49
88 70
88 8
23 82
23 79
23 44
79 41
79 90
80 39
33 86
33 89
86 31
86 98
86 14
86 55
31 63
31 9
63 59
63 91
9 38
9 2
38 76
38 85
17 68
17 40
17 34
7 96
99 50
99 57
78 56
27 28
27 58
28 19
28 5
28 1
19 47
19 37
2 22
5 75
5 15
75 43
75 73
75 11
43 45
43 51
43 60
15 52
15 93
15 94
76 3
76 4
3 67
4 62
45 65
45 72
37 20
40 84
98 54
42 25
42 77
42 87
30 69
65 32
25 35
20 71
20 36
20 66
73 64
71 10
10 6
6 53
57 26
57 48
36 16
16 61
64 18
70 21
34 81
34 95
34 12
67 83
55 74
87 29