0 17 65 37 66 71 44 97 98 1 64 85 5 6 72 15 18 99 88 63 82 91 3 70 58 20 43 21 11 34 79 84 23 42 83 78 22 75 90 46 16 74 7 45 92 8 93 32 48 36 38 33 94 81 60 14 10 95 39 59 61 29 9 25 68 77 26 86 56 57 27 13 41 73 28 53 54 76 2 69 31 80 19 30 4 35 49 52 47 89 24 51 67 87 12 62 50 40 96 55
0 17
0 65
0 37
0 99
0 88
0 30
17 18
17 33
17 94
17 81
17 19
65 66
65 64
65 85
65 80
37 71
37 44
37 97
37 38
66 1
66 92
66 67
71 72
71 15
44 91
44 43
44 45
44 36
97 98
97 20
97 96
98 31
1 58
1 56
64 5
85 86
85 51
85 40
5 6
5 68
5 77
5 26
6 7
72 16
72 74
15 82
18 69
88 63
88 70
88 50
63 84
63 48
91 3
3 95
3 2
70 79
58 34
58 25
20 21
20 11
21 22
34 42
79 78
84 23
84 46
23 73
23 24
42 83
83 76
22 75
75 90
90 89
46 10
46 47
74 32
7 8
92 93
32 54
48 62
36 12
38 14
38 53
33 60
94 55
81 9
60 61
60 29
14 59
10 39
10 41
29 13
25 52
86 27
86 87
56 57
73 28
19 35
30 4
35 49