0 52 47 43 10 9 29 12 70 44 6 42 28 39 17 11 66 48 46 56 62 32 23 69 40 13 20 67 16 24 58 51 36 27 21 55 15 1 71 73 14 50 2 41 37 53 33 26 49 22 65 8 61 68 31 59 25 74 19 63 35 57 18 5 45 60 30 3 72 34 38 64 54 7 4
0 52
0 70
0 44
0 6
0 42
0 28
0 39
0 17
0 11
0 66
0 48
0 46
0 56
0 62
0 32
0 23
0 69
0 40
0 13
0 20
0 67
0 16
0 24
0 58
0 51
0 36
0 27
0 21
0 55
0 15
0 1
0 71
0 73
0 14
0 50
0 2
0 41
0 37
0 53
0 33
0 26
52 47
52 43
52 10
52 9
52 29
52 12
52 68
52 31
52 59
52 25
52 74
52 19
52 63
52 35
52 57
52 18
52 5
52 45
52 60
52 30
52 3
52 72
52 34
52 38
47 61
43 8
12 65
12 4
44 22
42 49
11 7
55 54
15 64