0 37 18 7 38 47 20 60 64 57 59 71 45 58 62 63 73 55 70 61 52 72 69 51 66 67 65 48 56 46 53 54 49 50 68 14 27 26 86 99 43 16 21 88 3 91 41 42 35 24 12 11 29 9 15 30 1 28 23 32 6 22 39 17 8 40 44 34 31 25 10 13 4 36 84 82 2 19 87 98 81 83 89 97 75 5 33 79 92 78 90 93 80 85 95 74 77 94 76 96
0 37
0 38
0 47
0 20
0 60
0 64
0 57
0 59
0 71
0 45
0 58
0 62
0 63
0 73
0 55
0 70
0 61
0 52
0 72
0 69
0 51
0 66
0 67
0 65
0 48
0 56
0 46
0 53
0 54
0 49
0 50
0 68
37 18
37 7
37 99
18 86
7 14
7 27
7 26
20 16
20 21
20 88
64 35
71 42
45 1
58 25
62 31
63 34
73 44
70 41
61 30
72 43
69 40
51 15
48 8
53 17
49 9
14 82
26 91
43 3
43 29
43 39
16 11
16 84
3 24
3 12
3 75
41 6
41 22
42 36
35 97
24 89
12 32
11 80
29 4
9 13
15 28
15 23
15 83
30 10
30 93
1 87
1 98
1 81
1 78
1 90
1 74
1 77
1 94
1 76
1 96
28 92
32 95
17 85
8 79
44 19
34 33
13 2
2 5