0 51 11 63 90 57 30 25 56 42 39 21 83 59 66 22 29 16 18 14 77 89 68 49 41 98 12 4 93 62 87 99 24 8 31 5 37 40 48 71 23 79 53 92 45 60 19 10 28 46 78 70 20 80 58 96 69 74 6 64 94 75 15 55 3 52 44 97 17 38 72 35 61 88 33 50 82 76 67 26 81 43 85 13 47 34 73 65 2 54 95 86 7 32 91 84 1 9 27 36
0 51
0 99
0 75
0 15
51 11
51 57
51 65
11 63
11 22
63 90
90 89
90 87
57 30
57 62
57 94
30 25
30 66
25 56
25 29
25 18
25 14
25 77
25 93
25 23
25 79
25 36
56 42
56 4
42 39
42 12
42 6
42 64
39 21
21 83
21 27
83 59
83 9
59 98
66 81
22 71
29 16
29 74
16 48
14 41
14 46
14 69
14 1
89 68
89 84
68 49
68 96
49 58
49 61
41 73
12 8
4 91
93 35
62 24
24 40
8 31
8 32
31 5
31 37
37 28
37 34
40 7
48 45
79 53
79 92
92 10
92 47
45 60
45 86
60 19
10 80
10 95
28 78
28 70
46 72
78 20
80 26
96 38
69 3
6 13
94 55
94 54
55 44
55 17
3 52
3 50
44 97
44 67
35 88
35 33
50 82
82 76
26 85
81 43
43 2