0 85 84 54 55 14 89 42 77 86 24 25 81 80 60 78 76 97 5 51 79 62 19 91 43 92 96 95 70 23 20 21 22 90 15 16 17 52 71 48 63 40 72 7 49 73 44 11 87 27 41 37 88 28 6 74 67 75 33 82 31 93 9 1 59 50 30 10 34 2 64 58 61 56 35 65 57 47 4 98 12 39 3 45 68 69 46 18 26 29 83 32 99 8 53 94 13 36 38 66
0 85
85 84
85 54
85 86
85 24
84 77
84 83
54 55
54 37
55 14
55 89
55 42
55 5
55 56
42 97
42 41
77 78
77 76
86 60
86 20
24 25
24 81
24 23
24 63
24 29
25 26
81 80
80 48
80 87
80 27
60 51
60 59
60 61
78 79
78 62
97 11
97 58
79 4
62 19
62 91
62 43
19 46
19 18
91 92
91 96
43 44
92 1
96 95
96 70
96 73
95 9
95 94
70 71
70 69
23 64
23 53
20 21
21 22
22 90
90 15
90 66
15 16
16 17
17 52
71 72
48 40
48 49
48 47
63 7
63 93
40 39
7 6
7 68
87 8
27 28
37 88
88 31
88 36
6 74
6 2
74 67
74 75
67 82
67 45
75 33
33 34
93 50
9 10
59 30
30 35
10 57
64 65
64 98
64 12
65 3
98 99
18 32
53 13
13 38