0 29 62 43 95 3 73 88 94 33 81 48 50 61 91 78 13 42 19 36 20 53 66 26 37 79 90 2 72 5 14 30 98 70 97 21 60 32 76 25 47 8 68 59 49 15 71 75 85 56 67 86 38 54 45 80 44 64 51 65 40 69 4 34 17 41 87 82 96 24 74 28 16 83 93 77 52 46 58 39 55 22 12 57 27 92 31 63 89 7 11 9 84 10 99 35 6 18 1 23
0 29
0 81
0 48
0 50
0 61
0 91
0 78
0 13
0 5
0 14
0 30
0 98
0 70
0 97
29 62
29 3
29 73
29 88
29 94
29 33
29 20
29 53
29 66
29 26
29 37
29 79
29 90
29 2
29 72
29 45
62 43
62 95
62 19
62 36
62 25
62 47
62 8
62 68
62 59
62 49
62 15
62 71
62 75
62 85
62 56
62 67
62 86
62 38
62 54
62 52
43 32
43 76
43 4
43 34
43 17
43 41
43 87
43 82
43 96
43 24
43 74
43 28
43 16
43 83
43 93
43 77
95 44
95 64
95 7
3 40
3 69
73 65
94 42
94 58
33 55
48 27
50 21
50 60
61 80
61 12
61 57
91 89
78 63
13 51
13 23
66 46
26 31
79 39
79 9
2 99
72 1
5 22
21 92
76 10
25 18
69 11
17 84
41 35
83 6