0 24 81 83 33 6 4 22 31 34 23 28 10 29 27 21 18 7 16 19 13 17 12 14 9 30 15 32 11 1 5 20 2 8 3 26 25 56 94 96 46 35 82 36 98 47 70 80 41 45 43 72 39 66 65 54 53 90 95 42 93 48 84 63 57 88 92 79 77 78 61 37 55 64 58 67 69 76 75 89 71 60 68 40 49 74 59 87 91 85 73 44 86 38 62 51 52 50 97
0 24
0 33
0 6
0 4
0 22
0 31
0 34
0 23
0 28
0 10
0 29
0 27
0 21
0 18
0 7
0 16
0 19
0 13
0 17
0 12
0 14
0 9
0 30
0 15
0 32
0 11
0 1
0 5
0 20
0 2
0 8
0 3
0 26
0 25
24 81
24 82
81 83
33 35
6 46
6 45
4 41
4 42
22 77
22 78
31 96
31 95
23 80
23 79
28 90
28 89
10 54
10 53
29 92
29 91
27 88
27 87
21 76
21 75
18 70
18 69
7 47
16 66
16 65
13 59
17 67
12 57
12 58
14 62
9 52
30 94
15 63
15 64
32 98
32 97
11 56
11 55
1 36
20 74
2 37
2 38
8 49
3 39
3 40
26 86
25 84
46 48
70 72
41 43
66 68
95 93
42 44
63 61
58 60
69 71
75 73
49 51
87 85
52 50