0 73 1 89 64 47 10 82 4 79 60 68 22 8 14 81 41 94 87 96 30 34 77 45 37 15 51 55 95 53 88 66 43 86 97 29 80 84 52 7 40 71 63 38 13 70 72 92 78 46 26 67 58 44 23 39 6 33 11 85 83 62 28 21 36 25 50 56 12 74 57 18 17 98 61 16 69 9 90 65 54 48 31 5 27 42 59 2 93 32 3 99 76 91 24 35 20 75 19 49
0 73
73 1
73 68
73 90
1 89
89 64
89 79
89 60
89 86
64 47
64 10
47 82
47 4
10 87
4 22
79 41
79 94
68 14
68 81
68 95
22 8
22 34
14 43
14 93
81 38
94 30
87 96
87 66
87 63
34 77
34 55
34 40
34 71
34 9
77 45
45 37
45 51
37 15
51 88
95 53
95 7
53 25
88 84
88 52
88 36
43 80
43 2
86 97
86 72
97 29
29 67
29 58
80 70
84 69
52 26
40 13
40 46
71 92
71 78
71 11
38 33
38 16
72 83
92 59
46 18
46 75
26 6
67 5
67 91
58 44
58 39
58 76
44 23
44 85
33 21
85 99
83 62
62 28
28 49
21 50
21 56
50 20
56 12
12 74
74 57
57 3
18 17
18 61
18 35
17 98
69 54
9 65
9 31
9 42
54 48
5 27
42 32
2 19
76 24