0 1 49 50 99 48 98 47 97 92 53 10 60 95 7 57 96 93 52 94 6 56 4 54 3 46 51 38 88 22 72 5 55 23 73 24 74 11 61 43 2 14 64 31 81 8 58 39 89 35 85 25 75 15 65 28 78 45 90 26 76 36 86 37 87 29 79 27 77 16 66 32 82 42 21 71 30 80 17 67 12 62 18 68 19 69 34 84 13 63 33 83 20 70 91 9 59 44 40 41
0 1
0 49
0 50
0 99
0 48
0 98
0 47
0 97
0 92
0 53
0 10
0 60
0 95
0 7
0 57
0 96
0 93
0 52
0 94
0 6
0 56
0 4
0 54
0 51
0 38
0 88
0 22
0 72
0 5
0 55
0 23
0 73
0 24
0 74
0 11
0 61
0 31
0 81
0 8
0 58
0 39
0 89
0 35
0 85
0 25
0 75
0 15
0 65
0 28
0 78
0 90
0 26
0 76
0 36
0 86
0 37
0 87
0 29
0 79
0 27
0 77
0 16
0 66
0 32
0 82
0 21
0 71
0 30
0 80
0 17
0 67
0 12
0 62
0 18
0 68
0 19
0 69
0 34
0 84
0 13
0 63
0 33
0 83
0 20
0 70
0 91
0 9
0 59
1 46
1 2
1 14
1 64
4 3
11 43
8 45
32 42
30 40
9 44
40 41