0 78 10 33 63 84 30 86 73 27 96 82 88 71 68 92 97 94 74 65 7 4 70 75 91 57 41 31 93 80 64 42 66 43 76 72 61 1 40 85 90 36 15 48 32 53 69 6 60 56 52 23 81 62 89 59 55 35 98 58 77 13 79 95 37 34 12 28 2 87 26 83 51 49 50 54 38 44 25 14 5 29 67 45 18 22 21 46 47 24 16 39 9 19 20 11 17 8 3
0 78
0 4
0 40
78 10
78 82
78 88
78 71
78 68
78 92
78 97
78 94
78 74
78 65
78 7
78 66
78 43
78 76
78 72
78 61
78 1
10 33
33 63
33 41
33 31
33 93
33 80
33 64
33 42
33 23
63 84
63 30
63 86
63 73
63 27
63 96
63 91
63 57
63 6
63 60
63 56
63 52
84 95
84 37
84 34
84 12
84 28
84 2
84 87
84 26
86 38
86 44
86 25
86 14
73 54
73 21
73 46
73 47
73 24
27 70
27 75
96 32
96 53
96 69
96 50
82 36
82 15
82 48
82 13
82 79
71 17
97 49
97 11
97 3
94 59
94 55
94 35
94 98
94 58
94 77
74 22
65 51
65 18
70 90
70 89
75 85
75 62
75 83
91 45
93 67
93 20
40 19
32 81
53 9
69 29
60 39
56 16
52 8
14 5