0 26 25 27 48 7 59 46 47 75 84 51 35 8 16 74 49 50 88 11 70 62 39 58 4 37 38 12 61 63 21 73 40 69 53 92 45 57 22 90 89 91 10 9 42 19 33 52 83 54 56 55 6 5 60 3 94 68 44 23 2 31 96 14 41 43 82 95 71 66 15 93 72 32 36 34 79 98 86 24 99 78 67 80 65 77 13 18 29 87 81 17 97 20 28 76 64 1 85 30
0 26
0 25
0 27
26 48
25 75
25 84
25 51
25 35
27 62
27 39
27 58
27 45
27 57
48 7
48 59
48 70
48 92
48 44
7 46
7 47
59 11
46 88
46 69
46 53
47 40
47 33
47 68
75 16
84 19
51 8
35 3
35 94
8 49
8 50
16 74
16 73
49 42
50 93
88 21
11 60
70 15
62 12
62 86
39 4
39 98
4 37
4 38
12 61
12 63
21 90
21 89
40 5
53 9
53 66
92 22
45 6
57 10
22 91
90 77
89 71
10 56
10 55
9 52
9 54
42 95
42 65
19 83
33 2
33 64
52 80
83 79
54 82
56 76
6 43
5 41
3 36
3 34
94 23
68 14
23 96
2 31
2 32
14 67
15 72
93 78
32 99
32 87
36 29
36 28
79 18
98 24
86 20
24 97
78 17
65 13
18 81
20 85
28 1
1 30