0 26 33 34 35 36 39 44 45 46 72 11 32 1 3 10 37 6 47 27 29 30 7 8 12 28 55 9 13 69 60 66 31 15 56 4 2 25 20 70 74 57 62 21 22 23 59 41 50 43 71 40 65 54 24 48 64 61 42 5 38 73 52 14 16 17 18 19 75 77 63 58 68 51 67 49 53 76
0 26
0 1
0 3
26 33
26 11
26 32
26 30
26 31
33 34
33 25
34 35
35 36
36 39
39 44
39 66
44 45
45 46
45 60
46 72
46 69
11 27
11 29
1 2
1 49
3 10
3 37
3 6
3 47
3 4
3 51
37 62
6 7
6 8
6 12
6 9
6 13
47 55
29 28
29 56
29 57
7 15
8 59
55 74
9 65
60 67
66 70
31 23
15 20
15 21
15 22
15 24
56 61
4 5
2 50
25 41
25 40
20 54
62 64
21 48
59 71
41 43
41 42
43 52
61 75
5 38
5 14
38 73
38 58
14 16
14 17
14 18
14 19
75 77
77 63
58 68
49 53
49 76