0 3 1 4 5 2 6 7 10 8 11 12 9 13 14 17 15 18 19 16 20 21 24 22 25 26 23 27 28 31 29 32 33 30 34 35 38 36 39 40 37 41 42 45 43 46 47 44 48 49 52 50 53 54 51 55 56 59 57 60 61 58 62 63 66 64 67 68 65 69 70 73 71 74 75 72 76 77 80 78 81 82 79 83 84 87 85 88 89 86 90 91 94 92 95 96 93 97 98 99
0 3
0 1
1 4
4 5
5 2
2 6
6 7
7 10
7 8
8 11
11 12
12 9
9 13
13 14
14 17
14 15
15 18
18 19
19 16
16 20
20 21
21 24
21 22
22 25
25 26
26 23
23 27
27 28
28 31
28 29
29 32
32 33
33 30
30 34
34 35
35 38
35 36
36 39
39 40
40 37
37 41
41 42
42 45
42 43
43 46
46 47
47 44
44 48
48 49
49 52
49 50
50 53
53 54
54 51
51 55
55 56
56 59
56 57
57 60
60 61
61 58
58 62
62 63
63 66
63 64
64 67
67 68
68 65
65 69
69 70
70 73
70 71
71 74
74 75
75 72
72 76
76 77
77 80
77 78
78 81
81 82
82 79
79 83
83 84
84 87
84 85
85 88
88 89
89 86
86 90
90 91
91 94
91 92
92 95
95 96
96 93
93 97
97 98
98 99