0 72 42 84 80 97 68 95 75 62 58 82 96 21 94 9 71 56 3 40 14 66 25 29 32 88 73 18 81 38 50 92 83 33 19 27 70 86 48 69 55 20 51 36 57 34 54 30 35 93 59 61 46 16 41 65 77 15 99 90 87 11 6 79 44 1 91 39 12 60 10 43 7 47 67 5 13 85 74 64 28 98 45 76 63 31 26 52 17 22 24 49 37 89 23 4 8 53 78 2
0 72
0 80
0 66
72 42
72 84
42 95
42 21
84 97
84 68
84 58
84 82
84 96
84 16
84 41
80 14
80 7
97 62
68 83
68 33
68 19
95 75
95 26
75 40
75 46
62 61
62 31
58 3
58 50
58 92
82 94
82 9
82 43
82 63
96 38
21 71
21 56
21 20
94 32
94 81
9 59
71 93
71 2
56 76
14 10
66 25
66 78
25 29
32 88
32 73
32 18
32 35
88 55
73 70
81 69
81 45
50 60
50 53
92 98
33 27
19 48
27 86
70 8
69 57
20 51
20 36
51 30
36 34
36 54
57 12
34 28
54 77
30 87
35 90
59 99
46 85
16 65
41 1
41 91
41 39
77 15
77 44
99 79
90 11
11 6
11 24
11 49
79 22
12 17
60 13
10 5
7 47
7 67
5 89
13 64
85 74
85 4
26 52
17 37
89 23