0 87 24 55 8 35 65 81 46 99 21 82 5 52 40 17 58 85 6 13 59 44 50 60 39 26 11 49 90 10 93 78 37 77 4 75 42 94 95 69 64 9 43 34 83 92 68 56 3 86 72 67 29 33 79 1 48 63 71 41 19 66 7 73 14 51 15 22 16 74 76 25 80 70 28 62 27 32 2 61 30 20 88 98 47 12 89 57 31 97 96 36 53 91 18 54 38 84 23 45
0 87
87 24
87 55
87 8
87 35
87 65
87 81
87 46
87 99
87 21
87 82
87 5
87 52
87 40
87 17
87 58
87 85
87 6
87 13
87 59
87 44
87 50
87 60
87 39
87 26
87 11
87 49
87 90
87 10
87 93
87 78
87 37
87 77
87 4
87 75
87 42
87 94
87 95
87 69
87 64
87 9
87 43
87 34
87 83
87 92
87 68
87 56
87 3
87 86
87 72
87 67
87 29
87 33
87 79
87 1
87 48
87 63
87 71
87 41
87 19
87 66
87 7
87 73
87 14
87 51
87 15
87 22
87 16
87 98
87 47
87 12
87 89
87 57
3 88
79 20
22 74
22 76
22 25
22 80
22 70
22 28
22 62
22 27
22 32
22 2
22 61
22 30
22 31
22 97
22 96
22 36
22 53
22 91
22 18
22 54
22 38
22 84
22 23
22 45