0 14 4 15 22 60 40 42 45 50 8 56 58 54 61 66 62 38 57 43 59 55 67 64 41 47 44 39 65 48 49 46 52 63 53 51 37 27 75 29 94 70 30 36 12 6 10 7 16 19 9 26 32 23 28 79 76 13 25 31 33 84 20 24 1 17 5 11 34 3 86 21 35 96 2 81 18 97 95 87 69 82 88 78 85 74 83 98 72 92 93 89 80 73 99 91 71 77 90 68
0 14
0 60
0 40
0 42
0 45
0 50
0 8
0 56
0 58
0 54
0 61
0 66
0 62
0 38
0 57
0 43
0 59
0 55
0 67
0 64
0 41
0 47
0 44
0 39
0 65
0 48
0 49
0 46
0 52
0 63
0 53
0 51
14 4
14 22
14 27
14 75
4 15
4 94
4 70
15 76
22 79
40 5
42 7
45 10
50 17
8 37
8 96
58 28
54 23
62 32
38 1
57 26
55 24
41 6
47 12
44 9
65 35
52 21
51 20
37 29
27 84
29 30
29 36
29 86
30 19
30 87
36 31
36 33
36 92
12 99
6 72
10 16
10 98
7 95
16 3
9 97
9 73
26 13
26 25
26 83
23 18
23 80
13 34
13 74
33 11
33 90
24 2
24 81
1 69
1 82
1 88
1 78
1 85
1 89
1 71
1 77
34 91
2 93
2 68