0 49 91 25 93 79 7 41 82 28 16 54 73 62 47 2 66 44 38 64 21 6 70 75 51 63 27 29 20 55 31 11 60 48 13 72 71 86 12 35 80 78 68 98 84 34 18 99 61 76 19 32 5 52 15 22 1 96 67 53 39 97 69 89 14 10 94 90 45 83 88 37 65 8 74 46 58 17 42 92 59 36 33 9 40 81 4 50 87 77 3 24 30 23 56 43 95 26 57 85
0 49
0 93
49 91
49 25
91 70
91 75
91 51
93 79
93 6
93 33
79 7
79 14
79 10
7 41
41 82
41 21
82 28
82 44
82 38
82 64
28 16
28 54
16 80
54 73
54 35
73 62
73 47
62 55
47 2
2 66
2 3
66 20
44 29
44 12
38 34
38 77
64 86
64 67
21 27
21 71
21 89
6 63
70 96
51 72
63 95
29 36
20 13
55 31
31 11
11 60
11 48
11 59
60 84
48 69
72 97
71 98
80 78
80 68
68 5
68 43
98 92
84 32
34 18
34 99
18 19
18 1
18 8
99 61
99 87
61 76
19 52
32 15
5 22
52 50
15 39
1 65
67 53
67 42
67 4
67 56
53 17
39 90
39 37
97 45
97 83
97 88
89 58
14 94
94 46
90 85
45 81
65 40
65 23
65 57
8 74
8 30
59 9
9 24
23 26