0 71 44 3 5 1 2 4 6 7 8 9 10 72 73 74 75 76 18 19 20 21 13 40 45 57 50 25 51 52 53 54 55 56 58 59 60 26 27 28 29 30 31 32 33 34 35 61 62 63 64 65 66 67 68 69 70 11 12 14 15 16 17 46 47 42 43 39 41 36 81 89 88 84 85 86 87 90 82 83 37 38 77 78 79 80 22 23 24 48 49 91 92 93 94 95 96 97 98 99
0 71
0 1
0 2
0 4
0 6
0 7
0 8
0 9
0 10
0 18
71 44
71 3
71 5
71 72
71 57
44 40
44 45
3 13
1 11
2 12
4 14
6 15
7 16
9 17
72 73
73 74
74 75
75 76
76 77
18 19
19 20
19 21
21 22
40 42
40 43
40 39
40 41
45 46
45 47
45 48
57 50
50 25
50 51
50 52
50 53
50 54
50 55
50 56
50 58
50 59
50 60
25 26
25 27
25 28
25 29
25 30
25 31
25 32
25 33
25 34
25 35
60 61
60 81
26 36
61 62
62 63
63 64
64 65
65 66
66 67
67 68
68 69
69 70
39 38
36 37
81 89
81 88
81 84
81 85
81 86
81 87
81 90
81 82
81 83
90 91
77 78
78 79
79 80
22 23
23 24
48 49
91 92
91 93
91 94
91 95
91 96
91 97
91 98
91 99