0 5 83 88 95 90 85 99 37 11 52 47 62 72 28 76 59 66 15 14 19 46 26 82 35 36 48 75 39 67 12 86 77 60 32 74 56 23 73 80 57 97 89 79 10 64 84 22 24 54 2 71 70 96 18 25 68 3 91 65 78 69 20 7 4 51 8 98 40 45 27 41 38 44 9 16 50 49 53 6 34 94 58 1 13 30 87 61 92 17 81 93 55 43 29 33 21 42 63 31
0 5
0 95
0 90
0 85
0 99
0 37
0 8
0 98
5 83
5 88
5 59
5 32
83 72
83 28
83 76
83 60
83 51
88 11
88 14
88 77
95 52
95 26
95 12
95 86
90 62
90 39
90 67
90 57
90 97
85 47
85 15
85 22
85 24
99 84
37 66
37 75
37 73
37 80
11 70
11 7
11 4
52 3
47 46
47 20
62 41
72 23
72 34
72 61
76 35
76 36
76 48
59 64
66 56
66 87
66 93
15 19
15 79
15 10
19 82
19 71
46 74
35 68
36 89
36 25
75 69
75 81
67 2
67 27
12 18
77 65
77 78
74 6
74 17
80 29
79 43
10 54
84 40
84 45
22 38
22 44
22 30
71 21
70 96
96 53
96 92
96 42
18 91
18 31
91 49
69 58
20 13
38 9
38 16
38 50
9 55
16 94
16 63
53 1
6 33