0 43 64 95 5 84 49 54 47 28 38 50 39 66 40 21 81 55 58 8 61 10 3 53 60 68 13 52 73 78 7 16 4 31 12 37 97 75 14 76 44 93 71 18 6 26 69 74 92 42 63 62 17 65 88 51 79 1 56 82 24 91 77 32 98 23 67 87 83 48 20 15 96 89 41 29 70 36 45 33 11 59 2 19 72 9 30 35 34 46 86 90 27 85 22 25 57 80 94 99
0 43
0 38
0 50
0 57
43 64
43 47
43 28
43 21
43 81
43 14
43 76
64 95
64 66
64 40
95 5
95 58
95 16
5 84
5 61
5 97
5 75
84 49
84 54
84 79
84 1
49 7
49 26
49 69
54 39
54 51
47 3
47 17
47 65
47 88
28 78
28 6
38 55
50 12
50 37
50 62
50 87
50 83
39 8
39 18
66 71
40 13
40 52
40 73
40 67
21 42
21 63
81 91
55 31
55 23
58 98
8 10
8 89
61 15
61 96
3 53
53 60
53 68
53 93
60 4
60 35
13 44
73 92
73 36
78 74
16 56
16 2
4 24
4 70
31 32
37 30
75 82
14 90
76 20
44 25
93 77
71 29
71 59
18 9
6 86
6 22
74 85
62 48
17 46
17 94
88 11
51 72
91 34
98 99
23 41
87 80
15 45
15 33
89 27
29 19