0 1 89 98 90 2 21 20 3 91 97 4 19 46 95 83 82 94 18 5 16 61 29 45 47 96 92 22 88 32 13 15 93 84 87 23 77 17 81 24 86 38 37 80 53 14 33 35 60 59 58 43 79 57 56 78 55 52 30 85 12 31 6 11 10 44 36 54 25 76 48 62 42 63 41 66 67 65 71 28 27 26 70 7 50 49 68 74 9 34 39 51 69 8 75 64 40 72 73
0 1
0 89
0 98
1 2
1 21
89 90
89 88
98 97
90 91
90 95
2 3
21 20
21 22
20 19
20 46
3 4
91 16
91 92
97 96
4 5
4 42
19 83
19 18
46 45
46 47
95 94
83 82
83 84
82 29
82 81
94 93
18 61
18 17
5 38
5 6
16 15
61 60
61 62
29 28
47 35
47 48
96 13
92 32
22 23
22 77
88 87
32 33
32 31
13 14
13 12
15 57
87 86
87 71
23 24
23 53
77 76
81 80
24 25
24 51
86 30
86 85
38 37
38 39
80 79
80 65
53 52
53 54
14 43
33 55
33 34
35 36
60 59
59 58
58 67
43 44
79 78
79 66
57 56
56 50
12 41
6 11
6 7
11 10
10 9
25 74
76 8
62 63
63 64
67 68
71 70
71 72
28 27
27 26
50 49
68 69
74 75
39 40
72 73