0 1 2 3 4 56 55 54 32 52 43 33 65 20 10 60 68 42 48 38 24 25 22 17 27 9 21 37 99 61 66 46 74 69 71 63 53 86 44 57 76 95 18 49 67 78 50 79 13 88 77 98 36 39 26 31 35 80 75 30 91 58 47 8 23 73 51 84 85 89 14 70 83 82 6 92 19 72 28 41 94 64 40 7 62 87 81 34 59 5 93 11 29 97 15 90 45 96 12 16
0 1
0 43
0 78
1 2
1 35
2 3
3 4
3 56
3 52
56 55
56 61
55 54
55 32
54 99
32 33
32 31
52 20
52 51
43 65
43 42
43 24
33 68
65 38
65 37
65 73
65 5
20 10
20 21
10 60
10 9
60 71
68 48
68 27
68 69
68 67
68 26
48 49
48 12
38 86
24 25
25 22
25 17
22 23
17 18
17 41
27 28
9 74
9 39
37 46
37 76
37 95
37 36
99 66
99 98
61 53
66 59
46 34
74 63
71 8
63 81
53 44
53 57
44 47
57 58
95 91
95 29
18 14
49 50
67 96
78 88
78 77
50 79
79 13
88 89
98 72
36 75
36 87
31 30
31 11
35 80
35 85
30 62
30 45
91 90
73 84
84 83
85 70
85 6
85 92
85 19
83 82
6 7
19 64
41 94
41 40
94 93
34 15
29 97
15 16