0 70 97 43 16 25 29 60 47 11 33 17 65 83 93 46 21 72 85 36 7 99 77 35 26 30 44 39 89 57 14 10 84 88 20 49 78 94 31 12 5 68 56 63 50 67 4 75 66 23 13 76 28 62 73 80 22 48 19 61 38 86 95 74 91 71 81 96 42 15 92 41 45 55 79 54 37 27 6 2 32 34 59 18 51 9 82 69 90 1 58 53 52 3 40 24 98 64 87 8
0 70
0 47
0 11
0 33
0 44
70 97
70 30
70 78
70 94
97 43
97 16
97 25
97 21
97 49
43 29
43 60
43 26
16 46
16 35
16 20
16 4
16 75
25 77
25 84
25 88
25 67
25 2
60 93
60 99
60 50
60 6
47 69
47 40
11 65
11 83
11 7
11 14
11 10
33 17
33 57
33 56
33 63
17 5
17 68
65 28
65 62
83 36
83 61
83 3
21 72
21 85
21 89
21 81
72 12
72 13
72 76
36 39
36 87
99 31
35 71
26 45
30 52
44 41
39 82
84 27
88 23
88 9
20 66
49 73
94 19
12 91
12 51
5 53
68 80
63 48
67 22
4 38
4 15
4 92
75 86
75 37
23 54
23 64
13 95
13 74
13 18
13 8
28 42
28 58
73 96
73 59
80 1
19 79
19 98
81 55
15 32
15 34
32 90
3 24