0 1 2 3 4 5 95 6 7 8 98 97 96 9 99 10 11 12 13 14 90 91 92 93 94 15 16 17 18 19 85 86 87 88 89 20 21 22 23 24 80 81 82 83 84 25 26 27 28 29 75 76 77 78 79 30 31 32 33 34 70 71 72 73 74 35 36 37 38 39 65 66 67 68 69 40 41 42 43 44 60 61 62 63 64 45 46 47 48 49 55 56 57 58 59 50 51 52 53 54
0 1
0 5
0 95
1 2
1 4
1 98
2 3
4 99
5 6
5 7
5 8
5 10
95 90
6 9
98 97
97 96
10 11
10 15
11 12
11 14
12 13
90 91
90 85
91 92
91 94
92 93
15 16
15 20
16 17
16 19
17 18
85 86
85 80
86 87
86 89
87 88
20 21
20 25
21 22
21 24
22 23
80 81
80 75
81 82
81 84
82 83
25 26
25 30
26 27
26 29
27 28
75 76
75 70
76 77
76 79
77 78
30 31
30 35
31 32
31 34
32 33
70 71
70 65
71 72
71 74
72 73
35 36
35 40
36 37
36 39
37 38
65 66
65 60
66 67
66 69
67 68
40 41
40 45
41 42
41 44
42 43
60 61
60 55
61 62
61 64
62 63
45 46
45 50
46 47
46 49
47 48
55 56
56 57
56 59
57 58
50 51
51 52
51 54
52 53