0 80 91 44 48 25 16 88 76 14 87 1 20 29 42 38 98 81 55 61 65 77 68 36 64 85 74 27 17 94 95 28 75 54 89 62 52 12 71 6 46 82 99 84 2 4 69 51 13 11 30 78 37 33 90 49 57 59 21 63 39 41 15 79 70 83 8 35 31 56 32 22 23 18 5 10 34 97 47 53 93 9 24 86 45 72 40 7 43 66 58 67 26 19 73 96 50 92 60 3
0 80
0 81
0 55
0 61
80 91
80 44
80 94
80 95
80 28
80 75
91 48
91 14
91 73
44 88
44 76
44 42
44 38
44 98
44 15
44 19
48 25
48 53
25 16
25 17
25 47
25 26
16 27
16 41
16 67
88 46
88 50
76 87
76 20
76 6
76 90
87 1
87 74
87 96
20 29
20 71
20 39
42 68
42 85
42 33
98 77
98 97
81 65
81 22
55 64
77 52
77 12
77 37
68 36
68 13
68 32
64 78
17 63
17 92
94 62
95 89
75 54
75 56
54 51
89 69
89 30
52 4
12 99
12 21
71 59
6 35
6 31
46 82
82 2
99 84
69 10
69 34
51 11
51 58
30 83
30 8
78 57
78 24
37 5
33 49
33 40
90 66
49 43
21 79
21 70
21 9
63 3
39 18
15 72
83 93
56 23
9 60
24 86
86 45
72 7