0 27 26 25 76 17 78 83 19 82 99 45 55 98 24 6 44 43 97 84 75 69 88 21 89 90 10 30 35 77 57 86 16 40 74 73 1 56 51 14 36 3 29 28 62 12 63 34 68 5 20 96 53 67 72 80 79 9 42 41 61 8 46 94 91 95 58 22 23 87 85 38 11 15 59 52 18 70 54 66 49 13 92 50 48 47 7 65 4 93 39 60 64 81 71 32 37 33 2 31
0 27
0 26
0 25
26 55
26 98
25 76
25 45
25 69
25 88
76 17
76 75
17 78
17 77
78 83
78 80
78 79
83 19
83 99
19 82
19 84
82 35
99 72
45 6
45 30
45 67
55 10
55 53
98 24
24 97
6 44
6 43
97 40
75 16
75 96
75 58
69 14
69 36
88 21
21 89
21 90
90 86
90 51
90 66
90 49
10 57
10 56
30 1
86 20
86 91
86 95
16 74
16 73
40 5
74 62
73 94
1 29
1 28
56 46
51 8
14 68
36 3
36 38
3 34
62 12
12 63
12 61
34 54
68 47
5 42
5 41
20 87
20 85
96 70
53 9
53 48
72 15
79 18
9 52
8 50
94 23
91 22
58 11
22 93
38 4
11 59
11 60
15 71
18 81
54 92
66 13
13 65
13 64
47 7
47 33
4 39
4 37
81 32
33 2
2 31