0 20 10 40 50 61 97 37 68 86 84 66 81 72 88 70 96 73 59 77 80 91 62 85 82 92 95 93 60 75 71 67 69 78 87 65 76 90 63 89 79 83 74 94 98 64 99 5 18 22 57 52 25 11 46 9 35 39 14 34 26 16 6 41 24 4 7 47 29 30 1 13 55 58 56 32 51 28 17 21 8 31 23 38 15 2 36 42 27 54 43 45 12 48 3 19 33 44 49 53
0 20
0 61
0 97
0 37
0 68
0 86
0 84
0 66
0 81
0 72
0 88
0 70
0 96
0 73
0 59
0 77
0 80
0 91
0 62
0 85
0 82
0 92
0 95
0 93
0 60
0 75
0 71
0 67
0 69
0 78
0 87
0 65
0 76
0 90
0 63
0 89
0 79
0 83
0 74
0 94
0 98
0 64
0 99
20 10
20 25
10 40
10 50
10 57
10 52
40 18
40 22
50 9
61 6
97 55
37 5
68 16
86 38
66 13
96 54
73 23
59 1
80 31
62 8
75 26
71 21
69 17
76 27
79 30
83 34
5 46
18 14
57 11
52 35
52 39
25 24
11 41
11 47
11 29
9 7
39 28
14 32
14 51
24 4
47 42
29 56
30 58
30 15
30 2
30 36
1 43
1 45
13 3
58 48
58 53
31 49
45 12
3 19
19 33
33 44