0 9 58 57 96 41 62 74 5 98 1 49 25 81 61 42 39 84 90 23 66 34 88 86 67 33 92 40 32 12 51 68 55 80 60 83 72 15 22 56 47 24 27 37 91 53 11 48 4 30 71 52 50 85 10 73 87 14 93 46 17 13 8 97 6 69 65 20 28 2 43 70 95 19 45 26 7 77 44 31 54 94 36 78 63 59 3 64 75 21 35 16 99 38 29 82 79 18 76 89
0 9
9 58
9 62
9 52
9 64
58 57
58 96
58 41
58 5
58 71
57 3
96 74
96 30
41 38
62 40
5 98
5 49
5 92
5 79
98 1
98 84
1 39
49 25
49 42
49 43
25 81
25 61
81 67
81 33
81 4
61 24
61 59
39 7
84 90
84 72
90 23
90 66
90 8
23 83
66 34
66 47
34 88
34 86
67 60
67 26
67 63
92 13
40 32
40 48
32 12
32 51
32 68
32 73
51 55
68 80
68 17
55 45
80 22
80 56
80 28
80 2
83 15
15 53
22 78
56 36
47 27
47 37
47 91
24 19
24 94
27 54
37 11
37 89
91 95
91 99
53 10
4 93
4 46
71 85
52 50
52 14
73 87
93 69
46 20
17 6
13 97
97 16
69 65
69 31
43 70
43 44
45 21
45 35
26 77
54 75
94 82
59 76
38 29
79 18