0 84 50 5 7 17 77 18 12 55 64 46 68 36 11 59 56 29 60 67 42 33 87 24 85 65 52 63 69 78 61 96 97 99 1 37 3 51 38 35 54 9 95 62 34 32 15 74 31 26 48 83 21 19 41 49 22 92 6 76 16 44 20 45 72 98 90 28 13 8 66 4 91 57 27 94 88 39 79 58 23 70 89 53 71 93 30 75 40 80 43 81 86 25 47 2 82 14 10 73
0 84
0 59
0 56
0 45
84 50
84 24
50 5
50 97
5 7
5 17
5 77
5 18
5 48
5 83
5 94
7 68
7 36
7 11
7 33
7 87
7 20
17 12
17 46
17 42
17 61
17 96
17 44
77 55
77 64
77 95
18 31
18 26
12 60
12 67
12 78
12 27
55 29
55 57
64 69
46 85
46 9
46 40
68 63
36 52
36 54
36 74
11 1
11 82
59 16
56 3
56 51
56 38
56 35
29 65
29 15
29 91
60 99
60 32
42 30
42 75
33 6
33 76
87 37
87 41
87 49
87 4
85 22
85 92
63 34
63 72
63 98
78 19
96 66
97 28
99 90
1 8
37 79
3 13
51 70
38 2
35 62
54 93
62 47
26 21
48 39
48 25
21 71
92 53
76 88
76 86
45 23
28 81
66 58
27 89
27 14
70 43
89 80
81 73
82 10