0 34 3 33 16 25 30 17 29 9 1 7 18 21 14 26 5 32 20 2 31 22 12 11 19 4 23 8 28 6 24 15 13 27 10 70 91 36 49 72 86 35 66 65 40 38 90 43 62 76 52 83 84 39 64 89 79 73 74 97 67 68 93 94 75 71 95 51 92 96 53 80 78 77 85 61 69 48 47 63 37 46 45 57 58 44 60 59 82 87 41 98 42 54 88 81 50 55 56
0 34
0 3
0 33
0 16
0 25
0 30
0 17
0 29
0 9
0 1
0 7
0 18
0 21
0 14
0 26
0 5
0 32
0 20
0 2
0 31
0 22
0 12
0 11
0 19
0 4
0 23
0 8
0 28
0 6
0 24
0 15
0 13
0 27
0 10
34 36
3 40
3 39
16 66
16 65
25 83
25 84
30 93
30 94
17 67
17 68
29 91
29 92
9 52
9 51
1 35
7 48
7 47
18 70
18 69
21 76
14 62
14 61
26 86
26 85
5 43
5 44
32 97
32 98
20 73
20 74
31 95
22 78
22 77
12 57
12 58
11 55
11 56
19 72
19 71
4 41
23 79
23 80
8 49
8 50
28 90
6 46
6 45
24 81
27 87
27 88
10 53
10 54
91 89
40 38
62 64
84 82
39 37
73 75
94 96
61 63
57 59
58 60
44 42