0 64 85 91 51 68 50 44 10 92 67 96 79 14 48 13 34 19 23 70 95 31 24 40 83 55 1 25 21 43 6 81 88 58 94 42 33 26 39 37 66 3 93 9 2 5 4 49 80 89 61 7 12 99 29 35 53 32 75 18 57 87 76 20 86 17 97 72 60 62 77 30 59 22 45 69 46 82 56 98 28 27 63 84 47 8 90 41 65 36 15 78 74 52 38 71 54 16 11 73
0 64
0 85
0 91
64 10
85 79
85 77
85 82
91 51
91 66
91 3
91 46
51 68
51 44
51 69
68 50
44 92
44 96
10 37
10 78
92 67
92 62
96 48
79 14
79 15
48 13
13 34
34 19
34 23
34 7
19 40
19 25
23 70
23 31
23 24
70 95
95 58
24 1
24 39
24 60
24 36
40 83
40 55
40 45
83 88
83 61
83 65
55 81
1 6
1 26
25 21
25 80
25 89
21 43
6 33
81 42
58 94
58 49
58 97
58 72
26 76
26 20
26 86
26 17
39 22
66 93
66 9
66 4
93 2
93 5
9 41
2 8
2 90
5 35
4 18
89 99
61 12
61 87
7 47
12 59
12 71
99 29
35 53
53 32
53 75
32 84
18 57
20 63
86 30
22 73
45 38
82 56
56 98
98 28
98 27
63 11
84 52
65 74
15 16
78 54