0 10 3 66 90 72 81 74 82 65 94 69 83 76 87 86 71 77 91 93 68 75 98 70 79 97 96 89 80 88 85 84 67 92 78 73 99 95 41 13 57 26 54 56 63 47 20 1 18 4 40 36 31 6 34 51 30 16 27 25 53 17 59 33 55 7 2 39 62 8 44 45 9 15 12 49 60 38 28 32 29 11 43 5 35 37 46 14 22 58 48 50 61 21 24 52 42 19 64 23
0 10
0 90
0 72
0 81
0 74
0 82
0 65
0 94
0 69
0 83
0 76
0 87
0 86
0 71
0 77
0 91
0 93
0 68
0 75
0 98
0 70
0 79
0 97
0 96
0 89
0 80
0 88
0 85
0 84
0 67
0 92
0 78
0 73
0 99
0 95
10 3
3 66
3 13
90 34
81 25
74 12
65 1
94 41
69 6
83 27
76 15
87 31
71 9
77 16
91 35
68 5
98 45
79 19
97 44
96 43
92 36
73 11
95 42
41 57
13 63
13 47
13 20
57 26
26 54
26 56
56 18
56 4
56 40
47 30
20 33
20 55
1 51
1 8
18 59
36 29
31 62
6 39
27 2
25 53
25 32
53 17
53 28
33 7
33 50
44 52
45 38
9 60
9 58
9 48
15 22
12 49
49 24
60 14
38 21
11 46
5 37
58 61
50 64
21 23