0 26 27 25 52 9 54 35 3 36 53 81 62 12 61 63 34 57 30 10 56 1 28 29 64 67 18 84 79 59 11 58 60 13 77 17 76 78 66 19 80 14 32 99 94 68 69 82 38 4 37 23 83 45 93 74 50 6 24 97 44 39 86 48 89 55 20 22 95 2 65 46 72 43 85 91 92 21 8 16 96 73 7 47 15 70 88 31 40 98 42 5 49 51 90 87 75 71 33 41
0 26
0 27
0 25
27 62
25 52
52 9
52 81
52 30
9 54
9 53
54 35
35 3
35 57
35 50
3 36
3 34
53 84
81 18
62 12
12 61
12 63
63 67
34 64
34 85
57 10
57 32
57 99
57 94
30 1
30 74
10 56
10 55
56 93
1 28
1 29
28 43
29 59
64 13
64 77
64 72
67 14
67 46
18 79
18 80
84 19
84 45
79 48
79 89
59 11
11 58
11 60
58 86
58 42
13 66
13 65
77 17
77 38
77 98
17 76
17 78
19 82
19 83
14 68
14 69
32 2
99 24
99 75
94 23
38 4
4 37
4 39
23 95
23 96
45 6
93 22
74 16
50 8
6 44
24 97
44 40
86 20
89 21
20 87
22 91
22 92
2 31
2 33
46 7
72 15
21 88
21 90
8 49
8 51
16 73
7 47
15 70
15 71
42 5
51 41