0 84 46 33 13 11 91 73 56 9 87 25 82 97 17 59 81 43 1 57 50 10 26 98 83 54 32 48 55 70 69 95 37 30 90 14 62 20 8 24 28 58 72 47 40 89 80 19 68 64 96 79 77 66 22 74 41 16 4 38 27 94 52 42 67 3 29 36 12 23 31 92 51 53 93 39 2 21 49 75 45 5 44 76 7 63 71 78 34 6 35 88 86 65 61 60 85 15 18
0 84
0 81
0 53
84 46
84 25
46 33
46 91
46 59
46 69
46 95
46 74
46 34
33 13
33 11
33 26
13 70
13 22
13 51
11 55
91 73
91 9
91 87
91 17
91 48
73 56
73 97
73 77
73 66
73 92
56 10
9 45
87 82
87 50
87 31
25 57
25 32
82 54
82 96
82 79
17 72
17 61
59 14
81 43
81 68
81 64
81 23
43 1
43 12
50 83
10 90
10 19
26 98
54 30
48 58
70 52
69 80
69 75
95 37
30 28
30 65
14 62
14 20
62 8
62 24
62 27
62 94
20 89
20 36
20 49
8 40
24 21
28 47
28 78
72 44
47 38
47 71
40 29
80 2
96 86
79 41
77 5
22 4
22 63
74 7
41 16
41 88
4 3
4 35
27 67
52 42
29 39
29 85
31 93
51 6
53 18
75 60
44 76
85 15