0 86 26 72 92 77 99 70 82 94 88 80 63 64 62 89 83 69 97 73 96 93 66 76 71 85 75 61 91 78 67 87 90 74 81 98 95 84 79 68 65 55 53 3 25 10 20 1 23 49 17 4 54 16 29 18 47 34 14 7 11 31 22 44 36 40 24 37 12 60 48 9 56 30 2 51 46 13 35 45 32 58 38 8 43 21 5 28 27 52 42 59 50 6 33 15 19 41 57 39
0 86
0 26
0 72
0 92
0 77
0 99
0 70
0 82
0 94
0 88
0 80
0 63
0 64
0 62
0 89
0 83
0 69
0 97
0 73
0 96
0 93
0 66
0 76
0 71
0 85
0 75
0 61
0 91
0 78
0 67
0 87
0 90
0 74
0 81
0 98
0 95
0 84
0 79
0 68
0 65
86 36
26 55
26 53
26 3
72 16
92 44
77 22
99 54
70 13
94 46
80 28
63 4
64 5
83 31
69 11
97 51
73 17
96 49
66 7
76 21
71 14
61 2
91 43
90 42
84 33
3 25
3 1
3 23
25 10
10 20
20 34
1 47
1 30
23 18
49 9
49 56
17 60
17 48
4 38
4 8
16 29
16 37
16 12
16 52
18 32
18 58
31 40
31 24
36 45
48 6
9 27
56 19
30 35
2 50
43 15
42 59
15 41
41 57
57 39