0 2 76 3 9 95 20 7 10 49 51 11 8 6 4 1 88 55 19 22 45 15 48 5 13 75 18 93 53 60 61 47 33 17 26 27 12 92 80 94 62 98 87 70 83 99 40 58 64 84 34 72 32 42 96 14 79 52 66 50 91 73 56 41 81 23 38 24 36 28 46 63 21 35 54 67 57 37 68 69 31 90 77 71 89 16 39 97 25 59 78 65 85 29 30 74 86 43 82 44
0 2
2 76
2 4
76 3
3 9
3 7
3 10
3 92
9 95
9 20
20 21
7 49
7 6
10 51
10 14
49 8
51 11
11 13
8 12
6 5
6 16
4 1
4 48
1 88
88 55
55 19
55 22
55 60
55 46
55 63
19 15
22 45
22 53
45 18
15 96
48 89
5 90
13 75
18 93
18 17
18 26
18 27
53 33
60 61
61 47
61 62
47 42
33 64
17 28
26 40
26 58
26 31
27 80
12 50
12 91
80 94
94 32
62 98
98 87
87 70
87 99
70 83
70 66
64 84
64 34
84 72
72 52
96 71
96 97
14 79
52 41
52 36
66 56
50 73
56 38
56 39
41 81
81 23
38 24
36 35
36 59
28 29
28 30
21 43
35 54
54 67
54 37
67 57
67 86
37 68
37 69
31 77
39 25
59 78
78 65
78 85
30 74
43 82
43 44