0 9 15 12 27 13 29 46 10 7 33 2 55 45 58 26 19 32 93 5 64 3 1 59 88 6 18 96 48 70 49 42 69 86 34 54 90 67 56 91 85 63 17 89 23 52 14 4 11 77 81 75 80 50 36 8 53 38 37 57 65 71 97 87 31 82 30 20 21 60 16 41 95 47 25 51 40 39 78 62 28 76 79 68 44 22 72 84 74 66 43 83 94 24 73 35 92 61
0 9
0 27
0 13
0 29
9 15
9 12
15 26
15 37
15 57
15 65
12 10
12 7
12 45
12 58
12 85
12 63
12 38
27 46
13 3
13 1
29 55
29 56
29 91
46 33
46 2
46 47
7 93
7 5
7 64
7 76
7 79
7 68
33 86
33 4
33 28
33 74
33 66
33 35
2 32
2 48
2 70
2 49
2 42
2 69
2 67
2 8
2 53
2 95
2 62
2 84
2 94
2 24
2 73
55 41
26 19
26 16
26 78
19 96
19 36
32 92
93 90
5 88
5 6
5 18
5 50
5 60
3 14
1 59
1 54
1 52
1 21
6 80
6 72
96 34
96 23
96 20
48 89
48 39
42 17
90 44
90 22
67 83
56 75
85 87
89 81
89 30
4 11
11 77
37 97
57 71
87 31
87 82
30 43
16 25
95 61
25 51
25 40