0 20 21 91 1 89 45 39 38 19 44 88 79 80 60 26 17 62 82 48 61 41 59 51 23 11 24 71 2 3 54 31 43 42 37 49 15 68 8 67 46 22 86 85 58 55 69 5 36 50 47 35 10 70 34 64 7 76 53 78 73 65 12 72 92 52 6 13 27 9 32 84 75 81 4 90 18 66 30 40 87 28 33 77 25 14 93 74 57 56 63 29 83 16
0 20
0 21
0 44
20 1
20 89
20 45
20 39
20 38
20 19
21 91
21 48
21 55
91 3
91 92
1 79
1 62
1 82
1 57
89 72
45 17
45 2
45 58
39 88
39 26
39 24
39 71
38 60
19 11
19 86
19 85
44 80
44 23
44 42
88 51
79 59
80 93
80 74
60 22
17 43
17 10
17 70
62 73
62 65
62 12
82 61
82 41
82 8
82 67
82 46
82 35
82 78
48 68
61 31
61 15
41 47
41 53
51 50
71 7
71 76
2 54
2 27
2 9
2 14
54 49
54 25
31 37
43 36
37 77
15 4
15 33
68 5
68 83
8 81
22 28
85 13
58 69
55 64
69 29
35 34
35 87
10 6
10 75
10 40
70 52
70 30
76 84
53 66
65 32
84 18
75 90
40 63
14 56
29 16