0 45 44 43 42 41 40 39 38 84 88 90 91 83 86 37 36 35 85 89 60 34 33 61 87 1 59 46 47 48 49 50 51 52 53 54 55 56 57 58 2 3 4 5 6 62 32 31 30 29 28 27 26 25 24 23 22 21 20 19 18 17 16 15 14 13 63 80 79 64 7 8 9 65 78 75 66 12 11 68 67 74 77 73 72 76 69 70 71 81 82 92 94 93 95 96 97 10
0 45
0 1
0 59
45 44
44 43
43 42
42 41
41 40
40 39
40 90
39 38
39 83
38 84
38 37
84 88
84 87
90 91
83 86
37 36
37 85
36 35
35 60
35 34
85 89
60 61
34 33
33 32
61 62
61 80
1 2
59 46
59 47
59 48
59 49
59 50
59 51
59 52
59 53
59 54
59 55
59 56
59 57
59 58
2 3
3 4
4 5
5 6
6 7
62 63
32 31
31 30
30 29
29 28
28 27
27 26
26 25
25 24
25 75
24 23
23 22
22 21
21 20
20 19
19 18
18 17
17 16
16 15
15 14
14 13
13 12
63 64
80 79
79 78
64 65
64 69
7 8
8 9
9 10
65 66
78 77
75 74
66 67
12 11
12 68
74 73
73 72
72 76
69 70
70 71
70 81
81 82
82 92
92 94
94 93
94 95
95 96
95 97