0 60 68 4 81 95 69 31 45 46 76 53 9 13 15 41 20 88 99 18 49 26 71 27 10 62 39 94 2 61 28 1 52 90 78 48 70 92 97 16 93 73 32 65 30 29 35 84 40 6 17 44 33 42 22 86 77 34 54 25 3 87 51 14 96 74 55 23 67 5 12 21 37 64 82 36 57 43 56 75 85 66 80 91 11 38 7 98 59 79 47 63 72 50 83 24 8 58 19 89
0 60
60 68
60 81
68 4
68 35
68 84
81 95
81 31
81 15
81 41
81 20
81 88
81 30
81 29
81 66
81 80
95 69
31 45
31 53
31 1
31 54
31 55
45 46
45 9
45 13
45 62
45 65
46 76
76 28
76 17
76 85
9 99
13 49
13 10
13 63
13 89
15 12
15 21
41 61
20 18
20 5
99 71
99 27
18 74
49 26
71 94
27 75
10 39
10 2
10 48
62 34
39 56
94 78
2 32
2 6
61 90
61 16
28 52
1 97
1 40
1 58
52 43
52 47
90 92
78 73
78 8
48 70
48 24
70 77
70 79
97 59
97 83
16 93
73 96
84 67
40 33
17 44
33 42
42 22
42 14
22 86
77 87
34 25
34 57
54 3
3 50
87 51
87 98
96 23
96 36
23 82
21 37
37 64
37 7
56 91
56 38
66 11
7 72
58 19