0 7 34 1 43 44 54 42 32 41 51 40 37 36 49 55 48 31 46 50 52 38 39 56 47 45 53 35 33 57 29 80 15 3 67 71 69 68 66 61 62 58 74 63 72 70 76 75 60 5 4 2 26 27 8 23 65 30 24 16 73 64 59 97 10 19 77 98 85 9 22 13 14 11 12 81 91 93 78 20 17 28 21 18 83 25 86 84 96 79 6 99 89 82 92 95 94 87 88 90
0 7
0 34
0 1
0 43
0 44
0 54
0 42
0 32
0 41
0 51
0 40
0 37
0 36
0 49
0 55
0 48
0 31
0 46
0 50
0 52
0 38
0 39
0 56
0 47
0 45
0 53
0 35
0 33
0 57
7 29
7 80
34 5
1 3
1 67
1 71
1 69
1 68
1 66
1 61
1 62
1 58
1 74
1 63
1 72
1 70
1 76
1 75
1 60
1 73
1 64
1 59
43 15
44 16
42 14
41 13
51 24
49 22
55 28
38 9
57 30
15 8
15 23
15 65
15 85
3 10
3 19
3 77
3 98
3 99
67 17
69 20
62 6
5 4
5 78
4 2
4 27
2 26
2 97
2 91
2 93
2 84
2 96
2 79
2 87
2 88
2 90
26 94
27 95
8 12
8 81
23 92
16 86
73 25
10 11
10 82
11 83
20 89
17 18
28 21