0 36 1 74 68 21 10 23 73 48 98 14 70 54 65 57 61 42 12 4 26 76 28 79 44 83 9 69 30 50 25 55 33 90 56 85 72 11 81 22 89 46 39 93 59 20 27 77 17 97 71 47 40 5 82 32 91 53 51 52 16 78 18 8 49 67 80 94 3 6 87 96 84 64 75 15 35 31 38 58 2 29 7 24 45 63 62 95 19 88 43 37 66 92 86 60 34 41 13
0 36
0 57
36 1
36 14
36 70
36 54
36 65
1 74
74 68
74 83
74 31
68 21
68 88
21 10
21 48
21 98
21 72
10 23
10 73
10 96
23 50
23 35
73 44
48 28
48 79
98 41
70 56
70 85
54 42
54 76
65 61
65 30
57 5
61 26
61 40
42 12
42 90
42 19
12 4
12 69
12 95
4 9
28 55
28 33
44 34
83 81
9 11
30 47
30 16
50 25
50 52
50 15
25 87
55 60
56 89
56 39
56 71
85 97
85 53
85 51
85 75
72 2
81 22
81 91
22 6
89 46
39 93
39 17
93 59
93 64
59 20
59 27
59 77
97 58
47 82
47 32
47 3
40 49
32 45
91 86
51 18
52 94
52 62
16 78
16 8
49 67
49 80
87 84
96 92
75 38
31 24
2 29
2 7
45 63
62 43
19 66
43 37
92 13