0 34 77 43 86 17 71 54 80 20 11 88 6 45 49 32 75 63 97 26 2 91 68 25 51 69 66 36 41 38 15 79 73 58 84 47 50 94 65 39 31 30 64 95 59 60 8 85 96 4 76 33 53 48 5 42 90 27 23 52 98 24 14 37 28 57 16 83 61 55 22 56 92 40 3 81 46 35 72 9 89 12 74 29 19 82 1 44 10 7 70 18 67 87 62 93 13 21 99 78
0 34
34 77
34 71
34 68
34 60
34 8
77 43
43 86
43 17
43 6
17 54
54 80
54 20
54 11
54 88
54 91
54 28
20 63
11 45
6 49
6 32
45 2
45 19
45 82
32 75
32 66
75 41
75 38
63 97
63 26
63 37
26 69
2 36
91 65
68 25
25 51
25 59
51 94
51 14
69 95
69 35
66 29
36 79
36 73
41 15
38 64
15 58
73 30
58 84
84 47
84 50
47 13
50 24
50 93
65 39
65 31
65 22
65 99
39 76
30 4
64 98
95 52
59 85
59 96
60 23
85 48
96 53
96 62
76 33
53 90
53 27
53 87
48 5
5 42
42 16
23 57
98 55
24 61
24 67
57 83
83 40
83 46
55 92
55 81
55 18
55 21
22 56
40 3
40 74
46 89
46 12
35 72
35 9
35 1
1 44
44 10
44 7
44 70
44 78