0 54 16 24 75 18 90 32 55 86 67 87 60 6 10 4 13 15 57 66 20 48 30 36 46 19 12 43 23 56 5 72 50 51 27 17 83 64 68 7 38 14 9 80 21 84 25 93 31 28 65 92 8 82 63 95 39 76 35 97 59 22 69 85 29 61 49 77 96 1 78 58 71 88 74 47 89 2 70 44 99 3 45 40 42 41 91 37 81 26 33 79 94 53 73 11 62 34 98 52
0 54
54 16
54 24
54 75
54 55
54 86
54 67
16 32
16 43
16 23
16 56
16 1
24 36
24 46
24 19
24 12
24 77
24 96
75 18
75 90
75 49
55 6
86 87
86 60
67 30
67 34
60 13
60 15
6 10
6 4
6 20
6 48
6 99
10 66
10 14
10 9
4 76
13 57
15 38
66 27
66 44
66 37
20 39
20 61
30 7
36 51
36 68
12 95
12 29
12 70
12 91
43 50
43 2
23 5
23 72
23 41
5 83
5 63
72 17
72 42
51 93
51 31
27 64
27 82
83 89
64 25
64 8
68 84
68 85
68 53
38 92
14 80
14 21
9 59
80 69
80 47
25 40
31 28
28 65
28 88
28 74
92 45
8 97
63 94
63 62
95 35
95 22
39 71
76 3
76 52
35 79
77 58
1 78
1 11
88 98
2 33
3 26
42 81
79 73