0 37 19 90 29 52 64 81 43 49 23 48 36 9 55 6 85 4 21 56 25 75 51 54 95 38 88 16 28 83 13 84 46 15 8 70 98 44 14 76 17 41 92 39 3 86 69 74 10 57 2 93 73 82 24 42 65 60 59 20 27 50 58 32 1 72 94 68 53 97 11 77 31 87 66 33 34 78 5 89 67 96 30 7 61 22 26 79 40 62 80 18 63 91 47 45 12 71 35
0 37
37 19
37 14
37 79
37 40
19 90
19 81
19 2
19 5
90 29
29 52
52 64
64 23
81 43
43 49
43 44
43 57
49 98
49 26
23 48
23 36
23 55
23 6
23 85
23 25
23 75
23 51
23 54
23 95
23 38
23 88
23 16
23 28
23 15
23 8
23 70
23 10
23 66
23 33
23 34
23 78
23 22
23 45
48 46
36 9
36 56
36 84
36 74
9 4
9 41
6 17
6 24
6 20
6 61
85 21
4 60
4 59
4 87
4 7
4 47
25 76
25 91
75 1
75 72
54 30
38 83
16 71
83 13
46 31
15 69
98 80
44 32
14 82
17 92
17 3
17 86
41 39
39 58
86 73
69 77
10 93
57 65
73 50
24 42
59 27
32 96
1 94
72 97
72 11
94 68
68 53
68 67
97 63
5 89
61 62
79 12
80 18
91 35