0 33 34 8 18 4 17 12 32 16 11 5 15 19 3 28 29 10 26 14 24 25 20 30 7 21 13 22 1 9 23 2 6 27 46 93 65 98 41 42 49 50 36 48 43 66 70 69 31 35 95 82 72 71 55 56 57 68 67 73 91 64 97 89 45 79 51 47 74 61 40 63 44 58 96 88 78 76 75 53 54 39 94 60 84 52 80 85 86 90 92 87 38 62 37 81 83 77 59
0 33
0 34
0 8
0 18
0 4
0 17
0 12
0 32
0 16
0 11
0 5
0 15
0 19
0 3
0 28
0 29
0 10
0 26
0 14
0 24
0 25
0 20
0 30
0 7
0 21
0 13
0 22
0 1
0 9
0 23
0 2
0 6
0 27
33 35
34 36
8 49
8 50
8 31
18 70
18 69
4 41
4 42
17 68
17 67
12 57
12 58
32 98
32 97
16 65
16 66
11 55
11 56
5 43
5 44
15 64
15 63
19 72
19 71
3 40
3 39
28 90
29 91
10 53
10 54
26 85
26 86
14 61
24 82
24 81
20 73
20 74
30 93
7 47
21 76
21 75
13 59
22 78
22 77
9 51
23 79
23 80
2 37
6 46
6 45
27 88
46 48
93 95
50 52
31 96
82 84
91 89
64 62
40 38
58 60
96 94
85 87
90 92
81 83