0 13 83 71 81 31 76 99 80 41 95 28 49 93 64 25 68 19 11 43 89 22 69 42 48 97 92 24 30 34 65 27 35 40 15 51 3 54 75 9 56 1 53 70 79 7 36 57 12 84 61 20 52 73 46 16 74 2 38 86 90 18 5 85 39 8 82 66 10 23 98 96 4 29 26 77 50 45 44 94 33 47 55 6 91 88 87 72 60 63 67 58 59 37 32 62 17 78 21 14
0 13
0 83
0 71
0 81
0 92
0 86
13 80
13 38
83 31
83 76
83 99
83 97
81 25
81 42
81 48
31 28
31 64
76 52
76 2
99 69
80 41
80 10
80 23
41 95
28 49
28 6
49 93
49 89
49 22
93 43
64 56
25 68
68 19
68 11
68 36
68 74
68 67
19 66
11 30
11 75
11 9
11 82
43 35
43 54
89 63
69 47
69 55
42 27
48 24
48 8
92 3
92 7
24 65
24 79
30 34
30 20
30 33
34 51
34 46
34 16
35 40
35 5
40 15
54 53
54 39
56 1
56 70
70 61
7 84
7 96
7 62
36 57
36 12
12 50
61 60
20 18
20 98
20 94
52 73
46 77
16 72
74 90
74 26
18 85
5 32
82 37
10 78
98 29
96 4
29 17
26 44
50 45
94 87
33 21
55 58
6 91
91 88
67 14
58 59