0 1 2 3 4 5 6 7 8 9 10 11 12 13 64 65 66 14 37 84 15 35 73 74 75 85 83 81 82 16 39 40 98 96 97 91 32 51 99 92 93 17 63 18 67 68 94 95 31 36 77 76 80 43 45 50 41 72 71 33 53 54 55 56 44 46 49 42 34 38 90 62 60 79 47 70 52 48 89 86 87 57 69 58 61 78 19 20 21 22 23 24 25 26 27 28 29 30 88 59
0 1
1 2
2 3
3 4
4 5
5 6
6 7
7 8
8 9
9 10
10 11
11 12
12 13
13 64
13 65
13 66
13 14
13 63
14 37
14 15
14 35
14 36
14 38
37 84
37 85
37 83
37 81
37 82
37 89
15 16
15 32
15 31
15 33
15 34
35 73
35 74
35 75
35 72
35 71
16 39
16 40
16 17
16 41
16 42
39 91
39 92
39 93
39 94
39 95
40 98
40 96
40 97
40 99
32 51
32 50
32 49
32 52
32 48
17 18
17 67
17 68
17 70
17 69
18 19
31 43
31 45
31 44
31 46
31 47
36 77
36 76
36 80
36 79
36 78
33 53
33 54
33 55
33 56
33 57
34 62
34 60
34 58
34 61
34 59
38 90
38 86
38 87
38 88
19 20
20 21
21 22
22 23
23 24
24 25
25 26
26 27
27 28
28 29
29 30