0 27 25 26 65 47 97 49 37 8 24 35 13 66 51 4 64 7 83 91 87 39 22 19 46 50 59 78 54 93 98 48 33 99 9 81 56 3 34 18 80 79 36 52 2 92 38 53 84 32 31 62 42 82 20 75 16 86 5 12 57 88 74 11 96 69 21 85 89 14 40 73 68 61 60 70 17 77 15 55 67 10 63 41 94 58 30 23 71 72 76 90 43 29 95 1 6 45 44 28
0 27
0 25
0 26
27 97
27 49
27 37
27 87
25 65
25 47
25 91
26 83
65 13
47 7
97 24
97 35
49 8
49 64
49 54
37 4
37 59
37 78
8 51
8 50
24 99
35 3
13 66
66 53
66 84
51 33
4 39
4 38
7 46
7 48
83 19
83 98
83 75
91 22
91 56
87 81
87 20
39 69
22 93
22 92
19 82
59 11
59 96
78 17
54 9
98 74
33 2
33 30
99 88
99 95
9 52
81 18
56 58
3 34
3 36
34 70
18 80
18 79
80 42
80 94
52 62
2 32
2 31
38 29
32 57
62 12
62 41
42 5
20 86
20 85
75 16
75 60
16 73
5 40
12 61
12 63
57 10
88 21
88 43
69 14
21 89
21 90
14 68
14 67
61 55
70 15
17 77
17 76
15 71
15 72
94 23
43 6
29 1
1 28
6 45
6 44