0 81 61 71 8 65 11 41 74 84 90 38 25 56 52 91 92 17 93 60 10 26 73 51 19 12 46 34 47 54 24 30 53 66 32 95 80 5 31 59 14 45 44 76 3 72 21 20 22 43 86 62 98 70 57 28 99 67 68 97 33 88 48 39 6 29 27 83 87 13 16 42 85 75 49 96 23 79 37 78 1 18 15 82 35 64 4 40 58 69 7 63 55 50 2 77 94 89 36 9
0 81
0 56
0 52
0 91
81 61
81 25
81 78
61 71
61 67
61 37
71 8
71 65
71 26
8 74
8 99
8 79
8 58
65 11
65 41
41 38
41 23
74 84
74 10
74 28
74 89
84 90
84 75
84 49
84 96
38 29
25 60
56 4
56 40
52 94
91 92
92 17
92 93
60 12
60 77
26 73
26 51
26 19
26 31
26 57
73 2
51 30
51 64
51 50
19 47
19 54
19 24
19 5
12 46
12 34
12 3
12 72
46 95
46 80
46 85
34 70
54 53
54 76
54 55
24 98
24 6
53 66
66 32
32 14
32 63
5 39
31 59
31 42
31 35
59 16
14 45
14 44
14 62
14 13
45 82
44 7
44 36
3 48
3 87
72 21
72 86
21 20
20 22
20 43
86 88
62 33
57 97
28 68
28 15
28 69
68 18
48 83
29 27
16 9
37 1