0 90 27 46 6 8 39 1 82 5 30 54 35 29 16 4 68 50 2 49 58 14 17 43 23 95 96 44 36 79 83 78 53 45 94 56 51 10 24 7 57 67 84 11 60 52 33 76 42 40 73 66 25 26 70 80 72 37 20 74 3 62 99 28 55 64 85 41 98 47 34 65 9 12 93 88 86 63 92 21 97 15 38 59 91 87 71 48 77 69 89 18 13 61 31 22 19 81 32 75
0 90
0 27
0 46
0 6
0 8
0 39
0 1
0 82
0 5
0 30
0 54
0 35
0 29
0 16
0 4
0 68
0 50
0 72
90 14
90 17
90 43
90 23
90 95
90 96
90 44
90 36
90 79
90 70
90 80
27 58
27 10
27 24
27 66
27 25
27 26
46 2
46 49
46 94
46 56
46 51
46 40
46 73
6 33
6 76
6 42
6 34
8 45
39 60
39 52
39 98
39 47
82 41
82 21
5 85
30 53
30 18
35 63
35 92
4 11
4 64
50 55
2 78
49 67
49 84
49 86
58 83
58 88
58 59
58 91
17 28
17 89
23 77
23 69
44 99
36 57
36 62
83 7
45 75
94 3
56 93
56 22
56 32
24 74
24 38
57 12
57 48
67 20
52 37
40 31
73 15
26 9
26 81
70 19
37 71
20 97
64 87
47 65
87 61
89 13