0 21 11 47 28 60 51 63 90 81 86 76 3 94 27 72 30 43 96 4 97 6 54 42 40 84 56 83 80 79 59 74 44 13 58 39 5 67 75 29 1 23 22 78 10 52 12 41 82 64 95 49 55 35 18 2 36 15 65 99 19 85 45 38 53 37 50 61 25 33 87 98 93 88 92 9 7 89 14 20 71 32 16 73 70 62 31 26 8 66 24 34 46 17 69 91 77 57 68 48
0 21
0 76
0 16
0 73
21 11
21 25
21 69
11 47
11 81
11 86
11 42
47 28
47 22
28 60
28 51
28 63
28 90
28 97
28 6
28 54
28 23
28 68
60 27
60 72
60 4
60 29
60 1
51 61
63 96
63 75
63 32
90 3
90 94
90 17
86 67
76 43
76 5
76 95
76 71
3 30
3 39
3 64
94 80
94 36
72 56
72 83
72 50
30 58
30 82
43 13
43 41
96 84
96 37
96 57
4 2
4 53
4 8
97 44
6 40
54 74
42 59
42 38
56 79
56 18
56 19
56 85
56 45
83 35
83 88
80 12
79 10
79 52
59 93
44 55
58 99
58 77
39 14
39 20
5 65
75 15
75 89
29 26
1 98
23 78
23 87
23 7
22 9
78 31
10 46
52 33
41 49
95 34
18 62
18 91
53 70
25 24
98 92
71 48
8 66