0 25 27 26 99 24 97 98 53 35 3 34 36 38 4 52 61 75 9 54 39 37 95 40 73 5 42 41 12 62 16 68 51 8 49 74 23 83 44 6 45 19 50 63 29 58 11 43 59 94 14 67 69 1 82 84 65 47 89 79 64 87 46 7 13 60 93 31 48 22 30 28 33 86 20 2 81 78 18 21 57 56 96 72 55 32 76 10 85 92 91 66 17 77 90 88 80 70 15 71
0 25
0 27
0 26
25 35
27 40
27 73
26 99
26 53
26 46
99 24
24 97
24 98
97 51
98 38
53 75
53 9
53 87
35 3
35 64
3 34
3 36
34 61
36 95
38 4
38 52
38 76
4 39
4 37
52 79
61 12
61 68
75 16
9 54
54 44
39 89
37 83
37 32
95 23
95 58
40 5
40 47
40 55
73 29
5 42
5 41
42 72
12 62
12 63
16 74
68 14
68 86
51 8
8 49
8 50
23 94
23 96
83 19
83 65
44 6
44 59
6 45
6 43
19 82
19 84
50 31
29 1
29 93
58 11
58 56
11 60
14 67
14 69
69 33
1 28
65 13
47 7
47 30
47 57
89 21
79 18
46 78
7 48
13 66
60 81
93 22
31 2
22 92
22 91
86 20
20 85
78 17
18 80
21 90
21 88
57 10
72 15
17 77
77 70
15 71