0 3 1 2 4 48 47 45 49 46 70 93 92 94 74 33 19 60 61 63 91 66 69 67 68 64 18 62 16 57 17 56 55 59 58 5 90 65 81 80 83 9 42 71 89 85 86 88 87 20 72 82 21 22 24 23 77 75 84 8 11 32 44 13 10 7 79 40 26 29 41 14 12 25 27 28 6 43 37 35 39 38 36 50 54 34 31 73 15 30 98 99 97 96 95 78 76 53 52 51
0 3
0 1
1 2
1 60
2 4
2 93
4 48
48 47
48 45
48 19
47 70
45 49
45 46
49 33
46 13
70 74
70 71
93 92
92 94
94 91
74 62
74 44
33 81
33 32
33 30
19 18
60 61
60 63
63 64
63 11
91 66
66 69
69 67
67 68
68 65
64 57
18 16
62 42
16 17
16 15
57 56
57 55
56 59
56 90
55 5
59 58
5 9
5 8
81 80
80 83
83 82
83 84
9 89
42 75
71 72
71 53
89 85
85 86
85 88
86 77
88 87
87 20
20 23
82 21
21 22
21 24
23 73
77 79
77 76
75 26
75 78
8 7
32 34
32 31
44 40
44 43
13 10
10 14
10 12
7 6
40 41
26 29
26 27
29 25
14 54
27 28
43 37
37 35
35 39
39 38
39 50
38 36
31 98
98 99
99 97
97 96
96 95
53 52
53 51