0 61 32 85 80 71 45 35 26 14 96 89 3 68 33 7 42 11 39 1 66 82 22 58 30 40 49 78 64 51 97 47 99 34 20 4 92 59 2 53 91 12 38 70 24 43 52 50 15 86 6 90 69 41 23 54 28 46 18 76 37 44 48 98 19 72 31 73 29 88 5 27 13 63 74 21 94 56 10 57 36 60 77 81 62 67 25 9 16 65 55 87 83 75 93 95 79 84 17 8
0 61
0 32
0 71
0 94
61 80
32 85
85 14
85 69
85 16
80 26
80 90
80 17
71 45
71 35
71 6
71 19
71 72
45 21
26 68
26 33
26 98
14 96
14 82
14 63
14 74
96 89
96 3
96 66
89 13
3 7
3 4
3 27
68 20
33 38
7 42
7 11
7 1
7 9
42 25
11 39
11 99
11 34
11 48
1 22
82 15
82 86
22 58
22 30
22 47
22 91
22 12
58 40
30 93
40 49
40 64
40 88
40 5
40 84
49 78
78 18
64 51
64 53
51 97
51 2
51 67
97 62
99 59
34 24
34 50
20 44
4 92
4 52
92 29
59 36
12 70
12 73
12 8
38 37
70 46
70 83
70 75
24 43
43 28
52 41
6 54
41 23
54 76
28 31
76 57
48 81
98 87
31 79
29 10
94 56
36 60
60 77
77 55
25 65
93 95