0 26 25 27 34 3 35 36 43 44 6 40 68 70 73 14 69 67 5 45 92 72 30 41 42 99 16 15 87 93 89 50 21 71 24 1 22 38 90 77 29 88 8 74 75 94 23 4 91 28 20 83 39 49 51 17 97 98 55 10 57 76 78 19 84 82 65 37 96 62 48 7 46 47 86 85 52 59 79 32 66 13 18 64 2 11 56 58 31 95 80 53 60 81 54 9 33 12 63 61
0 26
0 25
0 27
26 44
25 73
25 30
27 34
27 70
27 72
34 3
34 43
3 35
3 36
35 40
35 68
43 92
44 6
44 50
6 45
40 5
68 14
68 89
70 15
70 87
70 93
73 16
73 29
14 69
14 67
69 77
67 99
67 90
5 41
5 42
45 38
92 22
30 1
30 94
99 24
16 74
16 75
15 71
87 20
87 83
89 21
89 55
89 62
89 48
50 8
21 88
71 66
24 97
24 98
1 28
22 91
38 4
77 17
88 32
8 49
8 51
74 79
75 59
94 23
94 80
94 53
23 96
23 95
4 39
4 37
91 65
91 52
28 31
20 86
20 85
83 19
83 58
17 76
17 78
55 10
10 57
10 56
78 63
19 84
19 82
84 54
62 12
48 7
7 46
7 47
59 11
79 18
32 2
66 13
13 64
18 81
2 33
11 60
54 9
12 61