0 1 3 10 11 8 9 2 6 4 5 14 7 17 12 13 19 16 15 21 22 34 26 25 28 27 31 29 30 35 33 39 32 38 44 36 41 40 46 42 37 47 20 60 53 61 51 50 67 62 52 56 54 55 64 57 58 59 63 69 66 65 71 72 45 24 70 49 76 75 78 77 81 79 80 85 83 84 89 82 88 94 86 91 90 96 92 87 97 95 99 74 18 23 43 48 68 73 93 98
0 1
0 8
0 9
1 3
1 2
3 10
10 11
11 17
11 12
2 6
2 4
2 5
6 7
5 14
5 13
14 15
17 20
13 19
13 16
13 18
19 24
16 21
16 22
15 34
15 26
26 25
26 28
26 27
25 33
28 35
27 31
27 29
27 30
31 32
30 39
30 38
35 36
39 40
38 44
38 41
38 43
44 49
36 42
36 37
41 46
41 47
40 60
40 53
42 45
60 61
53 51
61 67
61 62
51 50
51 52
50 58
50 59
67 70
52 56
52 54
52 55
56 57
55 64
55 63
64 65
63 69
63 66
63 68
69 74
66 71
66 72
65 76
65 99
76 75
76 78
76 77
75 83
75 84
78 85
77 81
77 79
77 80
81 82
80 89
80 88
85 86
89 90
88 94
88 91
88 93
86 92
86 87
91 96
91 97
92 95
18 23
43 48
68 73
93 98