0 81 17 65 29 47 19 21 56 4 41 72 61 5 31 22 79 38 49 15 48 24 55 58 52 10 73 44 64 27 92 62 75 96 8 85 86 66 14 16 67 69 11 25 63 28 82 37 60 20 23 89 46 34 74 99 1 76 54 83 45 68 91 88 50 71 9 13 51 7 80 33 57 12 36 32 18 84 35 53 94 42 70 59 3 97 26 78 98 2 95 90 77 87 93 39 30 40 6 43
0 81
0 65
81 17
65 29
65 47
65 86
65 66
65 3
29 49
29 74
29 59
47 19
47 21
47 41
47 38
47 57
19 56
19 4
19 8
19 85
41 72
41 79
41 70
41 2
72 61
72 73
61 5
61 31
31 22
31 33
79 10
79 96
79 34
38 15
38 98
38 77
49 58
49 52
49 75
49 11
15 48
15 69
48 24
48 89
48 46
24 55
24 67
24 80
73 44
73 64
64 27
64 23
27 92
92 62
92 82
92 51
92 7
62 90
8 16
85 14
86 20
66 13
14 28
16 63
16 60
69 53
69 94
69 42
69 30
11 25
11 9
25 71
63 50
28 78
82 37
82 54
60 76
20 91
20 88
89 99
89 1
1 68
1 35
54 83
83 45
68 26
88 32
50 97
9 95
13 84
7 36
80 18
57 12
32 39
35 93
98 87
93 43
30 40
40 6