0 1 6 2 3 4 5 8 10 7 9 11 14 12 17 18 13 19 21 29 23 22 34 24 28 25 35 33 27 26 31 30 16 15 20 39 44 42 43 47 53 56 52 36 41 38 37 46 45 32 57 54 59 58 48 51 49 55 60 67 63 64 50 40 71 65 73 72 74 75 76 77 70 81 83 80 78 82 79 87 88 66 68 69 84 85 86 89 90 92 93 94 95 96 91 61 62 99 97 98
0 1
0 6
0 2
0 3
0 4
0 5
6 8
6 10
6 7
6 12
8 14
7 9
9 11
11 13
12 17
12 18
12 16
12 15
18 19
18 21
18 20
19 25
21 29
29 23
29 34
29 24
29 28
23 22
34 39
24 27
24 26
28 35
28 33
35 31
33 30
30 32
39 44
39 36
44 42
44 53
42 43
42 47
42 46
42 45
43 37
47 52
53 56
56 54
52 57
36 41
36 38
36 40
54 59
54 55
54 60
54 61
59 58
58 48
48 51
48 49
51 50
60 67
60 63
60 64
60 65
67 71
71 73
73 72
73 83
72 74
72 75
72 76
74 81
75 80
76 77
76 78
77 70
77 82
70 66
83 88
80 87
78 79
87 84
66 68
68 69
84 85
84 86
84 89
84 90
90 92
90 93
90 94
90 95
90 96
90 91
92 97
93 99
96 98
61 62