0 85 17 14 46 34 55 36 21 51 44 91 90 11 93 29 87 78 63 35 54 28 15 45 7 71 37 30 2 3 24 6 60 56 20 73 81 84 89 4 64 76 70 40 86 74 69 48 50 22 82 8 13 25 95 9 18 57 31 12 38 1 33 88 83 92 99 98 23 77 32 41 80 49 19 5 72 42 27 62 10 59 47 75 96 53 66 68 67 61 43 26 65 79 52 97 39 58 16 94
0 85
0 14
85 17
85 46
85 60
85 76
85 26
17 64
17 23
14 4
46 34
46 89
46 98
34 55
34 82
55 36
55 83
55 92
55 99
36 21
21 51
21 44
21 91
21 90
21 39
51 29
44 22
44 72
91 6
91 88
90 11
90 9
11 93
93 87
93 33
93 5
87 78
87 95
87 59
78 63
78 35
78 15
78 45
78 50
78 16
63 28
63 84
63 94
35 54
35 97
54 81
28 37
28 30
15 71
15 2
45 7
7 3
7 24
7 43
71 19
37 73
30 49
2 61
24 20
6 48
6 80
6 10
60 56
56 69
56 13
56 25
56 62
81 40
81 52
84 70
84 96
64 1
76 74
40 86
74 67
69 8
8 38
8 79
13 12
25 57
95 18
9 31
12 68
1 41
99 27
99 65
98 77
98 32
72 42
42 75
62 58
10 47
96 53
96 66