0 33 35 1 20 17 4 2 9 30 34 31 5 25 10 27 18 15 19 28 6 21 32 24 8 26 16 14 12 23 11 29 7 13 3 22 39 41 36 45 52 37 68 73 74 80 76 46 54 94 93 51 38 67 78 66 49 75 90 72 70 95 96 48 79 82 98 84 43 42 77 60 91 50 81 53 83 55 58 56 40 85 87 88 44 92 65 59 61 69 71 86 89 64 63 97 62 57 47
0 33
0 1
0 20
0 17
0 4
0 2
0 9
0 30
0 34
0 31
0 5
0 25
0 10
0 27
0 18
0 15
0 19
0 28
0 6
0 21
0 32
0 24
0 8
0 26
0 16
0 14
0 12
0 23
0 11
0 29
0 7
0 13
0 3
0 22
33 35
1 36
20 73
20 74
17 68
17 67
4 41
4 42
2 37
2 38
9 52
9 51
30 94
30 93
31 95
31 96
5 43
5 44
25 84
25 83
10 54
10 53
27 87
27 88
18 70
18 69
15 64
15 63
19 72
28 90
6 45
6 46
21 76
21 75
32 98
32 97
24 82
24 81
8 49
8 50
26 85
16 66
14 61
14 62
12 57
23 80
23 79
29 91
13 60
13 59
3 39
3 40
45 47
80 78
46 48
54 56
67 65
90 92
79 77
60 58
91 89
53 55
88 86
69 71