0 34 36 33 11 6 24 7 31 4 10 26 12 2 23 30 16 19 18 28 5 15 1 27 9 8 14 3 32 22 17 13 20 25 21 29 91 68 35 55 56 95 46 45 89 86 85 47 81 82 77 52 51 71 37 54 48 75 62 87 80 58 42 41 96 53 74 40 43 94 79 57 76 50 64 44 66 93 38 88 60 97 39 61 69 72 65 70 63 73 49 83 67 78 90 59 84 98 92
0 34
0 33
0 11
0 6
0 24
0 7
0 31
0 4
0 10
0 26
0 12
0 2
0 23
0 30
0 16
0 19
0 18
0 28
0 5
0 15
0 1
0 27
0 9
0 8
0 14
0 3
0 32
0 22
0 17
0 13
0 20
0 25
0 21
0 29
34 36
11 55
11 56
6 46
6 45
24 81
24 82
7 47
7 48
31 95
31 96
4 42
4 41
10 54
26 86
26 85
12 58
12 57
2 37
2 38
23 80
23 79
30 94
30 93
16 66
16 65
19 71
19 72
18 69
28 89
28 90
5 43
5 44
15 64
1 35
27 87
9 52
9 51
8 50
14 62
14 61
3 40
3 39
32 97
32 98
22 77
22 78
17 68
17 67
13 60
20 74
21 75
21 76
29 91
55 53
86 88
81 83
82 84
51 49
75 73
57 59
61 63
72 70
90 92