0 28 21 76 78 84 49 87 88 18 64 53 29 65 36 26 3 91 61 37 22 16 71 93 45 20 70 23 13 94 19 95 7 83 48 4 58 59 99 77 14 44 86 5 43 1 31 81 55 32 12 51 41 33 69 47 42 17 90 72 68 2 10 39 46 67 38 8 30 74 97 62 85 25 80 98 66 24 9 92 60 15 27 35 63 50 56 73 54 11 40 89 52 57 82 75 34 6 79 96
0 28
0 88
0 71
0 93
0 45
28 21
28 87
28 16
28 57
28 82
28 75
21 76
21 49
21 61
21 37
21 22
76 78
76 65
76 44
78 84
84 52
49 29
87 18
87 64
87 53
87 77
87 14
88 91
18 3
18 99
64 26
64 13
53 69
29 19
65 36
65 58
65 59
65 89
26 83
91 7
16 23
16 55
16 33
16 15
45 20
20 70
20 41
70 11
70 40
23 94
23 4
13 54
94 95
94 98
7 43
7 79
83 48
83 81
58 51
14 5
14 12
14 92
14 60
44 86
5 1
5 31
43 80
43 6
55 32
51 9
41 90
41 72
33 42
33 17
69 47
69 67
72 68
72 2
68 39
68 46
68 30
2 10
2 73
46 8
67 38
67 25
30 74
74 97
97 62
62 85
62 24
25 66
24 27
92 56
60 50
15 63
27 35
56 34
57 96