0 7 33 76 22 59 19 39 82 30 58 45 31 68 27 5 63 70 12 61 3 94 20 15 71 98 36 56 26 53 50 65 69 80 96 25 13 55 6 41 72 91 10 35 92 9 57 14 40 38 77 93 37 87 16 52 34 78 64 32 43 85 29 84 18 1 24 2 54 8 75 97 28 47 95 79 86 67 23 49 89 60 88 99 83 42 4 46 74 62 66 90 11 17 48 81 51 73 44 21
0 7
0 33
0 76
0 22
0 59
0 19
0 39
33 12
76 82
76 1
22 63
22 70
22 18
59 45
59 31
59 68
59 27
59 5
39 50
82 30
30 58
30 94
58 53
45 3
45 84
68 67
27 4
5 61
63 15
63 26
70 56
70 29
12 36
12 41
12 62
61 6
61 38
61 86
3 20
3 55
94 83
94 42
15 71
15 98
36 13
36 79
36 74
56 40
56 85
53 65
53 69
50 96
50 25
65 80
65 35
96 10
25 11
13 91
13 95
55 87
6 72
72 37
91 43
91 90
10 92
92 9
9 57
57 14
57 99
57 17
14 47
40 32
38 77
38 93
77 28
77 88
37 64
87 16
87 52
87 60
52 34
52 78
78 97
78 51
43 81
29 48
18 24
18 75
18 89
1 8
24 2
2 54
2 49
47 23
47 46
60 73
42 66
11 21
73 44