0 33 34 21 7 29 27 18 17 12 3 14 10 13 20 2 30 4 8 23 22 16 25 28 31 15 24 26 11 6 1 9 5 32 52 58 67 88 35 85 83 60 54 39 40 91 47 48 36 38 51 84 59 53 61 19 87 92 76 75 57 45 89 65 80 37 74 73 68 69 70 63 82 46 42 41 93 94 62 43 66 78 86 50 49 71 90 79 95 97 44 81 64 77 72 56 98 96 55
0 33
0 34
0 21
0 7
0 29
0 27
0 18
0 17
0 12
0 3
0 14
0 10
0 13
0 20
0 2
0 30
0 4
0 8
0 23
0 22
0 16
0 25
0 28
0 31
0 15
0 24
0 26
0 11
0 6
0 1
0 9
0 5
0 32
33 35
34 36
21 76
21 75
7 47
7 48
29 91
29 92
27 88
27 87
18 19
18 69
18 70
17 67
17 68
12 58
3 39
3 40
14 61
14 62
10 54
10 53
13 60
13 59
20 74
20 73
2 37
30 93
30 94
4 42
4 41
8 50
8 49
23 80
23 79
22 77
16 65
25 83
25 84
28 90
31 96
15 64
24 81
26 85
26 86
6 46
9 52
9 51
5 44
32 97
32 98
54 56
40 38
91 89
47 45
84 82
59 57
53 55
61 63
80 78
68 66
69 71
70 72
41 43
93 95