0 1 2 4 98 96 97 88 74 72 64 73 18 16 17 15 19 21 20 44 45 25 3 7 10 26 27 28 5 6 8 11 70 39 71 40 42 41 34 43 49 33 36 35 32 29 30 31 12 14 23 24 22 38 47 46 48 13 37 9 68 66 67 79 80 81 82 85 83 84 99 86 87 69 53 63 89 94 92 65 95 90 91 62 75 60 76 77 57 55 56 58 61 93 78 59 50 51 52 54
0 1
0 2
0 4
1 98
2 18
2 68
98 96
96 97
97 88
88 74
88 89
74 72
74 64
72 73
64 63
18 16
18 17
18 19
18 21
16 15
15 7
15 14
19 44
21 20
20 25
20 3
44 45
25 10
25 26
25 27
25 28
7 5
7 6
7 8
7 39
10 12
10 9
27 70
8 11
70 71
70 69
70 53
39 40
71 79
40 42
42 41
42 34
42 43
34 49
34 33
34 36
33 35
35 32
32 29
32 30
32 31
12 13
14 23
14 24
23 22
24 38
38 47
38 37
47 46
46 48
68 66
68 67
66 65
79 80
79 81
79 82
79 75
82 85
85 83
83 84
83 78
84 99
84 86
84 92
86 87
69 94
63 62
89 57
94 95
92 90
92 91
92 93
75 60
75 76
75 77
60 59
57 55
57 56
57 58
55 50
58 61
50 51
50 52
50 54