0 33 34 5 27 6 30 20 12 26 28 7 19 17 18 9 16 2 11 21 24 15 31 4 32 1 3 8 25 29 13 14 22 10 23 86 87 36 35 61 57 93 43 44 59 69 48 58 46 88 60 71 95 42 66 73 94 45 68 62 50 63 38 89 85 74 76 40 47 41 96 64 52 67 90 92 91 83 97 98 82 55 72 81 77 84 39 75 51 70 49 53 54 56 65 37 79 80 78
0 33
0 34
0 5
0 27
0 6
0 30
0 20
0 12
0 26
0 28
0 7
0 19
0 17
0 18
0 9
0 16
0 2
0 11
0 21
0 24
0 15
0 31
0 4
0 32
0 1
0 3
0 8
0 25
0 29
0 13
0 14
0 22
0 10
0 23
33 35
34 36
5 43
5 44
27 87
27 88
6 46
6 45
30 93
30 94
20 73
20 74
12 57
12 58
26 86
26 85
28 89
28 90
7 48
19 72
17 67
18 69
18 70
9 52
9 51
16 66
16 65
2 38
11 55
11 56
21 75
24 82
15 63
15 64
31 96
4 42
4 41
32 97
32 98
3 39
8 50
25 83
25 84
14 61
14 62
22 77
22 78
10 54
23 80
57 59
93 95
69 71
58 60
66 68
45 47
38 40
89 91
74 76
90 92
83 81
55 53
77 79
39 37
51 49