0 92 12 23 1 4 76 85 82 10 3 29 88 51 32 72 57 71 97 56 54 61 39 94 5 87 15 45 42 30 89 99 33 44 98 86 58 7 38 55 18 34 31 47 40 36 68 43 62 13 46 52 21 17 50 75 20 73 11 80 35 83 49 84 41 69 95 48 77 65 6 90 9 59 63 27 74 16 53 8 28 26 67 81 64 37 93 96 91 79 60 19 24 22 70 14 2 25 78 66
0 92
0 3
92 12
92 10
12 23
12 82
23 1
23 76
23 85
23 42
23 30
1 4
1 39
1 45
1 44
85 51
85 72
85 61
82 15
82 34
10 88
10 54
10 33
3 29
3 17
88 32
88 38
88 18
51 71
51 87
32 52
32 21
72 57
72 99
72 11
57 7
71 97
71 56
61 89
61 31
61 95
39 94
39 5
39 69
94 41
15 58
42 86
44 98
44 81
98 19
38 55
31 47
31 40
31 68
31 73
47 60
40 36
40 46
40 20
68 43
68 75
68 67
43 62
62 13
46 84
21 50
17 74
20 80
20 83
20 49
20 14
73 27
11 35
35 26
83 77
83 65
83 70
49 79
84 22
69 48
95 9
95 28
48 90
48 78
77 6
65 63
9 59
9 8
59 53
27 16
8 96
8 91
67 64
81 37
81 93
96 24
22 25
70 2
25 66