0 91 7 52 94 70 57 15 48 74 24 67 86 42 88 37 85 72 8 78 63 71 19 21 54 80 61 93 38 65 45 77 36 69 83 25 95 2 31 92 49 32 13 64 50 90 16 10 58 59 17 41 12 34 84 53 20 4 60 30 40 96 75 82 55 99 47 76 79 28 6 26 14 27 89 29 11 1 81 73 22 66 43 33 62 98 46 35 56 87 44 3 18 23 97 39 5 51 9 68
0 91
0 85
0 72
0 14
91 7
91 36
7 52
52 94
52 88
52 37
52 46
94 70
70 57
57 15
57 48
57 74
57 77
57 10
48 42
74 24
74 67
74 86
74 45
24 71
67 84
67 98
42 92
42 26
88 16
37 78
37 63
37 54
37 34
37 6
85 31
85 50
85 90
72 8
72 64
72 3
72 18
78 19
78 79
78 28
63 21
71 39
54 80
54 61
80 65
61 93
61 2
93 38
38 12
45 83
45 25
45 95
77 41
77 76
36 69
36 13
69 32
69 40
25 62
95 17
2 59
31 30
92 49
13 33
50 44
90 60
90 87
16 4
10 58
58 43
59 20
17 47
17 66
41 99
41 56
84 53
53 55
53 22
4 96
60 82
30 97
40 75
40 9
75 11
79 68
28 73
6 27
6 81
14 35
27 89
89 29
11 1
1 51
81 23
43 5