0 89 51 40 33 74 22 20 98 4 78 7 56 36 81 15 68 37 48 19 76 71 66 65 87 2 10 63 11 21 41 73 24 38 70 95 69 86 32 93 91 75 46 9 39 18 17 12 85 80 35 5 47 16 82 62 25 90 92 42 94 64 52 29 96 8 14 50 97 1 45 53 28 79 59 31 49 58 34 83 72 99 77 26 44 84 3 67 13 61 30 54 43 6 23 27 57 60 88 55
0 89
0 70
0 95
0 83
89 51
89 24
89 38
51 40
51 33
51 53
51 61
51 60
40 55
33 74
33 75
74 22
74 20
74 13
22 7
22 56
20 98
20 73
20 45
98 4
98 78
4 19
78 91
7 48
7 57
56 36
56 81
56 10
56 41
36 27
81 15
81 1
81 23
15 68
15 37
15 34
68 93
68 58
37 71
48 2
48 47
19 76
19 97
76 87
76 6
71 66
71 52
66 65
66 21
87 64
2 11
2 32
2 50
10 63
21 49
41 94
38 86
38 14
70 5
95 69
86 9
86 39
32 12
91 46
46 35
39 18
18 17
18 42
18 67
18 88
17 80
12 85
12 62
85 31
85 3
47 16
47 82
16 92
82 90
62 25
92 96
92 8
42 59
52 29
29 44
29 84
8 43
97 54
45 79
53 28
53 26
28 77
59 30
31 99
83 72