0 58 37 57 11 29 51 24 32 85 6 80 10 39 75 49 4 71 46 43 25 34 35 83 28 76 52 33 72 21 59 67 9 81 86 88 65 64 2 62 79 17 89 5 70 7 8 31 84 47 48 1 77 50 12 41 53 23 61 66 44 15 74 20 78 82 54 69 22 55 60 63 18 26 36 27 14 56 16 3 45 87 40 30 42 19 13 68 73 38
0 58
58 37
58 39
58 53
58 36
37 57
57 11
57 29
57 51
11 26
29 24
29 32
29 85
29 10
51 80
32 6
85 46
85 41
80 31
10 71
39 75
39 83
39 62
39 12
75 49
75 4
4 8
71 67
46 43
46 35
46 33
43 25
43 2
43 50
25 34
25 65
25 64
34 70
34 7
35 28
35 76
35 52
28 59
76 72
76 77
76 18
52 81
52 1
52 45
33 88
72 21
67 9
67 63
9 5
81 86
86 89
86 44
86 13
88 17
65 60
2 48
62 79
5 84
5 47
70 61
70 66
70 55
70 3
7 23
8 20
31 19
1 16
77 22
50 42
53 69
23 38
61 74
61 82
66 30
44 15
74 78
82 54
82 73
60 14
60 56
63 27
3 87
3 40
45 68