0 89 83 25 47 80 78 75 23 59 63 79 70 18 49 48 87 73 50 64 7 42 9 97 96 69 98 24 53 15 20 46 3 65 62 60 81 85 68 8 88 84 71 10 91 66 38 58 61 28 51 36 41 72 17 43 56 76 77 45 44 90 29 19 33 40 31 35 86 30 22 82 21 4 6 12 11 39 74 95 34 94 2 13 16 54 52 32 57 5 55 93 14 26 1 37 67 27 92
0 89
89 83
83 25
83 96
25 47
25 51
47 80
47 78
47 50
47 64
47 7
47 42
47 9
47 97
80 68
78 75
78 23
78 90
78 67
23 59
23 70
23 28
23 44
59 63
59 86
63 79
63 73
63 85
79 87
79 94
70 18
70 15
70 20
18 49
18 60
18 81
18 34
18 37
49 48
49 45
48 58
48 61
87 53
87 62
73 77
50 3
50 65
50 56
50 76
7 35
7 95
7 1
42 24
9 84
9 74
96 69
96 98
69 43
98 38
98 39
15 46
20 26
46 16
3 88
3 92
62 8
60 14
85 66
85 93
68 91
8 10
8 17
84 71
84 5
84 55
71 72
91 41
66 33
66 11
61 19
51 36
36 31
41 27
72 12
43 13
56 29
76 40
29 6
40 4
35 30
30 22
22 82
22 21
82 57
74 2
13 54
13 52
54 32