0 1 3 5 7 6 8 32 35 38 34 14 24 19 23 40 43 50 16 41 20 45 42 44 37 46 52 27 17 36 26 21 29 39 30 58 59 60 57 28 56 53 72 61 80 15 33 10 12 13 11 51 69 74 9 48 79 68 47 49 2 82 81 83 73 18 22 64 66 31 90 62 97 98 89 88 25 84 76 77 75 99 93 86 54 91 71 4 78 87 85 96 94 70 92 67 55 63 65 95
0 1
0 7
1 3
3 5
3 14
7 6
7 8
8 32
32 35
35 38
35 34
38 43
38 50
38 48
34 40
14 24
24 19
24 23
23 20
40 41
40 42
40 36
43 16
43 17
43 30
16 37
41 45
20 27
45 52
42 44
42 46
37 33
27 26
17 21
17 9
36 39
21 29
21 15
30 58
30 80
58 59
58 57
58 74
59 60
60 72
60 61
60 69
60 64
57 28
57 56
28 22
56 53
56 62
72 76
80 78
15 10
15 12
33 11
10 13
13 51
13 4
51 18
69 68
69 90
74 79
74 71
9 2
48 47
48 49
47 82
49 73
2 31
82 81
81 83
81 84
18 25
64 66
64 88
66 89
66 91
90 97
90 98
90 92
97 70
88 99
25 54
84 75
76 77
77 93
77 86
77 94
93 96
54 55
54 63
71 67
78 87
87 85
87 95
63 65