0 1 2 31 8 3 9 4 7 32 30 5 88 87 6 64 63 89 33 84 10 85 34 90 62 50 92 91 93 61 72 73 71 60 51 83 42 70 69 68 82 52 41 40 67 20 26 11 21 25 27 77 76 78 22 53 66 94 86 65 23 24 18 75 74 43 99 98 81 45 35 36 80 79 37 44 19 39 49 29 28 38 95 12 59 58 96 54 55 56 57 48 46 97 17 47 16 15 14 13
0 1
0 8
0 3
1 2
1 31
31 32
31 30
8 9
8 7
3 4
9 10
4 5
4 88
7 6
32 33
32 84
30 29
88 87
88 89
6 64
64 63
64 65
63 62
89 90
33 34
84 85
84 83
10 92
10 11
85 86
34 35
90 50
90 45
62 61
50 51
50 49
92 91
92 93
93 94
61 72
61 60
72 73
72 71
72 99
71 70
71 26
60 20
60 66
60 59
51 42
51 52
83 82
42 43
70 69
69 68
68 67
82 41
82 81
52 53
41 40
40 39
67 77
20 21
20 19
26 25
26 27
11 12
21 22
77 76
77 78
76 75
22 23
53 54
94 95
23 24
23 18
18 17
75 74
99 98
98 97
81 80
45 44
45 46
35 36
36 37
80 79
37 38
49 48
29 28
95 96
59 58
58 57
54 55
55 56
46 47
17 16
16 15
15 14
14 13