0 11 10 1 2 3 9 8 4 5 6 7 19 66 68 12 14 20 55 51 22 17 63 71 70 13 67 35 60 61 16 69 15 38 44 37 52 59 23 27 24 25 21 65 64 49 32 31 54 56 57 62 18 53 58 47 46 34 29 28 30 26 48 41 39 43 33 36 40 42 50 45
0 11
0 1
0 12
0 13
11 10
11 68
11 71
11 70
11 69
10 9
10 66
10 63
10 65
10 64
1 2
1 16
2 3
2 19
2 17
2 21
2 18
3 4
3 22
3 23
3 27
3 24
3 25
3 26
9 8
9 60
9 61
9 59
9 56
9 57
9 62
8 7
8 55
8 51
8 52
8 54
4 5
4 31
4 29
4 28
4 30
5 6
5 35
5 37
5 32
5 34
5 33
5 36
6 41
6 39
6 43
6 42
7 44
7 47
7 46
7 48
7 50
7 45
19 20
12 14
70 67
35 38
16 15
44 49
54 53
57 58
41 40