0 9 3 60 52 50 92 79 26 62 31 91 49 77 78 8 14 23 54 33 90 45 89 66 83 85 63 96 80 93 88 71 32 74 2 16 24 75 42 81 82 67 15 87 10 69 95 59 73 64 48 94 38 98 86 25 13 1 47 46 36 39 30 72 51 12 76 58 40 7 65 28 11 53 70 99 56 68 35 57 4 84 97 37 55 34 6 61 41 29 5 17 22 21 18 43 19 27 20 44
0 9
0 60
9 3
9 50
60 52
52 91
52 49
50 92
50 62
50 31
50 68
92 79
92 26
92 94
92 99
92 56
79 78
62 48
91 54
91 70
49 77
49 15
49 5
78 8
78 64
8 14
8 23
8 1
14 53
23 13
54 33
54 90
54 45
33 85
90 89
90 66
90 83
90 84
90 97
66 96
85 63
63 32
63 74
63 67
63 4
63 41
63 29
96 80
96 71
80 93
80 43
93 88
93 82
93 11
71 59
71 73
32 25
74 2
74 39
74 76
2 16
2 75
16 24
75 42
75 81
81 95
82 12
67 87
15 20
87 10
87 69
69 86
69 28
73 98
73 36
48 38
48 57
38 46
86 44
25 51
13 47
13 72
47 61
36 30
30 18
72 21
51 65
12 58
58 40
58 22
58 27
40 7
40 17
28 35
11 6
56 55
56 34
84 37
22 19