0 1 2 3 13 14 15 16 78 65 66 45 46 72 44 71 58 35 55 48 59 60 23 11 24 50 10 77 31 74 43 73 27 47 79 4 32 76 68 61 6 87 62 5 7 64 53 54 67 38 34 9 8 63 75 25 12 42 70 29 84 17 19 18 52 51 40 41 36 20 85 28 69 86 49 56 88 82 81 57 37 26 30 22 83 39 33 80 21
0 1
1 2
1 13
2 3
3 4
13 14
13 45
14 15
15 16
15 19
16 78
16 29
16 84
16 17
78 65
78 79
65 66
65 82
45 46
45 72
45 44
46 27
46 47
72 71
72 23
72 73
72 67
72 88
44 43
71 58
71 74
71 70
58 35
58 31
58 6
35 55
35 48
55 54
55 56
48 59
48 53
59 60
59 42
60 61
23 11
23 24
23 7
23 64
23 22
11 10
11 77
11 75
11 25
11 12
24 50
24 68
24 40
50 86
50 49
77 76
31 32
31 51
31 30
27 26
79 80
4 5
68 28
68 69
61 87
61 62
6 34
62 8
62 63
53 52
54 38
38 9
38 37
34 33
84 85
17 18
19 20
40 41
40 39
41 36
56 57
82 81
82 83
22 21