0 1 2 3 18 17 71 72 4 6 5 8 7 12 13 10 14 15 11 9 16 19 20 21 22 23 30 29 32 27 25 28 55 24 26 31 54 56 57 58 61 60 74 59 65 68 76 64 70 62 73 69 75 33 34 35 66 36 67 63 37 38 40 39 42 45 47 48 50 52 51 49 46 44 41 43 53
0 1
1 2
2 3
3 18
3 4
18 17
17 71
71 72
4 6
6 5
6 8
6 7
8 12
8 10
8 9
7 11
12 13
10 14
14 15
11 16
16 19
19 20
20 21
20 55
21 22
22 23
22 30
22 29
23 25
23 28
30 31
29 32
32 27
32 33
25 24
28 26
31 54
54 56
56 57
56 65
57 58
58 61
58 59
61 60
60 74
59 75
65 68
65 66
68 76
76 64
76 70
76 62
76 63
70 69
70 67
62 73
33 34
33 35
33 36
36 37
37 38
38 40
40 39
40 41
39 42
42 45
45 47
45 44
47 48
47 49
48 50
50 52
50 46
52 51
51 53
44 43