0 61 41 67 5 78 24 42 33 43 29 82 34 15 47 28 72 37 38 45 13 8 36 57 6 81 52 21 92 64 96 87 50 76 2 18 90 48 80 65 32 93 62 49 59 26 27 30 77 88 4 58 46 55 85 51 91 7 12 69 73 79 31 16 39 17 56 98 11 66 23 54 97 1 14 19 75 25 83 35 22 86 3 9 94 20 68 71 95 44 53 70 63 74 40 84 99 89 60 10
0 61
61 41
61 67
61 53
41 82
67 5
5 78
5 24
5 29
78 42
78 33
78 43
24 28
24 72
24 96
42 16
43 15
43 47
43 31
43 44
29 34
29 75
29 95
82 71
15 45
15 64
47 38
28 37
28 8
28 36
28 57
72 52
37 13
38 92
38 27
45 65
45 68
13 81
57 6
57 14
57 19
6 21
81 20
52 50
52 51
21 87
21 26
92 80
92 59
64 85
96 79
96 94
87 76
87 48
50 2
76 49
76 40
2 18
2 90
2 4
18 62
18 55
18 73
90 69
90 1
65 32
65 12
32 93
49 46
26 7
26 54
26 97
27 30
27 88
27 9
30 77
4 58
55 91
51 10
91 60
7 11
12 23
69 56
69 98
69 3
79 86
79 74
31 39
39 17
56 66
66 22
23 35
1 25
14 83
25 63
22 89
86 70
44 99
74 84