0 88 18 2 92 34 71 29 85 24 61 73 63 65 83 47 82 14 5 22 9 3 89 54 98 6 79 26 49 28 36 69 72 21 42 91 40 77 20 23 25 32 59 11 7 19 16 10 58 13 97 50 55 45 51 4 93 64 27 81 95 53 76 15 38 62 44 68 52 46 17 74 94 43 37 39 31 1 87 41 48 66 90 86 67 8 96 35 99 80 33 12 56 70 84 30 78 60 57 75
0 88
0 18
0 85
0 90
0 12
88 92
18 2
18 71
2 29
2 33
92 34
92 83
34 66
34 80
29 65
29 78
85 24
24 61
24 73
24 63
24 11
73 82
63 47
63 98
65 59
47 9
82 14
82 32
14 5
14 22
14 99
5 89
5 54
5 10
22 3
22 16
9 25
9 76
3 19
89 49
89 42
54 26
98 6
98 79
6 36
6 69
6 72
6 21
6 48
79 77
79 20
79 23
79 30
49 28
36 35
21 40
21 96
42 91
42 7
40 53
23 58
23 13
32 55
32 8
19 31
16 50
10 95
13 97
13 84
50 51
55 45
45 81
51 4
4 93
4 64
4 27
64 70
81 15
81 43
95 94
76 38
38 62
38 68
38 39
62 44
44 41
68 52
52 46
46 17
46 87
46 56
17 74
94 75
43 37
43 67
39 1
87 57
90 86
78 60