0 26 27 25 42 79 73 18 80 16 81 5 54 86 37 40 41 74 75 39 4 20 9 69 66 62 35 12 53 70 61 3 36 52 87 67 14 68 34 31 13 2 65 95 15 38 23 96 71 33 32 64 63 47 85 7 49 44 48 94 91 57 10 8 46 28 72 84 59 56 22 6 92 50 51 55 45 83 19 43 93 11 76 89 82 21 88 17 77 78 90 60 1 97 58 99 98 24 30 29
0 26
0 27
0 25
26 42
26 79
26 73
26 37
27 86
25 54
25 62
25 35
42 81
42 5
79 18
73 16
18 80
16 74
16 75
81 69
81 66
5 40
5 41
54 9
86 20
37 39
37 4
40 61
41 67
74 70
75 53
4 38
20 87
20 85
9 52
66 13
66 59
62 12
62 57
35 3
35 31
35 47
12 63
70 15
70 91
61 64
3 36
3 34
52 94
87 95
67 14
67 84
14 68
68 48
31 2
31 44
13 65
2 33
2 32
95 23
15 71
15 72
38 28
23 96
71 49
64 83
63 45
47 7
7 46
49 8
44 6
94 82
91 22
57 10
10 56
10 55
8 50
8 51
28 1
28 97
72 89
84 76
59 11
22 92
22 93
6 43
55 60
83 19
83 98
93 99
11 58
76 17
89 21
21 88
21 90
17 77
17 78
1 30
1 29
99 24