0 26 25 27 59 56 11 58 10 57 60 40 37 5 41 55 83 79 18 34 42 48 46 63 12 61 3 81 19 4 39 7 36 80 89 66 65 21 88 90 38 82 62 76 68 86 17 47 72 85 15 77 14 84 35 94 23 95 96 70 71 20 78 13 31 2 32 33 67 87 50 53 91 28 43 98 9 6 44 22 64 51 8 45 52 1 30 29 93 92 54 24 69 75 99 16 73 97 49 74
0 26
0 25
0 27
26 56
25 59
25 37
27 79
59 11
59 40
56 10
56 83
11 58
11 60
58 63
10 57
10 55
57 48
57 46
60 65
40 5
37 4
5 41
5 42
41 66
41 86
55 34
83 19
79 18
79 89
18 81
18 80
34 3
34 36
42 68
48 76
46 7
46 99
63 12
63 94
12 61
12 62
61 85
3 35
81 72
19 82
19 84
4 39
4 38
7 47
36 31
89 21
66 98
65 13
21 88
21 90
88 43
90 75
76 17
76 28
68 14
17 77
17 78
47 91
72 15
85 20
15 70
15 71
14 67
94 23
23 95
23 96
70 53
71 50
20 87
78 51
78 74
13 64
31 2
2 32
2 33
67 69
53 9
91 22
28 1
43 6
98 24
9 52
9 54
6 44
6 45
22 93
22 92
51 8
8 49
1 30
1 29
24 97
75 16
16 73