0 26 25 27 61 12 62 63 77 75 17 99 45 68 82 30 55 10 56 78 16 29 64 37 42 1 24 98 97 4 38 28 14 87 69 19 41 74 73 57 53 31 76 2 84 95 67 79 58 6 54 43 65 18 80 47 9 44 13 7 46 52 81 60 83 49 51 35 34 48 8 66 5 50 3 11 20 39 59 88 21 90 85 36 32 33 86 72 15 70 71 23 96 93 22 92 91 94 89 40
0 26
0 25
0 27
26 75
25 30
25 55
27 61
27 77
27 82
61 12
61 37
61 42
61 65
12 62
12 63
62 99
62 45
62 68
63 43
77 17
77 29
77 64
75 16
75 54
17 78
17 76
99 24
99 34
99 48
45 87
45 31
45 6
68 14
68 58
68 35
82 19
55 10
55 53
55 79
10 56
10 57
56 67
78 95
78 72
16 74
16 73
29 1
64 13
37 4
37 49
37 51
42 5
1 28
24 98
24 97
98 86
4 38
4 39
14 69
87 20
69 41
19 84
19 83
57 93
31 2
31 60
2 32
2 33
84 96
95 23
79 18
6 44
54 9
43 47
18 80
18 81
80 40
47 7
9 52
13 66
7 46
60 11
49 8
35 3
8 50
3 36
11 59
20 85
59 88
88 21
21 90
21 89
72 15
15 70
15 71
23 94
93 22
22 92
22 91