0 27 26 25 47 68 7 46 86 20 14 69 87 48 60 11 58 84 40 65 43 94 5 6 13 19 39 79 18 44 41 77 23 17 80 66 42 98 55 10 35 4 83 74 24 61 12 32 31 72 2 3 53 9 75 15 89 29 49 8 21 1 92 22
0 27
0 26
0 25
27 68
26 47
25 60
47 7
68 14
68 94
7 46
7 48
46 86
86 20
20 87
14 69
69 84
69 40
69 65
69 43
87 79
48 39
48 55
60 11
11 58
58 98
84 19
40 5
65 13
43 6
43 74
94 77
94 23
5 41
5 42
6 44
13 66
19 83
39 4
39 61
79 18
18 80
44 35
41 53
77 17
80 72
66 49
42 29
98 24
98 31
55 10
55 89
35 3
83 32
61 12
32 2
31 75
72 15
53 9
75 92
89 21
29 1
49 8
92 22