0 91 7 52 94 70 57 48 74 24 67 42 88 37 85 72 78 63 71 54 80 61 93 38 45 77 36 69 25 95 2 31 92 13 50 90 16 10 58 59 17 41 84 53 4 60 30 40 75 79 28 6 14 27 89 11 1 81 43
0 91
0 85
0 72
0 14
91 7
91 36
7 52
52 94
52 88
52 37
94 70
70 57
57 48
57 74
57 77
57 10
48 42
74 24
74 67
74 45
24 71
67 84
42 92
88 16
37 78
37 63
37 54
37 6
85 31
85 50
85 90
78 79
78 28
54 80
54 61
61 93
61 2
93 38
45 25
45 95
77 41
36 69
36 13
69 40
95 17
2 59
31 30
90 60
16 4
10 58
58 43
84 53
40 75
75 11
6 27
6 81
27 89
11 1