0 20 8 10 19 3 46 94 49 92 51 64 66 2 68 75 36 27 12 17 80 32 14 7 21 82 99 54 89 6 13 44 83 37 47 93 69 79 50 28 74 84 88 85 9 40 35 57 98 76 91 45 11 31 67 58 95 56 34 65 62 39 52 15 42 97 22 25 63 41 77 90 43 73 26 96 53 81 48 38 70 18 29 61 71 23 1 72 78 87 16 33 5 30 4 24 55 59 86 60
0 20
0 8
0 10
0 50
0 45
20 96
8 3
8 61
10 19
10 79
19 46
19 94
19 49
19 92
3 68
3 73
3 26
46 91
94 69
49 64
92 51
92 2
92 17
51 47
51 93
51 5
64 66
64 85
64 29
66 75
66 12
66 37
2 27
2 76
68 83
68 43
75 36
75 82
75 99
36 18
17 80
17 7
17 24
80 32
80 21
32 14
32 44
32 88
14 28
14 74
14 84
82 40
82 90
99 54
99 98
54 89
54 77
89 6
89 13
89 41
89 33
13 70
44 35
44 57
37 97
37 16
47 15
47 42
28 56
28 78
28 87
84 52
85 9
9 31
45 11
45 95
31 67
31 58
31 63
31 4
58 25
95 34
56 38
34 65
34 72
65 62
62 39
39 48
52 59
97 22
25 81
63 23
63 1
63 55
90 53
73 71
53 60
71 86
72 30