0 6 3 2 11 75 7 58 72 18 39 9 52 10 14 70 19 30 25 29 13 16 65 47 8 86 76 44 1 73 79 88 38 83 27 12 54 84 71 43 53 82 51 57 66 41 31 40 80 67 28 77 48 22 37 56 64 46 4 5 55 15 26 50 20 81 59 74 85 62 34 49 32 61 33 89 68 17 60 42 87 63 23 36 45 78 35 24 69 21
0 6
0 3
0 2
0 11
0 10
0 14
0 12
0 46
0 4
0 5
0 55
0 15
6 61
3 72
3 52
2 75
2 9
2 83
2 27
11 64
11 32
75 7
7 58
7 29
58 39
58 25
72 18
72 57
18 30
18 49
39 42
10 70
10 19
14 79
14 88
14 38
70 47
70 8
70 86
70 51
19 73
19 56
30 13
25 65
29 60
13 16
65 45
47 82
47 17
8 76
8 53
86 1
86 37
76 44
1 43
73 41
79 54
79 71
88 34
38 62
83 66
54 84
71 31
53 28
51 40
51 80
51 67
66 22
40 77
67 48
22 26
46 68
4 36
55 59
15 85
26 50
26 23
50 20
20 81
59 74
59 89
74 35
62 63
49 33
33 78
89 87
78 21
35 24
24 69