0 27 25 26 70 42 84 5 40 41 15 28 56 44 89 31 1 72 47 19 7 6 10 43 83 30 29 21 88 55 46 48 2 71 39 54 90 82 92 66 13 64 33 38 57 45 69 51 8 4 9 67 78 32 80 79 77 53 52 49 65 22 98 81 60 11 59 91 17 18 97 86 20 85 24 37 14 62 76 34 68 3 99 93 50 95 61 35 12 36 87 58 94 96 23 63 74 16 75 73
0 27
0 25
0 26
27 70
27 42
27 84
25 56
25 44
25 89
25 31
26 28
70 15
42 5
84 19
84 39
84 54
5 40
5 41
40 60
40 35
41 47
15 72
15 71
28 1
28 66
56 10
56 92
44 6
44 51
89 21
89 77
31 2
1 30
1 29
72 69
47 7
47 79
19 83
19 82
7 46
7 48
6 43
6 45
10 55
10 57
83 81
29 80
21 88
21 90
88 38
48 98
2 33
2 32
71 67
71 78
54 9
90 61
92 22
92 34
66 13
66 76
13 64
13 65
64 62
33 97
33 86
38 4
69 14
69 95
51 8
8 49
8 50
4 37
9 53
9 52
80 18
79 96
77 17
22 91
22 93
81 94
60 11
11 59
11 58
97 24
86 20
20 85
20 87
24 99
14 68
34 3
68 74
3 36
61 12
12 63
96 23
74 16
16 75
16 73