0 7 8 11 29 30 28 46 47 48 49 50 45 12 13 10 9 14 15 16 27 17 31 32 26 44 1 25 24 34 2 6 3 4 35 38 37 41 42 39 20 21 40 22 5 23 19 43 36 33 51 52 53 54 55 56 57 58 18 59
0 7
0 1
7 8
7 46
7 6
8 11
11 29
11 12
29 30
29 28
30 31
46 47
46 45
47 48
48 49
49 50
50 51
45 44
12 13
13 10
10 9
9 14
14 15
15 16
16 27
16 17
27 26
31 32
26 25
1 34
1 2
25 24
34 35
34 33
2 3
6 5
3 4
4 20
35 38
35 36
38 37
38 39
37 41
41 42
42 43
39 40
20 21
20 19
21 22
22 23
19 18
33 54
51 52
52 53
52 59
54 55
55 56
56 57
57 58