0 34 1 20 2 17 33 14 30 5 16 29 25 4 18 3 19 13 11 22 15 31 12 8 23 28 10 24 26 21 9 6 7 32 27 62 73 36 35 44 94 38 74 97 66 68 40 49 39 69 65 93 37 67 76 64 77 41 43 61 51 88 52 50 58 63 78 91 92 90 81 82 54 80 72 70 83 84 56 95 98 46 75 85 86 79 60 71 42 48 89 96 87 59 57 47 45 55 53
0 34
0 1
0 20
0 2
0 17
0 33
0 14
0 30
0 5
0 16
0 29
0 25
0 4
0 18
0 3
0 19
0 13
0 11
0 22
0 15
0 31
0 12
0 8
0 23
0 28
0 10
0 24
0 26
0 21
0 9
0 6
0 7
0 32
0 27
1 36
1 35
20 73
20 74
2 38
2 37
14 62
14 61
30 94
30 93
5 44
5 43
16 66
16 65
29 91
29 92
25 83
25 84
4 41
4 42
18 69
18 70
3 39
19 72
19 71
13 60
13 59
11 55
22 77
22 78
15 64
15 63
12 58
8 49
8 50
23 80
23 79
10 54
24 81
24 82
26 85
26 86
21 75
9 52
6 46
6 45
7 47
32 97
32 98
27 88
27 87
94 96
38 40
74 76
66 68
49 51
65 67
93 95
91 89
92 90
54 56
46 48
59 57
55 53