0 78 34 19 41 13 20 92 9 7 49 59 56 85 4 79 51 62 43 35 26 71 25 57 3 80 44 18 17 15 88 14 87 55 54 52 72 50 63 46 61 28 48 39 77 8 99 11 64 40 83 36 65 31 68 81 5 27 23 93 89 94 37 69 66 22 21 90 29 84 24 86 70 60 53 16 97 12 6 91 67 76 73 95 10 45 38 98 2 75 82 30 74 33 1 32 47 42 58 96
0 78
0 30
78 34
78 19
78 32
34 13
19 41
19 20
19 1
41 54
13 33
20 92
20 26
20 71
20 27
92 9
92 18
9 7
9 49
9 56
9 44
9 58
7 59
49 85
49 4
56 62
56 55
85 87
85 74
4 79
79 51
51 43
51 35
51 42
35 25
35 80
35 28
35 29
26 3
26 14
26 61
25 57
25 5
57 88
80 17
80 15
80 16
44 46
44 21
44 90
18 91
17 53
15 52
88 47
55 72
54 63
52 50
52 77
52 8
72 39
72 64
50 81
50 45
46 48
48 11
39 36
77 99
8 68
8 6
99 40
99 83
99 22
99 10
64 66
40 31
40 98
83 65
36 93
65 60
65 75
31 23
31 69
68 37
23 94
93 89
89 24
69 82
21 70
21 12
90 84
90 95
84 86
53 97
12 73
6 67
6 76
67 96
76 38
10 2