0 96 95 79 2 43 98 92 26 77 48 59 94 6 24 9 31 19 91 12 71 58 30 39 61 87 88 16 70 34 93 3 54 14 80 90 36 57 40 29 4 38 75 22 63 21 85 50 51 74 25 27 53 76 62 15 47 84 72 37 60 11 13 99 1 32 82 73 35 7 89 41 69 23 97 10 64 46 81 44 78 52 33 65 17 49 8 83 55 18 20 5 86 45 42 66 67 68 28 56
0 96
96 95
96 43
95 79
95 2
95 54
95 15
2 98
2 92
2 26
2 77
2 48
26 93
26 3
26 62
77 24
77 12
77 76
48 59
48 94
48 6
94 34
6 31
24 9
24 19
24 53
19 91
91 70
12 71
12 58
12 16
58 30
58 39
39 61
39 87
61 64
87 88
87 25
87 27
34 80
93 99
93 10
93 65
3 40
3 29
3 74
54 14
54 57
54 51
54 97
80 90
80 36
36 4
36 13
36 33
40 38
40 75
29 85
29 50
29 11
4 23
38 21
38 60
75 22
75 37
22 63
22 52
21 73
85 69
85 78
74 82
53 84
53 72
53 44
15 47
13 1
13 32
99 55
99 18
82 35
82 7
82 89
82 41
82 83
73 81
89 46
89 8
41 28
23 45
97 49
97 86
10 20
10 5
10 68
33 17
17 66
17 67
8 56
20 42