0 26 25 27 59 56 11 58 10 57 60 40 37 5 41 55 83 79 18 34 42 48 46 63 12 61 3 81 19 4 7 36 89 66 65 21 88 90 76 68 17 47 72 85 15 14 94 23 70 71 20 78 13 31 2 67 53 91 28 43 98 9 6 22 51 8 1 24 75 16
0 26
0 25
0 27
26 56
25 59
25 37
27 79
59 11
59 40
56 10
56 83
11 58
11 60
58 63
10 57
10 55
57 48
57 46
60 65
40 5
37 4
5 41
5 42
41 66
55 34
83 19
79 18
79 89
18 81
34 3
34 36
42 68
48 76
46 7
63 12
63 94
12 61
61 85
81 72
7 47
36 31
89 21
66 98
65 13
21 88
21 90
88 43
90 75
76 17
76 28
68 14
17 78
47 91
72 15
85 20
15 70
15 71
14 67
94 23
70 53
78 51
31 2
53 9
91 22
28 1
43 6
98 24
51 8
75 16