0 53 80 26 95 86 27 52 63 75 45 25 17 18 97 68 37 13 43 41 56 9 54 46 23 66 15 39 47 58 11 16 61 78 19 55 5 50 24 71 6 85 67 4 99 20 51 38 98 12 88 84 94 2 29 31 74 40 21 89 30 7 83 70 96 44 64 14 79 60 59 36 76 72 93 32 57 28 22 87 82 33 8 91 81 77 65 69 10 73 92 34 42 90 62 49 1 48 3 35
0 53
0 80
0 26
0 95
80 58
26 17
26 83
26 77
95 86
95 25
95 46
86 27
27 52
27 45
27 39
27 47
52 63
52 75
63 7
63 48
75 54
75 15
25 18
25 43
25 66
25 99
25 92
17 9
17 84
18 97
97 68
97 30
68 37
68 28
68 1
37 13
37 73
43 41
43 67
43 4
43 89
43 49
41 56
9 23
9 57
54 88
54 10
46 16
23 85
23 21
66 40
15 11
39 71
39 6
39 36
47 78
58 32
11 12
11 93
16 61
16 24
16 35
78 19
78 5
78 50
19 55
19 98
55 74
50 59
71 38
71 60
6 51
6 72
85 81
67 31
4 20
20 79
98 91
98 69
88 94
84 62
94 2
94 29
94 90
2 65
83 70
83 96
83 14
96 44
44 64
44 3
36 76
72 8
93 22
28 82
28 33
22 87
65 42
73 34