0 12 13 58 10 9 6 48 47 60 59 54 80 23 50 93 71 91 74 55 36 18 66 43 35 73 28 94 67 88 5 14 49 61 56 27 72 44 2 51 96 26 57 78 82 79 8 52 53 69 70 89 84 85 16 17 76 38 68 86 95 87 41 21 77 33 34 32 65 31 39 97 30 75 40 37 81 63 15 29 62 64 24 98 25 92 1 90 22 7 83 42 11 20 19 99 46 3 45 4
0 12
0 49
12 13
13 58
13 48
13 14
13 20
58 10
10 9
10 6
10 29
10 11
9 93
9 71
6 5
48 47
48 54
48 18
48 88
47 60
47 15
60 59
60 50
60 36
59 96
54 80
54 23
54 55
80 91
80 74
80 67
80 63
50 35
50 2
50 51
93 94
71 72
71 44
91 43
74 66
74 28
74 27
74 85
55 87
36 73
36 37
36 81
43 42
94 78
94 86
94 95
67 56
67 84
49 61
56 57
56 89
27 26
27 92
72 40
2 70
2 3
51 69
51 68
51 46
78 82
78 79
79 8
79 52
52 53
69 25
84 38
84 98
85 16
85 76
16 17
76 77
76 83
38 21
38 24
38 7
68 34
95 41
95 65
87 97
21 33
33 32
32 31
32 39
65 22
31 30
39 75
75 4
63 64
29 62
62 90
98 1
98 99
20 19
46 45