0 47 83 8 85 78 48 54 81 24 30 44 38 7 74 61 60 33 40 77 88 19 90 20 10 53 26 68 84 45 21 12 35 5 58 43 39 87 64 72 15 57 59 34 22 32 29 31 71 9 75 4 49 27 41 65 36 28 13 89 55 46 37 1 92 6 52 86 2 70 76 73 91 80 3 79 42 14 25 50 18 67 69 51 82 17 23 63 16 56 11 66 62
0 47
0 8
0 85
0 79
47 83
47 48
47 54
47 88
83 78
83 39
8 44
8 77
85 61
78 40
48 74
48 43
48 2
48 56
54 81
54 24
81 30
81 69
81 16
24 58
24 22
30 7
30 5
44 38
38 35
7 33
7 12
61 60
61 86
61 3
60 34
60 52
60 63
33 57
33 59
40 80
77 19
77 9
88 90
88 20
88 10
19 13
90 21
20 53
20 84
20 45
53 26
53 68
26 64
84 15
84 11
45 71
12 31
35 49
58 87
58 28
58 67
43 6
39 36
64 72
59 32
59 29
59 25
34 4
34 66
22 75
32 92
29 65
31 41
71 1
9 27
9 91
36 89
36 55
36 46
36 37
36 23
28 70
13 73
55 76
46 62
6 17
86 14
76 82
73 42
73 18
14 50
18 51