0 87 59 51 77 38 70 63 64 18 19 17 15 42 98 93 6 80 66 56 76 97 89 75 68 53 69 52 72 31 54 48 27 79 13 35 28 30 36 81 21 90 45 99 43 92 12 3 11 86 1 96 55 4 2 20 32 65 60 57 94 41 7 47 74 46 62 49 10 9 14 34 8 67 85 83 24 37 29 40 50 5 73 23 91 61 88 44 82 95 16 22 71 58 26 33 39 84 25 78
0 87
0 59
0 51
0 77
0 38
0 70
0 63
0 64
0 18
87 19
87 17
87 15
87 42
87 98
87 93
87 6
87 80
87 66
87 56
87 76
87 97
87 89
87 75
87 68
87 53
87 69
87 52
87 72
87 31
59 54
59 48
59 27
59 79
59 13
51 35
51 28
51 30
51 36
51 81
51 21
51 90
51 45
77 99
77 43
77 92
77 12
77 3
77 11
77 86
77 1
38 96
38 55
38 4
38 2
38 20
38 32
70 65
70 60
70 57
63 94
63 41
63 7
63 47
64 74
64 46
64 62
64 49
64 10
64 9
18 14
18 34
18 8
19 67
19 85
19 83
19 24
19 37
15 29
15 40
15 50
15 5
15 73
42 23
98 91
93 61
93 88
6 44
6 82
6 95
6 16
66 22
66 71
97 58
75 26
75 33
75 39
68 84
53 25
52 78