0 2 55 72 98 64 76 84 97 80 70 81 95 85 68 69 79 89 90 82 86 91 61 93 78 63 66 67 65 83 99 74 73 96 94 75 62 87 71 88 92 77 25 28 51 54 23 20 38 12 42 6 9 58 29 32 39 7 40 24 43 14 36 3 19 15 22 10 30 53 34 5 1 8 35 11 59 49 26 46 48 27 33 44 31 47 13 60 21 41 18 4 52 50 17 57 56 37 45 16
0 2
0 55
0 72
0 98
0 64
0 76
0 84
0 97
0 80
0 70
0 81
0 95
0 85
0 68
0 69
0 79
0 89
0 90
0 82
0 86
0 91
0 61
0 93
0 78
0 63
0 66
0 67
0 65
0 83
0 99
0 74
0 73
0 96
0 94
0 75
0 62
0 87
0 71
0 88
0 92
0 77
2 28
55 25
55 9
72 14
98 43
64 6
97 42
80 24
70 12
95 40
85 30
68 10
69 11
90 35
82 26
86 31
93 38
78 22
66 8
65 7
99 44
74 18
96 41
94 39
77 21
25 51
25 54
25 23
25 20
28 15
51 32
38 19
38 1
12 29
42 5
42 49
6 3
9 58
29 34
39 33
7 59
40 36
24 27
43 60
14 17
15 13
22 53
11 50
59 48
49 46
46 37
27 47
60 52
21 4
18 56
18 16
50 57
37 45