0 13 38 8 64 68 53 45 69 46 50 57 60 62 63 40 51 58 55 48 42 47 43 44 67 52 49 54 65 61 56 66 59 41 14 4 7 79 22 30 25 6 23 36 97 11 24 20 35 12 27 75 2 37 10 5 26 17 21 16 32 39 3 29 18 86 71 15 19 28 87 33 73 1 80 34 9 88 31 94 91 74 78 89 95 93 83 77 84 96 99 76 98 72 90 82 85 81 92 70
0 13
0 38
0 8
0 64
0 68
0 53
0 45
0 69
0 46
0 50
0 57
0 60
0 62
0 63
0 40
0 51
0 58
0 55
0 48
0 42
0 47
0 43
0 44
0 67
0 52
0 49
0 54
0 65
0 61
0 56
0 66
0 59
0 41
13 4
13 7
13 79
38 97
8 14
8 75
64 32
68 36
53 19
46 9
50 15
57 23
60 27
51 16
55 21
48 12
67 35
52 17
54 20
66 34
59 26
14 22
14 80
4 30
4 25
4 6
4 71
7 74
79 1
30 11
30 91
25 24
6 5
6 73
23 86
36 10
11 18
24 87
24 33
20 37
35 2
35 94
12 29
2 31
2 99
37 96
10 3
5 72
26 88
17 82
16 39
39 28
39 98
3 70
19 84
28 90
1 78
1 89
1 95
1 93
1 83
1 77
1 85
1 81
1 92
9 76