0 29 28 54 94 47 66 75 50 44 48 79 32 90 18 30 68 24 59 95 61 84 19 57 6 8 67 80 85 4 3 45 83 56 21 46 1 77 78 36 89 7 39 69 26 42 86 92 20 65 58 35 5 25 27 11 98 12 62 63 10 22 55 43 17 74 49 91 96 40 15 70 60 23 93 34 13 72 37 33 81 73 71 51 2 41 76 87 31 82 52 97 38 99 53 16 88 9 64 14
0 29
0 67
0 80
29 28
29 26
28 54
28 94
28 47
28 55
28 43
54 75
54 50
54 44
54 48
54 79
94 18
94 22
94 9
47 66
47 8
66 59
66 69
66 10
75 5
75 72
75 37
75 33
50 90
50 6
50 63
50 13
44 32
44 57
48 30
48 3
48 7
48 39
79 24
79 36
79 89
32 4
32 58
32 35
32 40
32 88
90 68
90 34
18 95
18 56
30 61
30 84
68 16
95 19
95 78
95 62
61 51
84 65
84 53
19 99
57 77
8 96
67 12
80 85
85 91
4 98
4 76
3 45
3 83
45 1
45 20
45 93
83 21
83 46
21 23
46 86
46 92
1 11
1 49
78 27
78 38
7 74
7 14
39 17
69 42
26 71
42 70
42 60
92 73
65 25
65 41
25 97
63 64
22 2
49 15
37 52
33 81
76 87
87 31
31 82