0 68 13 42 61 77 98 79 97 86 35 90 75 74 89 96 93 94 73 78 95 82 83 80 92 91 76 85 84 99 87 88 81 45 63 15 16 1 40 39 60 54 51 19 18 28 8 32 23 7 66 55 52 44 6 10 43 56 71 22 38 27 21 5 26 31 36 67 3 70 17 9 30 37 46 25 2 41 29 59 47 11 50 64 20 57 49 4 48 34 33 24 58 62 72 14 65 69 12 53
0 68
0 77
0 98
0 79
0 97
0 86
0 35
0 90
0 75
0 74
0 89
0 96
0 93
0 94
0 73
0 78
0 95
0 82
0 83
0 80
0 92
0 91
0 76
0 85
0 84
0 99
0 87
0 88
0 81
68 13
68 42
68 61
68 63
13 45
13 39
42 40
61 51
77 8
79 10
86 21
35 54
90 28
75 6
89 27
78 9
95 38
83 17
84 18
99 44
87 22
63 15
15 16
15 1
16 60
39 19
39 52
54 55
19 66
19 71
18 7
18 70
28 43
28 56
8 32
8 23
8 67
8 3
7 29
43 36
22 31
38 26
38 37
21 5
36 41
3 11
3 50
70 30
70 25
70 2
17 47
9 64
30 46
37 48
46 4
2 49
41 62
29 59
59 57
59 58
47 65
11 24
11 53
64 20
4 34
34 33
58 72
58 14
72 12
65 69