0 24 20 35 93 62 90 55 51 39 66 77 43 50 41 84 31 81 82 10 11 14 91 80 67 22 56 53 64 85 2 95 18 33 26 48 63 44 45 70 13 47 12 25 68 19 30 92 34 97 46 3 89 79 71 21 1 9 15 52 8 87 5 99 4 6 7 42 58 94 61 98 37 23 83 36 86 32 40 27 59 38 96 60 65 16 72 57 76 49 88 29 54 69 75 73 78 28 74 17
0 24
0 83
0 36
24 20
24 35
24 1
20 51
20 39
20 81
20 82
35 93
35 31
93 62
93 90
93 55
93 53
62 22
62 56
62 23
90 50
55 84
55 67
51 80
51 37
51 88
39 66
39 41
39 21
39 87
39 49
66 77
77 43
43 10
43 18
43 98
50 91
50 8
41 71
31 79
31 38
81 14
81 52
81 76
82 95
10 11
14 61
91 2
91 30
67 85
22 19
56 64
56 13
64 33
64 26
64 68
64 89
18 25
18 3
33 48
33 70
33 94
26 63
26 45
26 12
26 42
26 58
63 44
63 46
63 72
63 57
45 59
70 27
13 47
13 97
25 9
19 7
30 92
92 34
92 15
34 99
34 16
89 6
52 65
8 5
87 4
99 40
99 75
4 32
6 17
61 86
61 60
83 74
59 96
38 69
16 54
57 29
29 28
54 78
75 73