0 27 25 26 78 42 97 91 17 61 72 90 21 89 5 60 11 58 59 24 45 94 15 22 48 81 7 6 76 43 46 56 18 12 37 10 44 47 4 75 23 36 66 52 83 19 9 13 3 16 31 2 35 74 53 69 68 14 86 29 20 50
0 27
0 25
0 26
27 91
25 78
25 42
25 97
25 90
26 61
26 72
78 17
42 5
42 60
97 24
97 45
97 94
91 22
91 48
91 81
17 76
61 12
61 37
61 83
72 15
90 21
21 89
60 11
60 36
11 58
11 59
58 52
59 66
45 6
94 23
94 68
48 7
81 56
81 18
7 46
7 47
6 43
6 44
76 69
43 86
43 29
46 75
56 10
37 4
44 31
75 16
36 3
66 13
52 9
83 19
9 53
3 35
16 74
31 2
53 50
69 14
86 20