0 18 41 3 8 47 6 49 4 65 71 85 54 74 58 72 62 51 57 78 80 75 67 82 83 68 63 81 60 77 79 59 70 76 69 84 53 50 64 56 66 61 73 55 52 14 21 1 89 38 12 45 40 5 87 22 48 17 15 29 86 16 39 24 88 35 34 31 19 20 7 46 13 44 92 98 93 11 32 28 43 10 97 91 25 30 26 9 33 2 23 42 37 95 94 99 90 36 27 96
0 18
0 4
0 65
0 71
0 85
0 54
0 74
0 58
0 72
0 62
0 51
0 57
0 78
0 80
0 75
0 67
0 82
0 83
0 68
0 63
0 81
0 60
0 77
0 79
0 59
0 70
0 76
0 69
0 84
0 53
0 50
0 64
0 56
0 66
0 61
0 73
0 55
0 52
18 41
18 49
18 38
41 3
3 8
3 6
8 47
8 89
6 14
6 21
6 1
6 87
49 5
4 29
4 86
71 31
74 34
72 32
75 35
67 26
68 27
59 15
70 30
76 36
56 11
66 25
61 17
21 12
21 45
21 40
1 22
1 48
1 88
1 92
1 98
1 93
1 97
1 91
1 94
1 99
1 90
1 96
12 44
45 24
40 13
5 46
5 10
22 95
17 16
17 39
39 7
24 20
24 43
35 19
34 28
34 37
44 42
10 2
10 23
30 33
26 9