73 1 89 64 47 10 4 79 68 22 14 81 94 87 34 77 45 37 51 95 53 88 43 86 97 29 80 84 52 40 71 38 72 92 46 26 67 58 44 33 85 83 62 28 21 50 56 12 74 57 18 17 69 9 54 5 42 2 76
73 1
73 68
1 89
89 64
89 79
89 86
64 47
64 10
47 4
10 87
4 22
79 94
68 14
68 81
68 95
22 34
14 43
81 38
34 77
34 40
34 71
34 9
77 45
45 37
45 51
51 88
95 53
88 84
88 52
43 80
43 2
86 97
86 72
97 29
29 67
29 58
84 69
52 26
40 46
71 92
38 33
72 83
46 18
67 5
58 44
58 76
44 85
33 21
83 62
62 28
21 50
21 56
56 12
12 74
74 57
18 17
69 54
9 42