0 33 78 9 94 21 99 5 51 6 91 19 87 20 77 22 3 64 44 1 50 15 29 61 53 70 89 82 84 11 28 97 16 34 83 54 86 75 96 42 88 65 41 47 25 59 90 72 74 81 69 95 32 52 45 43 48 24 71 38 76 26 30 63 67 49 39 55 62 2 66 7 12 92 4 18 17 46 58 80 60 27 35 8 10 79 23 37 56 57 93 85 40 31 98 36 73 13 14 68
0 33
0 78
0 9
33 31
78 13
9 94
9 77
94 21
94 99
94 5
94 3
21 19
21 87
21 20
21 48
21 24
99 43
5 51
5 22
5 2
51 6
6 91
6 84
6 62
91 45
91 80
19 64
19 44
19 79
87 55
20 96
22 61
64 1
64 29
64 39
44 58
44 73
1 50
50 15
50 52
15 82
15 25
29 67
29 49
61 53
61 89
61 32
53 70
53 97
53 40
70 75
89 28
89 85
82 11
84 54
11 16
11 41
11 47
28 83
16 34
34 95
54 86
96 42
96 88
96 65
42 30
42 63
65 69
65 46
47 17
25 59
59 90
59 74
90 72
74 81
69 10
32 26
32 8
43 71
48 38
48 76
48 36
24 7
71 93
38 18
49 66
49 4
39 12
39 92
39 68
62 35
2 14
12 27
92 57
17 98
80 60
8 23
10 37
10 56