0 18 72 22 40 93 89 6 64 69 96 43 95 87 78 58 11 49 27 53 17 71 5 55 39 10 73 60 80 29 2 23 21 42 8 79 99 34 86 48 94 24 1 26 61 74 77 15 12 13 35 65 51 28 67 63 47 85 83 91 62 52 3 82 76 36 54 92 75 97 41 68 16 44 59 4 25 37 66 32 50 90 33 20 38 9 19 98 57 30 70 46 88 7 31 45 81 56 14 84
0 18
0 40
0 93
0 89
0 6
18 72
18 22
18 28
72 43
40 96
93 11
93 49
93 27
89 55
89 23
89 51
6 64
6 91
64 69
96 2
43 95
43 78
43 58
43 60
43 80
43 29
43 65
95 87
87 35
78 81
58 32
11 53
49 83
27 17
27 5
53 66
17 71
71 19
5 39
5 45
39 10
39 13
10 73
10 85
60 12
80 47
29 8
29 79
29 84
2 21
2 42
42 99
8 34
79 24
79 37
99 15
34 86
86 48
86 94
86 77
86 9
48 74
48 63
48 46
24 1
1 26
1 61
65 97
28 67
47 62
85 82
85 31
83 36
83 75
91 52
91 3
91 92
91 38
52 59
82 76
36 54
75 16
75 44
97 41
97 68
68 25
59 4
25 33
25 20
37 90
66 70
66 14
32 50
33 30
20 57
38 98
98 7
98 56
70 88