0 1 2 25 33 32 31 26 19 37 17 18 45 84 43 42 85 83 49 48 44 38 30 8 39 79 57 56 6 28 27 70 40 20 80 9 97 16 52 15 75 93 74 77 96 95 76 68 67 58 94 69 35 41 73 46 53 59 55 7 98 60 34 89 3 72 66 29 64 4 14 47 86 90 91 92 13 54 63 65 87 24 82 88 62 81 61 5 71 50 11 36 51 10 78 21 22 12 99 23
0 1
0 17
1 2
1 25
1 37
2 19
2 89
2 3
25 33
25 26
25 84
33 32
33 45
32 31
31 30
31 8
26 52
37 38
37 34
37 36
17 18
17 16
84 43
84 85
84 83
84 49
43 42
43 44
43 90
85 97
85 86
83 11
49 48
49 60
49 50
48 47
38 39
38 79
38 98
30 6
8 28
8 9
39 70
39 40
79 57
79 80
79 7
57 56
56 55
56 22
28 27
28 71
70 20
40 41
20 21
80 75
80 93
97 96
97 59
16 15
16 68
52 77
15 14
75 74
75 76
93 35
77 78
96 95
96 69
95 94
68 67
68 4
67 58
67 53
67 66
58 81
94 46
69 73
69 10
73 72
46 64
55 54
98 99
72 29
66 65
4 5
14 13
14 51
90 91
91 92
13 63
13 12
63 62
65 87
87 24
87 88
24 82
62 61
22 23