0 40 20 41 67 76 77 52 62 66 60 73 74 55 71 72 59 80 78 64 54 58 70 69 82 68 81 84 61 85 75 56 57 65 83 79 53 63 48 27 28 31 44 21 37 14 26 35 42 29 1 47 24 13 39 38 2 12 17 49 7 33 25 16 19 34 46 10 30 8 6 23 36 43 9 51 86 90 98 97 89 96 92 95 99 11 32 4 22 93 94 91 45 50 18 5 88 87 15 3
0 40
0 41
0 67
0 76
0 77
0 52
0 62
0 66
0 60
0 73
0 74
0 55
0 71
0 72
0 59
0 80
0 78
0 64
0 54
0 58
0 70
0 69
0 82
0 68
0 81
0 84
0 61
0 85
0 75
0 56
0 57
0 65
0 83
0 79
0 53
0 63
40 20
40 31
67 26
76 38
77 39
62 16
66 25
60 13
74 36
71 32
72 33
64 23
54 6
58 11
69 28
68 27
81 45
84 48
61 14
75 37
56 8
65 24
83 47
48 30
27 21
28 44
31 29
31 1
44 7
21 35
21 42
37 49
14 12
14 17
26 10
35 46
42 34
1 51
1 86
1 90
1 98
1 97
1 89
1 96
1 92
1 95
1 99
1 93
1 94
1 91
1 88
1 87
47 2
13 9
38 19
38 22
2 5
49 43
7 4
7 18
46 50
9 15
15 3