0 14 32 75 77 20 58 30 95 15 12 78 7 37 96 1 4 71 36 61 3 39 2 43 27 5 18 86 92 94 6 53 87 49 44 91 76 25 26 93 70 45 79 17 83 98 42 68 55 63 82 8 72 35 89 69 31 16 38 11 9 66 19 67 73 34 65 54 85 23 81 80 21 13 99 88 97 62 24 33 57 74 48 41 40 84 22 47 60 29 64 51 50 56 90 52 10 28 59 46
0 14
0 20
0 58
0 10
14 32
14 13
32 75
32 77
32 94
75 92
75 80
75 21
20 7
20 70
58 30
58 95
58 93
95 15
95 12
95 78
95 26
15 2
15 76
15 25
15 73
12 1
12 39
12 86
12 31
12 81
12 29
78 96
7 37
96 61
96 3
1 4
4 71
4 36
4 18
4 67
71 60
36 5
36 91
61 44
3 49
2 43
2 27
2 53
2 87
43 68
5 19
86 6
92 23
6 42
87 85
87 47
49 79
44 45
25 83
25 98
26 69
26 48
93 90
93 52
45 17
45 74
83 22
98 63
68 55
68 35
68 89
63 82
63 38
63 84
63 56
82 8
82 72
89 16
89 66
31 46
38 11
38 54
11 9
67 65
73 34
73 50
85 57
80 99
21 33
99 88
88 97
88 40
97 62
62 24
24 51
57 59
48 41
29 64
50 28