0 90 89 22 91 81 14 88 80 69 93 64 74 65 87 79 62 99 85 73 66 94 77 72 83 96 82 78 95 76 98 97 92 63 84 75 67 86 68 70 71 54 38 34 53 4 42 47 23 24 37 36 44 59 2 18 20 9 12 35 8 17 40 43 41 32 51 33 57 19 7 5 16 39 52 58 11 50 25 30 21 13 1 3 15 61 10 31 28 29 6 27 45 48 46 56 60 55 26 49
0 90
0 89
0 22
0 91
0 81
0 14
0 88
0 80
0 69
0 93
0 64
0 74
0 65
0 87
0 79
0 62
0 99
0 85
0 73
0 66
0 94
0 77
0 72
0 83
0 96
0 82
0 78
0 95
0 76
0 98
0 97
0 92
0 63
0 84
0 75
0 67
0 86
0 68
0 70
0 71
90 36
22 53
91 37
81 24
14 54
14 38
14 34
80 23
69 9
93 41
64 3
74 16
62 1
99 47
66 5
94 42
77 20
72 13
83 29
82 28
78 21
95 43
76 18
98 46
92 40
63 2
67 7
38 4
38 17
34 59
53 44
42 8
47 19
24 51
24 33
24 57
37 30
36 25
44 35
44 31
59 12
20 50
9 10
40 11
41 32
41 48
33 58
7 61
5 39
5 52
5 15
16 45
25 55
29 6
29 27
45 60
48 56
46 26
60 49