4 55 77 61 28 46 14 49 99 71 15 82 6 98 68 16 88 96 90 87 95 23 37 2 21 92 50 24 44 91 38 86 17 63 58 67 85 78 32 3 5 76 94 29 97 39 45 93 8 43 81 53 69 7 64 27 9 25 79 59 42
4 55
4 77
55 61
55 28
77 71
61 99
28 46
28 49
28 95
28 76
46 14
46 68
14 87
99 6
99 98
71 15
71 82
15 90
82 38
82 53
6 5
98 96
68 16
68 88
16 3
88 42
90 97
90 81
87 23
87 37
95 2
95 92
37 24
37 44
37 91
2 21
21 93
92 50
92 32
24 64
44 17
91 86
91 78
91 45
86 63
17 27
63 58
58 67
58 85
85 59
78 94
76 29
29 39
97 79
93 8
93 43
8 7
81 69
69 25
7 9