0 2 74 39 49 12 3 28 44 21 97 42 9 81 55 36 95 47 70 15 63 72 69 92 24 94 23 10 90 27 20 99 57 48 60 64 88 87 6 93 76 96 43 32 8 91 86 67 37 33 7 89 17 62 52 46 77 75 80 61 59 5 54 31 30 25 98 22 78 85 13 65 83 29 66 84 41 14 82 51 73 79 1 18 58 40 45 53 16 50 71 4 19 68 26 34 11 35 38 56
0 2
0 79
2 74
2 39
2 49
2 12
2 3
2 42
2 9
2 46
2 77
2 75
74 70
74 51
74 73
39 97
39 52
49 21
49 47
49 66
12 36
12 95
12 8
12 68
3 28
3 29
28 44
28 62
44 99
44 32
21 96
21 43
97 55
97 69
9 81
9 20
9 93
9 76
9 83
55 19
36 72
36 17
36 82
47 15
47 63
47 14
70 24
70 6
70 98
15 45
15 38
63 92
63 27
63 31
63 30
63 25
63 35
72 11
24 94
24 23
23 10
23 90
23 40
23 4
10 65
99 57
57 48
57 60
57 87
48 88
48 89
60 64
60 7
60 61
88 86
76 91
76 34
43 71
43 56
32 33
8 37
8 54
91 5
86 67
37 41
52 50
77 80
61 59
61 26
31 78
25 13
98 22
22 58
78 85
85 16
83 84
29 18
51 1
1 53