0 17 86 1 82 8 6 40 48 5 39 4 2 54 70 55 10 91 98 41 34 71 90 12 94 11 23 26 84 68 88 7 25 83 42 9 56 19 3 32 72 96 16 38 95 37 24 53 62 79 64 97 69 35 63 44 47 14 27 50 31 74 78 13 15 92 20 60 59 66 36 21 18 49 22 80 45 81 29 61 76 57 73 65 77 67 87 28 51 43 52 93 33 46 75 89 58 85 30
0 17
0 1
0 4
0 2
17 86
17 39
1 82
1 8
1 6
1 40
1 48
1 5
8 71
6 34
5 10
39 41
4 54
4 12
4 94
4 11
4 23
2 70
2 55
2 7
2 19
2 3
2 32
54 95
10 91
91 98
41 53
71 90
12 92
11 38
11 24
23 26
23 37
26 84
26 68
84 97
68 88
7 25
7 42
7 9
7 15
25 83
42 56
9 16
9 14
9 18
19 96
3 13
3 36
3 21
32 72
32 64
72 78
37 62
37 79
24 35
24 66
64 69
69 73
35 63
35 44
35 47
63 74
14 27
14 50
14 31
31 60
31 59
15 20
15 76
15 57
20 45
36 80
21 49
21 22
21 61
18 29
18 51
49 65
49 77
22 28
45 81
45 87
45 46
29 33
65 67
67 93
28 43
28 52
28 30
46 75
46 58
46 85
75 89