0 33 11 34 19 23 15 12 21 8 32 10 28 27 26 29 22 6 13 25 24 4 16 31 17 18 9 14 5 1 30 7 3 20 2 51 91 55 81 59 36 35 87 57 58 71 56 85 39 62 69 95 75 63 80 72 61 40 44 76 64 79 42 96 82 45 98 49 50 52 77 88 54 97 67 92 86 90 89 53 65 84 60 83 48 93 94 66 41 46 78 68 37 70 43 74 38 73 47
0 33
0 11
0 34
0 19
0 23
0 15
0 12
0 21
0 8
0 32
0 10
0 28
0 27
0 26
0 29
0 22
0 6
0 13
0 25
0 24
0 4
0 16
0 31
0 17
0 18
0 9
0 14
0 5
0 1
0 30
0 7
0 3
0 20
0 2
33 35
11 55
11 56
34 36
19 71
19 72
23 80
23 79
15 63
15 64
12 57
12 58
21 75
21 76
8 49
8 50
32 98
32 97
10 54
10 53
28 90
28 89
27 87
27 88
26 86
29 91
29 92
22 78
6 45
6 46
13 59
24 81
24 82
4 41
16 66
31 95
31 96
17 67
18 69
18 70
9 51
14 62
5 44
30 93
30 94
7 48
7 47
3 39
3 40
81 83
87 85
58 60
39 37
75 73
63 61
40 38
44 42
76 74
79 77
82 84
50 52
67 65
66 68
41 43