0 25 26 27 78 44 6 43 45 17 77 36 3 34 35 51 8 49 47 58 93 90 62 80 61 21 22 11 18 97 7 30 68 32 40 66 70 2 89 88 39 94 12 73 53 56 10 31 33 13 64 23 15 14 24 16 99 57 9 82 5 85 20 86 19
0 25
0 26
0 27
25 78
26 61
27 80
78 44
78 17
44 6
44 62
6 43
6 45
43 90
43 68
45 93
17 77
77 36
77 51
77 58
36 3
3 34
3 35
35 30
51 8
51 47
8 49
49 56
47 7
58 11
58 66
58 70
93 22
93 53
90 21
62 97
62 39
62 94
62 12
62 73
80 18
61 32
61 40
21 89
21 88
97 24
68 14
32 2
40 5
66 13
70 15
2 31
2 33
94 23
73 16
53 9
56 10
10 57
31 82
13 64
64 85
24 99
82 19
85 20
20 86