0 57 21 14 12 55 61 87 76 88 98 79 94 93 74 91 70 77 89 83 85 97 99 71 90 75 82 78 73 96 95 92 84 80 72 86 81 42 50 8 56 62 10 36 38 9 24 25 49 65 30 7 26 17 67 37 28 3 32 33 47 5 34 2 45 68 63 11 16 46 20 6 35 66 18 60 1 52 19 39 64 31 15 27 44 58 29 54 41 59 13 69 4 53 23 40 48 51 43 22
0 57
0 55
0 61
0 87
0 76
0 88
0 98
0 79
0 94
0 93
0 74
0 91
0 70
0 77
0 89
0 83
0 85
0 97
0 99
0 71
0 90
0 75
0 82
0 78
0 73
0 96
0 95
0 92
0 84
0 80
0 72
0 86
0 81
57 21
21 14
21 12
21 50
14 56
55 42
55 8
87 24
76 9
88 26
98 38
94 33
93 32
74 7
91 30
70 1
89 27
71 3
90 28
96 36
80 15
8 10
56 62
62 65
10 37
36 49
38 67
9 25
24 45
25 46
65 60
30 17
7 2
7 31
26 16
17 18
17 64
67 34
67 11
28 5
28 41
3 47
3 66
32 35
32 39
47 63
45 68
68 6
63 53
11 20
46 52
46 19
46 4
6 54
60 48
1 29
19 69
19 40
31 58
27 44
41 59
41 13
69 51
53 23
51 43
51 22