0 27 83 19 82 84 26 25 35 3 34 37 4 39 36 53 89 46 52 9 7 48 47 31 38 44 73 6 16 2 76 54 21 40 33 32 43 86 29 30 94 23 1 90 17 74 28 88 77 66 5 93 75 45 65 13 42 50 78 8 49 22 20 57 72 55 97 91 58 10 87 51 64 80 95 99 96 79 18 56 11 67 15 92 41 60 71 59 81 24 98 14 85 68 69 63 12 61 62 70
0 27
0 26
0 25
27 83
83 19
83 35
19 82
19 84
82 52
84 89
84 46
25 91
25 58
35 3
35 53
35 73
3 34
3 36
34 37
34 44
37 4
4 39
4 38
39 40
36 31
53 94
89 21
46 7
46 65
46 79
52 9
52 97
9 54
7 48
7 47
47 76
47 29
47 30
31 2
44 6
73 16
73 86
6 43
6 45
16 74
16 75
2 33
2 32
76 17
54 55
21 90
21 88
40 5
40 93
33 66
32 72
86 20
86 57
30 1
30 96
94 23
94 99
23 95
1 28
90 80
17 77
17 78
28 60
77 50
5 42
5 41
93 22
65 13
13 64
50 8
8 49
8 51
22 92
20 87
20 85
72 15
55 10
97 24
91 67
58 11
10 56
95 63
79 18
18 81
11 59
67 14
15 71
81 70
24 98
14 68
14 69
63 12
12 61
12 62