0 25 26 27 39 91 87 20 86 22 4 63 52 82 44 92 93 85 31 95 62 6 9 53 54 12 37 68 59 14 69 11 2 19 84 58 23 43 32 73 38 94 96 45 57 98 81 18 79 50 36 74 16 8 49 3 10 29 60 64 67 75 99 71 33 15 24 70 72 56 34 89 80 97 51 41 42 46 7 48 47 21 88 5 40 13 1 55 35 83 77 76 28 65 66 90 30 61 17 78
0 25
0 26
0 27
25 39
25 91
26 82
26 44
27 52
27 62
39 4
39 63
39 31
39 95
91 87
91 22
87 20
20 86
20 85
86 68
86 59
22 92
22 93
4 37
4 38
63 12
52 9
52 64
52 67
82 19
44 6
44 73
92 32
92 46
93 43
93 98
93 81
31 2
95 23
62 57
62 77
62 76
6 45
9 53
9 54
53 42
12 61
37 74
68 14
59 11
14 69
11 58
11 60
2 33
19 84
19 83
58 41
23 94
23 96
32 29
96 51
45 36
45 97
57 10
81 18
81 50
81 99
81 71
18 79
18 80
50 8
36 3
74 16
16 75
8 49
49 89
3 34
3 35
10 56
10 55
29 1
64 13
67 30
99 24
71 15
15 70
15 72
89 21
42 5
46 7
7 48
7 47
21 88
21 90
5 40
13 65
13 66
1 28
55 78
76 17