0 1 2 3 56 55 54 32 52 43 33 65 20 10 60 68 48 38 24 25 22 17 27 9 37 99 61 66 46 74 71 63 53 44 57 95 18 49 67 78 50 79 88 98 36 31 35 30 91 73 84 85 83 6 19 41 94 34 29 15
0 1
0 43
0 78
1 2
1 35
2 3
3 56
3 52
56 55
56 61
55 54
55 32
54 99
32 33
32 31
52 20
43 65
43 24
33 68
65 38
65 37
65 73
20 10
10 60
10 9
60 71
68 48
68 27
68 67
48 49
24 25
25 22
25 17
17 18
17 41
9 74
37 46
37 95
37 36
99 66
99 98
61 53
46 34
74 63
53 44
53 57
95 91
95 29
49 50
78 88
50 79
31 30
35 85
73 84
84 83
85 6
85 19
41 94
34 15