0 1 69 68 2 3 4 5 6 7 67 66 65 64 63 62 8 9 10 11 12 13 14 61 60 59 15 47 49 45 50 48 16 58 44 43 42 51 46 57 17 18 19 20 56 52 41 55 21 22 53 54 23 40 39 24 25 38 37 36 35 34 33 32 31 30 29 28 27 26
0 1
0 69
1 2
69 68
68 67
2 3
3 4
4 5
5 6
6 7
7 8
67 66
66 65
65 64
64 63
63 62
62 61
8 9
9 10
10 11
11 12
12 13
13 14
14 15
61 60
60 59
59 58
15 47
15 49
15 45
15 50
15 48
15 16
15 46
45 44
50 51
16 17
58 57
44 43
43 42
42 41
51 52
57 56
17 18
18 19
19 20
20 21
56 55
52 53
41 40
21 22
22 23
53 54
23 24
40 39
39 38
24 25
38 37
37 36
36 35
35 34
34 33
33 32
32 31
31 30
30 29
29 28
28 27
27 26