0 34 36 20 31 19 26 13 7 23 16 6 8 10 27 28 15 25 4 22 30 21 1 33 9 29 24 17 12 14 5 3 2 32 18 11 88 73 76 49 59 95 96 57 61 63 46 47 71 72 70 94 55 75 42 84 45 66 79 85 86 74 77 68 56 38 52 50 65 80 48 60 67 51 44 62 35 54 53 69 40 39 78 90 87 37 82 93 83 64 89 92 43 81 91 41 97 58 98
0 34
0 20
0 31
0 19
0 26
0 13
0 7
0 23
0 16
0 6
0 8
0 10
0 27
0 28
0 15
0 25
0 4
0 22
0 30
0 21
0 1
0 33
0 9
0 29
0 24
0 17
0 12
0 14
0 5
0 3
0 2
0 32
0 18
0 11
34 36
20 73
20 74
31 95
31 96
19 71
19 72
26 85
26 86
13 59
13 60
7 47
7 48
23 79
23 80
16 66
16 65
6 46
6 45
8 49
8 50
10 54
10 53
27 88
27 87
28 90
28 89
15 63
15 64
25 84
25 83
4 42
4 41
22 78
21 76
21 75
1 35
9 52
29 91
24 81
12 58
14 61
14 62
5 44
5 43
3 40
3 39
2 38
32 97
32 98
11 55
11 56
49 51
59 57
95 93
96 94
71 69
72 70
84 82
66 68
79 77
65 67
39 37
90 92