0 34 30 17 8 10 19 18 33 22 24 13 23 9 32 14 26 4 27 7 11 6 5 15 21 20 16 29 1 12 28 31 25 3 65 67 63 80 50 49 2 94 93 36 62 51 82 35 53 54 68 84 41 85 86 59 81 78 71 72 66 74 88 60 69 70 40 91 56 98 52 77 79 38 39 95 89 43 48 61 97 64 96 58 92 44 55 42 90 46 87 75 45 47 73 37 83 57 76
0 34
0 30
0 17
0 8
0 10
0 19
0 18
0 33
0 22
0 24
0 13
0 23
0 9
0 32
0 14
0 26
0 4
0 27
0 7
0 11
0 6
0 5
0 15
0 21
0 20
0 16
0 29
0 1
0 12
0 28
0 31
0 25
0 3
30 94
30 93
17 67
17 68
8 50
8 49
8 2
10 53
10 54
19 71
19 72
18 69
18 70
33 35
22 78
22 77
24 82
24 81
13 59
13 60
23 80
9 51
9 52
32 98
32 97
14 62
14 61
26 85
26 86
4 41
4 42
27 88
7 48
7 47
11 56
11 55
6 45
5 43
5 44
15 63
21 75
21 76
20 74
16 65
29 91
29 92
1 36
12 58
12 57
28 89
31 95
31 96
3 40
3 39
62 64
82 84
68 66
85 87
81 83
40 38
77 79
39 37
48 46
92 90
75 73