0 9 12 5 1 16 7 39 4 18 63 32 29 10 54 2 67 17 3 20 30 23 89 24 82 84 88 92 52 34 71 22 13 8 21 27 44 55 57 38 70 42 58 83 93 60 53 11 74 98 28 49 48 46 97 75 37 47 81 69
0 9
0 67
9 12
12 5
5 1
5 11
1 16
1 7
1 39
1 4
16 18
16 53
7 32
39 63
39 38
4 2
63 54
63 84
32 29
32 10
32 52
29 30
10 92
10 8
54 55
54 60
2 3
2 13
2 47
67 17
67 57
17 44
17 42
3 20
3 22
20 82
30 23
23 89
23 24
89 88
92 34
92 71
92 70
34 27
13 21
27 37
57 58
70 93
58 83
93 69
60 98
11 74
74 28
74 75
98 97
28 49
49 48
48 46
47 81