0 53 79 39 54 7 3 37 92 51 66 74 33 17 47 8 26 49 62 90 60 77 40 35 13 71 25 87 70 59 2 72 84 97 56 6 21 65 24 10 36 43 9 50 64 38 12 76 67 85 89 22 55 1 45 44 78 80 68 63 96 29 94 93 31 73 34 28 18 86 32 14 30 48 91 42 57 46 41 99 23 19 16 88 15 95 83 81 58 52 75 11 4 27 20 98 82 5 61 69
0 53
0 60
0 2
0 9
0 86
0 11
53 79
53 39
53 90
53 75
79 62
79 59
79 18
39 54
39 92
39 49
39 43
39 58
39 52
54 7
54 67
54 81
7 3
7 37
7 26
7 36
7 76
7 28
7 83
3 95
37 51
37 8
37 10
92 24
92 31
92 73
92 34
92 15
51 66
51 47
66 74
66 17
74 33
74 70
33 87
33 65
33 93
33 69
17 6
17 21
47 13
47 56
8 40
26 94
49 35
62 25
62 12
60 77
77 1
77 45
77 29
35 71
35 64
35 38
35 88
13 96
25 55
70 63
59 72
72 84
72 16
84 97
84 78
56 19
6 50
6 61
21 23
36 91
12 20
76 89
76 22
67 85
67 99
85 27
1 44
1 48
1 5
44 41
78 80
80 68
80 30
29 14
34 82
86 32
48 57
91 42
91 46
95 4
20 98