0 30 93 94 4 8 12 27 18 5 32 26 34 19 21 22 3 29 33 7 14 25 10 16 15 20 2 1 24 28 31 17 23 13 11 6 9 95 90 91 98 57 96 92 46 68 77 97 88 50 59 45 70 47 72 52 89 38 53 35 76 44 69 87 49 41 42 66 65 84 78 71 86 43 58 82 51 61 62 75 36 85 64 40 60 81 48 39 73 79 80 63 83 67 37 74 54 56 55
0 30
0 8
0 12
0 27
0 18
0 5
0 32
0 26
0 34
0 19
0 21
0 22
0 3
0 29
0 33
0 7
0 14
0 25
0 10
0 16
0 15
0 20
0 2
0 1
0 24
0 28
0 31
0 17
0 23
0 13
0 11
0 6
0 9
30 93
30 94
30 4
94 96
4 41
4 42
8 50
8 49
12 57
12 58
27 88
27 87
18 70
18 69
5 44
5 43
32 98
32 97
26 86
26 85
34 36
19 71
21 76
21 75
22 77
22 78
3 39
29 91
33 35
7 48
14 61
14 62
25 84
25 83
10 53
10 54
16 65
15 63
20 74
2 38
2 37
24 81
28 90
31 95
17 68
17 67
23 79
23 80
13 60
6 46
6 45
9 51
90 92
91 89
57 59
68 66
50 52
45 47
70 72
38 40
53 55
84 82
62 64
75 73
54 56