0 1 89 98 90 2 21 20 3 91 97 4 19 46 95 83 82 94 18 5 16 61 29 47 96 92 22 88 32 13 15 87 23 77 81 24 86 38 80 53 14 33 35 60 59 58 43 79 57 56 12 6 11 10 25 76 62 63 67 71 28 27 50 68 74 39 72
0 1
0 89
0 98
1 2
1 21
89 90
89 88
98 97
90 91
90 95
2 3
21 20
21 22
20 19
20 46
3 4
91 16
91 92
97 96
4 5
19 83
19 18
46 47
95 94
83 82
82 29
82 81
18 61
5 38
5 6
16 15
61 60
61 62
29 28
47 35
96 13
92 32
22 23
22 77
88 87
32 33
13 14
13 12
15 57
87 86
87 71
23 24
23 53
77 76
81 80
24 25
38 39
80 79
14 43
60 59
59 58
58 67
57 56
56 50
6 11
11 10
25 74
62 63
67 68
71 72
28 27