0 4 31 48 22 24 26 23 28 9 90 20 21 69 10 70 73 78 11 94 3 93 2 8 17 5 45 32 82 7 63 53 30 25 50 51 37 35 84 83 52 40 58 54 33 60 13 67 27 88 59 12 47 36 55 98 96 61 43 95 16 85 89 62 41 87 86 81 64 49 68 92 42 39 34 65 66 97 46 18 15 14 19 29 44 56 71 75 76 91 38 1 6 80 77 72 79 57 74 99
0 4
0 77
4 31
4 22
4 9
31 48
48 75
22 24
22 26
24 10
26 23
26 28
23 21
23 69
23 2
23 25
23 80
28 20
9 90
9 3
9 93
90 11
90 94
20 6
21 30
21 1
10 70
70 73
73 78
73 71
78 32
11 8
11 45
11 63
11 53
3 17
3 5
8 7
17 13
45 82
32 50
32 59
32 39
63 40
63 60
63 98
53 15
25 62
50 51
51 37
51 56
37 35
37 52
37 33
35 84
84 83
84 88
83 89
52 58
52 54
52 55
40 44
58 42
54 27
54 85
33 36
60 67
60 47
13 12
13 18
67 92
27 61
27 43
12 16
36 38
98 96
96 95
96 68
43 46
95 29
16 87
89 97
62 41
41 49
87 86
86 81
81 64
68 65
68 66
92 91
39 34
18 14
18 19
71 76
76 57
91 99
80 74
77 72
77 79