0 25 27 26 52 9 54 53 83 96 40 5 41 42 19 84 85 68 97 20 24 14 99 86 87 63 60 67 23 77 36 82 55 31 70 78 95 17 98 10 94 11 69 59 56 76 29 30 1 2 50 32 8 33 64 12 47 62 80 18 7 51 48 81 61 49 58 57 15 3 34 35 72 90 21 88 89 46 28 75 16 74 43 71 79 13 39 92 65 37 22 66 6 45 38 93 73 44 4 91
0 25
0 27
0 26
25 52
25 96
25 40
27 83
26 97
26 95
52 9
9 54
9 53
54 36
54 82
54 55
54 31
54 70
54 78
53 77
83 19
83 80
96 23
40 5
40 68
5 41
5 42
41 85
42 60
42 67
42 37
19 84
85 20
85 63
68 14
97 24
97 62
20 86
20 87
24 99
24 98
14 69
99 30
86 50
86 47
63 12
60 11
67 65
23 94
77 92
36 3
82 29
55 10
31 2
70 15
78 17
17 76
98 64
98 73
10 56
10 57
11 59
11 58
59 75
30 1
1 28
2 32
2 33
50 8
8 51
8 49
33 39
64 13
12 61
47 7
80 18
18 81
18 79
7 48
7 46
51 90
61 93
49 38
15 72
15 71
3 34
3 35
90 21
21 88
21 89
89 45
46 43
46 91
75 16
16 74
43 6
13 66
92 22
37 4
6 44