0 63 34 24 78 32 69 70 19 91 31 73 27 1 90 52 93 33 3 85 66 83 97 80 68 82 17 36 44 51 16 60 94 4 41 89 81 23 74 95 62 53 67 10 59 20 50 13 77 99 45 56 79 47 86 21 76 71 92 8 87 46 28 9 57 55 64 7 14 40 30 12 26 15 98 54 35 25 11 65 49 29 6 72 22 61 2 48 42 37 84 88 75 39 43 18 96 58 5 38
0 63
0 69
0 70
0 19
0 91
0 31
0 66
0 83
0 97
0 80
0 68
0 82
0 17
0 36
0 44
0 51
0 16
0 60
0 94
0 4
0 41
0 89
0 81
0 23
0 74
0 95
0 62
0 53
0 67
0 10
0 59
0 20
0 50
0 13
0 77
0 99
0 45
0 56
0 79
0 47
0 86
63 34
63 24
63 78
63 32
63 52
63 93
63 33
63 3
63 85
63 57
63 55
63 64
63 7
63 14
63 40
63 30
63 12
63 26
63 15
63 98
63 54
63 35
63 25
63 11
63 65
34 27
34 1
34 90
34 92
34 8
34 87
34 46
34 28
34 9
34 75
24 73
24 76
24 71
24 84
24 88
78 21
78 6
78 37
69 42
70 29
91 2
91 48
90 61
52 49
97 38
68 22
82 72
82 18
16 43
62 5
86 58
28 39
98 96