0 46 18 61 78 75 71 5 80 37 7 19 1 2 48 66 84 30 70 21 13 47 23 9 49 25 8 93 36 59 14 22 6 44 39 11 15 87 26 64 90 28 65 10 92 32 12 27 35 45 16 43 41 20 42 88 86 95 29 31 98 52 96 82 85 76 4 17 83 73 51 91 69 55 33 40 38 74 89 72 57 34 53 81 58 99 56 79 68 62 24 50 3 77 97 67 54 94 60 63
0 46
0 18
0 7
0 19
0 63
46 61
46 37
18 71
18 5
18 80
61 78
78 75
78 4
71 66
71 55
5 48
5 25
80 11
37 69
37 50
7 1
7 2
7 10
7 76
1 84
1 49
1 65
1 45
1 16
1 24
2 39
2 35
2 85
2 91
48 27
66 21
66 28
66 51
84 30
30 70
30 73
30 62
21 13
21 47
21 56
21 79
21 68
47 23
47 14
47 83
23 9
23 88
23 40
9 59
25 8
8 93
8 36
8 82
8 60
59 90
59 12
14 22
14 6
14 44
14 94
22 96
6 26
6 64
6 42
6 17
44 33
11 15
11 92
11 32
15 87
15 20
90 72
90 57
10 89
32 74
12 43
27 41
27 31
45 29
45 97
41 52
42 86
42 95
31 98
51 99
33 38
40 58
72 34
72 77
57 53
57 81
99 3
77 54
97 67