0 13 42 94 46 81 35 78 96 74 90 85 99 88 70 87 77 67 66 68 98 73 93 75 72 91 82 95 80 65 71 97 76 89 86 79 69 83 84 92 53 50 62 12 9 6 38 32 40 37 56 44 47 4 10 29 27 16 23 51 31 8 15 61 26 28 14 3 30 43 20 59 45 48 58 21 49 64 36 19 60 7 33 17 25 1 2 63 54 55 11 52 39 18 5 57 34 24 22 41
0 13
0 42
0 94
0 46
0 81
0 35
0 78
0 96
0 74
0 90
0 85
0 99
0 88
0 70
0 87
0 77
0 67
0 66
0 68
0 98
0 73
0 93
0 75
0 72
0 91
0 82
0 95
0 80
0 65
0 71
0 97
0 76
0 89
0 86
0 79
0 69
0 83
0 84
0 92
13 12
42 50
42 62
94 37
81 23
35 53
78 20
96 40
74 16
90 32
85 27
99 43
88 30
87 29
77 19
67 3
66 2
68 5
73 14
93 36
95 38
80 22
65 1
71 10
76 18
86 28
83 25
84 26
50 9
50 6
12 64
9 4
6 61
38 47
32 56
32 44
32 49
37 15
44 21
44 17
10 8
10 39
29 51
29 31
29 52
16 48
16 58
23 33
31 45
28 11
30 7
30 24
43 59
45 60
45 55
49 34
19 41
7 54
25 63
18 57