0 3 30 2 18 5 43 44 41 21 6 1 12 13 47 42 17 29 32 8 69 71 72 99 51 49 54 24 19 22 23 28 7 4 36 59 97 14 11 55 93 40 34 33 67 9 16 76 73 74 79 77 95 60 45 46 27 25 31 26 39 65 52 50 53 56 48 20 78 90 94 35 38 70 15 10 84 85 83 81 82 92 61 62 66 68 98 91 89 58 57 63 64 88 75 37 86 96 80 87
0 3
0 2
0 5
0 6
0 1
0 8
0 7
0 4
3 30
3 29
3 32
3 28
3 27
3 25
3 31
3 26
2 18
2 21
2 17
2 24
2 19
2 22
2 23
2 20
5 43
5 44
5 41
5 47
5 42
5 45
5 46
5 48
6 51
6 49
6 54
6 55
6 52
6 50
6 53
6 56
1 12
1 13
1 14
1 11
1 9
1 16
1 15
1 10
12 99
12 97
12 98
8 69
8 71
8 72
8 67
8 65
8 70
8 66
8 68
7 59
7 60
7 61
7 62
7 58
7 57
7 63
7 64
4 36
4 40
4 34
4 33
4 39
4 35
4 38
4 37
11 93
11 95
11 90
11 94
11 92
11 91
11 89
11 96
9 76
9 73
9 74
9 79
9 77
9 78
9 75
9 80
10 84
10 85
10 83
10 81
10 82
10 88
10 86
10 87