0 34 42 32 81 85 17 67 78 80 72 55 33 69 83 60 89 39 47 99 65 21 98 76 14 64 19 28 3 48 20 23 91 70 41 5 13 96 97 45 62 6 88 87 1 24 11 95 61 82 25 93 53 16 15 49 26 79 57 51 38 56 18 58 29 86 59 43 22 92 77 84 71 94 46 73 37 7 66 75 9 2 8 36 90 52 10 30 35 44 31 63 27 74 4 12 54 50 68 40
0 34
0 27
34 42
34 85
34 17
34 67
34 63
42 32
42 81
42 99
32 71
85 78
17 72
17 55
17 84
17 31
67 80
78 47
80 39
72 33
72 69
72 21
72 62
69 83
69 60
69 89
69 18
83 2
60 19
60 77
60 44
47 65
99 50
21 98
21 76
76 14
76 64
14 45
64 48
64 97
64 9
19 28
19 3
19 75
28 23
28 11
48 20
48 41
23 91
23 70
23 96
91 92
70 5
70 24
41 56
41 66
5 13
13 38
96 1
97 16
62 6
62 88
62 87
6 51
88 53
88 54
87 22
87 7
1 82
1 93
11 95
11 61
95 79
95 57
82 25
53 26
53 43
16 15
16 49
16 59
49 86
79 37
38 46
38 73
38 12
56 29
18 58
58 94
43 4
71 35
73 36
7 52
2 8
8 90
36 30
36 74
52 10
54 68
68 40