2 76 3 9 20 7 10 49 51 11 8 6 4 1 88 55 19 22 45 15 48 5 13 18 53 60 61 47 33 17 26 27 12 80 94 62 98 87 70 64 84 72 96 14 52 66 50 56 41 81 38 36 28 21 35 54 67 37 31 39 59 78 30 43
2 76
2 4
76 3
3 9
3 7
3 10
9 20
20 21
7 49
7 6
10 51
10 14
49 8
51 11
11 13
8 12
6 5
4 1
4 48
1 88
88 55
55 19
55 22
55 60
19 15
22 45
22 53
45 18
15 96
18 17
18 26
18 27
53 33
60 61
61 47
61 62
33 64
17 28
26 31
27 80
12 50
80 94
62 98
98 87
87 70
70 66
64 84
84 72
72 52
52 41
52 36
66 56
56 38
56 39
41 81
36 35
36 59
28 30
21 43
35 54
54 67
54 37
59 78