0 72 36 39 83 49 84 2 7 43 51 93 47 18 98 12 35 24 29 20 30 14 26 27 99 55 60 74 79 10 44 28 13 23 87 15 80 50 31 94 77 88 68 81 8 40 92 59 90 76 48 53 42 46 70 56 32 86 82 96 58 38 16 11 4 97 6 71 19 54 33 91 63 52 1 57 75 45 34 73 95 25 9 21 69 66 64 5 17 37 89 61 3 22 67 62 41 65 85 78
0 72
0 49
0 84
0 40
0 78
72 36
72 39
72 83
72 8
72 38
72 69
36 81
39 51
39 93
83 2
83 7
83 43
83 14
83 26
83 27
49 98
84 18
84 29
84 20
84 30
84 58
2 47
2 79
2 10
2 68
7 15
7 80
7 52
7 1
7 85
43 96
51 94
51 77
51 88
51 63
51 21
93 35
93 24
47 12
47 74
47 89
98 60
12 90
12 37
35 55
35 87
35 70
35 9
35 41
35 65
24 46
29 23
29 42
29 25
20 59
20 73
20 95
30 13
14 53
14 82
26 28
26 86
26 91
27 99
99 44
74 33
79 31
10 92
44 54
87 50
15 48
15 34
50 76
31 32
31 17
81 5
8 62
59 4
76 11
48 56
70 64
56 19
86 71
82 16
38 6
16 67
11 97
4 75
6 45
6 22
33 57
33 66
37 3
89 61