0 27 25 26 65 47 97 49 37 8 24 35 13 66 51 4 7 83 91 87 39 22 19 59 78 54 98 33 99 9 81 56 3 34 18 80 52 2 38 32 62 42 20 75 16 5 12 57 88 69 21 14 61 70 17 15 94 43 29 1 6
0 27
0 25
0 26
27 97
27 49
27 37
27 87
25 65
25 47
25 91
26 83
65 13
47 7
97 24
97 35
49 8
49 54
37 4
37 59
37 78
8 51
24 99
35 3
13 66
51 33
4 39
4 38
83 19
83 98
83 75
91 22
91 56
87 81
87 20
39 69
78 17
54 9
33 2
99 88
9 52
81 18
3 34
34 70
18 80
80 42
80 94
52 62
2 32
38 29
32 57
62 12
42 5
75 16
12 61
88 21
88 43
69 14
70 15
43 6
29 1