0 1 2 63 64 72 71 66 48 47 73 38 39 24 70 8 97 62 50 52 51 83 9 82 25 81 53 92 34 91 99 44 11 98 12 26 80 5 84 3 61 46 79 36 93 40 89 43 37 4 85 27 28 29 41 35 42 17 90 10 23 88 59 58 14 13 30 31 65 87 49 6 54 86 96 76 77 75 7 15 55 45 32 33 95 94 18 20 67 57 22 21 16 60 78 56 19 74 69 68
0 1
0 57
1 2
1 72
2 63
2 50
63 64
63 62
63 56
64 97
64 11
72 71
72 8
72 44
71 66
71 73
71 70
71 59
66 48
66 99
66 67
48 47
48 20
47 46
47 88
73 38
73 24
73 89
38 39
38 32
39 40
24 25
24 23
70 92
70 34
70 91
70 69
97 96
62 83
62 61
50 52
52 51
52 53
83 9
83 5
83 84
83 3
9 82
9 10
82 81
81 80
53 54
53 86
92 93
34 36
91 90
99 98
44 45
11 12
11 26
80 79
5 6
84 85
3 4
46 18
79 78
36 37
36 55
93 43
93 94
40 41
37 17
85 27
27 28
28 29
41 35
41 42
90 49
88 87
59 58
59 14
59 60
14 13
14 65
14 15
13 30
30 31
49 76
6 7
96 95
76 77
76 75
75 74
15 16
32 33
18 19
67 22
22 21
69 68