0 99 47 37 6 23 36 64 59 22 92 62 14 88 21 94 81 58 24 49 85 69 79 87 26 8 17 15 32 48 45 5 54 68 13 33 7 18 56 52 20 67 3 80 82 50 55 97 83 44 41 65 28 74 95 72 39 57 86 11 38 73 70 89 10 91 4 71 16 34 9 40 75 98 51 35 29 60 66 30 76 43 84 19 96 61 1 63 31 2 27 25 53 78 46 77 12 93 42 90
0 99
0 47
0 37
0 6
0 14
0 9
0 40
99 92
99 62
47 64
47 59
47 22
47 7
37 23
37 36
37 33
36 67
36 34
36 61
64 48
59 32
22 24
62 88
62 58
62 15
62 68
62 13
62 86
14 69
14 17
14 16
88 21
88 94
88 81
88 85
21 8
94 96
81 5
81 54
58 49
58 57
24 20
85 79
85 87
85 26
85 44
85 71
69 83
69 65
69 4
79 95
79 72
79 39
87 89
87 10
87 91
17 29
15 19
48 45
48 35
45 41
54 52
54 84
68 93
7 18
7 56
52 51
67 3
3 80
80 82
80 43
82 50
82 97
50 55
50 63
44 74
65 28
65 27
74 73
74 70
39 11
39 38
11 12
91 98
71 75
71 76
71 78
34 66
34 30
9 1
40 60
40 31
75 2
19 53
27 25
53 46
78 77
12 90
93 42