0 26 25 27 56 87 10 20 70 47 7 15 85 72 46 48 84 69 55 57 91 53 9 54 14 86 74 16 73 22 93 59 71 97 81 32 18 79 2 11 95 88 21 42 62 35 44 5 60 33 29 96 19 45 65 12 89 24 3 78 1 51 39
0 26
0 25
0 27
26 87
25 56
25 47
27 70
56 10
56 53
87 20
87 91
10 55
10 57
20 85
20 86
70 15
70 69
47 7
47 84
47 97
47 81
47 32
7 46
7 48
15 72
15 71
85 44
72 35
72 45
72 65
46 62
84 19
69 14
57 96
91 22
91 59
53 9
9 54
54 78
86 74
86 88
74 16
74 42
16 73
73 29
22 93
93 95
59 11
71 39
97 24
81 18
32 2
18 79
79 51
2 33
11 60
88 21
21 89
42 5
62 12
35 3
29 1