0 24 41 36 59 38 81 20 49 53 11 45 60 30 2 80 34 16 88 12 35 84 46 69 4 61 9 77 62 75 50 94 6 42 65 89 85 97 86 10 76 43 87 96 1 54 40 57 14 51 92 70 67 48 37 7 17 55 66 26 23 39 93 79 33 13 71 27 64 68 98 21 18 58 78 83 5 3 63 82 8 99 95 25 31 52 90 72 19 74 56 22 44 15 29 28 73 32 47 91
0 24
0 41
0 53
0 11
0 35
0 84
24 59
24 34
24 16
24 88
24 12
41 36
41 2
41 80
41 77
41 62
41 7
36 29
59 38
59 20
59 49
59 9
59 65
59 15
59 91
38 81
38 37
81 30
81 42
20 45
20 4
20 61
20 86
49 6
53 60
53 97
11 69
11 48
45 50
45 94
45 87
45 78
60 85
30 46
30 40
80 67
34 76
34 43
34 70
16 1
16 54
16 32
88 75
88 93
12 27
12 64
35 58
84 8
46 14
46 51
46 92
46 18
69 66
4 39
9 89
77 10
75 96
75 13
75 71
50 57
94 23
6 17
6 55
6 82
6 44
42 26
42 22
65 79
65 33
85 63
97 98
97 21
10 68
10 3
76 5
54 73
40 95
57 28
92 83
92 47
55 99
55 52
26 31
93 56
79 25
33 72
71 90
83 19
95 74