0 1 3 7 8 32 35 38 34 14 24 23 40 43 16 41 20 45 42 37 27 17 36 21 30 58 59 60 57 28 56 72 80 15 33 10 13 51 69 74 9 48 47 49 2 82 81 18 64 66 90 97 88 25 84 76 77 93 54 71 78 87 63
0 1
0 7
1 3
3 14
7 8
8 32
32 35
35 38
35 34
38 43
38 48
34 40
14 24
24 23
23 20
40 41
40 42
40 36
43 16
43 17
43 30
16 37
41 45
20 27
37 33
17 21
17 9
21 15
30 58
30 80
58 59
58 57
58 74
59 60
60 72
60 69
60 64
57 28
57 56
72 76
80 78
15 10
10 13
13 51
51 18
69 90
74 71
9 2
48 47
48 49
47 82
82 81
81 84
18 25
64 66
64 88
90 97
25 54
76 77
77 93
54 63
78 87