0 23 36 82 68 86 66 80 84 74 94 71 93 76 63 95 70 72 92 96 73 67 79 88 89 85 62 97 83 77 87 78 81 90 61 64 99 69 65 75 91 98 28 54 56 18 60 6 59 12 32 11 41 57 1 19 25 37 43 21 10 39 5 40 29 44 3 48 34 27 52 17 14 9 8 26 16 50 53 2 51 15 30 7 20 55 42 46 58 13 35 49 31 22 24 38 45 33 4 47
0 23
0 36
0 82
0 68
0 86
0 66
0 80
0 84
0 74
0 94
0 71
0 93
0 76
0 63
0 95
0 70
0 72
0 92
0 96
0 73
0 67
0 79
0 88
0 89
0 85
0 62
0 97
0 83
0 77
0 87
0 78
0 81
0 90
0 61
0 64
0 99
0 69
0 65
0 75
0 91
0 98
23 54
82 32
68 12
86 39
66 10
84 34
94 50
71 16
93 48
76 21
92 46
79 28
88 42
89 43
85 37
62 3
97 55
83 33
77 25
78 26
90 44
99 59
65 8
75 20
91 45
28 6
54 56
54 57
54 1
54 19
56 18
56 60
6 41
59 11
59 29
12 7
32 40
32 9
11 5
57 30
1 14
19 52
19 17
19 15
25 51
43 38
21 24
29 27
44 2
48 22
9 53
9 4
8 47
16 49
16 31
50 35
15 13
46 58