0 57 84 90 89 28 2 3 58 40 81 7 12 73 74 41 37 70 18 95 31 78 23 79 49 80 75 91 96 35 29 17 47 45 9 34 51 53 25 27 5 4 97 93 66 16 11 21 13 42 86 76 50 62 63 88 60 33 52 68 19 38 43 69 10 59 87 26 15 82 72 1 85 8 36 14 65 61 20 22 32 94 98 48 99 92 44 30 77 56 39 67 55 71 24 54 6 64 83 46
0 57
0 84
0 29
0 14
57 2
57 21
57 13
57 36
84 90
84 89
84 28
90 96
90 35
90 6
28 41
28 91
2 3
2 11
2 44
3 58
3 69
58 40
58 31
58 78
58 8
40 81
40 16
81 7
81 85
81 54
7 12
7 74
7 92
12 73
12 24
73 18
73 95
73 99
74 75
41 37
41 33
37 70
37 60
18 49
18 80
95 79
95 48
31 9
78 23
78 47
78 45
23 51
23 53
23 98
23 71
79 66
96 43
29 17
45 55
9 34
51 76
53 25
53 86
25 27
25 5
25 94
27 88
27 38
5 4
5 97
4 32
97 93
11 19
13 42
86 62
76 50
50 63
50 1
88 72
88 22
60 52
60 68
52 67
52 83
68 26
43 10
43 20
69 59
69 87
10 82
59 15
59 61
14 65
44 30
30 77
77 56
77 39
77 46
54 64