0 27 33 47 25 26 43 44 80 18 50 6 36 65 64 42 79 28 40 68 15 83 1 7 12 14 5 22 8 13 52 98 35 19 46 4 84 97 20 94 11 63 51 9 77 67 3 17 99 10 61 31 16 69 90 55 48 60 56 72 32 38 81 34 66 62 96 58 2 54 21 78 93 53 71 73 23 57 24 59 49 88 95 70 30 39 76 45 82 92 41 37 75 74 89 29 86 91 85 87
0 27
0 33
0 47
0 50
27 18
27 89
33 25
33 26
33 43
33 44
33 80
47 28
25 36
25 79
25 1
26 64
26 42
26 83
26 63
26 2
43 82
44 6
44 11
44 58
80 96
18 68
18 15
18 62
6 65
6 98
6 35
6 94
64 90
42 40
42 69
79 52
40 97
40 20
40 74
15 12
15 14
1 7
1 8
1 13
1 84
1 66
7 16
12 4
12 31
14 5
5 22
5 46
22 60
13 61
13 34
13 85
52 38
52 81
98 19
35 57
19 10
19 45
4 76
4 75
20 9
20 77
20 67
20 30
20 39
20 37
20 91
11 99
11 32
63 51
63 17
9 55
9 48
9 23
77 3
99 41
61 86
90 72
48 56
72 29
32 78
32 93
66 21
62 73
58 54
2 92
54 59
21 53
21 70
78 71
23 24
23 95
24 88
59 49
75 87