0 82 92 96 71 54 76 8 25 47 68 78 97 30 31 70 88 14 90 36 22 32 67 74 85 49 35 53 87 26 79 1 7 63 37 56 93 66 65 98 6 60 58 17 43 59 77 9 3 94 51 5 41 89 40 61 15 57 11 34 72 21 23 80 55 45 42 44 73 27 64 86 39 2 62 19 20 46 83 12 81 28 13 4 18 16 95 24 91 52 29 99 69 48 10 50 75 33 38 84
0 82
0 13
0 4
82 92
82 58
82 17
92 96
92 47
96 71
96 54
96 76
96 8
96 25
96 60
96 50
71 79
54 97
54 30
54 98
54 6
76 11
76 29
8 26
8 2
25 78
25 36
25 74
25 87
47 68
68 53
78 14
78 52
97 67
30 31
30 65
31 70
31 88
31 48
31 10
88 39
14 90
14 57
14 28
90 38
36 22
36 66
22 32
22 93
32 56
67 85
67 49
67 35
49 61
49 15
35 63
35 37
53 1
53 7
26 45
26 86
26 81
7 77
7 40
7 80
7 55
63 89
56 12
56 91
66 33
65 59
6 43
77 9
77 94
9 3
9 64
94 51
51 5
51 41
51 24
5 21
5 23
41 72
41 27
89 73
61 34
21 44
21 83
23 95
55 42
73 46
73 69
73 75
86 62
86 19
86 18
86 16
19 20
46 99
91 84