0 2 3 4 1 5 6 8 7 9 11 12 13 14 10 15 16 17 18 20 21 22 19 23 24 25 26 27 28 29 30 32 33 31 34 35 36 38 37 39 40 41 42 43 44 45 47 48 50 51 53 49 46 54 52 56 55 57 58 59 60 61 62 63 64 65 66 68 67 69 71 72 74 73 70 75 76 77 78 79 80 81 82 83 84 85 86 87 89 90 91 92 93 95 96 97 94 88 98 99
0 2
0 1
2 3
3 4
4 5
5 6
6 8
8 7
8 9
9 11
11 12
11 10
12 13
12 14
14 15
15 16
15 17
17 18
18 20
18 19
20 21
21 22
22 23
23 24
24 25
25 26
26 27
27 28
27 29
29 30
30 32
32 33
32 31
33 34
33 35
35 36
36 38
38 37
38 39
39 40
39 41
41 42
42 43
43 44
44 45
45 47
47 48
47 46
48 50
50 51
50 49
51 53
53 54
53 52
54 56
54 55
56 57
57 58
58 59
59 60
60 61
61 62
62 63
63 64
64 65
65 66
66 68
68 67
68 69
69 71
71 72
71 70
72 74
74 73
74 75
75 76
75 77
77 78
78 79
79 80
80 81
81 82
82 83
83 84
84 85
84 86
86 87
87 89
89 90
89 88
90 91
91 92
92 93
93 95
95 96
95 94
96 97
97 98
98 99