0 74 2 97 15 72 48 42 86 19 88 82 13 6 16 41 36 31 28 96 80 8 62 49 32 68 20 55 54 52 14 17 85 3 98 7 79 66 83 89 76 77 46 33 53 69 23 78 92 37 99 56 44 22 57 21 73 60 91 58 18 40 10 35 38 24 81 59 29 39 9 47 65 30 64 43 67 90 75 70 25 51 84 87 93 4 26 27 11 50 95 45 34 71 61 12 63 5 1 94
0 74
0 88
0 82
0 13
0 6
0 16
0 41
74 2
74 42
2 97
97 15
15 72
15 64
72 48
72 30
48 47
48 65
48 26
48 12
42 86
42 19
42 4
88 28
82 8
82 62
82 49
6 31
6 80
6 37
16 96
16 85
16 92
41 36
41 14
41 17
36 61
96 68
96 66
96 83
80 78
8 32
62 20
62 71
32 52
32 93
20 55
20 54
20 23
54 39
54 9
52 98
52 79
17 3
3 7
7 69
79 89
79 58
79 18
66 76
66 59
66 29
89 77
89 53
89 57
89 21
89 90
77 46
77 33
77 91
46 25
23 22
92 60
37 99
99 56
99 44
44 81
22 34
57 73
57 67
73 45
73 94
91 40
40 10
10 35
10 38
10 24
39 70
9 43
65 75
30 84
30 87
64 95
25 51
26 27
26 11
26 50
61 5
12 63
5 1