0 21 43 42 34 27 41 29 45 47 38 4 35 39 28 30 31 26 40 46 32 36 37 33 44 10 81 23 96 61 18 11 9 67 15 19 2 20 1 12 16 22 8 7 17 25 5 3 14 13 87 73 24 6 50 79 91 53 83 98 63 54 58 49 51 80 68 74 77 70 78 93 56 92 94 85 48 97 59 62 57 75 76 82 72 55 88 99 86 71 52 95 66 60 89 65 64 84 69 90
0 21
0 43
0 42
0 34
0 27
0 41
0 29
0 45
0 47
0 38
0 4
0 35
0 39
0 28
0 30
0 31
0 26
0 40
0 46
0 32
0 36
0 37
0 33
0 44
21 81
21 23
21 96
21 61
42 20
27 2
41 19
47 25
38 15
4 10
4 9
4 67
35 11
39 17
30 6
31 7
46 24
32 8
10 87
10 73
10 54
23 18
23 83
23 98
23 63
18 22
18 78
18 93
11 13
11 55
11 88
9 53
15 12
15 16
15 91
19 14
19 60
2 1
2 3
2 79
2 68
2 74
2 77
2 70
2 75
2 76
2 82
2 72
2 66
2 84
2 69
20 80
20 95
1 49
1 51
1 59
1 62
1 57
1 65
1 64
16 58
22 5
22 97
8 71
8 52
7 86
3 92
3 94
3 85
3 48
3 89
14 90
13 56
24 99
6 50