0 1 2 3 4 5 6 7 9 8 10 12 13 14 15 17 16 18 19 11 20 21 22 23 24 25 26 27 28 29 30 31 33 32 34 35 36 37 38 39 40 42 43 44 45 46 41 47 48 51 52 53 50 54 49 55 57 56 58 59 60 61 63 62 64 65 66 67 69 70 71 72 73 74 76 77 75 78 68 79 80 81 82 83 84 85 86 87 88 89 90 92 91 93 94 95 97 98 96 99
0 1
1 2
1 3
1 4
4 5
5 6
6 7
7 9
9 8
8 10
10 12
10 11
12 13
12 14
14 15
14 16
15 17
16 18
16 19
19 20
20 21
21 22
22 23
23 24
24 25
24 27
25 26
26 29
27 28
29 30
30 31
31 33
31 32
33 34
34 35
34 36
35 37
37 38
37 39
38 50
39 40
40 42
40 41
42 43
43 44
44 45
44 46
46 47
47 48
48 51
48 49
51 52
51 53
53 54
54 55
55 57
55 56
56 58
58 59
59 60
60 61
60 62
61 63
63 64
64 65
65 66
66 67
66 69
67 68
69 70
70 71
71 72
72 73
73 74
74 76
76 77
77 75
77 78
78 79
79 80
80 81
80 82
82 83
83 84
84 85
85 86
86 87
87 88
88 89
89 90
90 92
92 91
92 93
92 94
94 95
95 97
97 98
98 96
98 99