0 8 12 6 1 26 45 38 46 39 36 35 43 31 42 30 34 27 29 33 28 40 41 37 44 32 24 16 7 68 84 4 5 18 67 82 19 25 60 51 61 62 57 63 53 54 56 59 50 52 49 48 55 58 47 17 93 15 22 20 3 21 99 80 9 2 23 83 90 71 11 14 13 10 96 97 81 75 70 74 65 98 69 73 77 85 89 94 66 79 87 95 86 91 72 92 78 64 76 88
0 8
0 45
0 38
0 46
0 39
0 36
0 35
0 43
0 31
0 42
0 30
0 34
0 27
0 29
0 33
0 28
0 40
0 41
0 37
0 44
0 32
8 12
8 7
8 68
8 84
12 6
12 1
12 26
6 18
6 67
6 82
1 16
1 60
1 51
1 61
1 62
1 57
1 63
1 53
1 54
1 56
1 59
1 50
1 52
1 49
1 48
1 55
1 58
1 47
26 24
26 99
26 80
45 25
36 14
31 5
42 21
34 11
29 3
41 20
24 22
24 98
16 4
16 90
16 71
7 83
4 65
5 19
5 66
18 92
19 93
19 15
19 74
25 17
60 23
17 91
17 72
15 70
20 75
20 94
3 9
3 2
3 96
3 97
3 81
3 89
3 87
3 95
3 86
3 88
21 76
9 85
2 69
2 73
2 77
2 79
2 64
23 10
23 78
14 13