0 98 1 3 97 2 5 95 4 96 93 94 92 7 8 6 9 10 12 13 11 14 17 16 18 19 90 89 91 87 88 20 22 24 25 23 21 26 27 28 29 31 30 33 34 36 32 35 15 39 38 37 41 42 40 43 45 48 49 46 51 44 50 47 53 52 54 56 59 58 57 55 60 61 62 64 63 66 68 67 65 70 69 71 74 75 72 76 77 73 78 85 86 80 82 83 79 81 84
0 98
98 1
98 2
98 96
1 3
1 97
1 4
97 95
2 5
5 7
96 93
93 94
93 92
92 90
92 89
7 8
8 6
8 9
9 10
10 12
12 13
13 11
13 15
11 14
14 17
17 16
16 18
18 19
18 20
90 87
90 88
89 91
89 86
88 85
20 22
22 24
22 25
22 23
22 21
23 26
26 27
27 28
27 29
29 31
31 30
31 33
33 34
33 32
33 35
34 36
36 39
39 38
38 37
38 41
41 42
42 40
40 43
43 45
43 44
45 48
45 46
48 49
48 51
48 50
51 53
51 52
50 47
53 54
54 56
54 57
54 55
56 59
56 58
57 60
60 61
60 62
62 64
62 63
64 66
66 68
68 67
68 70
68 69
67 65
69 71
71 74
74 75
74 72
74 76
75 78
72 73
76 77
78 80
80 82
80 79
82 83
82 84
83 81