0 31 49 84 21 68 19 79 46 50 56 72 81 10 65 48 73 54 57 15 64 23 20 44 77 70 16 52 29 25 74 3 63 33 82 91 83 1 18 5 86 90 78 66 67 28 36 60 47 11 9 7 62 76 2 58 88 53 87 61 32 51 8 71 92 22 45 80 41 39 55 6 42 27 34 85 30 89 43 26 75 35 69 4 40 37 12 17 59 24 38 13 14
0 31
0 49
0 84
31 21
49 46
49 50
84 56
84 82
21 68
21 19
21 44
21 43
21 26
68 48
68 73
68 54
19 79
79 33
79 24
46 23
46 20
46 8
46 71
50 89
56 72
56 65
56 63
56 51
72 81
72 15
72 64
81 10
81 30
10 3
65 25
65 74
65 11
73 57
73 52
73 29
73 18
54 16
15 1
15 47
15 32
64 70
44 77
77 60
77 61
16 83
16 87
16 37
52 91
25 53
63 28
63 36
82 85
83 86
83 90
83 78
83 88
1 62
1 40
18 5
18 58
5 67
90 66
66 59
67 9
28 34
9 7
62 76
62 22
76 2
53 6
32 27
51 55
71 92
92 39
92 42
22 45
45 80
45 13
80 41
42 4
85 75
75 35
75 69
37 12
12 17
17 38
13 14