0 5 31 72 9 58 79 32 77 29 93 4 68 88 23 65 27 83 99 39 85 69 96 49 74 66 80 94 44 60 35 41 40 78 81 21 7 56 26 62 17 45 54 3 98 67 33 48 28 24 63 2 91 75 19 73 55 53 95 8 42 61 90 87 12 52 1 37 6 13 38 43 89 10 50 14 15 92 11 20 51 16 34 57 46 47 97 70 76 25 22 86 30 59 82 36 84 64 18 71
0 5
0 31
0 72
0 9
0 58
0 79
0 53
0 95
5 88
5 52
31 89
72 4
72 68
72 39
72 85
9 32
9 77
9 29
9 93
9 44
9 60
58 23
58 65
58 27
58 83
58 99
58 21
79 96
79 17
79 45
32 69
32 67
77 80
77 94
77 24
29 66
29 81
93 49
93 74
4 40
4 78
4 19
4 73
4 55
68 12
88 35
88 41
88 87
88 38
88 43
23 26
23 62
23 64
65 98
27 3
27 84
83 7
83 56
83 48
83 28
83 13
83 71
99 2
99 91
99 75
39 54
85 90
96 33
74 63
74 6
66 8
66 14
80 61
94 42
94 37
94 11
94 20
35 34
41 50
40 1
40 47
40 97
21 10
21 92
56 16
62 15
17 36
45 18
3 46
98 51
63 76
2 57
73 70
55 22
8 30
52 82
37 25
38 86
34 59