0 2 3 4 12 13 21 10 6 7 11 18 19 33 35 41 44 34 15 25 39 45 38 46 42 32 27 51 49 50 52 55 59 61 58 63 65 66 67 73 72 77 71 88 89 85 87 99 86 70 97 76 81 91 90 93 79 82 96
0 2
2 3
3 4
4 12
4 13
12 18
13 21
13 10
10 6
10 11
6 7
11 15
18 19
18 32
19 33
33 35
33 34
35 41
41 44
44 45
34 39
15 25
15 27
39 38
39 42
45 46
45 51
51 49
49 50
50 52
52 55
52 61
55 59
59 58
59 65
61 63
65 66
65 67
67 73
73 72
73 77
77 71
77 88
77 79
71 70
88 89
89 85
89 99
85 87
87 86
99 97
86 91
70 76
97 96
76 81
91 90
90 93
79 82