0 72 88 34 31 71 26 79 46 51 15 3 83 75 2 96 70 23 1 61 29 73 47 84 11 24 30 57 10 44 56 58 67 54 53 20 40 45 82 80 49 93 12 5 50 74 62 68 99 87 52 64 39 13 90 97 76 55 42 91 4 32 43 22 14 37 17 48 89 8 7 35 41 86 63 65 21 9 25 69 66 77 94 6 59 33 95 27 78 28 19 16 85 60 92 98 18 81 38 36
0 72
0 62
0 18
72 88
72 74
88 34
88 71
88 26
34 31
34 5
34 50
31 46
31 12
71 79
71 47
26 73
79 51
79 3
79 30
79 97
79 77
79 98
46 15
46 36
51 66
15 38
3 83
3 49
3 93
83 75
83 90
75 2
75 29
75 92
2 96
2 41
2 86
96 70
70 23
23 1
23 61
1 13
61 11
61 24
61 35
29 39
29 7
73 84
24 57
24 8
24 60
57 10
57 69
10 44
10 64
44 56
56 58
56 54
56 89
58 67
58 40
67 20
54 53
54 80
20 45
20 82
40 25
45 52
49 81
93 27
5 87
5 95
50 68
50 99
74 91
74 48
62 22
68 42
68 85
99 32
87 55
87 43
39 76
76 33
55 4
42 16
32 17
22 14
22 37
14 9
37 21
17 59
48 65
35 63
9 6
77 94
77 19
59 28
27 78