0 44 61 90 68 29 39 28 14 74 42 66 49 10 33 63 18 87 1 48 35 78 91 23 96 58 25 34 36 62 69 77 98 56 6 32 20 52 38 95 51 22 27 92 94 4 88 13 85 8 41 99 72 11 75 70 93 59 54 40 17 84 65 76 37 26 82 2 57 12 60 47 86 43 30 50 7 89 83 19 80 73 16 79 97 53 24 9 81 31 71 45 3 55 64 5 15 21 67 46
0 44
44 61
44 90
61 63
61 18
61 20
90 68
68 29
68 28
68 14
29 39
29 30
39 74
39 42
28 33
28 32
14 10
14 53
74 49
74 56
74 6
74 45
42 66
42 36
42 85
42 71
49 13
10 98
33 34
33 37
63 4
63 88
63 59
18 87
18 1
18 48
18 35
18 77
87 78
87 93
1 58
1 25
1 43
1 97
48 23
48 96
35 69
78 91
78 94
78 70
96 62
25 92
34 51
34 27
34 75
34 65
34 76
36 95
77 17
77 84
98 47
98 86
56 38
56 79
56 46
20 52
95 22
22 16
94 60
88 8
88 11
13 41
8 72
8 31
41 99
99 12
70 40
59 54
59 57
59 83
84 89
76 2
37 26
37 73
26 82
26 7
82 80
60 81
47 50
47 15
89 5
89 67
83 19
83 21
73 9
73 55
97 24
45 3
55 64