0 1 2 4 48 47 45 49 46 70 93 92 94 74 33 19 60 63 91 66 69 67 68 64 18 62 16 57 56 55 59 5 81 80 83 9 42 71 89 85 86 88 87 20 82 21 23 77 75 8 32 44 13 10 7 40 26 29 14 27 43 37 35 39 38 31 98 99 97 96 53
0 1
1 2
1 60
2 4
2 93
4 48
48 47
48 45
48 19
47 70
45 49
45 46
49 33
46 13
70 74
70 71
93 92
92 94
94 91
74 62
74 44
33 81
33 32
19 18
60 63
63 64
91 66
66 69
69 67
67 68
64 57
18 16
62 42
57 56
57 55
56 59
55 5
5 9
5 8
81 80
80 83
83 82
9 89
42 75
71 53
89 85
85 86
85 88
86 77
88 87
87 20
20 23
82 21
75 26
8 7
32 31
44 40
44 43
13 10
10 14
26 29
26 27
43 37
37 35
35 39
39 38
31 98
98 99
99 97
97 96