0 6 29 13 26 2 9 11 44 46 33 51 38 35 39 32 49 50 42 47 40 36 45 43 34 37 52 41 48 28 88 75 93 56 22 78 15 84 86 85 83 81 97 69 14 23 60 21 59 91 90 73 76 53 82 79 77 89 72 87 74 80 7 16 10 3 12 1 95 4 18 20 5 24 27 62 98 65 31 30 8 19 25 54 64 63 94 99 17 70 92 96 57 66 71 61 55 58 67 68
0 6
0 44
0 46
0 33
0 51
0 38
0 35
0 39
0 32
0 49
0 50
0 42
0 47
0 40
0 36
0 45
0 43
0 34
0 37
0 52
0 41
0 48
6 29
6 11
6 93
6 56
29 13
29 69
13 26
13 2
13 9
13 81
13 97
2 28
2 88
2 75
2 15
2 84
2 86
2 85
2 83
2 91
2 90
2 73
2 76
2 53
2 82
2 79
2 77
2 89
2 72
2 87
2 74
2 80
9 78
9 59
9 95
11 22
11 23
11 60
11 21
51 30
32 1
42 17
40 12
52 31
22 14
22 65
15 99
97 3
14 62
14 98
23 16
23 10
23 66
21 7
90 27
7 20
7 5
7 24
7 94
7 57
16 18
16 63
3 92
3 96
1 4
1 64
1 70
1 71
1 61
1 55
1 58
1 67
1 68
4 54
5 25
24 8
24 19