0 34 36 30 21 33 7 20 14 18 1 28 12 32 29 2 23 17 5 24 27 6 10 19 9 31 15 16 3 26 4 25 13 8 11 22 40 79 35 62 75 93 38 55 43 97 90 70 73 48 76 94 50 44 91 69 74 56 42 66 54 88 81 92 89 61 47 86 84 85 39 53 68 67 37 58 57 82 78 72 45 87 98 80 60 63 95 65 96 51 52 71 46 41 77 83 64 49 59
0 34
0 30
0 21
0 33
0 7
0 20
0 14
0 18
0 1
0 28
0 12
0 32
0 29
0 2
0 23
0 17
0 5
0 24
0 27
0 6
0 10
0 19
0 9
0 31
0 15
0 16
0 3
0 26
0 4
0 25
0 13
0 8
0 11
0 22
34 36
30 93
30 94
21 75
21 76
7 48
7 47
20 73
20 74
14 62
14 61
18 70
18 69
1 35
28 90
28 89
12 58
12 57
32 97
32 98
29 91
29 92
2 37
23 79
17 68
17 67
5 43
5 44
24 81
27 88
27 87
6 45
6 46
10 54
10 53
19 72
19 71
9 51
9 52
31 96
15 64
16 66
16 65
3 40
3 39
26 85
4 42
25 84
25 83
8 50
11 55
11 56
22 78
40 38
79 77
93 95
43 41
88 86
61 63
84 82
58 60
57 59
78 80
51 49