0 34 3 16 23 1 48 87 61 19 5 21 79 11 39 53 64 45 6 90 46 66 38 40 13 62 67 91 70 4 83 24 77 86 73 25 32 14 63 26 36 22 31 71 75 20 30 76 52 92 12 81 37 17 44 9 18 10 29 94 43 78 65 93 59 82 33 42 58 56 8 41 80 51 35 15 68 27 72 85 89 47 88 28 57 60 50 74 2 54 7 69 84 49 55
0 34
0 73
0 88
34 3
34 8
34 47
3 16
3 61
16 23
23 1
23 79
23 11
23 86
23 69
1 48
1 87
48 21
48 56
87 5
87 90
87 77
61 19
61 24
61 7
19 17
5 83
5 58
21 89
79 39
79 6
39 53
39 64
39 43
39 54
64 45
64 66
64 37
6 46
6 42
90 85
46 38
46 40
46 94
66 13
40 4
40 36
13 62
13 70
62 67
67 91
67 63
67 26
91 20
70 81
4 72
83 2
77 32
77 14
77 55
86 29
73 25
73 82
73 33
32 71
32 75
32 10
63 76
26 18
26 74
36 22
36 31
22 92
22 12
22 59
71 9
75 30
30 93
76 52
37 44
18 49
29 27
29 50
43 78
43 65
78 68
59 80
82 35
82 15
8 41
8 84
80 51
72 28
88 60
28 57