0 28 66 89 31 15 97 30 4 90 22 23 79 72 11 19 96 49 27 32 71 60 26 39 57 74 17 84 7 24 14 41 38 36 54 8 58 85 9 92 1 43 99 94 35 48 44 29 62 73 46 91 77 55 76 68 2 45 64 18
0 28
0 66
0 89
66 30
66 4
66 92
89 31
89 72
89 60
89 26
31 15
31 97
31 41
31 9
15 79
15 14
15 29
97 23
97 49
30 96
30 71
4 90
90 22
90 24
22 36
23 11
23 19
72 85
11 32
19 58
96 74
49 27
32 7
71 84
60 46
26 39
26 57
57 73
74 17
84 38
7 62
24 8
14 94
41 1
38 44
36 54
58 2
9 99
9 48
1 43
99 35
48 18
44 68
73 64
46 91
91 77
77 55
77 76
2 45