0 16 33 20 26 31 23 54 52 43 50 58 47 37 66 42 60 59 61 65 49 57 63 62 55 48 45 38 44 46 40 39 51 56 67 41 53 64 8 19 12 17 87 84 28 74 95 6 1 25 15 7 3 5 35 80 2 10 27 30 21 32 29 24 85 36 11 14 9 13 72 94 69 4 34 18 22 77 90 78 81 89 82 76 71 79 75 88 73 98 70 97 93 91 83 68 86 92 99 96
0 16
0 54
0 52
0 43
0 50
0 58
0 47
0 37
0 66
0 42
0 60
0 59
0 61
0 65
0 49
0 57
0 63
0 62
0 55
0 48
0 45
0 38
0 44
0 46
0 40
0 39
0 51
0 56
0 67
0 41
0 53
0 64
16 33
16 23
33 20
33 8
33 19
20 26
26 31
26 84
31 87
52 17
43 7
50 15
58 25
47 12
37 1
59 27
65 34
45 10
38 2
40 4
8 95
8 6
8 70
19 80
12 28
12 74
12 98
17 5
17 35
28 85
28 36
6 3
6 94
6 69
1 29
1 24
1 72
1 77
1 90
1 78
1 81
1 89
1 82
1 76
1 71
1 79
1 75
1 88
1 73
1 68
1 86
25 32
25 83
7 21
3 91
5 30
5 13
5 22
5 93
2 9
2 92
2 99
2 96
21 14
24 11
11 97
4 18