0 33 35 17 34 18 6 10 16 8 14 53 54 67 30 68 15 2 32 31 5 1 20 29 11 26 12 13 27 23 22 21 28 9 19 25 4 24 3 7 78 73 97 50 65 69 36 86 44 95 62 93 87 60 59 91 43 98 55 46 70 72 52 90 79 80 88 57 58 92 49 66 45 51 76 38 56 61 42 84 71 96 64 63 94 74 48 39 82 81 85 37 41 47 89 77 40 83 75
0 33
0 17
0 34
0 18
0 6
0 10
0 16
0 8
0 14
0 11
0 26
0 12
0 13
0 27
0 23
0 22
0 21
0 28
0 9
0 19
0 25
0 4
0 24
0 3
0 7
33 35
17 67
17 30
17 68
17 15
17 2
17 32
17 31
17 5
17 1
17 20
17 29
34 36
18 69
18 70
6 46
6 45
10 53
10 54
16 65
16 66
8 50
8 49
14 62
14 61
53 55
54 56
30 94
15 64
15 63
2 38
2 37
32 97
32 98
31 95
31 96
5 44
5 43
20 73
29 91
29 92
26 86
26 85
12 57
12 58
13 60
13 59
27 87
27 88
23 79
23 80
22 78
22 77
21 76
21 75
28 90
28 89
9 51
19 71
25 84
25 83
4 42
24 82
24 81
3 39
7 48
7 47
50 52
95 93
43 41
70 72
76 74
38 40