0 98 93 56 80 65 38 62 17 43 86 1 99 82 11 21 73 54 52 42 35 10 23 49 33 5 26 20 48 29 24 81 28 18 61 4 58 41 12 70 16 51 7 15 9 60 37 55 78 14 57 97 75 27 71 59 50 44 88 46 66 3 19 40 69 39 31 83 76 68 72 25 92 47 96 84 36 79 94 6 77 67 13 45 2 64 22 53 89 34 91 95 87 74 90 32 8 85 30 63
0 98
0 53
98 93
98 82
98 76
98 68
98 72
93 56
93 99
56 80
56 38
56 1
56 49
80 65
65 22
38 62
38 86
62 17
17 43
43 23
86 73
86 54
1 42
1 35
1 10
99 11
99 21
99 48
11 20
21 7
21 83
21 64
73 52
73 28
73 75
52 45
52 2
42 81
35 66
10 51
10 57
10 97
10 13
23 33
49 26
49 14
33 5
33 24
33 78
33 90
5 4
5 31
5 74
26 29
26 46
26 87
29 88
29 85
24 61
24 67
81 18
81 16
18 94
61 70
4 58
4 12
4 44
58 41
12 79
70 15
70 9
16 55
51 37
51 95
9 60
60 39
78 69
14 50
97 71
97 59
97 36
75 27
75 40
27 19
27 84
27 91
71 25
71 92
50 96
66 3
31 77
68 34
72 8
92 47
92 63
96 6
84 89
77 30
13 32