0 22 65 81 39 82 8 87 83 7 77 61 16 21 93 74 35 34 67 78 48 40 68 33 62 55 58 24 95 14 60 80 99 13 23 37 64 18 79 75 5 86 43 41 28 9 63 70 89 2 92 51 73 3 71 49 97 29 85 15 59 91 94 17 20 52 44 11 12 6 47 53 56 72 90 54 88 10 96 46 4 1 69 30 36 66 27 42 26 25 76 45 38 32 50 84 98 19 31 57
0 22
0 89
0 2
22 65
22 81
81 39
39 82
39 8
39 87
39 63
39 70
82 9
8 83
8 7
8 11
87 62
87 55
87 58
87 28
87 44
87 10
83 41
7 77
7 84
77 61
61 16
61 20
61 52
16 21
16 93
21 43
93 74
93 35
93 34
93 67
74 86
74 88
35 50
34 78
34 48
34 33
67 68
67 32
48 40
40 38
68 3
33 17
62 95
62 45
55 24
55 73
58 99
58 13
58 5
95 14
14 60
14 80
14 54
60 90
13 23
13 76
23 37
37 64
37 75
37 51
37 1
64 18
64 79
18 92
79 15
5 25
43 94
9 26
89 29
89 85
92 97
73 49
73 31
3 71
3 91
71 42
29 72
85 59
85 56
91 27
17 53
17 4
20 47
11 12
11 6
47 46
72 57
90 66
88 96
96 36
1 69
1 30
25 19
76 98