0 49 27 40 15 26 37 96 45 99 35 36 60 53 43 59 67 88 57 34 61 44 47 58 30 10 87 25 76 4 63 78 38 2 92 54 48 33 81 12 22 91 97 93 46 8 83 9 16 17 85 6 13 55 62 95 42 89 71 39 69 11 98 68 51 82 50 74 20 14 5 79 41 75 94 18 3 28 24 84 77 29 73 23 65 80 19 52 32 66 72 64 21 7 86 1 90 70 56 31
0 49
49 27
49 15
49 26
49 55
49 62
49 95
27 40
27 37
27 96
27 45
27 97
27 93
27 46
15 99
26 35
26 78
37 59
96 60
96 63
45 4
45 13
45 64
45 70
99 85
99 6
35 36
35 43
36 91
60 53
43 67
43 88
43 61
59 34
59 12
59 22
67 57
67 87
67 72
88 10
57 66
34 44
34 81
61 47
61 76
61 17
61 82
47 58
47 33
58 30
58 51
30 48
10 54
87 25
25 92
25 16
25 68
76 9
76 98
4 83
63 38
63 2
38 11
2 5
92 8
92 77
33 89
33 69
12 20
12 14
46 32
9 90
16 1
85 41
85 52
6 79
62 19
95 42
95 84
95 31
89 71
89 23
71 39
11 94
98 74
51 50
50 80
5 24
79 75
41 28
41 86
94 18
94 3
24 29
29 73
23 65
64 21
64 7
64 56