0 63 64 83 99 75 22 98 27 1 97 8 82 9 41 96 86 45 78 65 95 40 66 81 44 39 94 72 77 33 13 69 88 14 46 89 74 54 79 85 23 36 20 84 53 76 15 71 73 43 67 16 42 24 10 47 70 2 58 80 62 28 26 21 55 93 31 6 87 7 5 3 59 4 12 56 91 57 92 51 35 48 32 34 61 60 25 19 17 90 18 50 49 38 11 52 68 37 29 30
0 63
0 99
0 75
0 1
63 64
63 27
64 83
64 65
83 82
83 84
99 98
99 20
75 22
22 36
22 21
98 97
98 8
98 23
27 78
27 28
27 26
1 45
97 96
97 86
8 9
8 41
8 7
82 66
82 81
9 88
41 40
41 69
96 95
96 61
86 13
86 85
86 87
45 44
45 33
78 77
78 54
78 79
65 16
95 94
95 72
95 6
40 62
66 67
66 31
81 74
81 58
81 80
44 39
44 43
94 46
94 89
94 93
72 73
33 71
33 32
33 34
13 14
13 2
13 12
69 70
14 15
14 48
46 10
46 47
74 90
54 53
54 76
23 24
36 35
20 55
73 42
73 37
67 68
16 17
2 4
58 59
26 3
21 51
6 5
87 52
7 19
59 92
12 56
56 91
56 57
92 25
35 11
61 60
19 18
18 50
50 49
50 38
37 29
29 30