0 80 79 84 86 82 18 75 34 65 20 40 9 4 42 41 58 25 76 43 26 74 52 70 60 38 62 35 90 13 61 30 12 48 49 73 45 16 23 71 8 31 91 5 46 10 57 6 2 92 85 24 55 3 83 29 39 81 22 44 78 54 37 14 17 77 63 53 15 56 28 66 11 50 21 47 51 36 68 67 1 64 69 7 19 59 27 88 72 32 89 87 33
0 80
0 79
0 84
0 61
0 30
80 75
80 76
80 43
80 13
79 86
79 90
84 25
86 82
86 18
82 62
82 35
18 40
18 38
18 91
75 34
75 58
75 37
75 68
34 65
34 60
34 36
65 20
65 41
20 42
20 54
40 9
40 31
9 4
42 70
41 23
41 71
41 8
58 26
58 51
25 52
76 92
43 74
74 78
74 72
70 88
38 44
35 49
35 47
13 2
61 12
61 48
12 6
48 73
48 83
48 21
49 16
49 27
73 45
45 50
71 57
8 5
8 46
8 22
31 3
91 11
46 10
46 81
57 28
57 66
2 85
2 55
85 24
85 7
55 39
55 59
3 89
83 29
83 32
22 56
22 33
78 14
54 77
14 17
17 15
77 63
77 53
53 69
68 67
67 1
1 64
69 19
59 87