0 90 38 7 66 8 12 2 69 3 4 94 21 92 30 42 1 49 62 5 11 39 10 23 31 52 67 22 73 27 56 32 9 28 54 81 63 48 80 15 44 85 53 29 91 26 13 24 25 87 71 74 6 93 86 19 18 17 16 20 40 35 88 55 82 64 34 36 79 33 89 57 41 47 83 84 58 14 46 51 43 37 68 72 61 60 59 78 75 77 70 76 50 45 65
0 90
90 38
38 7
7 66
7 8
66 44
8 12
12 2
12 11
2 69
2 3
2 4
2 94
3 21
4 1
94 92
94 30
94 23
94 47
21 42
92 15
92 51
1 49
1 62
1 5
1 80
1 29
62 55
5 9
11 39
11 10
11 52
39 41
10 31
23 32
31 57
52 67
52 22
22 73
22 27
22 56
22 48
32 81
32 63
9 28
9 54
9 88
54 53
63 89
80 46
15 85
85 75
29 91
91 26
91 13
26 24
13 76
24 25
24 71
25 87
71 74
74 6
6 93
93 86
93 50
86 19
19 18
19 20
19 61
18 17
17 16
16 72
16 78
20 40
20 35
35 34
35 36
88 82
88 64
55 14
64 79
34 33
36 83
79 45
57 68
83 84
83 37
84 58
51 43
61 60
60 59
78 65
75 77
77 70