0 1 2 3 4 5 20 6 7 8 9 10 11 12 13 14 15 16 17 18 19 21 99 72 69 22 85 57 90 23 28 24 25 26 27 29 96 56 58 93 45 65 30 76 67 31 68 60 48 32 54 33 44 46 55 78 34 35 36 37 38 39 40 41 42 43 47 49 59 70 71 73 98 50 53 61 64 66 84 86 89 51 80 75 77 91 52 62 74 79 92 94 95 97 63 81 83 82 87 88
0 1
1 2
1 99
1 72
2 3
3 4
4 5
4 20
4 57
4 90
5 6
20 21
6 7
6 78
7 8
8 9
8 98
9 10
9 85
10 11
10 28
11 12
12 13
13 14
14 15
15 16
16 17
17 18
18 19
21 22
72 69
72 71
72 73
69 70
22 23
85 84
85 86
57 56
57 58
90 91
23 24
23 96
28 29
24 25
25 26
26 27
29 30
29 76
96 68
96 95
96 97
56 93
56 45
56 55
58 59
93 92
93 94
45 65
45 44
45 46
65 64
65 66
30 31
76 67
76 75
76 77
31 60
31 48
31 32
60 61
48 49
32 54
32 33
54 53
46 47
78 34
78 79
34 35
34 80
35 36
36 37
37 38
38 39
39 40
40 41
41 42
42 43
49 50
73 74
50 51
61 62
84 89
84 83
86 87
51 52
80 81
62 63
81 82
87 88