0 43 74 36 88 9 95 64 62 53 27 23 49 80 29 85 6 77 45 1 63 31 67 59 71 68 93 7 25 89 46 44 92 79 58 33 41 39 81 13 86 14 48 76 78 12 66 54 42 83 72 87 5 10 98 47 75 22 20 32 11 60 35 97 96 4 56 28 3 70 40 65 57 90 50 21 26 24 55 8 17 34 37 2 52 51 84 18 16 94 15 30 69 91 38 99 61 82 73 19
0 43
43 74
43 36
43 30
43 73
74 97
36 88
36 9
36 21
88 29
88 15
9 95
9 80
95 64
64 62
64 78
64 35
62 53
62 27
62 23
62 49
62 94
53 76
53 60
27 63
49 82
80 1
29 85
29 71
85 6
85 46
6 77
6 48
6 16
6 19
77 45
45 67
45 59
1 31
1 41
1 11
31 89
67 93
59 50
71 68
71 33
71 14
68 25
93 7
93 32
93 18
25 92
89 44
89 58
46 79
46 86
44 54
44 61
79 90
33 39
33 20
41 81
41 13
41 57
39 34
86 66
86 22
86 65
86 84
14 75
14 17
48 12
48 47
48 51
76 40
66 70
54 42
54 99
42 83
42 87
42 3
83 72
83 98
72 10
72 28
87 5
5 56
5 38
10 4
10 8
47 26
22 55
20 96
35 24
97 2
97 52
28 91
24 37
94 69