0 95 27 39 92 18 31 34 87 53 73 90 64 74 67 19 99 69 52 16 37 93 63 9 91 5 46 97 44 58 47 65 38 14 33 40 6 70 15 55 83 89 35 68 43 51 56 54 66 21 86 96 72 57 50 82 84 30 25 98 36 42 49 13 1 59 62 71 23 4 80 29 8 11 41 32 12 48 7 26 81 3 76 88 60 10 78 94 85 79 61 2 77 17 45 75 28 24 22 20
0 95
0 67
0 19
0 99
95 27
95 39
95 92
95 18
95 31
95 34
95 87
95 53
95 73
95 90
95 64
95 74
27 52
27 16
27 37
27 93
27 63
27 9
39 38
39 14
39 33
39 40
39 6
39 70
39 15
92 69
92 68
92 43
92 51
92 56
92 54
92 66
92 21
92 86
18 35
18 30
18 25
18 98
31 71
31 23
34 47
34 65
34 84
34 62
34 12
87 82
87 59
53 60
90 89
90 11
90 41
90 32
64 58
64 83
64 50
64 1
64 88
67 8
67 76
19 79
19 61
99 13
99 3
69 46
69 97
69 44
69 29
69 81
69 28
52 5
52 57
52 85
37 91
37 55
37 49
37 26
91 96
91 72
5 20
46 7
58 48
47 75
65 22
38 80
14 94
70 42
43 45
96 24
57 36
57 4
57 17
82 78
36 10
42 77
7 2