0 27 26 25 45 62 31 42 2 12 6 61 33 32 5 40 49 85 20 44 73 97 48 16 29 93 22 24 92 1 75 8 51 50 54 58 35 11 38 59 90 21 82 9 30 71 52 19 88 83 66 60 3 77 13 81 80 18 96 70 56 68 14
0 27
0 26
0 25
27 31
27 42
26 45
26 62
25 85
45 6
62 12
62 48
31 2
31 40
31 49
42 5
42 73
42 97
2 33
2 32
12 61
6 44
61 93
33 35
40 90
49 8
85 20
44 29
73 16
97 24
97 58
97 77
16 75
29 1
93 22
22 92
92 54
75 59
8 51
8 50
51 30
51 71
50 38
54 9
54 80
58 11
35 3
11 60
59 82
59 66
90 21
21 88
82 19
9 52
30 70
52 96
19 83
88 56
83 81
66 13
81 18
70 68
68 14