0 1 2 3 4 5 6 7 8 9 10 11 12 13 14 15 16 17 18 19 20 21 22 23 24 25 37 30 51 77 78 50 26 27 75 76 28 29 36 49 74 73 48 72 71 33 42 60 61 98 95 96 34 45 66 65 44 63 64 32 31 40 56 88 87 39 55 85 86 54 83 84 97 43 62 99 38 53 82 81 52 79 80 57 89 90 35 46 67 68 47 69 70 41 58 91 92 59 94 93
0 1
0 2
1 3
1 4
2 5
2 6
3 7
3 8
4 9
4 10
5 11
5 12
6 13
6 14
7 15
7 16
8 17
8 18
9 19
9 20
10 21
10 22
11 23
11 24
24 25
25 37
25 26
25 27
37 30
37 51
37 50
30 36
51 77
51 78
50 75
50 76
26 28
26 29
27 31
28 33
28 32
29 34
29 35
36 49
36 48
49 74
49 73
48 72
48 71
33 42
33 43
42 60
42 61
60 95
60 96
61 98
61 97
34 45
34 44
45 66
45 65
44 63
44 64
32 40
32 41
31 39
31 38
40 56
40 57
56 88
56 87
39 55
39 54
55 85
55 86
54 83
54 84
43 62
62 99
38 53
38 52
53 82
53 81
52 79
52 80
57 89
57 90
35 46
35 47
46 67
46 68
47 69
47 70
41 58
41 59
58 91
58 92
59 94
59 93