93 21 10 33 80 69 6 87 91 15 75 14 48 68 26 4 46 77 29 42 84 72 92 64 54 57 12 85 22 40 53 3 31 60 27 11 41 17 76 59 16 67 70 45 43 23 74 34 30 28 39 37 2 97 5 95 44 9 90 35 83
93 21
93 33
93 80
93 54
21 10
33 6
33 68
33 9
80 69
80 48
69 3
6 87
87 91
91 15
91 75
15 14
75 84
14 44
48 64
68 26
68 95
26 4
26 42
4 46
4 92
4 85
46 77
46 5
77 29
77 83
42 72
92 57
92 12
92 59
64 22
54 76
12 53
12 17
22 40
22 37
53 41
3 31
31 60
60 27
27 11
27 97
41 67
41 70
17 2
76 16
59 45
16 23
67 43
45 34
43 74
43 28
23 30
74 39
95 35
44 90