0 33 34 17 26 29 13 2 5 3 19 7 20 9 32 15 10 12 27 28 25 24 21 14 23 4 22 11 8 31 18 6 1 16 30 35 37 86 68 83 73 91 92 85 36 93 49 58 57 51 43 60 59 67 65 94 55 76 88 64 47 72 39 38 40 53 50 84 87 48 71 44 41 77 80 61 90 89 52 74 63 79 45 42 62 82 81 54 98 97 66 95 56 78 75 96 69 46 70
0 33
0 34
0 17
0 26
0 29
0 13
0 2
0 5
0 3
0 19
0 7
0 20
0 9
0 32
0 15
0 10
0 12
0 27
0 28
0 25
0 24
0 21
0 14
0 23
0 4
0 22
0 11
0 8
0 31
0 18
0 6
0 1
0 16
0 30
34 36
17 68
17 67
26 86
26 85
29 91
29 92
13 60
13 59
2 37
2 38
5 43
5 44
3 39
19 72
19 71
7 47
7 48
20 73
20 74
9 51
9 52
32 98
32 97
15 64
10 54
12 58
12 57
27 88
27 87
28 90
28 89
25 83
25 84
24 82
24 81
21 76
21 75
14 61
14 62
23 80
4 42
22 77
22 78
11 55
11 56
8 49
8 50
31 95
31 96
6 45
1 35
16 66
30 93
30 94
43 41
67 65
55 53
72 70
38 40
48 46
71 69
77 79
61 63