79 94 75 35 39 17 53 36 34 91 46 54 12 93 48 11 98 24 62 14 33 67 38 42 22 87 86 74 27 6 10 47 61 19 97 89 70 49 5 40 65 81 96 50 28 31 15 32 71 2 37 58 4 52 51 13 59 26 8 72
79 94
79 53
79 12
79 93
79 32
94 75
94 39
94 17
94 89
75 35
35 46
35 54
35 10
35 58
39 34
39 98
39 24
53 36
34 91
34 49
34 15
91 59
46 11
46 6
54 67
12 97
93 48
48 33
11 62
11 14
98 51
62 74
62 27
14 22
33 86
67 38
67 42
67 31
42 87
22 47
87 19
6 13
47 61
19 70
89 40
89 65
49 5
5 37
40 28
65 81
81 96
96 50
50 2
31 4
15 71
4 52
13 8
59 26
8 72