0 24 54 41 32 35 2 67 84 70 25 92 82 81 75 89 90 96 94 68 91 95 93 87 78 99 88 76 72 79 66 64 97 74 77 85 63 71 86 62 73 98 80 83 65 69 23 15 37 5 10 53 36 43 1 42 30 12 31 7 27 48 22 51 4 28 9 38 17 44 46 20 8 45 39 47 11 29 18 52 50 19 21 34 59 26 3 14 58 6 33 13 16 57 49 60 55 40 61 56
0 24
0 2
0 67
0 84
0 70
0 25
0 92
0 82
0 81
0 75
0 89
0 90
0 96
0 94
0 68
0 91
0 95
0 93
0 87
0 78
0 99
0 88
0 76
0 72
0 79
0 66
0 64
0 97
0 74
0 77
0 85
0 63
0 71
0 86
0 62
0 73
0 98
0 80
0 83
0 65
0 69
24 54
24 41
24 32
24 35
54 23
41 15
41 37
2 43
67 7
84 31
70 12
25 9
82 28
89 39
94 45
68 8
87 34
78 21
88 36
76 19
64 4
97 50
74 16
77 20
71 13
86 33
37 5
37 53
37 30
37 6
5 10
5 42
5 51
36 1
1 46
42 22
30 27
30 48
12 44
31 17
7 52
27 38
22 29
22 18
9 11
9 58
38 14
44 3
20 59
20 26
39 47
47 60
11 56
50 49
58 57
13 61
16 55
16 40