0 26 25 74 16 75 72 15 70 73 94 65 76 17 23 96 78 77 40 92 57 10 22 5 42 55 56 13 36 46 87 66 91 79 43 6 20 7 3 61 84 58 18 30 11 19 69 50 52 31 8 83 1 14 12 62 9 39 4 49 2 54 90 99
0 26
0 25
26 94
26 65
26 76
25 74
25 57
25 87
74 16
74 92
74 46
16 75
16 73
75 72
75 58
72 15
15 70
73 36
94 23
65 40
65 13
76 17
17 78
17 77
23 96
96 43
78 84
77 79
40 5
92 22
57 10
10 55
10 56
22 91
5 42
55 31
56 52
13 66
36 3
36 61
46 7
87 20
66 69
66 50
91 39
79 18
43 6
61 12
84 19
58 30
58 11
30 1
19 83
69 14
50 8
52 9
31 2
8 49
83 99
12 62
62 90
9 54
39 4