0 90 54 88 53 62 66 25 57 77 22 36 51 65 68 99 2 5 39 60 94 97 79 31 35 75 11 12 58 6 8 17 81 24 82 34 37 74 93 73 98 69 70 46 43 28 89 16 56 18 21 44 40 86 87 15 1 23 59 78 83 38 33 7 10 49 61 84 20 48 4 55 45 64 71 76 13 67 3 14 19 26 27 9 63 50 72 47 32 85 52 91 30 41 42 96 95 92 80 29
0 90
0 22
0 36
0 51
0 65
0 68
0 99
0 2
0 5
0 39
0 60
0 94
0 97
0 79
0 31
0 35
0 75
0 11
0 12
0 58
0 6
0 8
0 17
0 81
0 24
0 82
0 34
0 37
0 74
0 93
0 73
0 98
90 54
90 18
90 21
90 44
90 40
90 86
90 87
90 15
90 1
90 23
90 59
90 78
90 83
90 38
54 88
54 20
54 48
54 4
54 55
54 45
54 64
54 71
54 76
54 13
54 67
88 53
88 9
88 63
88 50
88 72
53 62
53 66
53 25
53 57
53 77
53 16
53 56
53 84
53 96
53 95
62 43
62 28
62 89
62 61
66 42
66 29
25 27
57 41
77 80
22 70
22 46
22 49
51 10
68 92
60 69
60 26
97 19
31 7
31 52
31 91
31 30
81 14
73 3
69 33
21 85
45 32
27 47