0 37 10 1 87 51 93 42 45 59 77 69 33 78 21 94 14 96 86 44 38 56 89 57 73 29 70 61 66 20 74 41 62 76 32 58 3 97 27 9 55 88 84 83 15 68 17 35 28 16 31 23 26 80 98 7 85 4 36 49 52 95 90 39 71 30 67 19 6 40 75 22 25 65 34 24 63 47 8 12 18 46 82 2 48 50 53 54 99 11 79 81 92 64 5 60 91 13 43 72
0 37
0 10
0 1
0 87
0 27
0 9
0 53
10 77
10 97
1 51
1 45
1 59
1 58
1 3
1 50
87 78
87 66
51 93
51 33
51 38
51 32
93 42
93 70
93 61
42 48
45 76
59 29
59 85
77 69
77 73
78 21
78 71
21 94
21 14
14 96
14 25
96 86
96 44
96 62
96 2
44 89
44 57
44 60
38 56
38 41
56 84
56 64
56 5
89 74
73 16
29 88
70 7
66 20
20 22
76 28
76 75
32 55
58 98
97 82
27 35
9 17
9 49
88 83
88 15
88 92
84 80
84 39
84 46
15 68
68 63
68 81
17 31
35 26
28 23
28 18
16 4
16 36
23 72
7 40
36 95
49 52
52 90
95 6
39 30
71 19
30 67
67 79
6 24
40 11
40 43
25 65
65 34
24 47
63 12
47 8
48 99
50 54
53 13
11 91