0 34 36 30 55 37 70 50 49 46 64 45 66 72 53 58 69 73 59 67 48 63 71 54 57 56 44 62 51 68 47 74 52 60 65 61 17 43 27 9 6 7 97 25 4 35 88 14 10 26 23 11 19 39 40 96 18 8 41 42 15 33 81 1 38 29 21 20 94 79 2 31 5 12 76 24 16 13 22 90 93 85 78 3 28 91 95 32 80 89 83 82 92 98 87 75 86 99 84 77
0 34
0 36
0 30
0 55
0 37
0 70
0 50
0 49
0 46
0 64
0 45
0 66
0 72
0 53
0 58
0 69
0 73
0 59
0 67
0 48
0 63
0 71
0 54
0 57
0 56
0 44
0 62
0 51
0 68
0 47
0 74
0 52
0 60
0 65
0 61
34 17
34 43
30 97
55 14
50 8
49 7
64 29
45 2
58 18
71 38
57 16
44 1
61 24
17 27
17 9
17 6
17 35
17 88
43 4
27 96
9 40
9 81
6 25
6 39
6 78
7 33
7 79
25 19
25 21
25 20
25 94
4 23
4 11
4 76
35 12
14 10
14 26
14 85
10 82
23 42
23 15
23 93
11 83
19 90
18 41
18 89
8 80
41 32
42 13
42 22
15 86
1 91
1 95
1 87
1 75
38 5
2 31
31 98
5 77
12 84
24 28
22 3
22 92
32 99