0 2 91 72 74 61 76 62 69 66 70 24 20 23 98 19 21 22 54 4 1 3 5 6 7 8 52 55 67 99 11 39 40 41 9 12 58 81 10 13 75 53 27 42 43 49 33 46 28 47 29 32 44 34 30 31 48 87 38 36 37 35 25 26 95 45 16 83 78 15 14 88 79 63 50 57 82 93 80 71 77 56 64 97 89 96 18 17 85 68 92 94 86 90 59 84 60 73 65 51
0 2
2 91
91 72
91 90
91 59
72 74
74 61
74 69
74 24
61 76
61 70
76 62
62 18
62 86
69 66
66 96
66 94
24 20
24 23
24 98
20 19
20 21
23 54
98 55
21 22
22 52
22 57
54 4
54 83
4 1
4 5
1 3
1 16
5 6
6 7
7 8
52 81
52 27
55 67
55 58
55 53
67 99
67 50
99 11
11 39
11 9
11 12
39 40
39 41
39 38
12 10
12 75
12 77
10 13
13 51
75 71
27 42
27 87
27 80
42 43
43 49
43 33
43 46
43 44
43 34
43 45
33 28
33 47
33 32
33 89
46 29
32 30
32 31
32 97
44 95
31 48
38 36
38 37
38 35
38 26
37 25
95 63
16 15
83 78
83 79
15 14
15 88
88 93
63 82
50 65
57 73
82 64
93 92
77 56
64 68
89 85
18 17
94 60
59 84