0 73 54 93 84 29 33 88 46 4 36 40 83 13 43 30 69 78 3 52 42 77 87 2 1 19 48 39 11 65 6 47 59 95 97 71 91 5 74 81 24 90 55 56 53 20 94 67 75 92 22 85 26 17 51 44 35 10 57 99 66 31 79 49 25 50 9 27 7 64 12 23 60 98 89 96 37 70 72 34 76 82 14 86 8 28 21 45 80 63 16 61 18 15 32 38 58 62 68 41
0 73
0 37
73 54
73 2
73 32
54 93
54 99
54 66
93 84
93 29
93 33
84 77
84 87
84 89
84 96
29 88
29 46
29 4
29 42
33 9
88 52
46 40
46 83
46 13
46 69
46 90
46 98
4 36
4 43
4 60
36 24
36 86
36 15
40 30
40 57
83 81
83 18
83 68
13 3
43 59
69 78
69 50
78 47
78 10
78 61
77 39
87 48
87 6
2 1
2 14
2 16
1 19
19 65
19 62
48 71
48 91
48 5
48 74
48 23
39 11
39 97
11 94
65 35
6 95
6 82
47 53
47 20
47 58
59 44
97 56
97 25
91 49
81 55
81 85
53 67
20 12
20 38
94 79
67 75
67 92
67 22
75 76
92 17
92 63
85 26
26 51
51 34
44 31
44 80
10 45
31 27
49 64
25 7
27 72
7 70
23 21
82 8
82 28
68 41