0 68 23 56 97 30 25 48 39 92 46 29 37 20 5 58 6 62 60 42 61 8 3 53 32 90 13 88 73 66 85 1 65 21 19 63 69 80 64 71 57 10 43 34 72 51 95 36 67 26 35 49 18 89 50 15 27 70 93 87 52 81 24 31 11 9 40 59 44 96 14 74 16 99 54 91 2 75 76 86 78 84 45 94 79 55 98 77 12 17 38 28 83 7 47 33 22 82 4 41
0 68
0 92
0 46
68 23
68 60
68 42
68 61
68 8
68 86
68 78
68 84
23 56
23 39
23 73
23 51
23 76
56 97
56 25
56 48
56 72
56 75
97 30
30 37
30 62
30 15
25 6
25 88
25 2
48 5
48 58
48 65
48 34
48 91
39 32
39 90
39 13
39 80
39 50
92 1
92 43
46 29
46 85
46 63
46 69
37 20
37 89
20 10
5 3
5 53
5 57
58 66
58 19
58 18
62 49
60 54
42 71
42 77
61 28
8 26
8 35
8 87
3 21
53 44
32 93
90 64
66 36
66 67
66 59
85 99
85 98
21 16
19 4
63 95
63 70
69 27
80 55
64 52
64 38
10 17
43 81
72 24
95 31
36 11
49 40
49 79
89 74
50 94
50 82
27 12
52 14
81 9
81 41
59 96
86 45
79 22
17 83
38 33
83 7
7 47