0 33 35 34 23 9 28 31 14 24 17 1 2 20 32 10 13 26 5 19 15 21 12 30 7 16 18 22 8 3 6 25 4 11 29 27 36 89 80 59 61 62 51 52 79 77 72 86 38 81 82 96 95 90 92 43 97 68 67 50 49 48 57 60 54 98 73 74 37 56 58 88 83 70 75 76 44 85 53 87 63 40 78 47 64 71 69 45 41 93 65 94 55 46 66 84 39 91 42
0 33
0 34
0 23
0 9
0 28
0 31
0 14
0 24
0 17
0 1
0 2
0 20
0 32
0 10
0 13
0 26
0 5
0 19
0 15
0 21
0 12
0 30
0 7
0 16
0 18
0 22
0 8
0 3
0 6
0 25
0 4
0 11
0 29
0 27
33 35
23 80
23 79
9 51
9 52
28 89
28 90
31 96
31 95
14 61
14 62
24 81
24 82
17 68
17 67
1 36
2 38
2 37
20 73
20 74
32 97
32 98
10 54
10 53
13 59
13 60
26 86
26 85
5 43
5 44
19 72
19 71
15 64
21 75
21 76
12 57
30 94
7 48
7 47
16 65
18 70
22 78
8 49
3 40
3 39
25 83
4 42
27 88
89 91
61 63
52 50
79 77
82 84
95 93
90 92
43 41
68 66
48 46
60 58
54 56
85 87
53 55
47 45
71 69