0 74 37 60 55 79 78 81 64 71 49 76 53 69 54 67 68 83 63 65 82 62 77 52 61 59 72 57 73 66 56 70 51 58 80 75 50 14 17 31 18 8 42 35 43 2 19 24 16 23 44 20 38 33 30 41 11 47 3 46 40 9 48 7 10 21 28 25 26 4 84 97 12 45 27 13 5 99 36 32 15 1 22 91 85 98 96 29 6 34 89 90 39 87 93 86 95 94 88 92
0 74
0 37
0 60
0 55
0 79
0 78
0 81
0 64
0 71
0 49
0 76
0 53
0 69
0 54
0 67
0 68
0 83
0 63
0 65
0 82
0 62
0 77
0 52
0 61
0 59
0 72
0 57
0 73
0 66
0 56
0 70
0 51
0 58
0 80
0 75
0 50
74 35
37 14
60 16
55 11
79 42
78 41
64 21
71 30
53 8
54 10
68 27
82 45
52 7
59 15
72 32
73 33
56 12
70 29
75 36
14 17
14 18
14 24
14 96
17 31
17 19
17 97
18 98
8 38
8 90
42 2
35 43
35 20
35 48
43 9
2 44
2 40
2 84
16 23
16 46
23 4
44 26
20 99
33 3
11 47
47 28
47 25
47 5
3 85
9 91
48 22
7 34
7 89
45 13
5 1
36 6
1 87
1 93
1 86
1 95
1 94
1 88
1 92
34 39