0 87 58 89 88 54 32 21 1 22 80 85 65 5 67 2 28 47 38 74 46 90 72 15 57 61 43 86 63 45 37 34 93 84 60 94 77 27 33 40 76 36 71 24 78 44 14 42 8 12 97 82 49 35 51 98 31 4 81 30 56 18 52 13 91 17 23 62 10 83 6 39 53 11 66 64 19 75 20 79 70 69 16 99 41 9 55 50 96 73 26 92 29 68 3 48 25 59 7 95
0 87
0 58
0 89
87 85
87 65
87 15
87 68
58 88
58 54
89 19
88 21
88 1
88 22
88 80
88 64
88 29
54 32
32 2
32 72
21 46
21 90
1 67
80 5
80 66
80 55
85 74
85 86
85 63
85 35
85 51
65 38
65 43
65 53
65 11
67 61
67 78
2 28
2 47
2 57
28 60
47 49
38 82
74 84
74 24
74 52
74 92
46 93
46 97
90 71
90 56
90 18
15 26
57 39
61 59
43 36
43 9
86 45
45 37
45 34
45 76
37 30
34 12
34 6
84 94
84 77
84 27
60 33
60 40
94 41
77 8
40 25
36 44
71 42
71 81
71 73
24 14
14 23
42 83
8 4
49 10
49 99
35 31
51 98
4 17
30 62
56 91
18 13
52 7
83 16
6 20
39 95
19 75
20 79
79 70
79 69
70 50
70 96
69 48
68 3