0 3 10 11 2 13 1 18 20 21 14 16 5 4 15 22 6 8 9 7 19 23 24 25 45 44 27 26 12 17 28 30 35 34 32 29 33 31 38 39 36 50 49 57 58 59 48 47 46 56 42 43 37 40 41 51 72 74 60 71 70 52 54 61 76 55 87 63 62 69 73 66 68 86 75 53 67 64 88 65 82 83 84 85 89 81 77 78 80 79
0 3
0 1
3 10
3 11
3 4
10 2
10 13
10 5
11 18
11 20
11 21
13 14
13 16
1 12
20 22
14 15
14 8
5 6
5 7
22 23
6 9
8 28
9 19
19 45
19 44
23 24
23 27
23 26
24 25
45 43
12 17
28 30
30 35
30 34
30 32
30 29
30 33
30 31
35 36
35 50
31 38
38 39
50 49
50 42
50 72
49 57
57 58
57 48
58 59
48 47
47 46
47 56
47 51
46 41
56 60
56 71
43 37
43 40
51 52
51 55
72 74
74 76
60 61
71 70
70 69
70 73
52 54
52 53
61 63
61 62
76 87
76 75
87 86
87 88
63 64
69 66
69 68
73 77
86 67
75 82
64 65
82 83
82 81
83 84
84 85
85 89
81 80
77 78
80 79