0 1 10 11 2 22 20 12 3 21 23 33 32 13 31 4 5 6 7 8 9 19 29 39 49 59 18 24 27 43 25 42 52 51 50 61 48 60 69 71 70 47 35 80 79 53 90 57 72 91 89 45 92 63 88 56 98 77 93 73 97 66 87 94 74 86
0 1
0 10
1 11
1 2
10 20
11 22
2 12
2 3
22 21
22 23
22 33
22 32
12 13
3 4
21 31
23 24
33 43
32 42
4 5
5 6
6 7
7 8
8 9
8 18
9 19
19 29
29 39
39 49
49 59
49 48
59 69
18 27
24 25
25 35
42 52
52 51
52 53
51 50
51 61
50 60
61 71
48 47
60 70
69 79
71 72
70 80
47 57
35 45
80 90
79 89
53 63
90 91
57 56
72 73
91 92
89 88
92 93
88 98
88 77
56 66
98 97
77 87
93 94
73 74
87 86