0 68 99 1 7 96 11 33 15 87 79 24 64 89 5 63 83 93 29 94 66 81 58 46 85 43 84 92 77 62 57 98 91 14 80 82 60 54 12 35 18 48 61 2 72 9 49 78 69 37 34 27 45 71 95 30 8 52 22 23 17 39 55 36 40 3 21 38 42 70 13 51 86 75 32 10 53 26 41 97 28 19 90 47 59 74 25 4 6 65 44 67 76 73 31 16 88 56 50 20
0 68
68 99
68 63
68 56
99 1
99 7
99 14
99 80
99 19
99 90
1 96
1 11
1 33
1 61
7 79
7 91
96 15
96 87
96 13
96 88
11 5
11 67
33 64
33 89
15 24
15 48
87 93
87 29
87 28
79 18
24 98
64 35
89 83
89 57
5 44
63 58
83 8
93 94
93 66
93 81
93 62
93 42
93 70
93 65
66 46
66 85
66 97
81 92
81 77
81 3
81 21
81 38
58 12
58 40
46 84
85 43
84 60
84 54
92 49
92 41
77 34
77 27
98 82
98 9
98 30
91 72
91 36
91 6
80 2
60 55
54 37
35 16
2 78
49 71
49 95
78 69
37 31
27 45
95 22
95 20
30 52
30 26
22 23
22 17
17 39
55 32
3 75
3 4
21 86
38 10
70 53
13 51
53 25
97 59
19 47
59 74
67 76
76 73
88 50