0 41 81 78 51 42 80 57 76 24 89 4 88 17 66 94 72 23 18 26 65 32 52 90 87 61 56 11 79 38 22 33 71 46 45 14 27 28 19 36 55 77 75 9 63 16 84 1 21 10 73 53 62 37 93 48 98 34 47 86 68 69 20 49 85 8 35 92 30 95 15 2 12 50 7 13 74 5 82 99 96 40 91 39 60 31 25 58 43 59 70 29 67 64 6 3 54 83 97 44
0 41
0 65
0 32
0 52
0 90
41 81
41 25
81 78
81 42
81 80
81 26
81 36
78 51
78 18
78 74
42 57
42 28
42 19
42 31
80 76
57 24
76 4
76 88
76 27
76 13
76 60
24 89
24 14
89 66
89 7
4 17
4 50
88 45
17 72
17 23
66 94
66 79
66 3
94 11
94 49
72 56
18 20
65 61
65 46
32 87
52 71
90 33
87 9
56 22
11 75
11 48
79 38
79 69
38 77
38 12
33 53
46 39
27 73
27 68
36 55
36 86
55 10
55 91
9 63
63 16
63 84
84 1
84 21
84 93
1 37
73 47
73 6
53 62
53 15
53 2
37 34
48 98
48 83
34 30
34 95
34 40
47 92
86 35
68 8
68 43
20 96
49 85
85 99
30 82
2 64
50 54
13 5
13 58
60 44
31 67
43 59
59 70
70 29
83 97