0 81 9 80 95 23 94 4 17 99 39 87 55 2 21 6 72 1 43 75 3 20 97 98 10 74 53 38 78 82 63 90 67 24 77 11 57 44 29 30 15 32 33 25 93 31 42 79 37 27 52 34 40 46 14 91 58 76 86 69 41 36 59 28 45 92 5 68 83 61 49 50 7 51 22 35 85 26 56 54 62 88 16 89 12 48 18 71 73 64 8 96 70 47 13 84 60 66 19 65
0 81
0 80
0 95
0 23
0 35
81 9
81 99
81 39
81 87
81 12
80 64
95 6
95 72
95 42
23 94
94 4
94 20
94 89
4 17
4 13
17 31
17 47
99 2
99 21
39 3
39 29
39 93
87 55
87 25
21 43
21 75
21 33
21 46
6 22
72 1
72 74
72 51
43 24
43 34
43 40
43 28
75 44
3 10
20 97
20 98
20 7
97 38
97 32
98 52
98 41
98 36
98 59
98 19
74 53
74 63
53 69
38 78
38 57
38 86
38 68
78 82
78 67
78 15
63 90
90 50
90 16
67 11
24 77
77 27
77 49
57 88
44 62
29 30
29 54
32 37
33 79
33 73
93 18
93 71
42 5
79 91
37 76
27 14
27 92
34 58
14 61
58 70
86 96
59 45
92 56
92 66
5 83
83 26
61 60
35 85
35 48
12 8
13 84
66 65