0 70 58 54 34 11 92 20 36 74 73 26 80 23 65 9 43 14 51 15 52 83 27 16 10 49 68 67 44 7 53 61 79 37 90 39 25 76 29 42 45 41 99 24 35 21 56 72 31 55 3 50 48 69 2 12 81 19 97 88 64 22 78 75 13 63 17 77 59 85 71 46 87 86 89 60 82 91 5 8 57 93 1 33 32 62 96 18 98 94 40 95 38 47 4 6 66 30 84 28
0 70
0 58
0 54
70 49
70 68
58 34
58 11
58 92
58 20
54 23
11 74
11 10
92 80
20 36
20 52
36 16
36 37
36 90
74 73
74 26
26 43
23 65
23 9
23 29
9 14
9 79
14 51
14 15
52 83
83 27
27 21
16 53
16 61
49 67
49 7
68 2
67 44
79 25
79 76
37 39
37 35
90 24
39 31
29 42
29 99
42 45
42 56
42 72
45 41
21 69
31 55
55 3
55 50
55 48
50 88
48 81
69 12
2 64
81 19
19 97
64 22
64 63
64 17
64 77
22 78
22 82
78 75
78 13
75 60
13 57
17 71
17 62
77 59
77 85
77 89
85 8
71 46
46 87
46 86
87 1
87 32
86 94
89 98
60 18
82 91
82 5
82 96
57 93
57 95
1 33
1 40
96 66
40 47
40 4
40 6
95 38
47 84
4 30
4 28