0 36 32 42 18 6 31 87 98 38 92 89 91 99 69 95 94 70 79 77 72 88 90 78 71 34 82 84 97 83 74 75 68 96 73 93 85 80 86 81 76 7 64 65 51 58 60 53 14 25 30 2 44 1 9 13 16 41 35 21 39 23 40 20 43 29 46 12 55 66 67 24 11 26 8 10 5 3 33 61 45 17 22 28 47 37 54 63 59 4 57 48 52 19 56 49 62 50 15 27
0 36
0 32
0 87
0 98
0 38
0 92
0 89
0 91
0 99
0 69
0 95
0 94
0 70
0 79
0 77
0 72
0 88
0 90
0 78
0 71
0 34
0 82
0 84
0 97
0 83
0 74
0 75
0 68
0 96
0 73
0 93
0 85
0 80
0 86
0 81
0 76
36 42
36 18
36 6
36 31
36 51
87 30
38 7
38 64
38 65
38 25
92 35
99 43
70 5
78 14
34 53
82 20
84 22
97 41
75 10
96 40
73 8
85 23
80 17
86 26
76 11
64 58
51 60
60 16
14 9
14 13
14 39
25 24
30 2
30 44
30 1
2 67
44 61
44 45
9 66
35 21
35 33
39 55
23 12
40 37
20 29
20 46
43 3
12 28
12 47
66 59
26 63
8 48
22 57
28 54
37 4
54 56
59 15
4 19
4 50
57 52
57 62
52 49
15 27