0 72 42 84 80 97 68 95 75 62 58 82 96 21 94 9 71 56 14 66 25 32 88 73 81 50 92 33 19 27 70 69 20 51 36 57 34 54 30 35 59 46 16 41 77 99 90 11 79 12 60 10 7 5 13 85 26 17 89
0 72
0 80
0 66
72 42
72 84
42 95
42 21
84 97
84 68
84 58
84 82
84 96
84 16
84 41
80 14
80 7
97 62
68 33
68 19
95 75
95 26
75 46
58 50
58 92
82 94
82 9
21 71
21 56
21 20
94 32
94 81
9 59
14 10
66 25
32 88
32 73
32 35
73 70
81 69
50 60
33 27
69 57
20 51
20 36
51 30
36 34
36 54
57 12
54 77
35 90
59 99
46 85
99 79
90 11
12 17
60 13
10 5
5 89