0 27 26 25 78 17 77 76 65 13 64 66 83 61 98 85 20 86 48 19 84 7 24 43 59 82 47 75 87 63 72 15 58 16 32 97 46 12 60 42 73 71 11 6 79 50 31 18 81 80 2 33 45 44 29 74 70 53 40 49 99 96 1 8 62 38 41 55 52 9 54 28 30 5 90 21 88 51 56 35 67 68 39 69 14 10 89 4 95 23 92 93 36 94 34 37 22 91 3 57
0 27
0 26
0 25
27 65
27 98
27 85
26 83
26 61
25 78
25 42
78 17
78 59
17 77
17 76
77 72
76 96
65 13
13 64
13 66
64 60
66 43
66 31
83 19
61 48
61 63
61 12
98 24
85 20
20 86
20 87
86 75
48 7
48 50
19 84
19 82
84 79
7 47
7 46
24 97
24 99
43 6
59 11
82 40
82 49
47 32
47 53
47 52
75 16
75 90
87 55
63 41
72 15
72 58
15 71
15 70
16 73
16 74
32 2
97 38
97 69
46 39
12 62
60 29
42 5
6 45
6 44
79 18
79 68
50 8
50 67
18 81
18 80
81 34
2 33
33 35
33 94
44 56
29 1
74 36
53 93
99 92
96 23
1 28
1 30
8 51
62 95
38 4
52 9
9 54
90 21
21 88
21 89
56 10
68 14
10 57
4 37
92 22
34 3
22 91