0 16 15 91 98 84 89 72 81 71 74 78 83 96 88 75 97 73 80 76 85 87 82 79 92 69 95 94 68 99 90 93 70 77 86 10 35 29 3 37 17 41 47 33 11 28 52 27 39 8 31 23 22 43 42 1 14 26 9 18 5 46 32 49 62 63 2 48 7 4 24 64 13 67 19 30 6 34 40 36 20 54 56 65 51 53 12 25 55 44 38 57 66 21 59 58 61 50 60 45
0 16
0 91
0 98
0 84
0 89
0 72
0 81
0 71
0 74
0 78
0 83
0 96
0 88
0 75
0 97
0 73
0 80
0 76
0 85
0 87
0 82
0 79
0 92
0 69
0 95
0 94
0 68
0 99
0 90
0 93
0 70
0 77
0 86
16 15
16 35
91 33
98 47
84 23
89 31
72 5
81 18
71 4
74 8
96 41
75 9
73 7
80 17
76 10
85 26
82 20
79 14
92 36
95 40
94 39
68 1
99 48
93 37
70 3
86 27
10 29
35 52
29 28
3 11
37 22
37 43
37 42
17 2
41 62
41 63
41 6
41 34
47 49
11 19
11 30
28 67
27 13
39 56
8 25
23 32
42 46
26 64
46 12
32 51
32 53
49 44
63 24
2 54
7 55
7 57
24 65
64 38
67 50
34 61
25 60
57 66
66 21
21 59
59 58
50 45