0 53 3 92 58 98 44 68 2 11 87 51 10 97 36 61 37 30 21 34 89 81 79 83 95 29 13 66 96 74 69 27 76 8 71 7 94 88 62 64 6 4 45 82 26 42 55 67 14 5 77 80 38 28 47 72 35 40 91 73 1 70 60 24 20 52 25 48 9 65 63 41 18 84 32 86 59 12 19 16 50 56 57 31 90 43 75 15 78 23 33 54 39 49 85 17 99 93 46 22
0 53
0 98
0 44
53 3
53 66
3 92
3 37
92 58
92 13
58 29
58 62
98 61
44 68
44 95
68 2
68 11
2 36
11 87
11 88
87 51
87 97
51 10
10 89
10 8
97 34
36 83
61 76
37 30
37 63
30 21
21 27
21 94
34 7
34 65
89 81
89 77
81 79
81 35
83 5
29 69
66 96
66 74
74 14
69 71
69 12
27 72
76 24
76 9
8 4
8 67
7 48
94 47
94 59
88 86
62 64
62 26
64 6
6 84
6 32
4 45
45 82
82 31
26 42
42 55
42 57
55 25
55 56
67 38
67 28
14 80
5 18
80 40
80 60
28 70
72 50
40 91
40 1
91 73
70 52
70 99
60 20
20 41
52 17
9 16
32 85
59 19
12 43
12 23
16 90
56 49
90 15
90 78
43 75
15 39
23 33
33 54
39 93
17 46
46 22