0 4 6 5 2 3 11 1 7 10 8 9 12 17 18 20 22 23 16 14 24 19 26 27 13 29 28 15 21 30 25 35 34 32 33 31 36 40 37 41 38 42 44 47 46 39 43 48 53 54 52 50 49 56 58 59 45 60 62 55 51 64 57 65 61 63 66 71 72 77 74 68 75 76 70 69 73 67 78 83 82 80 81 84 79 86 89 85 88 90 87 92 94 95 91 93
0 4
0 5
0 2
4 6
4 1
6 11
6 8
2 3
11 7
11 10
11 12
8 9
12 17
12 14
17 18
17 16
18 20
20 22
20 21
22 23
23 24
23 19
16 13
14 15
24 26
24 29
24 28
26 27
29 30
29 25
30 35
30 34
30 32
35 31
35 36
32 33
36 40
36 38
40 37
37 41
41 42
38 39
42 44
42 47
42 46
44 45
47 43
47 48
48 53
53 54
53 52
54 56
54 58
54 59
52 50
52 49
50 51
56 57
59 60
59 55
60 62
60 64
62 63
64 65
64 61
65 66
66 71
66 68
71 72
71 70
72 77
72 74
72 76
77 78
74 75
68 69
76 73
70 67
78 83
78 82
78 80
83 84
83 79
80 81
84 86
84 89
86 87
89 85
89 90
85 88
90 92
92 94
92 93
94 95
94 91