0 84 56 38 20 18 31 88 37 13 9 68 74 42 98 3 62 1 70 39 34 91 72 30 77 54 67 53 90 43 35 12 63 85 51 27 49 65 97 21 11 8 86 83 6 41 44 80 59 60 69 78 7 96 15 64 99 45 93 92 76 19 87 61 89 47 66 48 55 94 52 33 25 16 58 4 28 32 73 23 50 81 22 75 79 36 46 40 95 82 57 5 71 14 26 17 29 24 10 2
0 84
84 56
84 97
56 38
56 39
56 65
56 47
38 20
38 1
38 70
20 18
20 77
18 31
31 88
31 9
31 68
88 37
37 13
37 89
13 61
13 10
9 42
9 62
68 74
42 98
42 3
42 49
42 22
3 44
62 34
62 41
1 30
1 43
70 72
70 87
39 58
34 91
34 54
91 51
91 27
72 90
30 85
77 81
54 67
54 53
67 63
67 6
67 19
53 12
53 83
43 35
12 76
63 50
85 86
85 16
51 21
51 11
51 8
65 24
21 60
11 78
8 69
8 15
86 93
86 23
41 80
80 59
80 73
60 25
69 7
69 96
69 45
78 99
78 95
15 64
64 40
93 92
76 48
76 32
87 33
87 17
87 29
61 52
89 66
47 94
47 28
48 55
94 36
94 46
16 4
28 26
32 79
23 2
22 75
36 5
36 71
36 14
95 82
82 57