0 2 13 57 18 21 4 64 28 69 46 41 43 52 72 55 24 9 68 44 17 1 3 60 25 66 31 40 35 10 27 29 15 61 26 67 42 50 62 51 70 63 65 71 8 59 5 14 11 56 36 20 58 38 39 53 22 33 54 7 37 23 74 34 6 16 47 73 48 45 30 49 32 19 12
0 2
0 18
0 21
0 41
0 43
0 40
0 35
2 13
2 57
2 70
13 46
57 64
18 4
18 3
21 66
21 31
21 39
21 53
21 22
21 33
4 25
4 16
64 28
64 1
64 61
64 26
28 69
28 51
28 11
69 38
69 30
41 52
41 72
41 15
43 68
43 6
52 55
52 27
52 29
52 14
52 34
72 24
72 9
24 17
24 62
24 74
68 44
68 45
17 60
3 48
31 5
40 58
35 10
35 20
27 50
26 67
67 42
42 23
70 63
63 65
63 59
63 73
65 71
65 8
8 37
5 36
11 56
20 7
39 54
6 47
6 32
45 49
30 12
32 19