56 29 13 90 40 38 33 19 57 92 31 68 49 65 98 86 42 41 10 44 61 84 32 69 51 85 16 28 6 34 79 23 35 87 71 20 99 91 76 17 22 96 36 48 52 12 81 2 4 83 75 77 74 39 54 78 94 47 21
56 29
56 19
29 13
29 57
13 90
13 2
90 40
90 38
90 33
33 87
19 81
57 92
92 31
31 68
68 49
68 35
49 65
65 98
98 86
86 42
86 41
86 10
42 61
10 44
10 79
44 32
61 84
84 22
84 21
32 69
32 23
32 12
69 51
51 85
51 74
85 16
85 77
16 28
16 34
28 6
87 71
71 20
71 91
20 99
99 17
91 76
76 96
96 36
96 94
36 48
36 52
52 75
52 54
12 83
2 4
77 39
74 78
94 47