0 78 25 82 98 63 68 57 13 37 53 85 43 50 95 35 21 26 59 93 51 91 69 92 9 16 40 84 73 87 11 2 64 70 90 22 31 30 88 66 41 1 54 6 7 24 48 86 5 10 76 55 29 39 36 33 34 12 65 67 3 19 79 61 17 96 23 20 4 32 77 18 80 81 62 47 8 74 52 94 75 58 42 89 28 56 97 45 14 99 49 27 71 44 38 72 60 15 83 46
0 78
0 68
0 57
0 55
78 25
78 50
25 82
25 79
82 98
82 73
98 63
98 43
63 41
68 13
57 37
57 53
57 85
57 77
13 19
37 3
53 84
85 93
85 16
85 40
85 70
43 35
43 21
50 95
50 66
95 9
95 88
95 32
21 26
21 59
21 92
26 51
26 64
26 30
59 45
93 76
51 91
51 69
91 31
69 4
92 2
92 10
92 83
16 11
40 22
84 87
84 86
84 5
84 67
73 15
2 90
2 65
64 12
90 97
22 48
66 1
66 6
1 54
1 24
1 34
54 56
6 7
6 33
6 20
7 44
24 62
48 36
86 23
5 29
29 39
39 96
36 81
36 75
33 80
33 46
34 71
65 17
65 94
3 18
79 61
17 28
23 52
81 74
62 47
62 27
47 8
74 89
52 49
94 42
75 58
75 60
89 99
56 14
27 38
27 72