0 26 27 25 43 36 6 44 45 57 10 56 55 3 65 13 66 34 52 50 8 49 51 9 86 35 39 97 4 20 54 53 73 94 68 80 18 81 85 37 31 29 82 64 59 23 16 38 99 24 98 58 19 1 77 83 84 96 11 2 79 14 32 33 28 95 74 67 76 47 7 46 17 69 60 72 75 71 92 48 15 22 87 30 93 40 63 5 12 91 70 78 62 41 89 21 90 88 61 42
0 26
0 27
0 25
26 36
27 43
27 57
25 65
43 6
36 3
6 44
6 45
44 97
57 10
10 56
10 55
56 50
56 39
55 52
55 80
3 34
3 35
65 13
65 86
65 68
13 66
13 64
66 92
34 94
34 29
34 82
52 9
52 76
52 47
50 8
8 49
8 51
49 99
51 73
9 54
9 53
86 20
86 71
39 4
97 31
4 37
4 38
20 85
73 16
73 67
94 23
68 14
80 18
80 77
18 81
18 79
31 2
29 1
82 19
64 59
64 74
59 11
59 63
23 96
23 95
16 75
38 58
38 72
99 24
24 98
58 93
58 40
19 83
19 84
1 28
1 30
11 60
2 32
2 33
79 89
14 69
67 41
76 17
76 62
47 7
7 46
7 48
17 78
72 15
72 87
92 22
15 70
22 91
40 5
63 12
5 42
12 61
89 21
21 90
21 88