0 86 84 74 12 13 83 82 18 52 54 96 95 72 71 70 6 85 23 31 62 37 9 63 66 65 56 88 17 29 45 28 2 15 53 42 77 25 30 87 11 68 90 43 48 4 34 27 3 59 47 81 78 50 14 64 19 20 21 75 76 91 69 57 60 93 89 98 99 36 79 38 8 94 92 32 67 39 51 33 16 46 5 44 7 40 26 61 22 97 73 49 55 58 41 10 80 1 24 35
0 86
0 50
86 84
86 83
86 81
86 78
84 74
84 38
84 8
74 12
74 13
74 47
74 73
74 80
13 54
83 82
83 18
83 52
82 28
18 96
18 90
18 79
52 68
52 36
54 59
96 95
95 72
95 45
95 3
72 71
71 70
71 6
70 85
70 23
70 63
6 7
85 62
85 97
23 31
23 24
31 37
62 99
62 22
37 9
37 42
37 98
9 10
63 66
63 11
63 41
66 65
66 17
66 29
65 56
65 27
56 88
56 15
56 53
88 30
88 87
88 89
17 34
45 2
45 93
42 77
77 25
11 58
68 4
68 1
90 43
90 48
4 44
27 61
59 60
47 14
47 64
47 49
47 55
14 91
14 69
64 19
19 20
19 76
20 21
21 75
69 57
93 92
89 67
89 26
36 94
8 32
32 33
67 39
67 51
39 5
51 16
51 46
44 40
97 35