0 3 59 28 72 79 48 75 17 23 1 89 5 58 33 14 98 77 99 65 27 44 73 52 69 20 82 12 21 11 70 18 37 81 15 4 13 41 16 19 6 93 92 46 90 45 47 2 34 9 51 22 7 42 66 10 97 31 35 62 8 57 43 38 26 91 55 76 78 83 94 64 95 53 63 68 86 67 56 36 87 80 71 84 30 54 49 74 96 32 60 85 39 25 50 61 29 40 88 24
0 3
0 28
0 72
0 17
0 23
0 66
0 10
3 59
3 48
3 75
3 43
3 38
3 64
3 95
3 53
59 82
28 79
28 6
28 83
28 94
72 98
48 85
17 1
1 89
1 5
1 52
1 69
1 20
1 7
1 42
5 58
5 14
5 16
5 19
5 51
5 22
58 33
14 77
14 99
14 78
14 32
14 60
98 27
77 73
77 57
99 65
99 8
27 44
27 37
27 41
27 35
27 62
27 40
44 13
69 90
69 9
20 12
20 21
82 18
82 96
12 31
12 76
12 29
21 11
21 70
21 4
21 74
11 15
11 34
11 49
18 54
18 50
18 61
37 81
37 92
37 46
37 91
37 55
15 2
15 30
15 25
4 93
4 56
4 24
13 39
19 67
46 47
46 86
90 45
9 97
66 68
97 26
8 71
8 88
53 63
56 36
56 80
36 87
80 84