0 44 15 9 64 53 92 74 4 89 98 86 7 87 94 84 79 82 81 91 90 99 88 76 83 80 75 78 85 93 95 77 96 97 58 37 57 47 59 60 50 14 71 40 42 30 13 24 10 17 1 21 48 66 62 52 55 73 3 2 16 18 6 29 49 70 32 36 28 27 5 11 38 35 20 45 67 12 8 61 26 41 65 25 23 33 22 63 46 69 72 39 68 56 51 43 31 54 19 34
0 44
0 92
0 74
0 4
0 89
0 98
0 86
0 7
0 87
0 94
0 84
0 79
0 82
0 81
0 91
0 90
0 99
0 88
0 76
0 83
0 80
0 75
0 78
0 85
0 93
0 95
0 77
0 96
0 97
44 15
44 53
15 9
15 64
15 60
9 71
64 57
64 47
64 59
53 50
53 14
92 21
74 1
4 58
4 37
4 30
89 17
98 29
7 42
84 11
79 6
81 8
90 18
99 33
88 16
83 10
75 2
78 5
85 12
93 23
95 25
96 27
97 28
57 24
50 40
50 3
14 73
40 13
40 36
13 67
24 52
24 55
10 48
10 66
10 62
17 49
17 70
17 32
1 45
21 65
55 41
73 46
3 63
6 20
6 26
29 35
29 61
28 56
28 51
27 54
5 38
38 22
25 68
22 69
22 72
22 39
63 31
72 34
56 43
54 19