0 26 27 25 43 6 49 32 93 22 2 8 51 33 31 42 44 29 90 80 1 5 85 20 21 76 57 73 35 3 34 89 18 67 59 14 16 10 87 47 99 60 63 39 74 69 64 11 7 12 24 95 23 4 54 72 84 15 9 19
0 26
0 27
0 25
26 29
26 90
26 80
27 49
27 32
27 93
25 43
43 6
6 44
49 8
49 35
32 2
32 42
93 22
93 59
93 39
2 33
2 31
8 51
51 85
33 57
33 73
33 63
33 64
31 67
42 5
42 60
44 99
29 1
90 21
90 76
80 18
80 47
85 20
20 87
21 89
57 10
73 16
35 3
3 34
67 14
67 95
59 84
14 69
16 74
87 54
87 72
47 7
99 24
60 11
63 12
39 4
95 23
54 9
72 15
84 19