0 86 17 57 23 8 73 60 33 1 85 96 29 27 10 88 56 40 94 2 25 95 13 38 97 28 21 58 11 50 82 35 24 91 62 63 44 30 70 43 49 90 61 16 45 37 41 48 79 83 9 32 19 34 3 12 53 89 99 36 92 18 74 69 42 68 84 4 55 78 80 22 7 98 15 54 14 65 47 67 20 66 87 59 31 52 51 39 64 72 75 6 81 77 5 26 93 76 71 46
0 86
0 17
0 91
0 78
17 57
17 23
17 55
57 1
57 35
57 24
57 4
23 8
23 60
23 33
23 32
8 73
73 84
60 95
60 9
60 59
33 82
33 68
33 87
1 85
1 96
1 29
1 50
1 83
85 56
85 90
96 88
96 79
96 42
29 27
29 10
29 69
29 66
27 11
10 40
10 94
10 25
10 58
10 74
88 49
88 48
88 20
56 41
94 2
94 43
95 13
95 97
95 28
95 21
13 38
13 18
97 44
28 63
50 81
82 6
35 67
24 62
24 93
91 34
63 30
63 70
63 26
70 92
43 61
43 47
49 16
49 45
49 37
49 5
61 19
45 36
45 39
37 65
41 14
48 46
79 99
34 3
34 12
12 53
53 89
99 51
36 15
36 54
18 22
69 98
78 80
78 52
22 7
98 31
98 71
65 75
51 64
51 72
6 77
26 76