0 86 17 57 23 8 73 60 33 1 85 96 29 27 88 10 56 95 97 13 25 58 11 40 35 91 24 62 28 21 50 82 9 32 48 42 78 30 63 80 52 44 49 90 16 45 37 70 41 79 83 68 19 94 2 61 43 99 36 34 3 12 53 89 15 54 14 92 65 38 18 20 22 7 39 51 47 67 64 72 75 74 69 66 98 31 55 59 84 4 6 87 77 5 46 81 93 71 26 76
0 86
0 17
0 91
0 24
0 78
0 30
17 57
17 23
57 1
57 35
57 4
23 8
23 60
23 33
23 32
23 48
23 42
8 73
8 19
8 94
73 40
73 84
60 95
60 9
33 82
33 68
33 87
1 85
1 96
1 29
1 50
1 83
85 56
85 90
96 88
96 79
29 27
29 10
29 69
29 66
27 11
88 49
10 25
10 58
10 74
10 59
56 41
95 97
95 13
95 28
95 21
97 44
13 18
35 67
91 34
91 55
24 62
24 93
50 38
50 81
48 46
78 80
78 52
30 63
63 70
63 26
49 16
49 45
49 37
49 5
45 36
37 65
70 92
41 14
79 99
19 61
94 2
61 43
43 47
99 51
36 15
36 54
34 3
34 12
12 53
53 89
92 20
65 75
18 22
22 7
22 39
51 64
51 72
72 6
69 98
98 31
98 71
6 77
26 76