82 96 27 39 29 66 74 6 63 16 25 99 12 21 37 43 89 61 8 11 48 20 98 36 40 70 17 31 54 35 85 24 91 90 41 33 3 92 68 9 62 58 69 34 78 64 53 94 45 38 75 88 77 93 32 72 95 81 47 97 79
82 96
96 27
96 39
27 89
27 85
39 29
29 66
29 6
29 78
66 74
66 43
66 20
6 63
63 16
16 25
16 37
16 9
25 99
25 48
99 12
99 21
99 45
12 61
89 54
89 32
61 8
61 11
8 35
48 98
48 31
20 36
98 40
36 68
40 70
40 17
70 41
70 33
54 90
54 34
35 24
85 91
85 94
33 3
3 92
68 79
9 62
9 69
9 53
62 58
69 64
64 75
64 88
53 38
38 77
38 93
77 95
93 72
32 47
32 97
95 81