0 5 50 4 6 57 52 54 59 56 40 10 8 7 1 70 80 83 14 48 47 71 72 81 89 41 55 58 53 51 30 20 22 23 31 33 32 19 44 46 49 2 90 95 94 26 25 21 86 88 79 12 15 17 18 11 13 3 9 60 66 98 96 97 38 84 75 74 77 42 43 45 65 64 29 27 37 39 36 34 87 73 78 16 63 92 28 35 82 76 62 99 93 24 85 68 69 67 61 91
0 5
0 50
0 4
0 6
0 40
0 10
0 8
0 7
0 1
0 70
0 80
0 30
0 20
0 2
0 90
0 3
0 9
0 60
50 57
50 52
50 54
50 59
50 56
50 55
50 58
50 53
50 51
40 48
40 47
40 41
40 44
40 46
40 49
40 42
40 43
40 45
10 14
10 19
10 12
10 15
10 17
10 18
10 11
10 13
10 16
70 71
70 72
70 79
70 75
70 74
70 77
70 73
70 78
70 76
80 83
80 81
80 89
80 86
80 88
80 84
80 87
80 82
80 85
30 31
30 33
30 32
30 38
30 37
30 39
30 36
30 34
30 35
20 22
20 23
20 26
20 25
20 21
20 29
20 27
20 28
20 24
90 95
90 94
90 98
90 96
90 97
90 92
90 99
90 93
90 91
60 66
60 65
60 64
60 63
60 62
60 68
60 69
60 67
60 61