0 61 66 74 63 67 76 97 81 99 85 98 91 84 92 88 86 77 69 89 65 96 79 75 68 71 95 70 80 82 87 72 73 93 94 78 90 83 10 3 26 44 25 2 33 20 36 42 14 12 31 22 51 59 40 28 27 29 19 41 17 34 5 15 45 11 6 30 32 54 7 35 4 18 49 37 1 23 16 13 46 24 48 57 8 21 62 55 53 56 64 50 60 38 9 43 58 39 52 47
0 61
0 66
0 74
0 63
0 67
0 76
0 97
0 81
0 99
0 85
0 98
0 91
0 84
0 92
0 88
0 86
0 77
0 69
0 89
0 65
0 96
0 79
0 75
0 68
0 71
0 95
0 70
0 80
0 82
0 87
0 72
0 73
0 93
0 94
0 78
0 90
0 83
61 3
61 26
66 2
74 12
63 10
63 25
76 14
97 41
81 19
99 44
98 42
91 32
88 29
86 27
89 30
75 13
70 6
87 28
73 11
93 36
78 16
26 40
26 45
44 20
25 33
25 59
2 22
2 51
2 15
20 5
36 31
36 18
42 34
42 23
14 17
14 4
12 35
12 1
51 8
59 55
28 50
27 7
19 37
5 57
15 64
45 48
11 24
6 54
6 62
30 21
7 53
7 56
18 49
16 46
48 43
21 9
64 60
64 38
64 39
9 47
43 58
58 52