0 94 24 53 27 39 33 4 55 58 38 10 18 22 57 3 68 16 91 67 76 77 98 34 13 8 72 66 42 5 23 62 29 85 51 64 21 37 17 61 12 56 31 36 63 90 78 89 7 75 95 69 14 73 86 41 9 60 46 97 54 11 65 6 92 71 50 48 15 19 1 80 20 83 28 93 35 2 79 87 82 44 81 25 59 96 70 45 74 84 26 49 47 40 52 32 88 30 43
0 94
0 39
0 33
0 4
0 55
94 24
94 22
94 57
94 3
24 53
24 27
24 67
24 76
53 18
53 91
53 14
27 69
39 38
39 10
39 42
39 5
33 37
55 58
55 7
55 75
55 95
58 16
58 6
38 65
10 13
10 8
10 72
10 66
18 68
18 78
18 89
18 11
22 98
22 34
22 51
22 64
22 21
57 85
57 90
3 77
3 63
3 54
16 97
67 36
67 20
67 32
76 46
98 31
98 60
13 29
13 80
8 62
8 82
72 23
72 87
42 56
5 52
23 9
23 40
62 41
62 1
29 12
85 19
85 79
51 61
64 2
21 17
37 70
61 47
12 15
56 49
36 86
78 96
7 48
95 73
95 50
95 35
69 71
86 93
41 28
9 92
60 59
97 25
54 83
65 81
1 84
1 26
83 44
93 45
93 74
79 88
45 43
88 30