0 49 45 65 16 53 2 26 1 88 5 74 21 33 69 42 14 67 93 61 4 54 75 71 15 90 57 40 78 41 91 48 50 85 24 84 73 46 28 35 39 70 22 31 72 62 58 87 36 7 56 19 10 94 44 43 83 17 68 64 66 6 20 25 82 52 11 92 29 3 34 18 81 9 51 60 79 23 27 63 32 30 8 59 86 13 89 47 37 77 55 12 76 80 38
0 49
0 26
0 1
49 45
49 4
49 48
49 50
45 65
45 16
45 44
65 2
65 64
65 66
16 53
53 61
53 52
2 88
2 93
2 3
26 41
26 91
26 27
1 5
88 89
5 74
5 78
74 21
21 33
33 69
69 42
42 14
42 40
42 70
14 67
93 71
4 54
4 87
54 75
54 94
75 68
71 15
15 90
15 39
15 82
90 57
90 10
40 35
40 17
41 29
48 24
50 85
50 84
85 25
24 83
84 73
73 46
73 28
35 62
35 58
39 38
70 22
70 31
70 19
31 72
62 36
87 56
36 7
36 43
7 92
56 20
44 11
64 6
11 34
11 18
11 23
3 51
18 81
81 9
81 79
9 32
9 13
51 60
60 86
27 63
32 30
30 8
30 59
8 12
86 47
89 77
89 55
47 37
77 80
12 76