0 27 26 25 89 21 88 83 99 24 97 98 32 2 31 77 17 78 76 90 35 3 36 34 93 19 82 73 16 74 81 18 91 56 55 22 10 57 45 75 84 33 60 47 80 7 6 46 11 43 44 48 50 79 61 39 51 70 15 4 58 59 53 92 63 54 41 38 71 72 64 8 28 65 52 87 9 5 12 95 37 40 67 14 49 13 68 85 96 86 30 66 62 20 1 23 42 94 69 29
0 27
0 26
0 25
27 32
25 89
89 21
89 35
21 88
21 90
88 83
83 99
83 19
99 24
99 47
99 80
24 97
24 98
98 51
98 70
32 2
32 60
2 31
2 33
31 77
77 17
17 78
17 76
90 93
35 3
35 81
3 36
3 34
36 39
34 41
93 56
93 55
93 22
19 82
19 84
82 73
82 61
73 16
73 54
16 74
16 75
74 87
74 30
81 18
81 91
81 63
18 79
56 45
55 10
55 86
22 92
10 57
45 6
45 52
45 96
33 53
60 11
47 7
80 50
7 46
7 48
6 43
6 44
11 58
11 59
43 65
48 28
48 40
48 67
50 8
79 64
39 4
70 15
15 71
15 72
4 38
4 37
58 85
59 95
63 12
41 5
71 68
64 13
8 49
28 1
52 9
87 20
5 42
12 62
67 14
14 69
13 66
96 23
96 29
23 94