0 6 7 12 13 26 33 32 31 24 30 38 36 37 44 95 96 91 92 2 8 9 14 20 4 39 46 47 11 10 15 87 16 17 22 29 34 35 41 50 56 63 51 84 54 58 83 80 60 61 62 98 94 93 90 86 64 67 68 65 74 82 81 77 76 73 69
0 6
0 7
6 12
7 2
12 13
13 26
26 33
26 32
26 31
32 38
31 24
24 30
30 36
38 39
36 37
37 44
44 95
95 96
96 91
91 92
91 87
2 8
8 9
9 14
9 4
14 20
20 15
4 11
39 46
46 47
11 10
11 16
87 84
16 17
17 22
22 29
29 34
29 35
29 50
29 51
34 41
50 56
56 63
63 60
51 54
84 83
54 58
83 80
60 61
61 62
61 64
62 98
98 94
98 74
94 93
93 90
90 86
86 82
64 67
64 68
68 65
68 69
82 81
81 77
77 76
76 73