0 26 27 25 42 79 73 18 16 81 5 54 86 37 40 41 74 75 4 20 9 66 62 35 12 70 61 3 52 87 67 14 68 31 13 2 95 15 38 23 71 64 63 47 7 49 44 94 91 57 10 8 28 72 84 59 22 6 55 83 93 11 76 89 21 17 1 99
0 26
0 27
0 25
26 42
26 79
26 73
26 37
27 86
25 54
25 62
25 35
42 81
42 5
79 18
73 16
16 74
16 75
81 66
5 40
5 41
54 9
86 20
37 4
40 61
41 67
74 70
4 38
20 87
9 52
66 13
66 59
62 12
62 57
35 3
35 31
35 47
12 63
70 15
70 91
61 64
52 94
87 95
67 14
67 84
14 68
31 2
31 44
95 23
15 71
15 72
38 28
71 49
64 83
47 7
49 8
44 6
91 22
57 10
10 55
28 1
72 89
84 76
59 11
22 93
93 99
76 17
89 21