0 1 2 29 77 7 37 42 43 50 44 51 46 40 52 41 47 35 49 45 34 36 33 39 48 38 17 58 8 54 53 67 63 59 56 69 57 71 61 62 55 66 68 70 60 65 64 4 10 88 80 84 89 85 83 81 73 86 72 87 82 76 90 79 75 74 78 21 26 14 18 9 13 6 19 22 11 20 28 23 15 3 30 25 32 24 16 31 12 96 5 94 27 91 98 92 97 95 93 99
0 1
0 7
0 37
0 42
0 43
0 50
0 44
0 51
0 46
0 40
0 52
0 41
0 47
0 35
0 49
0 45
0 34
0 36
0 33
0 39
0 48
0 38
1 2
1 54
1 53
1 67
1 63
1 59
1 56
1 69
1 57
1 71
1 61
1 62
1 55
1 66
1 68
1 70
1 60
1 65
1 64
2 29
2 77
2 8
2 80
2 84
2 89
2 85
2 83
2 81
2 73
2 86
2 72
2 87
2 82
2 76
2 90
2 79
2 75
2 74
2 78
29 10
29 88
77 9
7 17
7 58
42 18
50 28
44 20
46 24
40 14
52 32
47 25
49 27
39 11
17 4
8 21
8 26
65 22
4 30
10 94
74 5
26 19
14 97
18 6
18 15
18 3
9 13
9 93
13 96
6 12
6 92
22 23
11 95
15 98
30 16
30 31
16 99
5 91