0 6 69 80 10 39 85 95 18 66 73 98 40 62 14 78 96 45 58 24 52 63 30 50 49 72 12 21 75 43 71 22 79 13 57 74 48 89 4 33 32 17 99 77 64 65 47 38 27 42 8 1 23 29 54 59 46 93
0 6
0 69
6 38
69 80
80 10
80 39
10 85
10 95
39 23
85 18
85 66
95 73
95 98
18 40
18 62
66 14
66 78
66 96
98 45
40 58
62 29
14 24
14 52
14 63
78 30
96 50
45 49
58 72
24 12
24 21
24 75
52 43
52 71
63 22
72 79
12 13
21 93
75 57
75 74
43 48
22 46
13 89
57 4
74 33
4 17
33 32
32 99
17 77
99 42
77 64
64 65
65 47
47 54
38 27
42 8
8 1
54 59