0 3 14 9 11 19 4 6 7 13 12 2 1 18 15 17 10 76 78 72 74 70 79 67 69 77 66 53 5 55 58 50 56 59 64 61 51 71 16 8 60 52 63 68 65 62 57 54 75 73 20 27 29 26 21 23 28 24 25 22 85 96 95 84 99 91 30 97 31 92 89 80 98 83 82 88 93 81 86 87 94 90 32 33 34 35 36 37 38 39 40 42 43 48 44 49 41 45 46 47
0 3
0 4
3 14
3 11
3 19
3 20
14 9
11 10
4 6
4 13
4 2
6 7
7 5
13 12
13 17
2 1
2 18
2 15
1 16
1 8
17 76
17 53
76 78
78 72
78 74
78 70
78 79
78 66
78 65
78 73
79 67
79 69
79 77
79 71
79 68
79 75
69 85
53 55
53 58
55 61
55 51
55 63
58 50
58 64
58 52
50 56
50 60
56 59
56 57
56 54
63 62
20 27
20 29
20 26
29 23
29 30
26 21
26 25
23 28
28 24
25 22
85 96
85 99
85 91
96 95
96 90
95 84
99 97
99 86
91 92
30 31
31 32
92 89
92 83
89 80
80 98
80 81
98 93
83 82
83 88
88 94
81 87
32 33
33 34
34 35
35 36
36 37
37 38
38 39
39 40
40 42
40 49
40 41
40 45
42 43
42 44
43 48
49 47
41 46