0 92 89 82 69 68 88 81 66 67 80 83 65 64 43 42 40 41 70 71 36 37 46 44 45 33 34 35 39 38 47 32 21 93 22 23 18 20 90 16 19 17 85 84 73 51 50 74 52 53 26 25 75 54 55 27 11 91 10 86 87 78 60 61 79 76 56 57 62 63 31 28 30 12 13 9 8 14 15 72 49 48 24 77 59 58 29 7 6 5 4 3 2 1
0 92
0 93
92 89
92 88
89 82
89 83
82 69
82 68
69 43
69 42
68 40
68 41
88 81
88 80
81 66
81 67
66 36
66 37
67 39
67 38
80 65
80 64
83 70
83 71
65 34
65 35
64 33
64 32
42 21
40 20
70 44
70 45
71 46
71 47
36 18
46 23
45 22
35 17
39 19
32 16
21 10
93 90
93 91
22 11
90 85
90 84
16 8
19 9
85 74
85 75
84 73
84 72
73 51
73 50
51 25
74 52
74 53
52 26
26 13
25 12
75 54
75 55
54 27
91 86
91 87
10 5
86 76
86 77
87 78
87 79
78 60
78 61
60 30
79 62
79 63
76 56
76 57
56 28
63 31
31 15
28 14
12 24
13 6
8 4
15 7
72 49
72 48
77 59
77 58
59 29
6 3
4 2
2 1