0 1 16 9 65 17 25 97 33 32 36 44 24 21 53 20 99 89 49 73 61 23 52 40 31 27 60 55 51 19 59 57 11 29 42 41 81 67 80 48 56 26 88 46 14 30 12 22 58 28 39 87 37 6 47 2 83 54 15 62 66 3 13 91 93 98 4 8 5 77 79 92 76 68 69 71 64 84 82 70 95 72 45 18 96 63 75 50 74 78 90 10 34 7 38 86 43 35 85 94
0 1
0 16
1 9
1 65
1 17
16 80
16 48
9 73
9 8
65 97
65 81
65 67
17 25
17 21
17 49
25 24
25 89
97 33
97 99
33 32
33 41
32 36
32 40
36 44
36 52
44 46
44 45
24 88
21 53
21 20
21 23
21 85
53 61
53 37
20 4
99 98
89 93
49 51
73 72
23 31
23 55
23 87
52 60
40 42
31 27
31 29
31 95
27 11
27 26
27 91
55 39
51 19
51 59
51 35
59 57
57 56
29 28
41 43
67 75
56 58
26 90
46 14
46 47
14 30
14 12
14 15
14 78
30 22
12 13
22 6
22 54
87 83
87 86
6 2
6 70
2 66
2 3
54 62
54 38
62 63
66 82
3 7
93 77
93 92
98 96
4 5
77 79
92 76
92 84
76 68
68 69
68 64
69 71
82 18
72 74
18 50
50 34
74 10
78 94