0 11 1 93 49 70 24 19 53 46 80 13 35 42 91 95 37 44 97 60 41 78 86 26 55 48 66 90 56 27 23 50 63 88 2 96 64 82 33 51 99 74 40 59 29 45 18 30 58 10 16 65 87 32 36 71 89 7 62 52 85 69 4 67 34 20 72 92 25 47 77 43 3 61 39 68 15 76 5 73 54 94 38 8 12 83 14 75 28 9 98 84 31 79 6 22 81 57 21 17
0 11
0 87
11 1
11 65
1 93
1 49
1 98
93 9
49 70
49 53
49 16
70 24
70 19
24 80
24 10
24 47
19 58
19 15
53 46
53 25
46 92
46 17
80 13
80 35
35 42
42 91
42 95
42 37
42 56
42 68
42 28
91 78
95 60
95 41
95 66
95 90
95 51
95 21
37 44
37 97
37 33
37 75
44 48
44 14
97 55
41 18
41 30
78 86
78 26
78 83
86 2
86 12
26 23
48 82
66 45
66 72
90 27
56 88
23 50
50 63
2 96
96 64
96 20
82 8
33 99
51 34
99 74
99 40
74 59
74 29
74 39
74 79
45 89
45 38
30 71
58 4
58 67
87 32
87 36
87 52
32 62
71 94
89 7
7 69
7 57
62 61
52 85
52 77
52 54
69 73
67 81
72 5
77 43
77 3
68 76
68 31
54 84
31 22
79 6