0 26 27 25 95 93 28 22 43 23 42 96 6 91 1 44 29 94 50 8 5 39 45 89 86 20 4 38 87 59 36 74 65 13 64 66 16 3 47 34 21 90 7 48 88 55 57 75 11 30 81 18 71 67 31 2 15 70 52 9 14 61 78 84 98 24 17 12
0 26
0 27
0 25
26 28
27 95
27 93
25 42
95 23
93 22
93 43
28 1
28 50
28 86
28 65
22 91
43 6
23 96
23 94
42 5
96 89
6 44
6 45
91 74
91 81
1 29
1 30
29 59
29 36
94 39
50 8
39 4
89 21
86 20
20 87
4 38
38 98
87 31
59 11
36 3
36 47
36 34
74 16
65 13
13 64
13 66
64 57
66 55
16 75
47 7
47 67
21 90
21 88
7 48
48 78
48 84
57 71
75 70
75 52
75 61
81 18
71 15
67 14
31 2
52 9
61 12
78 17
98 24