0 18 70 69 21 13 9 27 34 32 22 25 33 5 29 26 11 8 20 28 10 7 14 19 23 15 3 2 6 16 1 17 12 24 30 4 31 51 75 73 97 59 72 44 43 77 98 87 88 60 71 42 85 78 36 52 76 58 40 49 35 84 83 81 74 57 67 45 38 89 55 91 92 65 62 53 50 64 90 47 82 46 39 61 54 56 86 48 95 96 93 63 80 79 37 41 66 94 68
0 18
0 13
0 9
0 27
0 34
0 32
0 22
0 25
0 33
0 5
0 29
0 26
0 11
0 8
0 20
0 28
0 10
0 7
0 14
0 19
0 23
0 15
0 3
0 2
0 6
0 16
0 1
0 17
0 12
0 24
0 30
0 4
0 31
18 70
18 69
18 21
69 71
21 75
21 76
13 59
13 60
9 51
9 52
27 87
27 88
34 36
32 97
32 98
22 77
22 78
25 84
25 83
33 35
5 44
5 43
29 91
29 92
26 85
26 86
11 55
11 56
8 49
8 50
20 73
28 89
10 53
10 54
14 62
14 61
19 72
23 80
23 79
15 63
3 40
3 39
2 38
6 45
6 46
16 65
16 66
17 67
17 68
24 82
30 93
31 95
31 96
59 57
44 42
43 41
60 58
76 74
83 81
45 47
92 90
62 64
46 48
39 37
96 94