0 34 33 24 30 8 23 3 14 5 9 32 6 2 21 7 27 11 1 31 19 20 18 16 25 26 4 13 12 10 29 17 15 28 22 58 59 73 38 46 93 82 35 36 83 70 75 49 50 94 81 53 79 80 77 55 67 69 37 97 43 39 40 63 91 84 71 47 61 62 45 72 48 54 41 85 95 98 51 52 44 96 60 92 42 66 76 87 89 57 68 86 74 88 78 64 65 56 90
0 34
0 33
0 24
0 30
0 8
0 23
0 3
0 14
0 5
0 9
0 32
0 6
0 2
0 21
0 7
0 27
0 11
0 1
0 31
0 19
0 20
0 18
0 16
0 25
0 26
0 4
0 13
0 12
0 10
0 29
0 17
0 15
0 28
0 22
34 36
33 35
24 82
24 81
30 93
30 94
8 49
8 50
23 79
23 80
3 39
3 40
14 61
14 62
5 43
5 44
9 51
9 52
32 97
32 98
6 46
2 38
2 37
21 75
21 76
7 47
27 88
11 56
31 95
19 71
20 73
20 74
18 70
18 69
16 66
16 65
25 83
25 84
26 85
26 86
4 41
4 42
13 59
12 58
10 53
10 54
29 91
29 92
17 67
17 68
15 63
15 64
22 78
58 60
59 57
46 48
70 72
94 96
53 55
79 77
91 89
47 45
85 87
92 90