0 36 99 65 78 27 55 19 39 33 86 38 41 61 68 84 44 49 95 11 70 24 30 17 97 89 93 26 28 71 53 47 62 6 18 87 42 98 81 45 34 75 50 48 56 13 83 52 20 57 67 14 60 43 22 1 5 25 64 73 8 37 51 32 23 31 63 94 2 76 92 15 82 88 72 59 69 74 77 9 96 3 7 54 58 79 35 66 46 85 40 90 16 12 10 91 29 4 80 21
0 36
0 38
0 41
0 13
36 99
36 65
36 24
36 30
99 75
99 50
99 48
99 56
99 29
65 78
65 34
78 27
78 91
27 55
55 19
55 39
19 33
19 86
39 70
39 45
39 10
33 61
33 95
33 11
33 76
33 66
86 35
38 49
41 81
61 68
61 84
61 44
61 98
44 57
44 12
49 93
95 17
95 97
70 89
70 9
24 2
30 64
17 53
17 16
97 42
97 79
89 71
89 58
89 90
93 26
93 28
93 77
28 87
28 20
28 25
71 47
47 62
47 21
62 6
62 18
87 52
42 83
98 54
81 43
45 60
48 5
52 14
52 94
20 40
57 67
60 1
43 22
22 88
22 80
1 82
25 73
25 8
25 32
64 37
64 51
8 63
51 92
51 15
32 23
32 31
92 74
88 72
88 59
88 69
69 7
74 96
96 3
7 85
54 46
10 4