0 99 12 5 59 15 55 80 6 77 75 17 8 67 11 85 24 42 78 97 33 63 39 49 3 28 68 26 96 84 93 88 95 44 56 2 81 79 66 62 61 38 73 70 31 29 41 16 4 1 72 21 50 98 36 43 19 53 65 94 27 10 86 9 60 13 87 48 7 22 58 25 92 20 34 37 46 57 23 71 89 74 82 91 35 64 83 45 40 69 32 51 30 14 18 90 54 52 47 76
0 99
0 12
0 5
0 54
99 80
12 59
12 7
5 15
5 55
59 8
15 75
15 17
55 6
55 77
55 61
80 82
6 85
77 11
77 14
77 18
77 90
75 62
17 67
17 78
8 66
67 48
85 24
24 42
24 97
24 33
24 63
42 87
78 49
78 74
97 39
33 3
33 28
63 84
63 81
63 79
63 71
63 89
39 2
39 30
49 96
49 29
3 26
3 56
28 68
28 95
28 44
84 93
84 23
93 88
88 31
88 76
2 73
2 70
81 41
81 16
81 4
81 51
79 72
66 98
66 27
62 38
62 1
62 13
61 94
73 65
73 60
70 83
31 53
29 50
4 19
1 21
21 43
98 36
36 9
43 86
43 32
65 10
94 92
94 64
27 57
10 46
86 37
9 25
60 58
87 35
7 22
7 69
58 34
25 20
25 40
46 91
57 47
64 45
51 52