0 45 73 80 10 42 30 91 70 63 81 68 66 64 5 9 34 54 21 85 23 4 96 26 17 24 50 8 52 69 3 27 41 18 33 59 93 13 32 7 36 53 12 35 48 94 1 2 65 20 22 19 67 60 72 95 14 55 43 44 39 6 89 77 57 40 71 47 82 49 46 76 37 61 98 84 78 28 97 15 56 87 29 38 16 51 90 88 62 11 83 79 75 74 58 99 25 92 31 86
0 45
0 80
0 10
0 42
0 30
0 88
45 73
45 70
45 63
73 91
73 64
73 50
73 41
80 66
80 99
10 97
42 27
91 68
70 90
63 81
63 34
63 51
68 5
68 9
68 23
64 85
64 3
64 16
5 21
9 49
34 54
34 17
34 24
54 28
21 26
85 96
23 4
23 58
4 69
96 8
96 52
26 33
26 59
26 53
17 18
24 36
41 14
18 93
33 13
33 32
33 7
93 78
7 35
7 48
36 95
53 12
35 94
35 2
94 1
94 67
94 60
94 72
2 65
2 82
65 20
65 19
20 22
22 43
19 44
95 55
14 6
14 47
14 86
55 39
55 71
43 74
39 89
39 77
39 84
6 37
6 38
89 40
77 57
82 76
49 46
37 61
37 98
37 75
84 29
78 15
28 87
97 83
15 56
90 11
88 62
88 31
62 79
11 92
79 25