0 1 5 7 6 10 9 17 18 14 24 20 19 36 28 44 34 48 23 22 31 51 49 38 27 35 46 55 57 30 33 32 42 43 47 56 60 50 37 39 59 67 68 64 40 41 74 70 69 86 78 94 84 98 73 72 81 77 85 96 99 88 83 82 92 93 97 80 87 89 90 91 4 2 54 52 8 12 11 58 29 45 16 15 3 13 79 95 62 25 26 21 66 65 61 75 53 63 76 71
0 1
1 5
1 7
1 2
5 6
5 10
7 9
7 8
7 12
7 11
9 17
9 14
9 4
9 3
9 13
17 18
17 24
17 20
17 19
17 16
17 15
17 21
24 36
24 23
24 22
36 28
36 44
36 34
36 48
36 35
36 46
36 25
36 26
28 27
44 31
44 33
44 32
44 42
44 43
44 47
44 45
48 51
48 49
48 38
48 37
48 39
48 29
31 30
31 40
31 41
51 55
51 57
51 50
51 52
55 56
55 60
57 59
57 58
57 62
57 61
59 67
59 64
59 54
59 53
59 63
67 68
67 74
67 70
67 69
67 66
67 65
67 71
74 86
74 73
74 72
69 78
86 94
86 84
86 98
86 85
86 96
86 75
86 76
78 77
94 81
94 83
94 82
94 92
94 93
94 97
94 95
98 99
98 88
98 87
98 89
98 79
81 80
81 90
81 91