0 38 34 64 10 77 18 50 42 29 7 99 84 75 95 47 8 87 39 56 4 15 11 60 16 92 62 5 72 41 86 94 40 83 25 45 53 31 68 44 59 88 93 24 22 27 71 20 70 52 80 63 78 65 89 74 28 6 13 19 96 69 43 36 35 85 12 23 51 58 98 30 46 1 17 3 2 55 26 48 49 90 61 81 82 79 97 73 32 67 76 91 21 33 54 66 14 57 9 37
0 38
0 34
0 64
0 10
0 99
0 84
0 75
0 95
0 47
0 8
0 87
38 7
38 20
64 77
64 18
64 50
64 42
64 29
64 35
10 5
77 94
77 71
77 36
77 76
18 98
50 67
42 39
42 56
42 62
42 53
42 43
29 86
29 22
29 27
7 4
7 25
7 45
7 58
7 66
99 15
99 69
84 11
84 60
84 51
84 2
75 92
75 44
75 59
75 88
75 93
75 24
95 41
95 63
8 16
8 83
8 9
87 68
87 90
56 32
4 72
15 52
15 80
15 73
11 57
60 40
60 3
16 89
92 31
92 65
92 96
92 49
62 70
41 28
41 23
41 54
86 14
40 97
25 13
25 19
45 78
31 74
31 85
31 12
88 46
24 6
24 17
22 48
71 82
71 79
20 1
20 37
6 55
6 26
13 33
98 30
17 81
48 61
97 21
67 91