0 3 10 51 2 16 22 29 44 58 62 89 97 85 15 25 39 96 38 61 63 90 14 13 31 81 93 87 12 8 40 28 84 92 42 47 4 9 69 67 45 88 33 94 21 6 11 50 83 98 54 71 80 78 18 95 60 34 59 55 41 70 35 17 74 49 64 72 5 53 36 68 20 56 37 73 52 79 66 76 32 91 65 82 57 75 19 30 48 24 43 86 77 23 26 99 27 46 1 7
0 3
0 10
0 51
0 2
0 16
0 22
0 29
0 44
0 58
0 62
0 89
0 97
0 23
3 4
3 9
3 69
10 38
10 57
51 15
51 25
51 39
51 96
51 14
2 87
2 42
2 47
2 82
22 85
29 6
44 92
44 21
44 18
58 61
58 63
58 90
58 33
58 94
62 13
62 31
62 28
62 84
62 41
62 65
89 88
89 54
89 71
89 80
89 78
85 98
15 93
25 55
25 72
39 81
39 49
39 64
96 34
96 59
38 12
38 74
38 77
63 8
63 40
63 46
90 45
14 67
14 79
13 11
87 50
87 83
12 17
12 68
12 27
8 60
40 91
28 52
84 73
92 95
92 48
42 36
9 37
9 86
69 35
69 32
21 53
6 26
6 99
11 30
71 19
78 70
18 5
60 56
34 20
55 76
49 66
64 75
20 43
66 7
19 24
19 1