0 14 62 26 67 61 60 80 77 66 1 81 32 59 93 69 23 87 19 54 36 76 24 47 90 50 92 70 85 7 34 21 30 27 22 16 46 12 42 88 52 18 99 37 38 28 58 91 40 71 53 56 43 13 55 82 83 75 11 2 72 5 29 9 44 8 35 63 15 95 94 97 20 89 51 64 33 65 31 68 4 49 41 98 48 73 45 6 79 10 74 39 78 57 84 96 25 86 3 17
0 14
14 62
14 26
14 67
14 77
14 66
14 1
14 81
14 32
14 59
14 74
14 39
14 78
14 17
62 61
62 50
62 3
26 80
67 60
67 95
61 22
61 86
60 27
77 23
77 4
66 24
1 18
81 76
59 93
59 69
59 43
69 87
23 19
23 30
87 15
19 54
19 10
54 36
36 21
36 52
36 68
76 90
24 47
24 88
47 34
47 63
90 92
90 7
90 79
92 70
92 85
70 42
7 56
21 46
21 12
21 25
30 53
30 6
27 71
27 45
22 16
22 40
16 31
46 91
12 58
12 83
42 35
42 89
52 99
18 28
99 37
99 38
99 44
99 8
37 20
28 82
58 96
40 97
71 13
71 55
56 11
13 5
55 94
55 65
82 73
83 75
75 33
11 2
11 72
5 29
5 64
29 9
95 48
89 51
33 98
31 84
4 49
49 41
48 57