0 98 96 82 68 59 17 99 10 66 12 2 49 53 89 39 63 29 84 88 21 6 11 5 81 50 7 46 73 72 95 64 40 23 76 18 13 97 67 25 37 71 75 26 14 79 43 92 1 65 22 58 85 87 27 56 38 9 60 93 62 34 15 52 33 57 31 36 3 30 19 80 8 20 54 70 35 45 51 83 94 90 41 32 42 16 61 78 4 28 74 69 24 44 91 47 48 86 55 77
0 98
98 96
98 53
98 11
98 5
96 82
96 68
96 59
82 99
68 57
59 17
59 6
59 78
17 2
17 49
17 33
99 10
99 88
99 21
10 66
10 12
2 39
49 89
49 44
53 29
53 84
53 9
89 63
89 48
39 61
88 7
11 81
11 50
5 25
81 46
81 40
81 67
81 52
81 24
50 15
7 72
7 95
7 64
7 18
46 73
46 38
73 69
73 77
72 23
72 76
23 97
76 65
18 13
18 1
97 37
97 43
97 92
67 71
67 14
25 75
37 74
71 26
71 56
71 90
14 79
14 19
43 27
43 94
92 58
1 22
1 34
22 62
58 85
58 16
85 87
85 93
87 83
87 28
87 47
27 91
38 30
9 60
62 3
34 36
52 31
31 35
36 42
3 8
30 80
80 70
8 20
8 54
8 55
70 51
35 45
90 41
90 32
16 4
48 86