0 8 29 25 10 38 47 46 34 30 5 45 26 62 53 4 63 39 55 36 6 65 49 14 61 2 48 11 43 13 51 24 37 56 42 19 52 16 28 50 57 27 3 40 9 17 44 12 60 21 32 7 20 35 54 23 64 58 18 22 31 33 41 15 1 59
0 8
0 25
0 55
8 29
8 30
29 5
25 10
10 38
10 39
38 47
38 45
38 2
38 48
38 11
38 43
38 13
38 51
47 46
47 49
47 14
47 61
46 34
46 53
46 4
46 63
30 65
30 60
30 58
30 18
45 26
45 62
45 6
26 36
26 37
62 42
53 3
63 24
39 56
39 52
39 44
39 12
6 27
6 17
6 59
49 57
2 9
11 19
11 28
11 50
11 64
43 33
24 16
24 35
42 31
42 1
19 23
52 40
50 7
50 20
40 32
9 22
44 54
60 21
22 41
31 15