0 42 30 9 92 35 19 8 65 36 25 2 4 81 88 23 79 77 5 10 14 59 64 50 68 73 67 52 62 49 38 69 13 11 46 91 83 18 87 33 90 74 29 32 78 94 7 75 6 60 55 51 43 21 58 45 63 93 41 84 15 85 66 70 89 24 56 57 31 47 40 99 54 53 61 28 48 12 80 71 72 27 97 20 3 98 26 1 86 95 34 44 76 16 96 22 17 82 39 37
0 42
42 30
42 9
42 76
30 19
9 92
9 35
9 64
9 50
9 56
9 44
92 23
92 34
35 69
19 8
19 59
8 65
8 14
8 24
65 36
65 88
65 10
65 89
65 53
36 25
36 74
25 2
25 5
25 70
2 4
2 81
81 54
88 79
88 77
88 38
88 72
23 66
23 95
79 62
79 49
77 46
77 91
77 83
5 11
10 68
14 99
59 52
59 33
59 90
64 73
50 41
50 3
68 13
68 71
68 86
73 67
73 85
67 87
49 22
38 93
69 40
69 96
13 15
11 80
46 18
46 94
18 32
18 78
18 12
33 21
90 31
90 47
74 29
32 82
78 43
94 7
7 75
7 63
75 6
75 60
75 45
6 57
60 55
55 51
21 58
41 84
15 17
70 20
57 48
40 1
53 61
53 28
53 97
28 37
48 39
80 27
80 26
97 98
44 16