0 9 20 39 36 10 29 41 38 35 37 34 26 42 31 27 33 30 28 40 32 18 3 14 81 48 98 66 22 87 17 57 89 74 2 6 19 12 44 91 11 5 49 82 99 67 21 8 24 75 85 51 25 16 23 7 13 4 15 62 1 88 55 96 97 86 70 93 80 92 90 79 83 84 52 95 64 63 76 59 61 50 72 47 68 78 77 54 94 60 53 56 43 73 65 71 69 45 58 46
0 9
0 39
0 36
0 10
0 29
0 41
0 38
0 35
0 37
0 34
0 26
0 42
0 31
0 27
0 33
0 30
0 28
0 40
0 32
9 20
9 81
9 48
9 98
9 66
20 57
20 89
20 74
39 21
36 14
10 18
10 3
10 49
10 82
10 99
10 67
29 5
38 17
37 16
34 11
42 25
18 55
3 22
3 87
3 44
3 91
3 88
3 93
3 80
3 92
3 90
3 79
3 83
3 84
14 12
14 85
14 51
14 70
48 1
22 2
22 6
22 19
22 76
22 59
17 86
17 54
2 24
2 75
2 62
2 64
2 63
2 78
2 77
2 43
2 73
2 65
2 71
2 69
19 8
19 15
19 56
11 68
5 13
5 4
5 46
21 58
8 97
8 47
24 7
25 23
16 72
16 53
23 60
7 96
4 95
4 94
4 45
15 52
1 61
1 50