0 4 78 63 26 59 5 20 27 53 80 8 33 29 79 43 49 84 2 83 54 44 91 82 85 16 65 28 48 32 55 77 3 31 13 34 15 69 46 12 22 90 61 64 40 71 60 86 57 17 88 72 25 47 37 45 81 66 7 10 74 36 58 6 70 38 87 50 67 93 75 76 73 14 18 23 89 62 41 42 21 68 19 11 56 39 30 9 35 52 95 51 94 24 92 1
0 4
0 78
78 63
78 26
78 20
78 27
78 53
78 24
63 5
63 43
63 11
26 59
5 80
5 28
20 10
27 79
53 29
53 16
53 65
80 8
80 33
8 38
33 44
33 46
29 85
43 49
49 84
49 93
84 2
84 54
84 82
84 69
84 86
84 94
2 83
2 19
54 91
54 60
44 55
91 7
82 15
82 66
85 32
85 71
85 67
65 34
28 48
48 40
32 31
32 13
55 77
55 3
55 12
55 22
55 64
77 81
77 14
3 61
31 72
13 70
34 45
69 47
69 37
69 50
46 6
12 51
22 90
22 25
90 58
64 68
71 21
60 74
60 36
86 57
86 17
86 95
57 87
17 88
25 73
47 41
47 42
50 75
50 89
50 62
75 76
14 18
14 23
23 39
23 52
89 35
62 9
41 30
21 56
52 1
94 92