0 1 2 42 41 11 33 16 68 6 17 18 19 94 67 29 5 95 69 43 28 48 7 27 50 44 45 57 76 75 34 61 35 31 52 60 36 81 53 54 51 99 10 37 9 12 4 20 59 8 13 87 80 56 93 83 55 88 96 40 21 71 3 84 70 58 30 25 26 38 23 46 82 22 24 49 15 64 74 32 90 66 98 97 65 85 77 78 39 62 92 47 73 14 79 89 91 72 86 63
0 1
0 68
0 6
0 73
1 2
1 16
2 42
2 13
42 41
42 33
41 11
41 40
11 90
33 18
16 17
16 27
16 96
68 67
6 5
17 7
18 19
18 48
19 94
19 8
94 53
94 59
67 29
67 81
67 25
29 28
29 30
29 32
5 95
5 4
5 20
95 69
69 43
43 44
48 50
48 55
48 88
48 47
27 61
27 99
50 92
44 45
45 57
45 34
57 76
57 58
76 75
76 74
34 35
61 62
35 31
35 52
35 60
35 36
35 70
31 12
52 51
36 37
36 9
81 84
53 54
53 83
99 10
4 87
4 80
4 3
8 93
8 71
8 39
13 64
87 86
80 56
80 46
56 15
83 78
55 21
96 49
70 23
30 38
25 26
25 22
25 24
25 77
23 85
23 72
46 82
22 66
22 98
22 91
90 89
66 65
98 97
78 79
62 14
62 63