0 1 10 20 21 22 11 2 12 3 4 14 5 15 25 26 35 46 45 23 24 16 44 6 7 33 13 32 53 27 56 37 36 42 41 51 50 31 30 40 60 71 72 80 90 81 82 83 84 62 70 74 93 94 52 63 64 92 8 18 28 17 9 19 29 38 54 85 61 47 67 98 55 43 95 73 91 34 66 65 76 77 86 96 75 57 68 48 58 69 59 49 39 79 87 88 97 89 78
0 1
0 10
1 2
10 20
20 21
21 22
22 11
2 12
2 3
3 4
3 13
4 14
14 5
14 15
14 23
5 6
15 25
15 26
15 16
25 35
25 24
35 46
46 45
46 56
45 44
24 33
16 27
44 53
6 7
33 32
32 42
32 41
53 63
27 37
27 36
27 8
27 18
27 28
56 47
56 67
41 51
41 50
41 31
41 30
41 40
41 52
50 60
60 71
71 72
71 80
71 62
71 70
72 84
80 90
80 81
81 82
82 83
83 93
83 92
84 74
62 61
74 64
93 94
94 85
52 43
64 54
92 91
8 17
28 9
28 19
28 29
28 38
54 55
54 73
85 95
67 98
67 57
67 68
98 87
98 88
98 97
55 66
43 34
66 65
66 76
76 77
76 86
76 75
86 96
57 48
68 79
48 58
58 69
69 59
59 49
49 39
88 89
89 78