0 65 64 60 59 53 52 51 1 50 54 26 25 44 27 2 12 61 62 8 11 43 35 55 37 3 42 45 46 47 48 49 4 7 38 13 28 34 33 14 9 10 15 19 18 56 57 41 5 39 63 22 23 24 17 29 6 31 30 40 16 20 21 58 36 32
0 65
65 64
64 60
60 59
60 61
59 53
53 52
53 54
52 51
52 1
52 50
51 26
51 25
51 44
1 2
1 12
54 55
26 27
44 42
44 45
27 43
27 35
27 28
2 8
2 3
12 13
12 22
61 62
62 63
8 11
8 9
8 10
43 39
35 37
55 56
37 38
37 36
3 4
3 7
3 5
3 6
42 41
45 46
45 47
45 48
45 49
13 14
13 20
28 34
28 29
34 33
14 15
14 19
14 18
14 17
14 16
56 57
57 58
41 40
22 23
23 24
29 31
29 30
31 32
20 21