0 35 24 41 61 15 2 11 97 20 81 62 60 1 87 99 42 85 57 27 88 36 31 71 98 90 16 5 84 46 13 17 3 49 45 23 30 83 76 58 47 68 25 73 77 39 72 65 69 93 96 59 75 14 67 95 89 50 63 64 56 53 12 26 48 22 9 7 55 33 86 21 6 29 44 80 28 94 10 92 74 52 8 78 40 70 79 19 82 43 34 32 18 38 4 37 51 54 91 66
0 35
0 24
0 41
0 98
35 60
35 31
35 71
35 78
24 61
24 15
24 81
24 62
24 52
24 8
41 20
41 36
41 92
41 74
61 97
61 88
15 2
2 11
11 27
97 5
97 54
20 87
20 57
81 1
81 16
81 21
81 66
62 17
62 47
60 42
60 85
60 58
1 99
1 93
57 76
57 10
27 90
27 69
71 13
98 72
98 65
98 51
16 22
5 84
5 46
5 77
5 39
84 26
84 48
46 30
46 83
46 37
13 89
13 12
17 3
17 45
3 49
3 73
45 23
30 86
83 68
76 95
58 94
47 53
68 25
25 55
25 33
73 67
73 7
77 28
39 80
72 59
65 79
93 96
59 75
75 14
95 50
89 63
89 91
63 64
64 56
26 9
26 32
22 44
9 29
7 6
7 70
86 34
6 4
29 40
94 43
79 19
79 82
43 18
43 38