0 18 28 86 15 16 17 92 9 39 70 54 81 60 99 64 83 37 73 87 75 82 59 25 55 84 76 8 96 93 45 48 7 58 3 79 56 5 35 80 71 72 38 10 57 24 91 85 22 34 50 67 98 13 2 19 47 46 41 11 33 12 20 21 40 68 66 14 29 43 26 32 95 94 74 4 44 61 1 36 89 31 90 53 52 51 23 65 78 49 62 97 30 42 63 27 69 77 88 6
0 18
0 28
0 86
0 15
0 92
0 9
0 39
0 70
0 54
0 81
0 60
0 99
0 64
0 83
0 37
0 73
0 87
0 75
0 82
0 59
0 25
0 55
0 84
0 76
0 8
0 96
0 93
0 45
0 48
0 7
0 58
0 3
0 79
0 56
0 5
0 35
0 22
0 34
0 50
0 67
0 98
0 13
0 2
0 19
0 47
0 46
0 41
0 11
0 33
0 43
0 26
0 32
0 95
0 94
0 74
0 4
0 44
0 61
0 1
0 36
0 89
0 31
0 78
0 49
0 62
0 97
0 30
0 42
0 63
0 27
0 69
0 77
0 88
0 6
28 29
86 85
15 16
15 14
16 17
92 91
9 10
70 71
54 53
64 65
37 38
25 24
58 57
79 80
71 72
22 21
22 23
67 68
67 66
19 20
41 40
11 12
89 90
53 52
52 51