0 13 11 1 5 2 4 9 3 45 14 21 44 43 46 18 47 22 12 17 48 49 50 51 54 53 52 6 27 28 26 29 25 30 42 31 41 32 40 33 39 34 38 35 37 36 7 10 24 19 59 8 15 20 16 23 56 55 57 58
0 13
0 2
0 4
13 11
11 1
1 5
5 8
2 9
4 14
4 24
9 3
9 45
3 21
45 44
45 43
45 46
14 22
14 12
21 7
43 59
46 18
46 47
18 17
47 48
47 49
47 50
50 51
51 54
51 53
51 52
51 6
54 27
27 28
27 26
28 29
26 25
29 30
25 42
30 31
42 41
31 32
41 40
32 33
40 39
33 34
39 38
34 35
38 37
35 36
7 10
24 19
8 15
8 16
15 20
15 23
23 56
56 55
56 57
56 58