0 1 3 98 2 96 5 99 7 94 4 92 9 97 11 6 8 10 12 14 13 95 90 88 86 15 16 18 20 22 24 26 28 84 93 82 17 91 30 32 34 36 38 40 42 44 46 89 80 78 76 19 21 23 25 27 29 31 48 50 52 54 33 87 35 85 37 56 74 58 72 83 81 79 60 62 70 39 68 77 66 64 75 41 43 45 47 49 73 71 69 67 65 63 51 53 55 57 59 61
0 1
0 98
0 2
1 3
1 99
3 5
98 96
2 4
96 94
5 7
99 97
7 9
94 92
4 6
92 90
9 11
97 95
11 13
6 8
8 10
10 12
12 14
14 16
13 15
95 93
90 88
88 86
86 84
15 17
16 18
18 20
20 22
22 24
24 26
26 28
28 30
84 82
93 91
82 80
17 19
91 89
30 32
32 34
34 36
36 38
38 40
40 42
42 44
44 46
46 48
89 87
80 78
78 76
76 74
19 21
21 23
23 25
25 27
27 29
29 31
31 33
48 50
50 52
52 54
54 56
33 35
87 85
35 37
85 83
37 39
56 58
74 72
58 60
72 70
83 81
81 79
79 77
60 62
70 68
39 41
68 66
77 75
66 64
75 73
41 43
43 45
45 47
47 49
49 51
73 71
71 69
69 67
67 65
65 63
51 53
53 55
55 57
57 59
59 61