0 2 27 25 21 89 24 16 4 43 52 99 85 35 3 41 23 15 54 48 60 70 73 26 80 11 94 31 75 30 87 68 57 96 90 65 46 18 37 7 8 67 88 95 29 64 28 39 5 77 38 74 58 36 12 53 61 91 6 98 34 1 82 22 42 19 63 40 50 9 56 17 66 93 13 86 92 33 79 69 20 45 84 55 32 51 97 76 10 47 49 62 59 83 44 81 78 14 71 72
0 2
0 43
0 52
2 27
2 21
2 68
27 25
27 3
27 41
27 67
25 60
25 70
25 59
21 89
21 24
21 16
21 4
89 99
89 9
89 56
24 35
24 75
24 30
24 87
24 40
24 50
16 48
16 63
16 62
4 7
4 8
43 54
43 94
43 31
43 18
43 37
52 85
52 46
99 15
99 11
99 28
35 26
35 80
35 6
3 23
3 65
41 58
41 19
23 38
23 74
23 42
15 90
54 73
54 29
54 64
54 91
48 22
73 88
73 95
26 96
26 5
26 77
11 61
11 1
11 82
75 45
75 14
30 57
30 20
68 39
68 34
57 69
96 32
90 49
46 53
37 12
37 78
8 98
95 13
95 47
64 79
5 36
5 10
5 81
77 93
38 72
58 55
12 33
53 84
91 97
91 76
1 44
22 66
19 51
50 83
9 92
56 17
66 71
13 86