0 2 6 14 1 4 9 10 20 41 21 42 83 84 13 27 56 44 90 89 85 5 12 25 51 26 55 3 7 16 8 53 54 18 34 70 38 52 11 24 77 37 17 33 67 36 74 75 76 69 43 19 29 30 61 87 35 72 40 81 59 73 23 78 28 48 58 97 47 82 88 49 15 22 31 32 63 99 46 95 66 64 45 96 92 91 93 94 65 98 62 39 68 86 80 79 57 71 50 60
0 2
0 1
2 6
2 5
6 14
6 13
14 29
14 30
1 4
1 3
4 9
4 10
9 20
9 19
10 21
10 22
20 41
20 42
41 83
41 84
21 44
21 43
42 85
42 86
13 27
13 28
27 56
27 55
44 90
44 89
5 12
5 11
12 25
12 26
25 51
25 52
26 53
26 54
3 7
3 8
7 16
7 15
16 34
16 33
8 18
8 17
18 38
18 37
34 70
34 69
38 77
38 78
11 24
11 23
24 49
24 50
37 75
37 76
17 36
17 35
33 67
33 68
36 74
36 73
43 87
43 88
19 40
19 39
29 59
29 60
30 61
30 62
35 72
35 71
40 81
40 82
23 48
23 47
28 58
28 57
48 97
48 98
47 95
47 96
49 99
15 31
15 32
22 46
22 45
31 63
31 64
32 66
32 65
46 93
46 94
45 92
45 91
39 80
39 79