0 83 55 62 28 3 40 80 39 68 41 14 90 79 61 12 32 4 70 17 5 37 69 64 49 57 35 34 67 94 93 48 2 1 10 56 31 38 54 72 27 6 71 53 22 21 76 81 45 24 36 26 85 13 73 59 46 74 91 88 18 50 66 8 11 42 33 58 92 19 75 29 25 16 77 43 30 60 9 23 78 84 63 86 7 65 87 51 44 20 52 15 89 82 95 47 98 99 96 97
0 83
0 3
0 68
0 41
0 14
0 23
0 98
0 99
83 55
83 80
83 39
55 62
55 28
55 64
62 88
28 40
3 69
3 54
3 9
40 32
40 38
40 46
40 74
40 91
40 95
80 12
39 60
68 61
68 37
68 56
68 31
68 45
41 10
14 90
14 79
90 81
90 59
79 70
79 17
79 5
32 4
32 67
32 2
32 1
32 30
17 76
5 48
37 57
37 13
37 73
69 49
69 33
69 58
49 93
57 35
57 34
57 94
35 85
2 42
2 43
1 82
10 11
31 89
38 21
54 72
54 27
54 6
54 26
6 71
6 22
71 53
53 77
53 65
81 36
81 7
45 24
36 16
85 8
73 66
46 29
74 50
74 86
91 18
88 15
18 63
11 75
42 84
58 92
92 19
29 25
43 52
60 78
9 44
9 20
86 51
7 87
51 47
98 96
98 97