0 74 97 7 36 64 75 17 21 90 68 83 82 4 6 47 86 50 92 61 27 52 9 37 34 14 73 53 39 42 11 38 49 26 62 87 93 96 63 79 48 3 23 8 81 10 31 40 60 59 28 24 16 54 46 33 69 77 12 25 84 58 98
0 74
0 68
74 97
74 6
74 47
97 7
97 52
97 9
7 36
7 90
36 64
36 21
36 4
64 75
64 17
75 82
17 27
90 60
68 83
68 92
83 33
82 50
47 86
92 61
92 42
27 37
52 73
52 53
52 87
37 34
34 14
34 62
14 26
73 48
53 39
39 11
11 38
11 49
38 79
49 63
49 40
26 31
62 81
62 28
87 93
93 96
63 23
48 3
23 8
81 10
31 59
40 46
40 58
59 54
28 24
28 16
16 69
46 77
33 25
77 12
25 84
84 98