0 30 4 40 75 83 77 99 84 71 91 98 97 87 67 88 90 68 69 92 86 74 89 82 96 79 94 81 66 95 70 76 73 93 80 78 85 72 39 48 29 32 49 57 21 37 12 20 61 56 63 26 44 36 46 38 23 47 62 64 43 3 7 45 13 34 50 18 31 2 17 25 41 65 58 55 22 16 9 8 6 53 11 24 42 5 60 35 54 28 19 33 59 15 52 1 14 10 27 51
0 30
0 4
0 40
0 75
0 83
0 77
0 99
0 84
0 71
0 91
0 98
0 97
0 87
0 67
0 88
0 90
0 68
0 69
0 92
0 86
0 74
0 89
0 82
0 96
0 79
0 94
0 81
0 66
0 95
0 70
0 76
0 73
0 93
0 80
0 78
0 85
0 72
30 32
4 48
4 29
75 20
77 23
71 12
91 38
97 46
87 34
67 5
90 37
92 39
86 33
89 36
96 44
95 42
76 21
80 26
72 13
39 49
39 57
48 56
48 63
49 45
57 61
57 2
21 16
37 3
37 7
12 43
61 64
61 31
63 18
44 24
36 62
46 50
46 22
38 11
23 47
62 58
62 55
3 19
7 65
13 41
50 25
18 17
31 6
31 53
2 54
2 28
55 9
22 1
16 8
9 35
6 52
11 59
11 15
42 60
42 10
59 51
15 14
10 27