0 57 27 60 67 63 49 50 51 56 62 48 58 64 59 45 61 65 47 42 53 52 40 41 44 55 54 68 43 46 66 3 10 11 32 15 13 6 89 24 19 5 31 29 16 30 25 2 7 33 35 8 36 22 38 21 20 28 18 37 17 4 26 39 9 93 86 79 70 1 12 23 69 77 14 34 83 97 94 72 81 88 85 96 78 74 90 84 87 92 91 73 95 75 80 98 99 82 71 76
0 57
0 60
0 67
0 63
0 49
0 50
0 51
0 56
0 62
0 48
0 58
0 64
0 59
0 45
0 61
0 65
0 47
0 42
0 53
0 52
0 40
0 41
0 44
0 55
0 54
0 68
0 43
0 46
0 66
57 27
27 6
27 89
60 30
67 38
49 13
50 15
51 16
56 22
62 32
48 11
59 29
61 31
65 36
47 10
42 4
52 17
40 1
41 3
43 5
46 8
66 37
3 70
10 19
11 24
11 77
15 35
15 81
13 7
13 33
13 79
6 25
6 2
6 73
24 86
19 18
5 28
5 72
31 9
31 93
29 91
30 26
30 39
30 92
25 87
2 69
33 94
36 20
36 97
22 21
21 84
20 83
28 23
28 90
18 34
18 82
4 71
1 12
1 88
1 85
1 96
1 78
1 74
1 75
1 80
1 98
1 99
1 76
23 14
34 95