0 56 32 26 27 59 9 22 74 41 28 79 76 92 17 94 73 14 60 19 46 75 91 1 33 7 84 89 30 5 38 78 93 44 43 98 55 54 40 96 51 50 42 34 36 45 65 71 11 18 13 12 23 8 63 53 31 48 70 69 49 39 82 20 35 86 83 72 47 61 95 87 97 2 3 37 6 24 21 68 80 52 62 25 57 15 67 81 85 10 88 77 4 66 16 29 90 64 99 58
0 56
0 59
0 71
56 32
56 26
56 27
56 10
56 88
32 52
27 9
27 22
27 74
27 41
59 5
9 76
9 19
22 79
22 65
22 80
74 28
74 60
74 30
41 14
28 17
28 89
79 94
79 73
79 84
79 85
76 92
76 75
76 45
76 16
92 33
92 7
92 36
17 46
17 34
17 21
17 68
94 1
94 42
94 37
94 6
94 24
94 81
73 43
73 50
14 51
60 91
60 44
19 96
19 23
19 95
75 12
91 93
91 70
1 66
7 3
84 67
30 78
5 38
5 20
38 13
78 47
78 61
78 64
43 98
98 55
98 40
55 54
55 2
54 18
54 4
96 82
96 15
50 48
34 90
36 11
45 31
65 39
71 57
11 63
18 77
13 29
23 8
63 53
63 49
31 69
70 72
49 83
82 35
82 86
82 97
72 87
61 25
80 62
81 58
90 99