0 26 25 76 17 78 83 19 82 99 45 55 98 24 6 97 75 69 88 21 90 10 30 86 16 40 74 73 1 56 51 14 36 3 62 12 34 68 5 20 96 53 72 79 9 8 94 91 58 22 38 11 15 18 54 66 13 47 4 81 33 2
0 26
0 25
26 55
26 98
25 76
25 45
25 69
25 88
76 17
76 75
17 78
78 83
78 79
83 19
83 99
19 82
99 72
45 6
45 30
55 10
55 53
98 24
24 97
97 40
75 16
75 96
75 58
69 14
69 36
88 21
21 90
90 86
90 51
90 66
10 56
30 1
86 20
86 91
16 74
16 73
40 5
74 62
73 94
51 8
14 68
36 3
36 38
3 34
62 12
34 54
68 47
53 9
72 15
79 18
91 22
58 11
38 4
18 81
66 13
47 33
33 2