0 1 55 91 90 39 99 89 6 42 40 36 35 31 87 51 84 85 7 86 81 24 23 49 48 96 27 18 79 98 2 5 4 93 63 57 94 95 32 53 62 12 50 92 43 82 60 58 44 17 69 75 66 70 11 97 73 72 20
0 1
0 55
1 2
55 91
91 90
91 39
90 99
90 89
90 6
90 98
39 40
39 36
99 42
99 87
99 79
89 31
6 7
42 96
36 35
87 51
87 84
87 85
87 5
51 50
84 11
85 86
86 81
81 24
24 23
23 49
49 48
96 27
96 18
18 17
98 93
5 4
4 57
93 63
93 62
93 12
63 43
57 94
94 95
94 32
94 53
94 44
95 92
95 66
53 58
50 60
92 82
58 97
44 75
17 69
69 70
97 73
73 72
72 20