0 18 47 41 67 46 79 7 99 1 50 81 74 68 38 98 83 77 37 11 60 63 30 29 69 16 49 75 14 52 35 84 55 21 71 88 64 13 4 5 3 9 51 93 26 39 96 36 27 42 78 61 94 2 44 33 80 59 95 57 12 54 10 53 6 8 23 32 62 91 24 17 72 97 89 92 56 73 45 87 70 76 90 85 31 48 34 86 58 22 19 15 66 65 40 43 25 20 82 28
0 18
0 47
0 41
0 38
0 48
47 67
47 79
47 12
47 31
41 57
67 46
46 26
79 7
7 99
7 68
7 63
7 95
7 65
99 1
99 50
99 74
99 85
50 81
50 66
81 60
74 37
74 11
74 93
68 98
68 9
68 51
38 83
38 77
98 90
98 82
83 61
83 94
37 55
37 21
37 71
37 78
37 59
37 15
11 29
11 5
11 3
60 42
63 30
29 69
29 75
69 16
69 84
69 4
16 49
49 13
75 14
14 52
14 35
14 62
35 20
55 64
55 70
55 76
21 27
71 88
71 36
64 80
4 25
5 44
5 33
9 19
93 96
93 43
26 39
26 32
96 22
27 23
42 8
61 2
61 87
57 6
12 54
12 53
12 24
54 10
10 91
10 56
10 28
6 92
24 17
24 72
17 45
72 97
97 89
97 58
56 73
45 86
87 34
90 40