0 31 6 1 30 36 8 13 38 3 7 33 19 18 25 37 9 17 27 39 24 16 14 11 56 4 29 12 50 41 32 42 22 21 5 51 58 10 2 52 46 23 15 35 48 54 34 20 26 44 59 43 53 40 55 49 47 57 28 45
0 31
0 6
0 1
0 11
31 30
31 13
31 32
6 8
1 2
30 36
30 41
36 38
36 35
8 3
13 19
13 18
13 17
38 33
3 7
3 9
33 37
19 25
19 14
18 16
37 24
9 12
9 50
17 27
27 39
39 42
24 29
24 22
16 15
14 56
14 4
11 10
56 51
56 58
56 55
4 5
29 23
41 46
41 40
22 21
21 20
21 26
51 52
58 53
52 54
52 34
46 48
46 45
23 28
48 43
54 59
34 44
43 47
55 49
47 57