0 98 99 97 96 93 92 91 95 87 88 89 94 83 86 82 81 80 90 84 85 73 75 76 77 74 69 78 68 67 66 65 79 58 71 70 60 61 59 49 40 39 30 31 41 57 42 32 29 51 50 72 64 54 44 47 48 52 62 63 56 22 38 33 24 26 25 34 43 36 45 37 35 20 16 46 53 55 21 14 27 19 18 23 17 9 13 28 6 10 15 3 11 12 7 2 8 1 4 5
0 98
98 99
99 97
97 96
96 93
96 92
93 89
93 94
92 91
92 95
92 87
92 88
87 86
87 82
87 81
88 83
89 90
89 84
83 77
82 75
82 76
81 80
80 73
90 85
85 79
73 74
73 66
73 65
75 68
75 67
77 69
77 78
69 70
69 60
69 61
78 71
67 59
66 58
65 57
65 56
79 72
71 63
60 50
61 51
61 52
61 62
59 49
49 40
49 39
40 41
39 30
39 31
39 48
30 29
31 24
41 42
41 32
41 33
57 47
29 22
29 38
29 37
72 64
64 54
64 55
54 44
44 36
44 45
44 53
47 46
52 43
22 16
33 26
33 25
33 34
24 23
24 17
26 20
25 18
34 35
20 21
20 14
20 27
20 19
21 28
21 15
14 9
14 13
14 10
18 12
17 11
9 6
9 8
6 3
3 2
12 7
7 4
2 1
4 5