0 7 91 14 84 21 77 28 70 35 63 42 56 49 1 3 8 10 92 94 15 17 85 87 22 24 78 80 29 31 71 73 36 38 64 66 43 45 57 59 50 52 2 9 93 16 86 23 79 30 72 37 65 44 58 51 5 4 6 12 11 13 96 95 97 19 18 20 89 88 90 26 25 27 82 81 83 33 32 34 75 74 76 40 39 41 68 67 69 47 46 48 61 60 62 54 53 55
0 7
0 91
0 1
0 3
0 2
7 14
7 8
7 10
91 84
91 92
91 94
14 21
14 15
14 17
84 77
84 85
84 87
21 28
21 22
21 24
77 70
77 78
77 80
28 35
28 29
28 31
70 63
70 71
70 73
35 42
35 36
35 38
63 56
63 64
63 66
42 49
42 43
42 45
56 57
56 59
49 50
49 52
2 9
2 93
2 5
2 4
2 6
9 16
9 12
9 11
9 13
93 86
93 96
93 95
93 97
16 23
16 19
16 18
16 20
86 79
86 89
86 88
86 90
23 30
23 26
23 25
23 27
79 72
79 82
79 81
79 83
30 37
30 33
30 32
30 34
72 65
72 75
72 74
72 76
37 44
37 40
37 39
37 41
65 58
65 68
65 67
65 69
44 51
44 47
44 46
44 48
58 61
58 60
58 62
51 54
51 53
51 55