0 27 26 25 54 74 57 9 36 50 35 53 10 56 55 3 61 16 12 34 88 43 8 52 75 73 69 91 39 46 14 62 6 82 19 84 7 51 97 63 30 1 22 24 4 87 29 70 96 95 23 79 40 5 18 15 20 72 31 71 66 59 11 58 2 13 77 17
0 27
0 26
0 25
27 54
27 74
27 57
26 35
25 50
54 9
54 36
74 61
74 16
57 10
9 53
9 52
36 46
50 43
50 8
50 30
35 3
35 39
53 91
10 56
10 55
56 88
55 69
3 34
61 12
16 75
16 73
12 62
12 63
34 82
43 6
43 97
8 51
52 29
73 95
69 14
91 22
91 96
39 4
39 87
39 40
46 7
62 70
82 19
82 59
19 84
84 79
51 66
97 24
30 1
87 20
29 71
70 15
96 31
95 23
79 18
40 5
15 72
31 2
71 77
66 13
59 11
11 58
77 17