0 1 37 3 2 39 4 38 33 5 6 8 9 7 28 16 27 10 29 14 15 11 26 31 12 13 32 30 18 24 23 17 19 20 21 25 34 22 40 41 64 68 35 36 77 44 55 43 50 46 48 42 76 75 60 58 78 63 59 57 71 62 67 79 61 74 45 52 72 49 65 70 69 56 53 54 66 80 73 47 51
0 1
0 39
1 37
1 3
1 2
37 38
37 33
3 4
39 6
39 16
4 5
4 29
38 28
33 35
6 8
6 7
8 9
9 10
7 27
27 31
10 14
29 26
14 15
14 11
14 13
15 24
11 12
26 18
31 32
31 30
32 34
18 23
18 17
18 19
24 25
19 20
20 21
20 22
25 40
40 41
40 68
41 64
41 44
64 76
68 77
68 75
35 36
44 55
44 46
55 43
55 63
43 50
43 62
50 42
46 48
46 45
48 74
48 47
75 60
75 78
60 58
60 57
60 71
58 59
59 67
59 79
59 61
57 56
62 70
62 69
79 65
45 52
45 72
45 49
45 54
45 66
49 53
69 73
53 51
66 80