0 27 26 25 39 4 37 96 23 95 94 38 97 24 99 98 84 41 32 77 17 78 19 80 61 49 8 51 50 76 2 33 18 83 82 88 46 7 48 47 21 81 90 63 52 5 12 62 9 72 60 53 29 42 45 69 35 3 54 40 1 11 59 36 14 15 31 57 43 44 87 85 6 68 28 30 34 65 92 75 16 20 10 71 55 13 67 58 73 64 79 91 89 22 74 70 56 93 86 66
0 27
0 26
0 25
27 96
26 97
25 39
25 77
39 4
4 37
4 38
37 32
37 46
96 23
23 95
23 94
95 84
95 41
94 49
97 24
97 89
24 99
24 98
99 80
99 61
98 88
84 19
84 35
41 5
32 2
77 17
77 52
77 45
77 69
17 78
17 76
78 85
19 83
19 82
80 18
80 63
80 91
61 29
61 42
49 8
8 51
8 50
51 53
76 57
76 43
76 44
76 87
2 33
2 31
33 75
18 81
18 79
82 60
88 21
88 92
88 73
88 64
46 7
7 48
7 47
48 56
21 90
63 12
63 72
52 9
5 40
12 62
9 54
72 15
60 11
29 1
45 65
69 14
35 3
3 36
3 34
1 28
1 30
11 59
11 58
14 68
15 71
15 70
57 10
44 6
85 20
28 67
65 13
75 16
16 74
20 86
10 55
13 66
91 22
22 93