0 34 33 25 20 10 29 30 23 16 22 12 14 32 18 15 17 7 4 24 8 27 2 11 6 19 28 3 26 21 9 31 13 5 1 98 74 55 81 94 54 53 36 79 91 35 70 62 57 58 93 92 73 84 83 59 64 41 67 77 66 65 37 42 47 63 69 97 78 80 56 86 45 88 49 50 48 61 60 72 75 76 85 82 68 51 89 52 39 40 46 87 90 43 95 96 38 44 71
0 34
0 33
0 25
0 20
0 10
0 29
0 30
0 23
0 16
0 22
0 12
0 14
0 32
0 18
0 15
0 17
0 7
0 4
0 24
0 8
0 27
0 2
0 11
0 6
0 19
0 28
0 3
0 26
0 21
0 9
0 31
0 13
0 5
0 1
34 36
33 35
25 84
25 83
20 74
20 73
10 54
10 53
29 91
29 92
30 94
30 93
23 79
23 80
16 66
22 77
22 78
12 57
12 58
14 62
14 61
32 98
32 97
18 70
18 69
15 63
17 67
17 68
7 47
7 48
4 41
4 42
24 81
24 82
8 49
8 50
27 88
27 87
2 37
2 38
11 55
6 45
6 46
19 71
3 39
3 40
26 86
26 85
21 75
21 76
9 52
31 95
31 96
5 43
54 56
91 89
70 72
62 64
57 59
58 60
92 90
67 65
42 44
49 51