0 3 4 9 21 1 63 60 46 49 93 6 2 7 10 31 24 85 27 8 23 48 37 25 84 64 68 83 77 92 66 14 86 17 78 80 18 13 15 16 97 47 12 32 88 33 58 41 61 19 35 90 99 5 22 20 43 52 59 11 56 53 28 67 39 82 62 74 26 54 44 96 81 57 40 45 73 50 75 30 34 65 98 72 91 76 79 29 70 38 51 89 36 55 95 94 87 69 42 71
0 3
0 1
3 4
3 21
3 7
3 10
3 31
3 39
4 9
4 2
9 6
1 63
63 60
63 67
60 46
46 49
46 93
46 23
46 65
6 24
6 8
6 22
10 11
24 85
24 27
85 84
27 28
8 38
23 48
23 25
23 26
48 37
25 64
84 77
84 92
84 66
64 68
64 83
68 70
77 14
77 86
66 78
66 80
14 17
14 13
14 15
17 18
17 36
78 97
78 33
78 94
18 16
18 19
13 34
15 32
15 88
15 29
16 47
16 12
16 61
16 5
47 53
33 58
33 41
33 90
33 99
41 42
61 35
19 20
20 43
43 52
43 59
52 56
56 74
56 69
53 73
28 62
67 89
39 82
39 54
26 45
26 30
54 44
44 96
44 81
44 57
44 40
57 75
45 50
65 98
65 72
65 91
65 76
72 79
38 51
36 55
36 87
55 95
55 71