0 26 25 27 48 7 59 46 47 75 84 51 35 8 16 49 50 88 11 70 62 39 4 12 21 40 53 92 45 57 22 90 89 10 9 42 19 33 52 83 54 56 6 5 3 94 68 23 2 14 15 93 32 36 79 98 86 24 78 65 18 20 28 1
0 26
0 25
0 27
26 48
25 75
25 84
25 51
25 35
27 62
27 39
27 45
27 57
48 7
48 59
48 70
48 92
7 46
7 47
59 11
46 88
46 53
47 40
47 33
47 68
75 16
84 19
51 8
35 3
35 94
8 49
8 50
49 42
50 93
88 21
70 15
62 12
62 86
39 4
39 98
21 90
21 89
40 5
53 9
92 22
45 6
57 10
10 56
9 52
9 54
42 65
19 83
33 2
83 79
3 36
94 23
68 14
2 32
93 78
36 28
79 18
98 24
86 20
28 1