0 2 3 5 6 8 4 7 1 9 10 12 11 13 14 15 17 18 16 20 19 21 22 24 23 26 25 27 28 30 29 31 32 33 34 36 35 38 37 39 40 42 41 43 44 45 47 48 49 50 46 51 52 54 55 57 59 58 53 56 60 62 61 63 64 65 66 68 69 70 71 67 72 74 75 77 78 80 76 73 79 81 83 84 86 82 85 87 88 90 89 92 91 93 94 96 95 98 97 99
0 2
2 3
3 5
3 1
5 6
6 8
6 4
6 7
7 9
9 10
10 12
12 11
12 13
12 14
14 15
15 17
17 18
18 16
18 20
18 19
19 21
21 22
22 24
24 23
24 26
24 25
25 27
27 28
28 30
30 29
30 31
30 32
32 33
33 34
34 36
36 35
36 38
36 37
37 39
39 40
40 42
42 41
42 43
42 44
44 45
45 47
45 46
47 48
48 49
48 50
50 51
51 52
52 54
54 55
54 53
54 56
55 57
57 59
57 58
58 60
60 62
60 61
61 63
63 64
63 65
65 66
66 68
68 69
69 70
69 71
69 67
70 72
72 74
74 75
75 77
75 73
77 78
78 80
78 76
78 79
79 81
81 83
83 84
84 86
84 82
84 85
85 87
87 88
88 90
90 89
90 92
90 91
92 93
93 94
94 96
96 95
96 98
96 97
98 99