0 79 91 92 19 70 9 96 14 69 54 82 37 57 29 90 95 10 71 2 47 13 30 32 72 65 75 49 34 77 86 60 38 5 76 84 87 88 18 28 17 51 85 45 33 36 42 35 63 8 12 26 20 44 31 16 99 7 39 4 21 50 53 3 78 23 98 80 40 66 97 41 68 58 22 62 15 52 46 56 24 83 48 89 11 27 55 61 43 73 94 93 64 81 1 6 25 74 59 67
0 79
79 91
79 23
91 92
91 9
91 96
91 78
92 19
92 70
19 2
19 24
70 10
70 71
9 45
9 46
9 56
96 14
96 52
14 69
14 51
14 85
69 54
69 15
54 82
54 3
82 37
82 17
37 57
37 95
37 62
57 29
57 34
57 6
29 90
29 28
29 22
95 32
95 49
95 16
10 76
71 47
71 5
71 31
2 30
2 20
2 44
47 13
13 38
30 65
30 75
32 72
32 53
32 1
65 26
65 58
75 60
34 77
34 68
77 86
86 18
86 41
5 84
5 87
5 88
76 12
88 8
88 97
88 61
88 81
17 63
51 35
45 33
45 36
45 42
45 66
33 50
8 99
12 21
26 4
31 98
31 89
16 40
99 7
99 80
7 39
3 64
98 67
80 48
66 55
41 83
58 93
15 27
89 11
11 94
55 43
55 73
61 59
1 25
25 74