0 33 35 3 6 34 12 32 14 13 4 24 5 18 2 21 17 27 25 30 7 29 8 9 23 10 15 22 19 26 20 1 28 16 31 11 44 46 39 76 75 82 61 58 57 36 45 40 73 53 93 41 60 59 97 98 42 72 38 37 43 62 74 90 84 67 68 69 70 81 83 66 54 87 88 85 56 78 49 47 48 95 52 50 91 92 94 96 55 63 51 64 65 71 77 80 79 86 89
0 33
0 3
0 6
0 34
0 12
0 32
0 14
0 13
0 4
0 24
0 5
0 18
0 2
0 21
0 17
0 27
0 25
0 30
0 7
0 29
0 8
0 9
0 23
0 10
0 15
0 22
0 19
0 26
0 20
0 1
0 28
0 16
0 31
0 11
33 35
3 39
3 40
6 46
6 45
34 36
12 58
12 57
32 97
32 98
14 61
14 62
13 60
13 59
4 41
24 82
24 81
5 44
5 43
18 69
18 70
2 38
2 37
21 76
21 75
17 67
17 68
27 87
27 88
25 84
30 93
30 94
7 47
7 48
29 91
29 92
8 49
8 50
9 52
9 51
23 80
23 79
10 53
10 54
15 63
22 78
22 77
19 72
19 71
20 73
28 90
28 89
16 65
11 55
44 42
76 74
93 95
62 64
68 66
81 83
54 56
87 85
88 86
94 96