0 17 48 71 82 73 83 91 60 70 56 12 74 75 22 55 7 2 80 46 65 28 38 58 29 79 5 76 1 13 98 93 64 97 45 39 94 69 10 87 8 68 95 35 26 62 21 92 20 44 24 77 30 89 57 81 33 32 41 43 86 36 11 66 37 47 23 25 54 53 78 51 16 63 18 50 96 49 72 99 52 3 27 14 34 31 4 15 61 84 19 6 9 67 59 85 40 88 90 42
0 17
0 48
0 7
0 58
0 31
0 6
0 9
17 60
48 71
48 91
48 55
48 19
48 88
71 82
71 28
71 38
71 33
71 32
82 73
82 22
82 65
82 37
73 83
73 16
73 34
83 44
91 20
91 84
91 40
60 70
60 66
60 49
70 56
70 96
56 12
56 14
12 74
12 75
12 46
75 76
22 97
55 2
55 81
7 80
80 79
80 5
80 10
46 35
65 61
28 92
38 29
38 69
38 57
38 11
58 95
58 89
58 36
58 85
29 98
29 25
5 64
5 86
76 1
76 13
76 39
76 94
1 45
13 51
98 93
93 21
64 62
64 30
39 87
94 77
69 68
87 8
8 78
95 18
95 50
35 26
35 27
26 43
26 15
62 24
21 41
92 42
20 23
44 59
77 47
33 53
36 67
37 63
37 4
23 54
16 99
50 72
99 52
52 3
88 90