0 32 74 98 64 22 75 50 47 34 53 81 19 7 30 31 68 71 89 59 60 2 11 87 61 88 33 14 23 97 42 10 70 12 51 69 58 3 18 80 39 49 9 35 94 82 86 44 27 65 54 63 29 25 37 21 57 62 66 96 76 83 85 36 56 16 55 52 28 72 67 6 13 92 77 48 26 73 90 41 46 43 15 24 4 38 8 20 84 78 79 1 45 95 91 93 17 5 40
0 32
0 74
0 33
32 88
74 98
74 75
98 64
64 22
64 81
22 71
22 61
75 50
75 87
50 47
50 34
50 53
50 68
50 15
47 36
34 85
34 6
53 31
81 19
19 7
19 30
7 11
30 12
30 83
31 76
68 70
71 89
71 78
89 59
59 60
60 2
87 23
61 14
61 10
88 9
33 42
33 67
33 43
14 84
23 97
23 46
97 49
97 37
42 39
42 96
42 72
42 45
10 69
10 58
10 25
12 51
51 29
51 66
58 3
58 18
58 80
3 28
80 94
80 82
39 63
49 35
35 62
94 86
94 27
82 44
82 54
86 57
27 65
65 52
65 1
29 91
37 21
37 55
21 41
66 77
83 20
36 56
36 16
28 92
28 8
72 90
67 13
67 26
67 73
13 48
13 95
77 38
48 5
41 4
41 17
15 24
8 79
95 93
17 40