0 54 4 88 20 52 87 42 90 49 14 37 3 47 61 2 32 43 67 11 39 50 92 18 7 6 75 5 16 66 29 28 25 72 8 48 69 23 63 73 31 33 34 46 41 22 60 94 84 21 83 98 78 58 10 51 81 44 65 64 93 17 55 86 68 95 45 24 19 80 53 76 1 12 77 79 35 89 59 85 30 13 74 40 82 71 57 70 9 91 38 15 27 56 26 36 62 97 99 96
0 54
0 4
0 88
0 20
54 35
54 89
54 59
4 42
4 90
20 52
20 87
20 77
20 79
20 26
90 49
90 67
90 6
49 14
49 37
14 12
37 3
37 7
3 47
3 8
3 46
3 71
47 61
47 2
47 32
47 34
61 18
2 43
2 92
2 72
2 1
67 11
11 39
39 50
39 25
50 99
92 28
18 82
7 40
6 75
75 5
75 29
75 33
5 16
5 74
16 66
16 23
16 93
16 76
66 31
29 73
29 13
25 69
72 48
72 45
8 53
48 63
69 64
23 98
63 94
73 83
46 41
46 60
46 21
46 44
46 65
41 22
60 84
60 30
60 56
94 58
84 81
83 78
58 10
10 51
10 91
51 27
81 55
93 17
93 95
93 9
55 86
86 68
95 24
45 97
24 19
24 62
19 80
53 85
30 70
13 57
74 15
40 38
71 36
97 96